<?xml version="1.0" encoding="UTF-8"?>
<!-- Generated by org.testng.reporters.JUnitXMLReporter -->
<testsuite ignored="0" hostname="hp1" failures="10" tests="13" name="Testing.xml" time="409.172" errors="0" timestamp="2022-09-23T15:44:31 IST">
  <testcase classname="Tests.TC_LoginTest_001" name="login" time="10.722">
    <failure type="java.lang.StackOverflowError">
      <![CDATA[java.lang.StackOverflowError
at pageObjects.MyPage.getEditaccinfo(MyPage.java:22)
at pageObjects.MyPage.getEditaccinfo(MyPage.java:22)
at pageObjects.MyPage.getEditaccinfo(MyPage.java:22)
at pageObjects.MyPage.getEditaccinfo(MyPage.java:22)
at pageObjects.MyPage.getEditaccinfo(MyPage.java:22)
at pageObjects.MyPage.getEditaccinfo(MyPage.java:22)
at pageObjects.MyPage.getEditaccinfo(MyPage.java:22)
at pageObjects.MyPage.getEditaccinfo(MyPage.java:22)
at pageObjects.MyPage.getEditaccinfo(MyPage.java:22)
at pageObjects.MyPage.getEditaccinfo(MyPage.java:22)
at pageObjects.MyPage.getEditaccinfo(MyPage.java:22)
at pageObjects.MyPage.getEditaccinfo(MyPage.java:22)
at pageObjects.MyPage.getEditaccinfo(MyPage.java:22)
at pageObjects.MyPage.getEditaccinfo(MyPage.java:22)
at pageObjects.MyPage.getEditaccinfo(MyPage.java:22)
at pageObjects.MyPage.getEditaccinfo(MyPage.java:22)
at pageObjects.MyPage.getEditaccinfo(MyPage.java:22)
at pageObjects.MyPage.getEditaccinfo(MyPage.java:22)
at pageObjects.MyPage.getEditaccinfo(MyPage.java:22)
at pageObjects.MyPage.getEditaccinfo(MyPage.java:22)
at pageObjects.MyPage.getEditaccinfo(MyPage.java:22)
at pageObjects.MyPage.getEditaccinfo(MyPage.java:22)
at pageObjects.MyPage.getEditaccinfo(MyPage.java:22)
at pageObjects.MyPage.getEditaccinfo(MyPage.java:22)
at pageObjects.MyPage.getEditaccinfo(MyPage.java:22)
at pageObjects.MyPage.getEditaccinfo(MyPage.java:22)
at pageObjects.MyPage.getEditaccinfo(MyPage.java:22)
at pageObjects.MyPage.getEditaccinfo(MyPage.java:22)
at pageObjects.MyPage.getEditaccinfo(MyPage.java:22)
at pageObjects.MyPage.getEditaccinfo(MyPage.java:22)
at pageObjects.MyPage.getEditaccinfo(MyPage.java:22)
at pageObjects.MyPage.getEditaccinfo(MyPage.java:22)
at pageObjects.MyPage.getEditaccinfo(MyPage.java:22)
at pageObjects.MyPage.getEditaccinfo(MyPage.java:22)
at pageObjects.MyPage.getEditaccinfo(MyPage.java:22)
at pageObjects.MyPage.getEditaccinfo(MyPage.java:22)
at pageObjects.MyPage.getEditaccinfo(MyPage.java:22)
at pageObjects.MyPage.getEditaccinfo(MyPage.java:22)
at pageObjects.MyPage.getEditaccinfo(MyPage.java:22)
at pageObjects.MyPage.getEditaccinfo(MyPage.java:22)
at pageObjects.MyPage.getEditaccinfo(MyPage.java:22)
at pageObjects.MyPage.getEditaccinfo(MyPage.java:22)
at pageObjects.MyPage.getEditaccinfo(MyPage.java:22)
at pageObjects.MyPage.getEditaccinfo(MyPage.java:22)
at pageObjects.MyPage.getEditaccinfo(MyPage.java:22)
at pageObjects.MyPage.getEditaccinfo(MyPage.java:22)
at pageObjects.MyPage.getEditaccinfo(MyPage.java:22)
at pageObjects.MyPage.getEditaccinfo(MyPage.java:22)
at pageObjects.MyPage.getEditaccinfo(MyPage.java:22)
at pageObjects.MyPage.getEditaccinfo(MyPage.java:22)
at pageObjects.MyPage.getEditaccinfo(MyPage.java:22)
at pageObjects.MyPage.getEditaccinfo(MyPage.java:22)
at pageObjects.MyPage.getEditaccinfo(MyPage.java:22)
at pageObjects.MyPage.getEditaccinfo(MyPage.java:22)
at pageObjects.MyPage.getEditaccinfo(MyPage.java:22)
at pageObjects.MyPage.getEditaccinfo(MyPage.java:22)
at pageObjects.MyPage.getEditaccinfo(MyPage.java:22)
at pageObjects.MyPage.getEditaccinfo(MyPage.java:22)
at pageObjects.MyPage.getEditaccinfo(MyPage.java:22)
at pageObjects.MyPage.getEditaccinfo(MyPage.java:22)
at pageObjects.MyPage.getEditaccinfo(MyPage.java:22)
at pageObjects.MyPage.getEditaccinfo(MyPage.java:22)
at pageObjects.MyPage.getEditaccinfo(MyPage.java:22)
at pageObjects.MyPage.getEditaccinfo(MyPage.java:22)
at pageObjects.MyPage.getEditaccinfo(MyPage.java:22)
at pageObjects.MyPage.getEditaccinfo(MyPage.java:22)
at pageObjects.MyPage.getEditaccinfo(MyPage.java:22)
at pageObjects.MyPage.getEditaccinfo(MyPage.java:22)
at pageObjects.MyPage.getEditaccinfo(MyPage.java:22)
at pageObjects.MyPage.getEditaccinfo(MyPage.java:22)
at pageObjects.MyPage.getEditaccinfo(MyPage.java:22)
at pageObjects.MyPage.getEditaccinfo(MyPage.java:22)
at pageObjects.MyPage.getEditaccinfo(MyPage.java:22)
at pageObjects.MyPage.getEditaccinfo(MyPage.java:22)
at pageObjects.MyPage.getEditaccinfo(MyPage.java:22)
at pageObjects.MyPage.getEditaccinfo(MyPage.java:22)
at pageObjects.MyPage.getEditaccinfo(MyPage.java:22)
at pageObjects.MyPage.getEditaccinfo(MyPage.java:22)
at pageObjects.MyPage.getEditaccinfo(MyPage.java:22)
at pageObjects.MyPage.getEditaccinfo(MyPage.java:22)
at pageObjects.MyPage.getEditaccinfo(MyPage.java:22)
at pageObjects.MyPage.getEditaccinfo(MyPage.java:22)
at pageObjects.MyPage.getEditaccinfo(MyPage.java:22)
at pageObjects.MyPage.getEditaccinfo(MyPage.java:22)
at pageObjects.MyPage.getEditaccinfo(MyPage.java:22)
at pageObjects.MyPage.getEditaccinfo(MyPage.java:22)
at pageObjects.MyPage.getEditaccinfo(MyPage.java:22)
at pageObjects.MyPage.getEditaccinfo(MyPage.java:22)
at pageObjects.MyPage.getEditaccinfo(MyPage.java:22)
at pageObjects.MyPage.getEditaccinfo(MyPage.java:22)
at pageObjects.MyPage.getEditaccinfo(MyPage.java:22)
at pageObjects.MyPage.getEditaccinfo(MyPage.java:22)
at pageObjects.MyPage.getEditaccinfo(MyPage.java:22)
at pageObjects.MyPage.getEditaccinfo(MyPage.java:22)
at pageObjects.MyPage.getEditaccinfo(MyPage.java:22)
at pageObjects.MyPage.getEditaccinfo(MyPage.java:22)
at pageObjects.MyPage.getEditaccinfo(MyPage.java:22)
at pageObjects.MyPage.getEditaccinfo(MyPage.java:22)
at pageObjects.MyPage.getEditaccinfo(MyPage.java:22)
at pageObjects.MyPage.getEditaccinfo(MyPage.java:22)
at pageObjects.MyPage.getEditaccinfo(MyPage.java:22)
at pageObjects.MyPage.getEditaccinfo(MyPage.java:22)
at pageObjects.MyPage.getEditaccinfo(MyPage.java:22)
at pageObjects.MyPage.getEditaccinfo(MyPage.java:22)
at pageObjects.MyPage.getEditaccinfo(MyPage.java:22)
at pageObjects.MyPage.getEditaccinfo(MyPage.java:22)
at pageObjects.MyPage.getEditaccinfo(MyPage.java:22)
at pageObjects.MyPage.getEditaccinfo(MyPage.java:22)
at pageObjects.MyPage.getEditaccinfo(MyPage.java:22)
at pageObjects.MyPage.getEditaccinfo(MyPage.java:22)
at pageObjects.MyPage.getEditaccinfo(MyPage.java:22)
at pageObjects.MyPage.getEditaccinfo(MyPage.java:22)
at pageObjects.MyPage.getEditaccinfo(MyPage.java:22)
at pageObjects.MyPage.getEditaccinfo(MyPage.java:22)
at pageObjects.MyPage.getEditaccinfo(MyPage.java:22)
at pageObjects.MyPage.getEditaccinfo(MyPage.java:22)
at pageObjects.MyPage.getEditaccinfo(MyPage.java:22)
at pageObjects.MyPage.getEditaccinfo(MyPage.java:22)
at pageObjects.MyPage.getEditaccinfo(MyPage.java:22)
at pageObjects.MyPage.getEditaccinfo(MyPage.java:22)
at pageObjects.MyPage.getEditaccinfo(MyPage.java:22)
at pageObjects.MyPage.getEditaccinfo(MyPage.java:22)
at pageObjects.MyPage.getEditaccinfo(MyPage.java:22)
at pageObjects.MyPage.getEditaccinfo(MyPage.java:22)
at pageObjects.MyPage.getEditaccinfo(MyPage.java:22)
at pageObjects.MyPage.getEditaccinfo(MyPage.java:22)
at pageObjects.MyPage.getEditaccinfo(MyPage.java:22)
at pageObjects.MyPage.getEditaccinfo(MyPage.java:22)
at pageObjects.MyPage.getEditaccinfo(MyPage.java:22)
at pageObjects.MyPage.getEditaccinfo(MyPage.java:22)
at pageObjects.MyPage.getEditaccinfo(MyPage.java:22)
at pageObjects.MyPage.getEditaccinfo(MyPage.java:22)
at pageObjects.MyPage.getEditaccinfo(MyPage.java:22)
at pageObjects.MyPage.getEditaccinfo(MyPage.java:22)
at pageObjects.MyPage.getEditaccinfo(MyPage.java:22)
at pageObjects.MyPage.getEditaccinfo(MyPage.java:22)
at pageObjects.MyPage.getEditaccinfo(MyPage.java:22)
at pageObjects.MyPage.getEditaccinfo(MyPage.java:22)
at pageObjects.MyPage.getEditaccinfo(MyPage.java:22)
at pageObjects.MyPage.getEditaccinfo(MyPage.java:22)
at pageObjects.MyPage.getEditaccinfo(MyPage.java:22)
at pageObjects.MyPage.getEditaccinfo(MyPage.java:22)
at pageObjects.MyPage.getEditaccinfo(MyPage.java:22)
at pageObjects.MyPage.getEditaccinfo(MyPage.java:22)
at pageObjects.MyPage.getEditaccinfo(MyPage.java:22)
at pageObjects.MyPage.getEditaccinfo(MyPage.java:22)
at pageObjects.MyPage.getEditaccinfo(MyPage.java:22)
at pageObjects.MyPage.getEditaccinfo(MyPage.java:22)
at pageObjects.MyPage.getEditaccinfo(MyPage.java:22)
at pageObjects.MyPage.getEditaccinfo(MyPage.java:22)
at pageObjects.MyPage.getEditaccinfo(MyPage.java:22)
at pageObjects.MyPage.getEditaccinfo(MyPage.java:22)
at pageObjects.MyPage.getEditaccinfo(MyPage.java:22)
at pageObjects.MyPage.getEditaccinfo(MyPage.java:22)
at pageObjects.MyPage.getEditaccinfo(MyPage.java:22)
at pageObjects.MyPage.getEditaccinfo(MyPage.java:22)
at pageObjects.MyPage.getEditaccinfo(MyPage.java:22)
at pageObjects.MyPage.getEditaccinfo(MyPage.java:22)
at pageObjects.MyPage.getEditaccinfo(MyPage.java:22)
at pageObjects.MyPage.getEditaccinfo(MyPage.java:22)
at pageObjects.MyPage.getEditaccinfo(MyPage.java:22)
at pageObjects.MyPage.getEditaccinfo(MyPage.java:22)
at pageObjects.MyPage.getEditaccinfo(MyPage.java:22)
at pageObjects.MyPage.getEditaccinfo(MyPage.java:22)
at pageObjects.MyPage.getEditaccinfo(MyPage.java:22)
at pageObjects.MyPage.getEditaccinfo(MyPage.java:22)
at pageObjects.MyPage.getEditaccinfo(MyPage.java:22)
at pageObjects.MyPage.getEditaccinfo(MyPage.java:22)
at pageObjects.MyPage.getEditaccinfo(MyPage.java:22)
at pageObjects.MyPage.getEditaccinfo(MyPage.java:22)
at pageObjects.MyPage.getEditaccinfo(MyPage.java:22)
at pageObjects.MyPage.getEditaccinfo(MyPage.java:22)
at pageObjects.MyPage.getEditaccinfo(MyPage.java:22)
at pageObjects.MyPage.getEditaccinfo(MyPage.java:22)
at pageObjects.MyPage.getEditaccinfo(MyPage.java:22)
at pageObjects.MyPage.getEditaccinfo(MyPage.java:22)
at pageObjects.MyPage.getEditaccinfo(MyPage.java:22)
at pageObjects.MyPage.getEditaccinfo(MyPage.java:22)
at pageObjects.MyPage.getEditaccinfo(MyPage.java:22)
at pageObjects.MyPage.getEditaccinfo(MyPage.java:22)
at pageObjects.MyPage.getEditaccinfo(MyPage.java:22)
at pageObjects.MyPage.getEditaccinfo(MyPage.java:22)
at pageObjects.MyPage.getEditaccinfo(MyPage.java:22)
at pageObjects.MyPage.getEditaccinfo(MyPage.java:22)
at pageObjects.MyPage.getEditaccinfo(MyPage.java:22)
at pageObjects.MyPage.getEditaccinfo(MyPage.java:22)
at pageObjects.MyPage.getEditaccinfo(MyPage.java:22)
at pageObjects.MyPage.getEditaccinfo(MyPage.java:22)
at pageObjects.MyPage.getEditaccinfo(MyPage.java:22)
at pageObjects.MyPage.getEditaccinfo(MyPage.java:22)
at pageObjects.MyPage.getEditaccinfo(MyPage.java:22)
at pageObjects.MyPage.getEditaccinfo(MyPage.java:22)
at pageObjects.MyPage.getEditaccinfo(MyPage.java:22)
at pageObjects.MyPage.getEditaccinfo(MyPage.java:22)
at pageObjects.MyPage.getEditaccinfo(MyPage.java:22)
at pageObjects.MyPage.getEditaccinfo(MyPage.java:22)
at pageObjects.MyPage.getEditaccinfo(MyPage.java:22)
at pageObjects.MyPage.getEditaccinfo(MyPage.java:22)
at pageObjects.MyPage.getEditaccinfo(MyPage.java:22)
at pageObjects.MyPage.getEditaccinfo(MyPage.java:22)
at pageObjects.MyPage.getEditaccinfo(MyPage.java:22)
at pageObjects.MyPage.getEditaccinfo(MyPage.java:22)
at pageObjects.MyPage.getEditaccinfo(MyPage.java:22)
at pageObjects.MyPage.getEditaccinfo(MyPage.java:22)
at pageObjects.MyPage.getEditaccinfo(MyPage.java:22)
at pageObjects.MyPage.getEditaccinfo(MyPage.java:22)
at pageObjects.MyPage.getEditaccinfo(MyPage.java:22)
at pageObjects.MyPage.getEditaccinfo(MyPage.java:22)
at pageObjects.MyPage.getEditaccinfo(MyPage.java:22)
at pageObjects.MyPage.getEditaccinfo(MyPage.java:22)
at pageObjects.MyPage.getEditaccinfo(MyPage.java:22)
at pageObjects.MyPage.getEditaccinfo(MyPage.java:22)
at pageObjects.MyPage.getEditaccinfo(MyPage.java:22)
at pageObjects.MyPage.getEditaccinfo(MyPage.java:22)
at pageObjects.MyPage.getEditaccinfo(MyPage.java:22)
at pageObjects.MyPage.getEditaccinfo(MyPage.java:22)
at pageObjects.MyPage.getEditaccinfo(MyPage.java:22)
at pageObjects.MyPage.getEditaccinfo(MyPage.java:22)
at pageObjects.MyPage.getEditaccinfo(MyPage.java:22)
at pageObjects.MyPage.getEditaccinfo(MyPage.java:22)
at pageObjects.MyPage.getEditaccinfo(MyPage.java:22)
at pageObjects.MyPage.getEditaccinfo(MyPage.java:22)
at pageObjects.MyPage.getEditaccinfo(MyPage.java:22)
at pageObjects.MyPage.getEditaccinfo(MyPage.java:22)
at pageObjects.MyPage.getEditaccinfo(MyPage.java:22)
at pageObjects.MyPage.getEditaccinfo(MyPage.java:22)
at pageObjects.MyPage.getEditaccinfo(MyPage.java:22)
at pageObjects.MyPage.getEditaccinfo(MyPage.java:22)
at pageObjects.MyPage.getEditaccinfo(MyPage.java:22)
at pageObjects.MyPage.getEditaccinfo(MyPage.java:22)
at pageObjects.MyPage.getEditaccinfo(MyPage.java:22)
at pageObjects.MyPage.getEditaccinfo(MyPage.java:22)
at pageObjects.MyPage.getEditaccinfo(MyPage.java:22)
at pageObjects.MyPage.getEditaccinfo(MyPage.java:22)
at pageObjects.MyPage.getEditaccinfo(MyPage.java:22)
at pageObjects.MyPage.getEditaccinfo(MyPage.java:22)
at pageObjects.MyPage.getEditaccinfo(MyPage.java:22)
at pageObjects.MyPage.getEditaccinfo(MyPage.java:22)
at pageObjects.MyPage.getEditaccinfo(MyPage.java:22)
at pageObjects.MyPage.getEditaccinfo(MyPage.java:22)
at pageObjects.MyPage.getEditaccinfo(MyPage.java:22)
at pageObjects.MyPage.getEditaccinfo(MyPage.java:22)
at pageObjects.MyPage.getEditaccinfo(MyPage.java:22)
at pageObjects.MyPage.getEditaccinfo(MyPage.java:22)
at pageObjects.MyPage.getEditaccinfo(MyPage.java:22)
at pageObjects.MyPage.getEditaccinfo(MyPage.java:22)
at pageObjects.MyPage.getEditaccinfo(MyPage.java:22)
at pageObjects.MyPage.getEditaccinfo(MyPage.java:22)
at pageObjects.MyPage.getEditaccinfo(MyPage.java:22)
at pageObjects.MyPage.getEditaccinfo(MyPage.java:22)
at pageObjects.MyPage.getEditaccinfo(MyPage.java:22)
at pageObjects.MyPage.getEditaccinfo(MyPage.java:22)
at pageObjects.MyPage.getEditaccinfo(MyPage.java:22)
at pageObjects.MyPage.getEditaccinfo(MyPage.java:22)
at pageObjects.MyPage.getEditaccinfo(MyPage.java:22)
at pageObjects.MyPage.getEditaccinfo(MyPage.java:22)
at pageObjects.MyPage.getEditaccinfo(MyPage.java:22)
at pageObjects.MyPage.getEditaccinfo(MyPage.java:22)
at pageObjects.MyPage.getEditaccinfo(MyPage.java:22)
at pageObjects.MyPage.getEditaccinfo(MyPage.java:22)
at pageObjects.MyPage.getEditaccinfo(MyPage.java:22)
at pageObjects.MyPage.getEditaccinfo(MyPage.java:22)
at pageObjects.MyPage.getEditaccinfo(MyPage.java:22)
at pageObjects.MyPage.getEditaccinfo(MyPage.java:22)
at pageObjects.MyPage.getEditaccinfo(MyPage.java:22)
at pageObjects.MyPage.getEditaccinfo(MyPage.java:22)
at pageObjects.MyPage.getEditaccinfo(MyPage.java:22)
at pageObjects.MyPage.getEditaccinfo(MyPage.java:22)
at pageObjects.MyPage.getEditaccinfo(MyPage.java:22)
at pageObjects.MyPage.getEditaccinfo(MyPage.java:22)
at pageObjects.MyPage.getEditaccinfo(MyPage.java:22)
at pageObjects.MyPage.getEditaccinfo(MyPage.java:22)
at pageObjects.MyPage.getEditaccinfo(MyPage.java:22)
at pageObjects.MyPage.getEditaccinfo(MyPage.java:22)
at pageObjects.MyPage.getEditaccinfo(MyPage.java:22)
at pageObjects.MyPage.getEditaccinfo(MyPage.java:22)
at pageObjects.MyPage.getEditaccinfo(MyPage.java:22)
at pageObjects.MyPage.getEditaccinfo(MyPage.java:22)
at pageObjects.MyPage.getEditaccinfo(MyPage.java:22)
at pageObjects.MyPage.getEditaccinfo(MyPage.java:22)
at pageObjects.MyPage.getEditaccinfo(MyPage.java:22)
at pageObjects.MyPage.getEditaccinfo(MyPage.java:22)
at pageObjects.MyPage.getEditaccinfo(MyPage.java:22)
at pageObjects.MyPage.getEditaccinfo(MyPage.java:22)
at pageObjects.MyPage.getEditaccinfo(MyPage.java:22)
at pageObjects.MyPage.getEditaccinfo(MyPage.java:22)
at pageObjects.MyPage.getEditaccinfo(MyPage.java:22)
at pageObjects.MyPage.getEditaccinfo(MyPage.java:22)
at pageObjects.MyPage.getEditaccinfo(MyPage.java:22)
at pageObjects.MyPage.getEditaccinfo(MyPage.java:22)
at pageObjects.MyPage.getEditaccinfo(MyPage.java:22)
at pageObjects.MyPage.getEditaccinfo(MyPage.java:22)
at pageObjects.MyPage.getEditaccinfo(MyPage.java:22)
at pageObjects.MyPage.getEditaccinfo(MyPage.java:22)
at pageObjects.MyPage.getEditaccinfo(MyPage.java:22)
at pageObjects.MyPage.getEditaccinfo(MyPage.java:22)
at pageObjects.MyPage.getEditaccinfo(MyPage.java:22)
at pageObjects.MyPage.getEditaccinfo(MyPage.java:22)
at pageObjects.MyPage.getEditaccinfo(MyPage.java:22)
at pageObjects.MyPage.getEditaccinfo(MyPage.java:22)
at pageObjects.MyPage.getEditaccinfo(MyPage.java:22)
at pageObjects.MyPage.getEditaccinfo(MyPage.java:22)
at pageObjects.MyPage.getEditaccinfo(MyPage.java:22)
at pageObjects.MyPage.getEditaccinfo(MyPage.java:22)
at pageObjects.MyPage.getEditaccinfo(MyPage.java:22)
at pageObjects.MyPage.getEditaccinfo(MyPage.java:22)
at pageObjects.MyPage.getEditaccinfo(MyPage.java:22)
at pageObjects.MyPage.getEditaccinfo(MyPage.java:22)
at pageObjects.MyPage.getEditaccinfo(MyPage.java:22)
at pageObjects.MyPage.getEditaccinfo(MyPage.java:22)
at pageObjects.MyPage.getEditaccinfo(MyPage.java:22)
at pageObjects.MyPage.getEditaccinfo(MyPage.java:22)
at pageObjects.MyPage.getEditaccinfo(MyPage.java:22)
at pageObjects.MyPage.getEditaccinfo(MyPage.java:22)
at pageObjects.MyPage.getEditaccinfo(MyPage.java:22)
at pageObjects.MyPage.getEditaccinfo(MyPage.java:22)
at pageObjects.MyPage.getEditaccinfo(MyPage.java:22)
at pageObjects.MyPage.getEditaccinfo(MyPage.java:22)
at pageObjects.MyPage.getEditaccinfo(MyPage.java:22)
at pageObjects.MyPage.getEditaccinfo(MyPage.java:22)
at pageObjects.MyPage.getEditaccinfo(MyPage.java:22)
at pageObjects.MyPage.getEditaccinfo(MyPage.java:22)
at pageObjects.MyPage.getEditaccinfo(MyPage.java:22)
at pageObjects.MyPage.getEditaccinfo(MyPage.java:22)
at pageObjects.MyPage.getEditaccinfo(MyPage.java:22)
at pageObjects.MyPage.getEditaccinfo(MyPage.java:22)
at pageObjects.MyPage.getEditaccinfo(MyPage.java:22)
at pageObjects.MyPage.getEditaccinfo(MyPage.java:22)
at pageObjects.MyPage.getEditaccinfo(MyPage.java:22)
at pageObjects.MyPage.getEditaccinfo(MyPage.java:22)
at pageObjects.MyPage.getEditaccinfo(MyPage.java:22)
at pageObjects.MyPage.getEditaccinfo(MyPage.java:22)
at pageObjects.MyPage.getEditaccinfo(MyPage.java:22)
at pageObjects.MyPage.getEditaccinfo(MyPage.java:22)
at pageObjects.MyPage.getEditaccinfo(MyPage.java:22)
at pageObjects.MyPage.getEditaccinfo(MyPage.java:22)
at pageObjects.MyPage.getEditaccinfo(MyPage.java:22)
at pageObjects.MyPage.getEditaccinfo(MyPage.java:22)
at pageObjects.MyPage.getEditaccinfo(MyPage.java:22)
at pageObjects.MyPage.getEditaccinfo(MyPage.java:22)
at pageObjects.MyPage.getEditaccinfo(MyPage.java:22)
at pageObjects.MyPage.getEditaccinfo(MyPage.java:22)
at pageObjects.MyPage.getEditaccinfo(MyPage.java:22)
at pageObjects.MyPage.getEditaccinfo(MyPage.java:22)
at pageObjects.MyPage.getEditaccinfo(MyPage.java:22)
at pageObjects.MyPage.getEditaccinfo(MyPage.java:22)
at pageObjects.MyPage.getEditaccinfo(MyPage.java:22)
at pageObjects.MyPage.getEditaccinfo(MyPage.java:22)
at pageObjects.MyPage.getEditaccinfo(MyPage.java:22)
at pageObjects.MyPage.getEditaccinfo(MyPage.java:22)
at pageObjects.MyPage.getEditaccinfo(MyPage.java:22)
at pageObjects.MyPage.getEditaccinfo(MyPage.java:22)
at pageObjects.MyPage.getEditaccinfo(MyPage.java:22)
at pageObjects.MyPage.getEditaccinfo(MyPage.java:22)
at pageObjects.MyPage.getEditaccinfo(MyPage.java:22)
at pageObjects.MyPage.getEditaccinfo(MyPage.java:22)
at pageObjects.MyPage.getEditaccinfo(MyPage.java:22)
at pageObjects.MyPage.getEditaccinfo(MyPage.java:22)
at pageObjects.MyPage.getEditaccinfo(MyPage.java:22)
at pageObjects.MyPage.getEditaccinfo(MyPage.java:22)
at pageObjects.MyPage.getEditaccinfo(MyPage.java:22)
at pageObjects.MyPage.getEditaccinfo(MyPage.java:22)
at pageObjects.MyPage.getEditaccinfo(MyPage.java:22)
at pageObjects.MyPage.getEditaccinfo(MyPage.java:22)
at pageObjects.MyPage.getEditaccinfo(MyPage.java:22)
at pageObjects.MyPage.getEditaccinfo(MyPage.java:22)
at pageObjects.MyPage.getEditaccinfo(MyPage.java:22)
at pageObjects.MyPage.getEditaccinfo(MyPage.java:22)
at pageObjects.MyPage.getEditaccinfo(MyPage.java:22)
at pageObjects.MyPage.getEditaccinfo(MyPage.java:22)
at pageObjects.MyPage.getEditaccinfo(MyPage.java:22)
at pageObjects.MyPage.getEditaccinfo(MyPage.java:22)
at pageObjects.MyPage.getEditaccinfo(MyPage.java:22)
at pageObjects.MyPage.getEditaccinfo(MyPage.java:22)
at pageObjects.MyPage.getEditaccinfo(MyPage.java:22)
at pageObjects.MyPage.getEditaccinfo(MyPage.java:22)
at pageObjects.MyPage.getEditaccinfo(MyPage.java:22)
at pageObjects.MyPage.getEditaccinfo(MyPage.java:22)
at pageObjects.MyPage.getEditaccinfo(MyPage.java:22)
at pageObjects.MyPage.getEditaccinfo(MyPage.java:22)
at pageObjects.MyPage.getEditaccinfo(MyPage.java:22)
at pageObjects.MyPage.getEditaccinfo(MyPage.java:22)
at pageObjects.MyPage.getEditaccinfo(MyPage.java:22)
at pageObjects.MyPage.getEditaccinfo(MyPage.java:22)
at pageObjects.MyPage.getEditaccinfo(MyPage.java:22)
at pageObjects.MyPage.getEditaccinfo(MyPage.java:22)
at pageObjects.MyPage.getEditaccinfo(MyPage.java:22)
at pageObjects.MyPage.getEditaccinfo(MyPage.java:22)
at pageObjects.MyPage.getEditaccinfo(MyPage.java:22)
at pageObjects.MyPage.getEditaccinfo(MyPage.java:22)
at pageObjects.MyPage.getEditaccinfo(MyPage.java:22)
at pageObjects.MyPage.getEditaccinfo(MyPage.java:22)
at pageObjects.MyPage.getEditaccinfo(MyPage.java:22)
at pageObjects.MyPage.getEditaccinfo(MyPage.java:22)
at pageObjects.MyPage.getEditaccinfo(MyPage.java:22)
at pageObjects.MyPage.getEditaccinfo(MyPage.java:22)
at pageObjects.MyPage.getEditaccinfo(MyPage.java:22)
at pageObjects.MyPage.getEditaccinfo(MyPage.java:22)
at pageObjects.MyPage.getEditaccinfo(MyPage.java:22)
at pageObjects.MyPage.getEditaccinfo(MyPage.java:22)
at pageObjects.MyPage.getEditaccinfo(MyPage.java:22)
at pageObjects.MyPage.getEditaccinfo(MyPage.java:22)
at pageObjects.MyPage.getEditaccinfo(MyPage.java:22)
at pageObjects.MyPage.getEditaccinfo(MyPage.java:22)
at pageObjects.MyPage.getEditaccinfo(MyPage.java:22)
at pageObjects.MyPage.getEditaccinfo(MyPage.java:22)
at pageObjects.MyPage.getEditaccinfo(MyPage.java:22)
at pageObjects.MyPage.getEditaccinfo(MyPage.java:22)
at pageObjects.MyPage.getEditaccinfo(MyPage.java:22)
at pageObjects.MyPage.getEditaccinfo(MyPage.java:22)
at pageObjects.MyPage.getEditaccinfo(MyPage.java:22)
at pageObjects.MyPage.getEditaccinfo(MyPage.java:22)
at pageObjects.MyPage.getEditaccinfo(MyPage.java:22)
at pageObjects.MyPage.getEditaccinfo(MyPage.java:22)
at pageObjects.MyPage.getEditaccinfo(MyPage.java:22)
at pageObjects.MyPage.getEditaccinfo(MyPage.java:22)
at pageObjects.MyPage.getEditaccinfo(MyPage.java:22)
at pageObjects.MyPage.getEditaccinfo(MyPage.java:22)
at pageObjects.MyPage.getEditaccinfo(MyPage.java:22)
at pageObjects.MyPage.getEditaccinfo(MyPage.java:22)
at pageObjects.MyPage.getEditaccinfo(MyPage.java:22)
at pageObjects.MyPage.getEditaccinfo(MyPage.java:22)
at pageObjects.MyPage.getEditaccinfo(MyPage.java:22)
at pageObjects.MyPage.getEditaccinfo(MyPage.java:22)
at pageObjects.MyPage.getEditaccinfo(MyPage.java:22)
at pageObjects.MyPage.getEditaccinfo(MyPage.java:22)
at pageObjects.MyPage.getEditaccinfo(MyPage.java:22)
at pageObjects.MyPage.getEditaccinfo(MyPage.java:22)
at pageObjects.MyPage.getEditaccinfo(MyPage.java:22)
at pageObjects.MyPage.getEditaccinfo(MyPage.java:22)
at pageObjects.MyPage.getEditaccinfo(MyPage.java:22)
at pageObjects.MyPage.getEditaccinfo(MyPage.java:22)
at pageObjects.MyPage.getEditaccinfo(MyPage.java:22)
at pageObjects.MyPage.getEditaccinfo(MyPage.java:22)
at pageObjects.MyPage.getEditaccinfo(MyPage.java:22)
at pageObjects.MyPage.getEditaccinfo(MyPage.java:22)
at pageObjects.MyPage.getEditaccinfo(MyPage.java:22)
at pageObjects.MyPage.getEditaccinfo(MyPage.java:22)
at pageObjects.MyPage.getEditaccinfo(MyPage.java:22)
at pageObjects.MyPage.getEditaccinfo(MyPage.java:22)
at pageObjects.MyPage.getEditaccinfo(MyPage.java:22)
at pageObjects.MyPage.getEditaccinfo(MyPage.java:22)
at pageObjects.MyPage.getEditaccinfo(MyPage.java:22)
at pageObjects.MyPage.getEditaccinfo(MyPage.java:22)
at pageObjects.MyPage.getEditaccinfo(MyPage.java:22)
at pageObjects.MyPage.getEditaccinfo(MyPage.java:22)
at pageObjects.MyPage.getEditaccinfo(MyPage.java:22)
at pageObjects.MyPage.getEditaccinfo(MyPage.java:22)
at pageObjects.MyPage.getEditaccinfo(MyPage.java:22)
at pageObjects.MyPage.getEditaccinfo(MyPage.java:22)
at pageObjects.MyPage.getEditaccinfo(MyPage.java:22)
at pageObjects.MyPage.getEditaccinfo(MyPage.java:22)
at pageObjects.MyPage.getEditaccinfo(MyPage.java:22)
at pageObjects.MyPage.getEditaccinfo(MyPage.java:22)
at pageObjects.MyPage.getEditaccinfo(MyPage.java:22)
at pageObjects.MyPage.getEditaccinfo(MyPage.java:22)
at pageObjects.MyPage.getEditaccinfo(MyPage.java:22)
at pageObjects.MyPage.getEditaccinfo(MyPage.java:22)
at pageObjects.MyPage.getEditaccinfo(MyPage.java:22)
at pageObjects.MyPage.getEditaccinfo(MyPage.java:22)
at pageObjects.MyPage.getEditaccinfo(MyPage.java:22)
at pageObjects.MyPage.getEditaccinfo(MyPage.java:22)
at pageObjects.MyPage.getEditaccinfo(MyPage.java:22)
at pageObjects.MyPage.getEditaccinfo(MyPage.java:22)
at pageObjects.MyPage.getEditaccinfo(MyPage.java:22)
at pageObjects.MyPage.getEditaccinfo(MyPage.java:22)
at pageObjects.MyPage.getEditaccinfo(MyPage.java:22)
at pageObjects.MyPage.getEditaccinfo(MyPage.java:22)
at pageObjects.MyPage.getEditaccinfo(MyPage.java:22)
at pageObjects.MyPage.getEditaccinfo(MyPage.java:22)
at pageObjects.MyPage.getEditaccinfo(MyPage.java:22)
at pageObjects.MyPage.getEditaccinfo(MyPage.java:22)
at pageObjects.MyPage.getEditaccinfo(MyPage.java:22)
at pageObjects.MyPage.getEditaccinfo(MyPage.java:22)
at pageObjects.MyPage.getEditaccinfo(MyPage.java:22)
at pageObjects.MyPage.getEditaccinfo(MyPage.java:22)
at pageObjects.MyPage.getEditaccinfo(MyPage.java:22)
at pageObjects.MyPage.getEditaccinfo(MyPage.java:22)
at pageObjects.MyPage.getEditaccinfo(MyPage.java:22)
at pageObjects.MyPage.getEditaccinfo(MyPage.java:22)
at pageObjects.MyPage.getEditaccinfo(MyPage.java:22)
at pageObjects.MyPage.getEditaccinfo(MyPage.java:22)
at pageObjects.MyPage.getEditaccinfo(MyPage.java:22)
at pageObjects.MyPage.getEditaccinfo(MyPage.java:22)
at pageObjects.MyPage.getEditaccinfo(MyPage.java:22)
at pageObjects.MyPage.getEditaccinfo(MyPage.java:22)
at pageObjects.MyPage.getEditaccinfo(MyPage.java:22)
at pageObjects.MyPage.getEditaccinfo(MyPage.java:22)
at pageObjects.MyPage.getEditaccinfo(MyPage.java:22)
at pageObjects.MyPage.getEditaccinfo(MyPage.java:22)
at pageObjects.MyPage.getEditaccinfo(MyPage.java:22)
at pageObjects.MyPage.getEditaccinfo(MyPage.java:22)
at pageObjects.MyPage.getEditaccinfo(MyPage.java:22)
at pageObjects.MyPage.getEditaccinfo(MyPage.java:22)
at pageObjects.MyPage.getEditaccinfo(MyPage.java:22)
at pageObjects.MyPage.getEditaccinfo(MyPage.java:22)
at pageObjects.MyPage.getEditaccinfo(MyPage.java:22)
at pageObjects.MyPage.getEditaccinfo(MyPage.java:22)
at pageObjects.MyPage.getEditaccinfo(MyPage.java:22)
at pageObjects.MyPage.getEditaccinfo(MyPage.java:22)
at pageObjects.MyPage.getEditaccinfo(MyPage.java:22)
at pageObjects.MyPage.getEditaccinfo(MyPage.java:22)
at pageObjects.MyPage.getEditaccinfo(MyPage.java:22)
at pageObjects.MyPage.getEditaccinfo(MyPage.java:22)
at pageObjects.MyPage.getEditaccinfo(MyPage.java:22)
at pageObjects.MyPage.getEditaccinfo(MyPage.java:22)
at pageObjects.MyPage.getEditaccinfo(MyPage.java:22)
at pageObjects.MyPage.getEditaccinfo(MyPage.java:22)
at pageObjects.MyPage.getEditaccinfo(MyPage.java:22)
at pageObjects.MyPage.getEditaccinfo(MyPage.java:22)
at pageObjects.MyPage.getEditaccinfo(MyPage.java:22)
at pageObjects.MyPage.getEditaccinfo(MyPage.java:22)
at pageObjects.MyPage.getEditaccinfo(MyPage.java:22)
at pageObjects.MyPage.getEditaccinfo(MyPage.java:22)
at pageObjects.MyPage.getEditaccinfo(MyPage.java:22)
at pageObjects.MyPage.getEditaccinfo(MyPage.java:22)
at pageObjects.MyPage.getEditaccinfo(MyPage.java:22)
at pageObjects.MyPage.getEditaccinfo(MyPage.java:22)
at pageObjects.MyPage.getEditaccinfo(MyPage.java:22)
at pageObjects.MyPage.getEditaccinfo(MyPage.java:22)
at pageObjects.MyPage.getEditaccinfo(MyPage.java:22)
at pageObjects.MyPage.getEditaccinfo(MyPage.java:22)
at pageObjects.MyPage.getEditaccinfo(MyPage.java:22)
at pageObjects.MyPage.getEditaccinfo(MyPage.java:22)
at pageObjects.MyPage.getEditaccinfo(MyPage.java:22)
at pageObjects.MyPage.getEditaccinfo(MyPage.java:22)
at pageObjects.MyPage.getEditaccinfo(MyPage.java:22)
at pageObjects.MyPage.getEditaccinfo(MyPage.java:22)
at pageObjects.MyPage.getEditaccinfo(MyPage.java:22)
at pageObjects.MyPage.getEditaccinfo(MyPage.java:22)
at pageObjects.MyPage.getEditaccinfo(MyPage.java:22)
at pageObjects.MyPage.getEditaccinfo(MyPage.java:22)
at pageObjects.MyPage.getEditaccinfo(MyPage.java:22)
at pageObjects.MyPage.getEditaccinfo(MyPage.java:22)
at pageObjects.MyPage.getEditaccinfo(MyPage.java:22)
at pageObjects.MyPage.getEditaccinfo(MyPage.java:22)
at pageObjects.MyPage.getEditaccinfo(MyPage.java:22)
at pageObjects.MyPage.getEditaccinfo(MyPage.java:22)
at pageObjects.MyPage.getEditaccinfo(MyPage.java:22)
at pageObjects.MyPage.getEditaccinfo(MyPage.java:22)
at pageObjects.MyPage.getEditaccinfo(MyPage.java:22)
at pageObjects.MyPage.getEditaccinfo(MyPage.java:22)
at pageObjects.MyPage.getEditaccinfo(MyPage.java:22)
at pageObjects.MyPage.getEditaccinfo(MyPage.java:22)
at pageObjects.MyPage.getEditaccinfo(MyPage.java:22)
at pageObjects.MyPage.getEditaccinfo(MyPage.java:22)
at pageObjects.MyPage.getEditaccinfo(MyPage.java:22)
at pageObjects.MyPage.getEditaccinfo(MyPage.java:22)
at pageObjects.MyPage.getEditaccinfo(MyPage.java:22)
at pageObjects.MyPage.getEditaccinfo(MyPage.java:22)
at pageObjects.MyPage.getEditaccinfo(MyPage.java:22)
at pageObjects.MyPage.getEditaccinfo(MyPage.java:22)
at pageObjects.MyPage.getEditaccinfo(MyPage.java:22)
at pageObjects.MyPage.getEditaccinfo(MyPage.java:22)
at pageObjects.MyPage.getEditaccinfo(MyPage.java:22)
at pageObjects.MyPage.getEditaccinfo(MyPage.java:22)
at pageObjects.MyPage.getEditaccinfo(MyPage.java:22)
at pageObjects.MyPage.getEditaccinfo(MyPage.java:22)
at pageObjects.MyPage.getEditaccinfo(MyPage.java:22)
at pageObjects.MyPage.getEditaccinfo(MyPage.java:22)
at pageObjects.MyPage.getEditaccinfo(MyPage.java:22)
at pageObjects.MyPage.getEditaccinfo(MyPage.java:22)
at pageObjects.MyPage.getEditaccinfo(MyPage.java:22)
at pageObjects.MyPage.getEditaccinfo(MyPage.java:22)
at pageObjects.MyPage.getEditaccinfo(MyPage.java:22)
at pageObjects.MyPage.getEditaccinfo(MyPage.java:22)
at pageObjects.MyPage.getEditaccinfo(MyPage.java:22)
at pageObjects.MyPage.getEditaccinfo(MyPage.java:22)
at pageObjects.MyPage.getEditaccinfo(MyPage.java:22)
at pageObjects.MyPage.getEditaccinfo(MyPage.java:22)
at pageObjects.MyPage.getEditaccinfo(MyPage.java:22)
at pageObjects.MyPage.getEditaccinfo(MyPage.java:22)
at pageObjects.MyPage.getEditaccinfo(MyPage.java:22)
at pageObjects.MyPage.getEditaccinfo(MyPage.java:22)
at pageObjects.MyPage.getEditaccinfo(MyPage.java:22)
at pageObjects.MyPage.getEditaccinfo(MyPage.java:22)
at pageObjects.MyPage.getEditaccinfo(MyPage.java:22)
at pageObjects.MyPage.getEditaccinfo(MyPage.java:22)
at pageObjects.MyPage.getEditaccinfo(MyPage.java:22)
at pageObjects.MyPage.getEditaccinfo(MyPage.java:22)
at pageObjects.MyPage.getEditaccinfo(MyPage.java:22)
at pageObjects.MyPage.getEditaccinfo(MyPage.java:22)
at pageObjects.MyPage.getEditaccinfo(MyPage.java:22)
at pageObjects.MyPage.getEditaccinfo(MyPage.java:22)
at pageObjects.MyPage.getEditaccinfo(MyPage.java:22)
at pageObjects.MyPage.getEditaccinfo(MyPage.java:22)
at pageObjects.MyPage.getEditaccinfo(MyPage.java:22)
at pageObjects.MyPage.getEditaccinfo(MyPage.java:22)
at pageObjects.MyPage.getEditaccinfo(MyPage.java:22)
at pageObjects.MyPage.getEditaccinfo(MyPage.java:22)
at pageObjects.MyPage.getEditaccinfo(MyPage.java:22)
at pageObjects.MyPage.getEditaccinfo(MyPage.java:22)
at pageObjects.MyPage.getEditaccinfo(MyPage.java:22)
at pageObjects.MyPage.getEditaccinfo(MyPage.java:22)
at pageObjects.MyPage.getEditaccinfo(MyPage.java:22)
at pageObjects.MyPage.getEditaccinfo(MyPage.java:22)
at pageObjects.MyPage.getEditaccinfo(MyPage.java:22)
at pageObjects.MyPage.getEditaccinfo(MyPage.java:22)
at pageObjects.MyPage.getEditaccinfo(MyPage.java:22)
at pageObjects.MyPage.getEditaccinfo(MyPage.java:22)
at pageObjects.MyPage.getEditaccinfo(MyPage.java:22)
at pageObjects.MyPage.getEditaccinfo(MyPage.java:22)
at pageObjects.MyPage.getEditaccinfo(MyPage.java:22)
at pageObjects.MyPage.getEditaccinfo(MyPage.java:22)
at pageObjects.MyPage.getEditaccinfo(MyPage.java:22)
at pageObjects.MyPage.getEditaccinfo(MyPage.java:22)
at pageObjects.MyPage.getEditaccinfo(MyPage.java:22)
at pageObjects.MyPage.getEditaccinfo(MyPage.java:22)
at pageObjects.MyPage.getEditaccinfo(MyPage.java:22)
at pageObjects.MyPage.getEditaccinfo(MyPage.java:22)
at pageObjects.MyPage.getEditaccinfo(MyPage.java:22)
at pageObjects.MyPage.getEditaccinfo(MyPage.java:22)
at pageObjects.MyPage.getEditaccinfo(MyPage.java:22)
at pageObjects.MyPage.getEditaccinfo(MyPage.java:22)
at pageObjects.MyPage.getEditaccinfo(MyPage.java:22)
at pageObjects.MyPage.getEditaccinfo(MyPage.java:22)
at pageObjects.MyPage.getEditaccinfo(MyPage.java:22)
at pageObjects.MyPage.getEditaccinfo(MyPage.java:22)
at pageObjects.MyPage.getEditaccinfo(MyPage.java:22)
at pageObjects.MyPage.getEditaccinfo(MyPage.java:22)
at pageObjects.MyPage.getEditaccinfo(MyPage.java:22)
at pageObjects.MyPage.getEditaccinfo(MyPage.java:22)
at pageObjects.MyPage.getEditaccinfo(MyPage.java:22)
at pageObjects.MyPage.getEditaccinfo(MyPage.java:22)
at pageObjects.MyPage.getEditaccinfo(MyPage.java:22)
at pageObjects.MyPage.getEditaccinfo(MyPage.java:22)
at pageObjects.MyPage.getEditaccinfo(MyPage.java:22)
at pageObjects.MyPage.getEditaccinfo(MyPage.java:22)
at pageObjects.MyPage.getEditaccinfo(MyPage.java:22)
at pageObjects.MyPage.getEditaccinfo(MyPage.java:22)
at pageObjects.MyPage.getEditaccinfo(MyPage.java:22)
at pageObjects.MyPage.getEditaccinfo(MyPage.java:22)
at pageObjects.MyPage.getEditaccinfo(MyPage.java:22)
at pageObjects.MyPage.getEditaccinfo(MyPage.java:22)
at pageObjects.MyPage.getEditaccinfo(MyPage.java:22)
at pageObjects.MyPage.getEditaccinfo(MyPage.java:22)
at pageObjects.MyPage.getEditaccinfo(MyPage.java:22)
at pageObjects.MyPage.getEditaccinfo(MyPage.java:22)
at pageObjects.MyPage.getEditaccinfo(MyPage.java:22)
at pageObjects.MyPage.getEditaccinfo(MyPage.java:22)
at pageObjects.MyPage.getEditaccinfo(MyPage.java:22)
at pageObjects.MyPage.getEditaccinfo(MyPage.java:22)
at pageObjects.MyPage.getEditaccinfo(MyPage.java:22)
at pageObjects.MyPage.getEditaccinfo(MyPage.java:22)
at pageObjects.MyPage.getEditaccinfo(MyPage.java:22)
at pageObjects.MyPage.getEditaccinfo(MyPage.java:22)
at pageObjects.MyPage.getEditaccinfo(MyPage.java:22)
at pageObjects.MyPage.getEditaccinfo(MyPage.java:22)
at pageObjects.MyPage.getEditaccinfo(MyPage.java:22)
at pageObjects.MyPage.getEditaccinfo(MyPage.java:22)
at pageObjects.MyPage.getEditaccinfo(MyPage.java:22)
at pageObjects.MyPage.getEditaccinfo(MyPage.java:22)
at pageObjects.MyPage.getEditaccinfo(MyPage.java:22)
at pageObjects.MyPage.getEditaccinfo(MyPage.java:22)
at pageObjects.MyPage.getEditaccinfo(MyPage.java:22)
at pageObjects.MyPage.getEditaccinfo(MyPage.java:22)
at pageObjects.MyPage.getEditaccinfo(MyPage.java:22)
at pageObjects.MyPage.getEditaccinfo(MyPage.java:22)
at pageObjects.MyPage.getEditaccinfo(MyPage.java:22)
at pageObjects.MyPage.getEditaccinfo(MyPage.java:22)
at pageObjects.MyPage.getEditaccinfo(MyPage.java:22)
at pageObjects.MyPage.getEditaccinfo(MyPage.java:22)
at pageObjects.MyPage.getEditaccinfo(MyPage.java:22)
at pageObjects.MyPage.getEditaccinfo(MyPage.java:22)
at pageObjects.MyPage.getEditaccinfo(MyPage.java:22)
at pageObjects.MyPage.getEditaccinfo(MyPage.java:22)
at pageObjects.MyPage.getEditaccinfo(MyPage.java:22)
at pageObjects.MyPage.getEditaccinfo(MyPage.java:22)
at pageObjects.MyPage.getEditaccinfo(MyPage.java:22)
at pageObjects.MyPage.getEditaccinfo(MyPage.java:22)
at pageObjects.MyPage.getEditaccinfo(MyPage.java:22)
at pageObjects.MyPage.getEditaccinfo(MyPage.java:22)
at pageObjects.MyPage.getEditaccinfo(MyPage.java:22)
at pageObjects.MyPage.getEditaccinfo(MyPage.java:22)
at pageObjects.MyPage.getEditaccinfo(MyPage.java:22)
at pageObjects.MyPage.getEditaccinfo(MyPage.java:22)
at pageObjects.MyPage.getEditaccinfo(MyPage.java:22)
at pageObjects.MyPage.getEditaccinfo(MyPage.java:22)
at pageObjects.MyPage.getEditaccinfo(MyPage.java:22)
at pageObjects.MyPage.getEditaccinfo(MyPage.java:22)
at pageObjects.MyPage.getEditaccinfo(MyPage.java:22)
at pageObjects.MyPage.getEditaccinfo(MyPage.java:22)
at pageObjects.MyPage.getEditaccinfo(MyPage.java:22)
at pageObjects.MyPage.getEditaccinfo(MyPage.java:22)
at pageObjects.MyPage.getEditaccinfo(MyPage.java:22)
at pageObjects.MyPage.getEditaccinfo(MyPage.java:22)
at pageObjects.MyPage.getEditaccinfo(MyPage.java:22)
at pageObjects.MyPage.getEditaccinfo(MyPage.java:22)
at pageObjects.MyPage.getEditaccinfo(MyPage.java:22)
at pageObjects.MyPage.getEditaccinfo(MyPage.java:22)
at pageObjects.MyPage.getEditaccinfo(MyPage.java:22)
at pageObjects.MyPage.getEditaccinfo(MyPage.java:22)
at pageObjects.MyPage.getEditaccinfo(MyPage.java:22)
at pageObjects.MyPage.getEditaccinfo(MyPage.java:22)
at pageObjects.MyPage.getEditaccinfo(MyPage.java:22)
at pageObjects.MyPage.getEditaccinfo(MyPage.java:22)
at pageObjects.MyPage.getEditaccinfo(MyPage.java:22)
at pageObjects.MyPage.getEditaccinfo(MyPage.java:22)
at pageObjects.MyPage.getEditaccinfo(MyPage.java:22)
at pageObjects.MyPage.getEditaccinfo(MyPage.java:22)
at pageObjects.MyPage.getEditaccinfo(MyPage.java:22)
at pageObjects.MyPage.getEditaccinfo(MyPage.java:22)
at pageObjects.MyPage.getEditaccinfo(MyPage.java:22)
at pageObjects.MyPage.getEditaccinfo(MyPage.java:22)
at pageObjects.MyPage.getEditaccinfo(MyPage.java:22)
at pageObjects.MyPage.getEditaccinfo(MyPage.java:22)
at pageObjects.MyPage.getEditaccinfo(MyPage.java:22)
at pageObjects.MyPage.getEditaccinfo(MyPage.java:22)
at pageObjects.MyPage.getEditaccinfo(MyPage.java:22)
at pageObjects.MyPage.getEditaccinfo(MyPage.java:22)
at pageObjects.MyPage.getEditaccinfo(MyPage.java:22)
at pageObjects.MyPage.getEditaccinfo(MyPage.java:22)
at pageObjects.MyPage.getEditaccinfo(MyPage.java:22)
at pageObjects.MyPage.getEditaccinfo(MyPage.java:22)
at pageObjects.MyPage.getEditaccinfo(MyPage.java:22)
at pageObjects.MyPage.getEditaccinfo(MyPage.java:22)
at pageObjects.MyPage.getEditaccinfo(MyPage.java:22)
at pageObjects.MyPage.getEditaccinfo(MyPage.java:22)
at pageObjects.MyPage.getEditaccinfo(MyPage.java:22)
at pageObjects.MyPage.getEditaccinfo(MyPage.java:22)
at pageObjects.MyPage.getEditaccinfo(MyPage.java:22)
at pageObjects.MyPage.getEditaccinfo(MyPage.java:22)
at pageObjects.MyPage.getEditaccinfo(MyPage.java:22)
at pageObjects.MyPage.getEditaccinfo(MyPage.java:22)
at pageObjects.MyPage.getEditaccinfo(MyPage.java:22)
at pageObjects.MyPage.getEditaccinfo(MyPage.java:22)
at pageObjects.MyPage.getEditaccinfo(MyPage.java:22)
at pageObjects.MyPage.getEditaccinfo(MyPage.java:22)
at pageObjects.MyPage.getEditaccinfo(MyPage.java:22)
at pageObjects.MyPage.getEditaccinfo(MyPage.java:22)
at pageObjects.MyPage.getEditaccinfo(MyPage.java:22)
at pageObjects.MyPage.getEditaccinfo(MyPage.java:22)
at pageObjects.MyPage.getEditaccinfo(MyPage.java:22)
at pageObjects.MyPage.getEditaccinfo(MyPage.java:22)
at pageObjects.MyPage.getEditaccinfo(MyPage.java:22)
at pageObjects.MyPage.getEditaccinfo(MyPage.java:22)
at pageObjects.MyPage.getEditaccinfo(MyPage.java:22)
at pageObjects.MyPage.getEditaccinfo(MyPage.java:22)
at pageObjects.MyPage.getEditaccinfo(MyPage.java:22)
at pageObjects.MyPage.getEditaccinfo(MyPage.java:22)
at pageObjects.MyPage.getEditaccinfo(MyPage.java:22)
at pageObjects.MyPage.getEditaccinfo(MyPage.java:22)
at pageObjects.MyPage.getEditaccinfo(MyPage.java:22)
at pageObjects.MyPage.getEditaccinfo(MyPage.java:22)
at pageObjects.MyPage.getEditaccinfo(MyPage.java:22)
at pageObjects.MyPage.getEditaccinfo(MyPage.java:22)
at pageObjects.MyPage.getEditaccinfo(MyPage.java:22)
at pageObjects.MyPage.getEditaccinfo(MyPage.java:22)
at pageObjects.MyPage.getEditaccinfo(MyPage.java:22)
at pageObjects.MyPage.getEditaccinfo(MyPage.java:22)
at pageObjects.MyPage.getEditaccinfo(MyPage.java:22)
at pageObjects.MyPage.getEditaccinfo(MyPage.java:22)
at pageObjects.MyPage.getEditaccinfo(MyPage.java:22)
at pageObjects.MyPage.getEditaccinfo(MyPage.java:22)
at pageObjects.MyPage.getEditaccinfo(MyPage.java:22)
at pageObjects.MyPage.getEditaccinfo(MyPage.java:22)
at pageObjects.MyPage.getEditaccinfo(MyPage.java:22)
at pageObjects.MyPage.getEditaccinfo(MyPage.java:22)
at pageObjects.MyPage.getEditaccinfo(MyPage.java:22)
at pageObjects.MyPage.getEditaccinfo(MyPage.java:22)
at pageObjects.MyPage.getEditaccinfo(MyPage.java:22)
at pageObjects.MyPage.getEditaccinfo(MyPage.java:22)
at pageObjects.MyPage.getEditaccinfo(MyPage.java:22)
at pageObjects.MyPage.getEditaccinfo(MyPage.java:22)
at pageObjects.MyPage.getEditaccinfo(MyPage.java:22)
at pageObjects.MyPage.getEditaccinfo(MyPage.java:22)
at pageObjects.MyPage.getEditaccinfo(MyPage.java:22)
at pageObjects.MyPage.getEditaccinfo(MyPage.java:22)
at pageObjects.MyPage.getEditaccinfo(MyPage.java:22)
at pageObjects.MyPage.getEditaccinfo(MyPage.java:22)
at pageObjects.MyPage.getEditaccinfo(MyPage.java:22)
at pageObjects.MyPage.getEditaccinfo(MyPage.java:22)
at pageObjects.MyPage.getEditaccinfo(MyPage.java:22)
at pageObjects.MyPage.getEditaccinfo(MyPage.java:22)
at pageObjects.MyPage.getEditaccinfo(MyPage.java:22)
at pageObjects.MyPage.getEditaccinfo(MyPage.java:22)
at pageObjects.MyPage.getEditaccinfo(MyPage.java:22)
at pageObjects.MyPage.getEditaccinfo(MyPage.java:22)
at pageObjects.MyPage.getEditaccinfo(MyPage.java:22)
at pageObjects.MyPage.getEditaccinfo(MyPage.java:22)
at pageObjects.MyPage.getEditaccinfo(MyPage.java:22)
at pageObjects.MyPage.getEditaccinfo(MyPage.java:22)
at pageObjects.MyPage.getEditaccinfo(MyPage.java:22)
at pageObjects.MyPage.getEditaccinfo(MyPage.java:22)
at pageObjects.MyPage.getEditaccinfo(MyPage.java:22)
at pageObjects.MyPage.getEditaccinfo(MyPage.java:22)
at pageObjects.MyPage.getEditaccinfo(MyPage.java:22)
at pageObjects.MyPage.getEditaccinfo(MyPage.java:22)
at pageObjects.MyPage.getEditaccinfo(MyPage.java:22)
at pageObjects.MyPage.getEditaccinfo(MyPage.java:22)
at pageObjects.MyPage.getEditaccinfo(MyPage.java:22)
at pageObjects.MyPage.getEditaccinfo(MyPage.java:22)
at pageObjects.MyPage.getEditaccinfo(MyPage.java:22)
at pageObjects.MyPage.getEditaccinfo(MyPage.java:22)
at pageObjects.MyPage.getEditaccinfo(MyPage.java:22)
at pageObjects.MyPage.getEditaccinfo(MyPage.java:22)
at pageObjects.MyPage.getEditaccinfo(MyPage.java:22)
at pageObjects.MyPage.getEditaccinfo(MyPage.java:22)
at pageObjects.MyPage.getEditaccinfo(MyPage.java:22)
at pageObjects.MyPage.getEditaccinfo(MyPage.java:22)
at pageObjects.MyPage.getEditaccinfo(MyPage.java:22)
at pageObjects.MyPage.getEditaccinfo(MyPage.java:22)
at pageObjects.MyPage.getEditaccinfo(MyPage.java:22)
at pageObjects.MyPage.getEditaccinfo(MyPage.java:22)
at pageObjects.MyPage.getEditaccinfo(MyPage.java:22)
at pageObjects.MyPage.getEditaccinfo(MyPage.java:22)
at pageObjects.MyPage.getEditaccinfo(MyPage.java:22)
at pageObjects.MyPage.getEditaccinfo(MyPage.java:22)
at pageObjects.MyPage.getEditaccinfo(MyPage.java:22)
at pageObjects.MyPage.getEditaccinfo(MyPage.java:22)
at pageObjects.MyPage.getEditaccinfo(MyPage.java:22)
at pageObjects.MyPage.getEditaccinfo(MyPage.java:22)
at pageObjects.MyPage.getEditaccinfo(MyPage.java:22)
at pageObjects.MyPage.getEditaccinfo(MyPage.java:22)
at pageObjects.MyPage.getEditaccinfo(MyPage.java:22)
at pageObjects.MyPage.getEditaccinfo(MyPage.java:22)
at pageObjects.MyPage.getEditaccinfo(MyPage.java:22)
at pageObjects.MyPage.getEditaccinfo(MyPage.java:22)
at pageObjects.MyPage.getEditaccinfo(MyPage.java:22)
at pageObjects.MyPage.getEditaccinfo(MyPage.java:22)
at pageObjects.MyPage.getEditaccinfo(MyPage.java:22)
at pageObjects.MyPage.getEditaccinfo(MyPage.java:22)
at pageObjects.MyPage.getEditaccinfo(MyPage.java:22)
at pageObjects.MyPage.getEditaccinfo(MyPage.java:22)
at pageObjects.MyPage.getEditaccinfo(MyPage.java:22)
at pageObjects.MyPage.getEditaccinfo(MyPage.java:22)
at pageObjects.MyPage.getEditaccinfo(MyPage.java:22)
at pageObjects.MyPage.getEditaccinfo(MyPage.java:22)
at pageObjects.MyPage.getEditaccinfo(MyPage.java:22)
at pageObjects.MyPage.getEditaccinfo(MyPage.java:22)
at pageObjects.MyPage.getEditaccinfo(MyPage.java:22)
at pageObjects.MyPage.getEditaccinfo(MyPage.java:22)
at pageObjects.MyPage.getEditaccinfo(MyPage.java:22)
at pageObjects.MyPage.getEditaccinfo(MyPage.java:22)
at pageObjects.MyPage.getEditaccinfo(MyPage.java:22)
at pageObjects.MyPage.getEditaccinfo(MyPage.java:22)
at pageObjects.MyPage.getEditaccinfo(MyPage.java:22)
at pageObjects.MyPage.getEditaccinfo(MyPage.java:22)
at pageObjects.MyPage.getEditaccinfo(MyPage.java:22)
at pageObjects.MyPage.getEditaccinfo(MyPage.java:22)
at pageObjects.MyPage.getEditaccinfo(MyPage.java:22)
at pageObjects.MyPage.getEditaccinfo(MyPage.java:22)
at pageObjects.MyPage.getEditaccinfo(MyPage.java:22)
at pageObjects.MyPage.getEditaccinfo(MyPage.java:22)
at pageObjects.MyPage.getEditaccinfo(MyPage.java:22)
at pageObjects.MyPage.getEditaccinfo(MyPage.java:22)
at pageObjects.MyPage.getEditaccinfo(MyPage.java:22)
at pageObjects.MyPage.getEditaccinfo(MyPage.java:22)
at pageObjects.MyPage.getEditaccinfo(MyPage.java:22)
at pageObjects.MyPage.getEditaccinfo(MyPage.java:22)
at pageObjects.MyPage.getEditaccinfo(MyPage.java:22)
at pageObjects.MyPage.getEditaccinfo(MyPage.java:22)
at pageObjects.MyPage.getEditaccinfo(MyPage.java:22)
at pageObjects.MyPage.getEditaccinfo(MyPage.java:22)
at pageObjects.MyPage.getEditaccinfo(MyPage.java:22)
at pageObjects.MyPage.getEditaccinfo(MyPage.java:22)
at pageObjects.MyPage.getEditaccinfo(MyPage.java:22)
at pageObjects.MyPage.getEditaccinfo(MyPage.java:22)
at pageObjects.MyPage.getEditaccinfo(MyPage.java:22)
at pageObjects.MyPage.getEditaccinfo(MyPage.java:22)
at pageObjects.MyPage.getEditaccinfo(MyPage.java:22)
at pageObjects.MyPage.getEditaccinfo(MyPage.java:22)
at pageObjects.MyPage.getEditaccinfo(MyPage.java:22)
at pageObjects.MyPage.getEditaccinfo(MyPage.java:22)
at pageObjects.MyPage.getEditaccinfo(MyPage.java:22)
at pageObjects.MyPage.getEditaccinfo(MyPage.java:22)
at pageObjects.MyPage.getEditaccinfo(MyPage.java:22)
at pageObjects.MyPage.getEditaccinfo(MyPage.java:22)
at pageObjects.MyPage.getEditaccinfo(MyPage.java:22)
at pageObjects.MyPage.getEditaccinfo(MyPage.java:22)
at pageObjects.MyPage.getEditaccinfo(MyPage.java:22)
at pageObjects.MyPage.getEditaccinfo(MyPage.java:22)
at pageObjects.MyPage.getEditaccinfo(MyPage.java:22)
at pageObjects.MyPage.getEditaccinfo(MyPage.java:22)
at pageObjects.MyPage.getEditaccinfo(MyPage.java:22)
at pageObjects.MyPage.getEditaccinfo(MyPage.java:22)
at pageObjects.MyPage.getEditaccinfo(MyPage.java:22)
at pageObjects.MyPage.getEditaccinfo(MyPage.java:22)
at pageObjects.MyPage.getEditaccinfo(MyPage.java:22)
at pageObjects.MyPage.getEditaccinfo(MyPage.java:22)
at pageObjects.MyPage.getEditaccinfo(MyPage.java:22)
at pageObjects.MyPage.getEditaccinfo(MyPage.java:22)
at pageObjects.MyPage.getEditaccinfo(MyPage.java:22)
at pageObjects.MyPage.getEditaccinfo(MyPage.java:22)
at pageObjects.MyPage.getEditaccinfo(MyPage.java:22)
at pageObjects.MyPage.getEditaccinfo(MyPage.java:22)
at pageObjects.MyPage.getEditaccinfo(MyPage.java:22)
at pageObjects.MyPage.getEditaccinfo(MyPage.java:22)
at pageObjects.MyPage.getEditaccinfo(MyPage.java:22)
at pageObjects.MyPage.getEditaccinfo(MyPage.java:22)
at pageObjects.MyPage.getEditaccinfo(MyPage.java:22)
at pageObjects.MyPage.getEditaccinfo(MyPage.java:22)
at pageObjects.MyPage.getEditaccinfo(MyPage.java:22)
at pageObjects.MyPage.getEditaccinfo(MyPage.java:22)
at pageObjects.MyPage.getEditaccinfo(MyPage.java:22)
at pageObjects.MyPage.getEditaccinfo(MyPage.java:22)
at pageObjects.MyPage.getEditaccinfo(MyPage.java:22)
at pageObjects.MyPage.getEditaccinfo(MyPage.java:22)
at pageObjects.MyPage.getEditaccinfo(MyPage.java:22)
at pageObjects.MyPage.getEditaccinfo(MyPage.java:22)
at pageObjects.MyPage.getEditaccinfo(MyPage.java:22)
at pageObjects.MyPage.getEditaccinfo(MyPage.java:22)
at pageObjects.MyPage.getEditaccinfo(MyPage.java:22)
at pageObjects.MyPage.getEditaccinfo(MyPage.java:22)
at pageObjects.MyPage.getEditaccinfo(MyPage.java:22)
at pageObjects.MyPage.getEditaccinfo(MyPage.java:22)
at pageObjects.MyPage.getEditaccinfo(MyPage.java:22)
at pageObjects.MyPage.getEditaccinfo(MyPage.java:22)
at pageObjects.MyPage.getEditaccinfo(MyPage.java:22)
at pageObjects.MyPage.getEditaccinfo(MyPage.java:22)
at pageObjects.MyPage.getEditaccinfo(MyPage.java:22)
at pageObjects.MyPage.getEditaccinfo(MyPage.java:22)
at pageObjects.MyPage.getEditaccinfo(MyPage.java:22)
at pageObjects.MyPage.getEditaccinfo(MyPage.java:22)
at pageObjects.MyPage.getEditaccinfo(MyPage.java:22)
at pageObjects.MyPage.getEditaccinfo(MyPage.java:22)
at pageObjects.MyPage.getEditaccinfo(MyPage.java:22)
at pageObjects.MyPage.getEditaccinfo(MyPage.java:22)
at pageObjects.MyPage.getEditaccinfo(MyPage.java:22)
at pageObjects.MyPage.getEditaccinfo(MyPage.java:22)
at pageObjects.MyPage.getEditaccinfo(MyPage.java:22)
at pageObjects.MyPage.getEditaccinfo(MyPage.java:22)
at pageObjects.MyPage.getEditaccinfo(MyPage.java:22)
at pageObjects.MyPage.getEditaccinfo(MyPage.java:22)
at pageObjects.MyPage.getEditaccinfo(MyPage.java:22)
at pageObjects.MyPage.getEditaccinfo(MyPage.java:22)
at pageObjects.MyPage.getEditaccinfo(MyPage.java:22)
at pageObjects.MyPage.getEditaccinfo(MyPage.java:22)
at pageObjects.MyPage.getEditaccinfo(MyPage.java:22)
at pageObjects.MyPage.getEditaccinfo(MyPage.java:22)
at pageObjects.MyPage.getEditaccinfo(MyPage.java:22)
at pageObjects.MyPage.getEditaccinfo(MyPage.java:22)
at pageObjects.MyPage.getEditaccinfo(MyPage.java:22)
at pageObjects.MyPage.getEditaccinfo(MyPage.java:22)
at pageObjects.MyPage.getEditaccinfo(MyPage.java:22)
at pageObjects.MyPage.getEditaccinfo(MyPage.java:22)
at pageObjects.MyPage.getEditaccinfo(MyPage.java:22)
at pageObjects.MyPage.getEditaccinfo(MyPage.java:22)
at pageObjects.MyPage.getEditaccinfo(MyPage.java:22)
at pageObjects.MyPage.getEditaccinfo(MyPage.java:22)
at pageObjects.MyPage.getEditaccinfo(MyPage.java:22)
at pageObjects.MyPage.getEditaccinfo(MyPage.java:22)
at pageObjects.MyPage.getEditaccinfo(MyPage.java:22)
at pageObjects.MyPage.getEditaccinfo(MyPage.java:22)
at pageObjects.MyPage.getEditaccinfo(MyPage.java:22)
at pageObjects.MyPage.getEditaccinfo(MyPage.java:22)
at pageObjects.MyPage.getEditaccinfo(MyPage.java:22)
at pageObjects.MyPage.getEditaccinfo(MyPage.java:22)
at pageObjects.MyPage.getEditaccinfo(MyPage.java:22)
at pageObjects.MyPage.getEditaccinfo(MyPage.java:22)
at pageObjects.MyPage.getEditaccinfo(MyPage.java:22)
at pageObjects.MyPage.getEditaccinfo(MyPage.java:22)
at pageObjects.MyPage.getEditaccinfo(MyPage.java:22)
at pageObjects.MyPage.getEditaccinfo(MyPage.java:22)
at pageObjects.MyPage.getEditaccinfo(MyPage.java:22)
at pageObjects.MyPage.getEditaccinfo(MyPage.java:22)
at pageObjects.MyPage.getEditaccinfo(MyPage.java:22)
at pageObjects.MyPage.getEditaccinfo(MyPage.java:22)
at pageObjects.MyPage.getEditaccinfo(MyPage.java:22)
at pageObjects.MyPage.getEditaccinfo(MyPage.java:22)
at pageObjects.MyPage.getEditaccinfo(MyPage.java:22)
at pageObjects.MyPage.getEditaccinfo(MyPage.java:22)
at pageObjects.MyPage.getEditaccinfo(MyPage.java:22)
at pageObjects.MyPage.getEditaccinfo(MyPage.java:22)
at pageObjects.MyPage.getEditaccinfo(MyPage.java:22)
at pageObjects.MyPage.getEditaccinfo(MyPage.java:22)
at pageObjects.MyPage.getEditaccinfo(MyPage.java:22)
at pageObjects.MyPage.getEditaccinfo(MyPage.java:22)
at pageObjects.MyPage.getEditaccinfo(MyPage.java:22)
at pageObjects.MyPage.getEditaccinfo(MyPage.java:22)
at pageObjects.MyPage.getEditaccinfo(MyPage.java:22)
at pageObjects.MyPage.getEditaccinfo(MyPage.java:22)
at pageObjects.MyPage.getEditaccinfo(MyPage.java:22)
at pageObjects.MyPage.getEditaccinfo(MyPage.java:22)
at pageObjects.MyPage.getEditaccinfo(MyPage.java:22)
at pageObjects.MyPage.getEditaccinfo(MyPage.java:22)
at pageObjects.MyPage.getEditaccinfo(MyPage.java:22)
at pageObjects.MyPage.getEditaccinfo(MyPage.java:22)
at pageObjects.MyPage.getEditaccinfo(MyPage.java:22)
at pageObjects.MyPage.getEditaccinfo(MyPage.java:22)
at pageObjects.MyPage.getEditaccinfo(MyPage.java:22)
at pageObjects.MyPage.getEditaccinfo(MyPage.java:22)
at pageObjects.MyPage.getEditaccinfo(MyPage.java:22)
at pageObjects.MyPage.getEditaccinfo(MyPage.java:22)
at pageObjects.MyPage.getEditaccinfo(MyPage.java:22)
at pageObjects.MyPage.getEditaccinfo(MyPage.java:22)
at pageObjects.MyPage.getEditaccinfo(MyPage.java:22)
at pageObjects.MyPage.getEditaccinfo(MyPage.java:22)
at pageObjects.MyPage.getEditaccinfo(MyPage.java:22)
at pageObjects.MyPage.getEditaccinfo(MyPage.java:22)
at pageObjects.MyPage.getEditaccinfo(MyPage.java:22)
at pageObjects.MyPage.getEditaccinfo(MyPage.java:22)
at pageObjects.MyPage.getEditaccinfo(MyPage.java:22)
at pageObjects.MyPage.getEditaccinfo(MyPage.java:22)
at pageObjects.MyPage.getEditaccinfo(MyPage.java:22)
at pageObjects.MyPage.getEditaccinfo(MyPage.java:22)
at pageObjects.MyPage.getEditaccinfo(MyPage.java:22)
at pageObjects.MyPage.getEditaccinfo(MyPage.java:22)
at pageObjects.MyPage.getEditaccinfo(MyPage.java:22)
at pageObjects.MyPage.getEditaccinfo(MyPage.java:22)
at pageObjects.MyPage.getEditaccinfo(MyPage.java:22)
at pageObjects.MyPage.getEditaccinfo(MyPage.java:22)
at pageObjects.MyPage.getEditaccinfo(MyPage.java:22)
at pageObjects.MyPage.getEditaccinfo(MyPage.java:22)
at pageObjects.MyPage.getEditaccinfo(MyPage.java:22)
at pageObjects.MyPage.getEditaccinfo(MyPage.java:22)
at pageObjects.MyPage.getEditaccinfo(MyPage.java:22)
at pageObjects.MyPage.getEditaccinfo(MyPage.java:22)
at pageObjects.MyPage.getEditaccinfo(MyPage.java:22)
at pageObjects.MyPage.getEditaccinfo(MyPage.java:22)
at pageObjects.MyPage.getEditaccinfo(MyPage.java:22)
at pageObjects.MyPage.getEditaccinfo(MyPage.java:22)
at pageObjects.MyPage.getEditaccinfo(MyPage.java:22)
at pageObjects.MyPage.getEditaccinfo(MyPage.java:22)
at pageObjects.MyPage.getEditaccinfo(MyPage.java:22)
at pageObjects.MyPage.getEditaccinfo(MyPage.java:22)
at pageObjects.MyPage.getEditaccinfo(MyPage.java:22)
at pageObjects.MyPage.getEditaccinfo(MyPage.java:22)
at pageObjects.MyPage.getEditaccinfo(MyPage.java:22)
at pageObjects.MyPage.getEditaccinfo(MyPage.java:22)
at pageObjects.MyPage.getEditaccinfo(MyPage.java:22)
at pageObjects.MyPage.getEditaccinfo(MyPage.java:22)
at pageObjects.MyPage.getEditaccinfo(MyPage.java:22)
at pageObjects.MyPage.getEditaccinfo(MyPage.java:22)
]]>
    </failure>
  </testcase> <!-- login -->
  <testcase classname="Tests.TC_LoginTest_001" name="SubmitButtonWithoutData" time="8.506">
    <failure type="java.lang.StackOverflowError">
      <![CDATA[java.lang.StackOverflowError
at pageObjects.MyPage.getEditaccinfo(MyPage.java:22)
at pageObjects.MyPage.getEditaccinfo(MyPage.java:22)
at pageObjects.MyPage.getEditaccinfo(MyPage.java:22)
at pageObjects.MyPage.getEditaccinfo(MyPage.java:22)
at pageObjects.MyPage.getEditaccinfo(MyPage.java:22)
at pageObjects.MyPage.getEditaccinfo(MyPage.java:22)
at pageObjects.MyPage.getEditaccinfo(MyPage.java:22)
at pageObjects.MyPage.getEditaccinfo(MyPage.java:22)
at pageObjects.MyPage.getEditaccinfo(MyPage.java:22)
at pageObjects.MyPage.getEditaccinfo(MyPage.java:22)
at pageObjects.MyPage.getEditaccinfo(MyPage.java:22)
at pageObjects.MyPage.getEditaccinfo(MyPage.java:22)
at pageObjects.MyPage.getEditaccinfo(MyPage.java:22)
at pageObjects.MyPage.getEditaccinfo(MyPage.java:22)
at pageObjects.MyPage.getEditaccinfo(MyPage.java:22)
at pageObjects.MyPage.getEditaccinfo(MyPage.java:22)
at pageObjects.MyPage.getEditaccinfo(MyPage.java:22)
at pageObjects.MyPage.getEditaccinfo(MyPage.java:22)
at pageObjects.MyPage.getEditaccinfo(MyPage.java:22)
at pageObjects.MyPage.getEditaccinfo(MyPage.java:22)
at pageObjects.MyPage.getEditaccinfo(MyPage.java:22)
at pageObjects.MyPage.getEditaccinfo(MyPage.java:22)
at pageObjects.MyPage.getEditaccinfo(MyPage.java:22)
at pageObjects.MyPage.getEditaccinfo(MyPage.java:22)
at pageObjects.MyPage.getEditaccinfo(MyPage.java:22)
at pageObjects.MyPage.getEditaccinfo(MyPage.java:22)
at pageObjects.MyPage.getEditaccinfo(MyPage.java:22)
at pageObjects.MyPage.getEditaccinfo(MyPage.java:22)
at pageObjects.MyPage.getEditaccinfo(MyPage.java:22)
at pageObjects.MyPage.getEditaccinfo(MyPage.java:22)
at pageObjects.MyPage.getEditaccinfo(MyPage.java:22)
at pageObjects.MyPage.getEditaccinfo(MyPage.java:22)
at pageObjects.MyPage.getEditaccinfo(MyPage.java:22)
at pageObjects.MyPage.getEditaccinfo(MyPage.java:22)
at pageObjects.MyPage.getEditaccinfo(MyPage.java:22)
at pageObjects.MyPage.getEditaccinfo(MyPage.java:22)
at pageObjects.MyPage.getEditaccinfo(MyPage.java:22)
at pageObjects.MyPage.getEditaccinfo(MyPage.java:22)
at pageObjects.MyPage.getEditaccinfo(MyPage.java:22)
at pageObjects.MyPage.getEditaccinfo(MyPage.java:22)
at pageObjects.MyPage.getEditaccinfo(MyPage.java:22)
at pageObjects.MyPage.getEditaccinfo(MyPage.java:22)
at pageObjects.MyPage.getEditaccinfo(MyPage.java:22)
at pageObjects.MyPage.getEditaccinfo(MyPage.java:22)
at pageObjects.MyPage.getEditaccinfo(MyPage.java:22)
at pageObjects.MyPage.getEditaccinfo(MyPage.java:22)
at pageObjects.MyPage.getEditaccinfo(MyPage.java:22)
at pageObjects.MyPage.getEditaccinfo(MyPage.java:22)
at pageObjects.MyPage.getEditaccinfo(MyPage.java:22)
at pageObjects.MyPage.getEditaccinfo(MyPage.java:22)
at pageObjects.MyPage.getEditaccinfo(MyPage.java:22)
at pageObjects.MyPage.getEditaccinfo(MyPage.java:22)
at pageObjects.MyPage.getEditaccinfo(MyPage.java:22)
at pageObjects.MyPage.getEditaccinfo(MyPage.java:22)
at pageObjects.MyPage.getEditaccinfo(MyPage.java:22)
at pageObjects.MyPage.getEditaccinfo(MyPage.java:22)
at pageObjects.MyPage.getEditaccinfo(MyPage.java:22)
at pageObjects.MyPage.getEditaccinfo(MyPage.java:22)
at pageObjects.MyPage.getEditaccinfo(MyPage.java:22)
at pageObjects.MyPage.getEditaccinfo(MyPage.java:22)
at pageObjects.MyPage.getEditaccinfo(MyPage.java:22)
at pageObjects.MyPage.getEditaccinfo(MyPage.java:22)
at pageObjects.MyPage.getEditaccinfo(MyPage.java:22)
at pageObjects.MyPage.getEditaccinfo(MyPage.java:22)
at pageObjects.MyPage.getEditaccinfo(MyPage.java:22)
at pageObjects.MyPage.getEditaccinfo(MyPage.java:22)
at pageObjects.MyPage.getEditaccinfo(MyPage.java:22)
at pageObjects.MyPage.getEditaccinfo(MyPage.java:22)
at pageObjects.MyPage.getEditaccinfo(MyPage.java:22)
at pageObjects.MyPage.getEditaccinfo(MyPage.java:22)
at pageObjects.MyPage.getEditaccinfo(MyPage.java:22)
at pageObjects.MyPage.getEditaccinfo(MyPage.java:22)
at pageObjects.MyPage.getEditaccinfo(MyPage.java:22)
at pageObjects.MyPage.getEditaccinfo(MyPage.java:22)
at pageObjects.MyPage.getEditaccinfo(MyPage.java:22)
at pageObjects.MyPage.getEditaccinfo(MyPage.java:22)
at pageObjects.MyPage.getEditaccinfo(MyPage.java:22)
at pageObjects.MyPage.getEditaccinfo(MyPage.java:22)
at pageObjects.MyPage.getEditaccinfo(MyPage.java:22)
at pageObjects.MyPage.getEditaccinfo(MyPage.java:22)
at pageObjects.MyPage.getEditaccinfo(MyPage.java:22)
at pageObjects.MyPage.getEditaccinfo(MyPage.java:22)
at pageObjects.MyPage.getEditaccinfo(MyPage.java:22)
at pageObjects.MyPage.getEditaccinfo(MyPage.java:22)
at pageObjects.MyPage.getEditaccinfo(MyPage.java:22)
at pageObjects.MyPage.getEditaccinfo(MyPage.java:22)
at pageObjects.MyPage.getEditaccinfo(MyPage.java:22)
at pageObjects.MyPage.getEditaccinfo(MyPage.java:22)
at pageObjects.MyPage.getEditaccinfo(MyPage.java:22)
at pageObjects.MyPage.getEditaccinfo(MyPage.java:22)
at pageObjects.MyPage.getEditaccinfo(MyPage.java:22)
at pageObjects.MyPage.getEditaccinfo(MyPage.java:22)
at pageObjects.MyPage.getEditaccinfo(MyPage.java:22)
at pageObjects.MyPage.getEditaccinfo(MyPage.java:22)
at pageObjects.MyPage.getEditaccinfo(MyPage.java:22)
at pageObjects.MyPage.getEditaccinfo(MyPage.java:22)
at pageObjects.MyPage.getEditaccinfo(MyPage.java:22)
at pageObjects.MyPage.getEditaccinfo(MyPage.java:22)
at pageObjects.MyPage.getEditaccinfo(MyPage.java:22)
at pageObjects.MyPage.getEditaccinfo(MyPage.java:22)
at pageObjects.MyPage.getEditaccinfo(MyPage.java:22)
at pageObjects.MyPage.getEditaccinfo(MyPage.java:22)
at pageObjects.MyPage.getEditaccinfo(MyPage.java:22)
at pageObjects.MyPage.getEditaccinfo(MyPage.java:22)
at pageObjects.MyPage.getEditaccinfo(MyPage.java:22)
at pageObjects.MyPage.getEditaccinfo(MyPage.java:22)
at pageObjects.MyPage.getEditaccinfo(MyPage.java:22)
at pageObjects.MyPage.getEditaccinfo(MyPage.java:22)
at pageObjects.MyPage.getEditaccinfo(MyPage.java:22)
at pageObjects.MyPage.getEditaccinfo(MyPage.java:22)
at pageObjects.MyPage.getEditaccinfo(MyPage.java:22)
at pageObjects.MyPage.getEditaccinfo(MyPage.java:22)
at pageObjects.MyPage.getEditaccinfo(MyPage.java:22)
at pageObjects.MyPage.getEditaccinfo(MyPage.java:22)
at pageObjects.MyPage.getEditaccinfo(MyPage.java:22)
at pageObjects.MyPage.getEditaccinfo(MyPage.java:22)
at pageObjects.MyPage.getEditaccinfo(MyPage.java:22)
at pageObjects.MyPage.getEditaccinfo(MyPage.java:22)
at pageObjects.MyPage.getEditaccinfo(MyPage.java:22)
at pageObjects.MyPage.getEditaccinfo(MyPage.java:22)
at pageObjects.MyPage.getEditaccinfo(MyPage.java:22)
at pageObjects.MyPage.getEditaccinfo(MyPage.java:22)
at pageObjects.MyPage.getEditaccinfo(MyPage.java:22)
at pageObjects.MyPage.getEditaccinfo(MyPage.java:22)
at pageObjects.MyPage.getEditaccinfo(MyPage.java:22)
at pageObjects.MyPage.getEditaccinfo(MyPage.java:22)
at pageObjects.MyPage.getEditaccinfo(MyPage.java:22)
at pageObjects.MyPage.getEditaccinfo(MyPage.java:22)
at pageObjects.MyPage.getEditaccinfo(MyPage.java:22)
at pageObjects.MyPage.getEditaccinfo(MyPage.java:22)
at pageObjects.MyPage.getEditaccinfo(MyPage.java:22)
at pageObjects.MyPage.getEditaccinfo(MyPage.java:22)
at pageObjects.MyPage.getEditaccinfo(MyPage.java:22)
at pageObjects.MyPage.getEditaccinfo(MyPage.java:22)
at pageObjects.MyPage.getEditaccinfo(MyPage.java:22)
at pageObjects.MyPage.getEditaccinfo(MyPage.java:22)
at pageObjects.MyPage.getEditaccinfo(MyPage.java:22)
at pageObjects.MyPage.getEditaccinfo(MyPage.java:22)
at pageObjects.MyPage.getEditaccinfo(MyPage.java:22)
at pageObjects.MyPage.getEditaccinfo(MyPage.java:22)
at pageObjects.MyPage.getEditaccinfo(MyPage.java:22)
at pageObjects.MyPage.getEditaccinfo(MyPage.java:22)
at pageObjects.MyPage.getEditaccinfo(MyPage.java:22)
at pageObjects.MyPage.getEditaccinfo(MyPage.java:22)
at pageObjects.MyPage.getEditaccinfo(MyPage.java:22)
at pageObjects.MyPage.getEditaccinfo(MyPage.java:22)
at pageObjects.MyPage.getEditaccinfo(MyPage.java:22)
at pageObjects.MyPage.getEditaccinfo(MyPage.java:22)
at pageObjects.MyPage.getEditaccinfo(MyPage.java:22)
at pageObjects.MyPage.getEditaccinfo(MyPage.java:22)
at pageObjects.MyPage.getEditaccinfo(MyPage.java:22)
at pageObjects.MyPage.getEditaccinfo(MyPage.java:22)
at pageObjects.MyPage.getEditaccinfo(MyPage.java:22)
at pageObjects.MyPage.getEditaccinfo(MyPage.java:22)
at pageObjects.MyPage.getEditaccinfo(MyPage.java:22)
at pageObjects.MyPage.getEditaccinfo(MyPage.java:22)
at pageObjects.MyPage.getEditaccinfo(MyPage.java:22)
at pageObjects.MyPage.getEditaccinfo(MyPage.java:22)
at pageObjects.MyPage.getEditaccinfo(MyPage.java:22)
at pageObjects.MyPage.getEditaccinfo(MyPage.java:22)
at pageObjects.MyPage.getEditaccinfo(MyPage.java:22)
at pageObjects.MyPage.getEditaccinfo(MyPage.java:22)
at pageObjects.MyPage.getEditaccinfo(MyPage.java:22)
at pageObjects.MyPage.getEditaccinfo(MyPage.java:22)
at pageObjects.MyPage.getEditaccinfo(MyPage.java:22)
at pageObjects.MyPage.getEditaccinfo(MyPage.java:22)
at pageObjects.MyPage.getEditaccinfo(MyPage.java:22)
at pageObjects.MyPage.getEditaccinfo(MyPage.java:22)
at pageObjects.MyPage.getEditaccinfo(MyPage.java:22)
at pageObjects.MyPage.getEditaccinfo(MyPage.java:22)
at pageObjects.MyPage.getEditaccinfo(MyPage.java:22)
at pageObjects.MyPage.getEditaccinfo(MyPage.java:22)
at pageObjects.MyPage.getEditaccinfo(MyPage.java:22)
at pageObjects.MyPage.getEditaccinfo(MyPage.java:22)
at pageObjects.MyPage.getEditaccinfo(MyPage.java:22)
at pageObjects.MyPage.getEditaccinfo(MyPage.java:22)
at pageObjects.MyPage.getEditaccinfo(MyPage.java:22)
at pageObjects.MyPage.getEditaccinfo(MyPage.java:22)
at pageObjects.MyPage.getEditaccinfo(MyPage.java:22)
at pageObjects.MyPage.getEditaccinfo(MyPage.java:22)
at pageObjects.MyPage.getEditaccinfo(MyPage.java:22)
at pageObjects.MyPage.getEditaccinfo(MyPage.java:22)
at pageObjects.MyPage.getEditaccinfo(MyPage.java:22)
at pageObjects.MyPage.getEditaccinfo(MyPage.java:22)
at pageObjects.MyPage.getEditaccinfo(MyPage.java:22)
at pageObjects.MyPage.getEditaccinfo(MyPage.java:22)
at pageObjects.MyPage.getEditaccinfo(MyPage.java:22)
at pageObjects.MyPage.getEditaccinfo(MyPage.java:22)
at pageObjects.MyPage.getEditaccinfo(MyPage.java:22)
at pageObjects.MyPage.getEditaccinfo(MyPage.java:22)
at pageObjects.MyPage.getEditaccinfo(MyPage.java:22)
at pageObjects.MyPage.getEditaccinfo(MyPage.java:22)
at pageObjects.MyPage.getEditaccinfo(MyPage.java:22)
at pageObjects.MyPage.getEditaccinfo(MyPage.java:22)
at pageObjects.MyPage.getEditaccinfo(MyPage.java:22)
at pageObjects.MyPage.getEditaccinfo(MyPage.java:22)
at pageObjects.MyPage.getEditaccinfo(MyPage.java:22)
at pageObjects.MyPage.getEditaccinfo(MyPage.java:22)
at pageObjects.MyPage.getEditaccinfo(MyPage.java:22)
at pageObjects.MyPage.getEditaccinfo(MyPage.java:22)
at pageObjects.MyPage.getEditaccinfo(MyPage.java:22)
at pageObjects.MyPage.getEditaccinfo(MyPage.java:22)
at pageObjects.MyPage.getEditaccinfo(MyPage.java:22)
at pageObjects.MyPage.getEditaccinfo(MyPage.java:22)
at pageObjects.MyPage.getEditaccinfo(MyPage.java:22)
at pageObjects.MyPage.getEditaccinfo(MyPage.java:22)
at pageObjects.MyPage.getEditaccinfo(MyPage.java:22)
at pageObjects.MyPage.getEditaccinfo(MyPage.java:22)
at pageObjects.MyPage.getEditaccinfo(MyPage.java:22)
at pageObjects.MyPage.getEditaccinfo(MyPage.java:22)
at pageObjects.MyPage.getEditaccinfo(MyPage.java:22)
at pageObjects.MyPage.getEditaccinfo(MyPage.java:22)
at pageObjects.MyPage.getEditaccinfo(MyPage.java:22)
at pageObjects.MyPage.getEditaccinfo(MyPage.java:22)
at pageObjects.MyPage.getEditaccinfo(MyPage.java:22)
at pageObjects.MyPage.getEditaccinfo(MyPage.java:22)
at pageObjects.MyPage.getEditaccinfo(MyPage.java:22)
at pageObjects.MyPage.getEditaccinfo(MyPage.java:22)
at pageObjects.MyPage.getEditaccinfo(MyPage.java:22)
at pageObjects.MyPage.getEditaccinfo(MyPage.java:22)
at pageObjects.MyPage.getEditaccinfo(MyPage.java:22)
at pageObjects.MyPage.getEditaccinfo(MyPage.java:22)
at pageObjects.MyPage.getEditaccinfo(MyPage.java:22)
at pageObjects.MyPage.getEditaccinfo(MyPage.java:22)
at pageObjects.MyPage.getEditaccinfo(MyPage.java:22)
at pageObjects.MyPage.getEditaccinfo(MyPage.java:22)
at pageObjects.MyPage.getEditaccinfo(MyPage.java:22)
at pageObjects.MyPage.getEditaccinfo(MyPage.java:22)
at pageObjects.MyPage.getEditaccinfo(MyPage.java:22)
at pageObjects.MyPage.getEditaccinfo(MyPage.java:22)
at pageObjects.MyPage.getEditaccinfo(MyPage.java:22)
at pageObjects.MyPage.getEditaccinfo(MyPage.java:22)
at pageObjects.MyPage.getEditaccinfo(MyPage.java:22)
at pageObjects.MyPage.getEditaccinfo(MyPage.java:22)
at pageObjects.MyPage.getEditaccinfo(MyPage.java:22)
at pageObjects.MyPage.getEditaccinfo(MyPage.java:22)
at pageObjects.MyPage.getEditaccinfo(MyPage.java:22)
at pageObjects.MyPage.getEditaccinfo(MyPage.java:22)
at pageObjects.MyPage.getEditaccinfo(MyPage.java:22)
at pageObjects.MyPage.getEditaccinfo(MyPage.java:22)
at pageObjects.MyPage.getEditaccinfo(MyPage.java:22)
at pageObjects.MyPage.getEditaccinfo(MyPage.java:22)
at pageObjects.MyPage.getEditaccinfo(MyPage.java:22)
at pageObjects.MyPage.getEditaccinfo(MyPage.java:22)
at pageObjects.MyPage.getEditaccinfo(MyPage.java:22)
at pageObjects.MyPage.getEditaccinfo(MyPage.java:22)
at pageObjects.MyPage.getEditaccinfo(MyPage.java:22)
at pageObjects.MyPage.getEditaccinfo(MyPage.java:22)
at pageObjects.MyPage.getEditaccinfo(MyPage.java:22)
at pageObjects.MyPage.getEditaccinfo(MyPage.java:22)
at pageObjects.MyPage.getEditaccinfo(MyPage.java:22)
at pageObjects.MyPage.getEditaccinfo(MyPage.java:22)
at pageObjects.MyPage.getEditaccinfo(MyPage.java:22)
at pageObjects.MyPage.getEditaccinfo(MyPage.java:22)
at pageObjects.MyPage.getEditaccinfo(MyPage.java:22)
at pageObjects.MyPage.getEditaccinfo(MyPage.java:22)
at pageObjects.MyPage.getEditaccinfo(MyPage.java:22)
at pageObjects.MyPage.getEditaccinfo(MyPage.java:22)
at pageObjects.MyPage.getEditaccinfo(MyPage.java:22)
at pageObjects.MyPage.getEditaccinfo(MyPage.java:22)
at pageObjects.MyPage.getEditaccinfo(MyPage.java:22)
at pageObjects.MyPage.getEditaccinfo(MyPage.java:22)
at pageObjects.MyPage.getEditaccinfo(MyPage.java:22)
at pageObjects.MyPage.getEditaccinfo(MyPage.java:22)
at pageObjects.MyPage.getEditaccinfo(MyPage.java:22)
at pageObjects.MyPage.getEditaccinfo(MyPage.java:22)
at pageObjects.MyPage.getEditaccinfo(MyPage.java:22)
at pageObjects.MyPage.getEditaccinfo(MyPage.java:22)
at pageObjects.MyPage.getEditaccinfo(MyPage.java:22)
at pageObjects.MyPage.getEditaccinfo(MyPage.java:22)
at pageObjects.MyPage.getEditaccinfo(MyPage.java:22)
at pageObjects.MyPage.getEditaccinfo(MyPage.java:22)
at pageObjects.MyPage.getEditaccinfo(MyPage.java:22)
at pageObjects.MyPage.getEditaccinfo(MyPage.java:22)
at pageObjects.MyPage.getEditaccinfo(MyPage.java:22)
at pageObjects.MyPage.getEditaccinfo(MyPage.java:22)
at pageObjects.MyPage.getEditaccinfo(MyPage.java:22)
at pageObjects.MyPage.getEditaccinfo(MyPage.java:22)
at pageObjects.MyPage.getEditaccinfo(MyPage.java:22)
at pageObjects.MyPage.getEditaccinfo(MyPage.java:22)
at pageObjects.MyPage.getEditaccinfo(MyPage.java:22)
at pageObjects.MyPage.getEditaccinfo(MyPage.java:22)
at pageObjects.MyPage.getEditaccinfo(MyPage.java:22)
at pageObjects.MyPage.getEditaccinfo(MyPage.java:22)
at pageObjects.MyPage.getEditaccinfo(MyPage.java:22)
at pageObjects.MyPage.getEditaccinfo(MyPage.java:22)
at pageObjects.MyPage.getEditaccinfo(MyPage.java:22)
at pageObjects.MyPage.getEditaccinfo(MyPage.java:22)
at pageObjects.MyPage.getEditaccinfo(MyPage.java:22)
at pageObjects.MyPage.getEditaccinfo(MyPage.java:22)
at pageObjects.MyPage.getEditaccinfo(MyPage.java:22)
at pageObjects.MyPage.getEditaccinfo(MyPage.java:22)
at pageObjects.MyPage.getEditaccinfo(MyPage.java:22)
at pageObjects.MyPage.getEditaccinfo(MyPage.java:22)
at pageObjects.MyPage.getEditaccinfo(MyPage.java:22)
at pageObjects.MyPage.getEditaccinfo(MyPage.java:22)
at pageObjects.MyPage.getEditaccinfo(MyPage.java:22)
at pageObjects.MyPage.getEditaccinfo(MyPage.java:22)
at pageObjects.MyPage.getEditaccinfo(MyPage.java:22)
at pageObjects.MyPage.getEditaccinfo(MyPage.java:22)
at pageObjects.MyPage.getEditaccinfo(MyPage.java:22)
at pageObjects.MyPage.getEditaccinfo(MyPage.java:22)
at pageObjects.MyPage.getEditaccinfo(MyPage.java:22)
at pageObjects.MyPage.getEditaccinfo(MyPage.java:22)
at pageObjects.MyPage.getEditaccinfo(MyPage.java:22)
at pageObjects.MyPage.getEditaccinfo(MyPage.java:22)
at pageObjects.MyPage.getEditaccinfo(MyPage.java:22)
at pageObjects.MyPage.getEditaccinfo(MyPage.java:22)
at pageObjects.MyPage.getEditaccinfo(MyPage.java:22)
at pageObjects.MyPage.getEditaccinfo(MyPage.java:22)
at pageObjects.MyPage.getEditaccinfo(MyPage.java:22)
at pageObjects.MyPage.getEditaccinfo(MyPage.java:22)
at pageObjects.MyPage.getEditaccinfo(MyPage.java:22)
at pageObjects.MyPage.getEditaccinfo(MyPage.java:22)
at pageObjects.MyPage.getEditaccinfo(MyPage.java:22)
at pageObjects.MyPage.getEditaccinfo(MyPage.java:22)
at pageObjects.MyPage.getEditaccinfo(MyPage.java:22)
at pageObjects.MyPage.getEditaccinfo(MyPage.java:22)
at pageObjects.MyPage.getEditaccinfo(MyPage.java:22)
at pageObjects.MyPage.getEditaccinfo(MyPage.java:22)
at pageObjects.MyPage.getEditaccinfo(MyPage.java:22)
at pageObjects.MyPage.getEditaccinfo(MyPage.java:22)
at pageObjects.MyPage.getEditaccinfo(MyPage.java:22)
at pageObjects.MyPage.getEditaccinfo(MyPage.java:22)
at pageObjects.MyPage.getEditaccinfo(MyPage.java:22)
at pageObjects.MyPage.getEditaccinfo(MyPage.java:22)
at pageObjects.MyPage.getEditaccinfo(MyPage.java:22)
at pageObjects.MyPage.getEditaccinfo(MyPage.java:22)
at pageObjects.MyPage.getEditaccinfo(MyPage.java:22)
at pageObjects.MyPage.getEditaccinfo(MyPage.java:22)
at pageObjects.MyPage.getEditaccinfo(MyPage.java:22)
at pageObjects.MyPage.getEditaccinfo(MyPage.java:22)
at pageObjects.MyPage.getEditaccinfo(MyPage.java:22)
at pageObjects.MyPage.getEditaccinfo(MyPage.java:22)
at pageObjects.MyPage.getEditaccinfo(MyPage.java:22)
at pageObjects.MyPage.getEditaccinfo(MyPage.java:22)
at pageObjects.MyPage.getEditaccinfo(MyPage.java:22)
at pageObjects.MyPage.getEditaccinfo(MyPage.java:22)
at pageObjects.MyPage.getEditaccinfo(MyPage.java:22)
at pageObjects.MyPage.getEditaccinfo(MyPage.java:22)
at pageObjects.MyPage.getEditaccinfo(MyPage.java:22)
at pageObjects.MyPage.getEditaccinfo(MyPage.java:22)
at pageObjects.MyPage.getEditaccinfo(MyPage.java:22)
at pageObjects.MyPage.getEditaccinfo(MyPage.java:22)
at pageObjects.MyPage.getEditaccinfo(MyPage.java:22)
at pageObjects.MyPage.getEditaccinfo(MyPage.java:22)
at pageObjects.MyPage.getEditaccinfo(MyPage.java:22)
at pageObjects.MyPage.getEditaccinfo(MyPage.java:22)
at pageObjects.MyPage.getEditaccinfo(MyPage.java:22)
at pageObjects.MyPage.getEditaccinfo(MyPage.java:22)
at pageObjects.MyPage.getEditaccinfo(MyPage.java:22)
at pageObjects.MyPage.getEditaccinfo(MyPage.java:22)
at pageObjects.MyPage.getEditaccinfo(MyPage.java:22)
at pageObjects.MyPage.getEditaccinfo(MyPage.java:22)
at pageObjects.MyPage.getEditaccinfo(MyPage.java:22)
at pageObjects.MyPage.getEditaccinfo(MyPage.java:22)
at pageObjects.MyPage.getEditaccinfo(MyPage.java:22)
at pageObjects.MyPage.getEditaccinfo(MyPage.java:22)
at pageObjects.MyPage.getEditaccinfo(MyPage.java:22)
at pageObjects.MyPage.getEditaccinfo(MyPage.java:22)
at pageObjects.MyPage.getEditaccinfo(MyPage.java:22)
at pageObjects.MyPage.getEditaccinfo(MyPage.java:22)
at pageObjects.MyPage.getEditaccinfo(MyPage.java:22)
at pageObjects.MyPage.getEditaccinfo(MyPage.java:22)
at pageObjects.MyPage.getEditaccinfo(MyPage.java:22)
at pageObjects.MyPage.getEditaccinfo(MyPage.java:22)
at pageObjects.MyPage.getEditaccinfo(MyPage.java:22)
at pageObjects.MyPage.getEditaccinfo(MyPage.java:22)
at pageObjects.MyPage.getEditaccinfo(MyPage.java:22)
at pageObjects.MyPage.getEditaccinfo(MyPage.java:22)
at pageObjects.MyPage.getEditaccinfo(MyPage.java:22)
at pageObjects.MyPage.getEditaccinfo(MyPage.java:22)
at pageObjects.MyPage.getEditaccinfo(MyPage.java:22)
at pageObjects.MyPage.getEditaccinfo(MyPage.java:22)
at pageObjects.MyPage.getEditaccinfo(MyPage.java:22)
at pageObjects.MyPage.getEditaccinfo(MyPage.java:22)
at pageObjects.MyPage.getEditaccinfo(MyPage.java:22)
at pageObjects.MyPage.getEditaccinfo(MyPage.java:22)
at pageObjects.MyPage.getEditaccinfo(MyPage.java:22)
at pageObjects.MyPage.getEditaccinfo(MyPage.java:22)
at pageObjects.MyPage.getEditaccinfo(MyPage.java:22)
at pageObjects.MyPage.getEditaccinfo(MyPage.java:22)
at pageObjects.MyPage.getEditaccinfo(MyPage.java:22)
at pageObjects.MyPage.getEditaccinfo(MyPage.java:22)
at pageObjects.MyPage.getEditaccinfo(MyPage.java:22)
at pageObjects.MyPage.getEditaccinfo(MyPage.java:22)
at pageObjects.MyPage.getEditaccinfo(MyPage.java:22)
at pageObjects.MyPage.getEditaccinfo(MyPage.java:22)
at pageObjects.MyPage.getEditaccinfo(MyPage.java:22)
at pageObjects.MyPage.getEditaccinfo(MyPage.java:22)
at pageObjects.MyPage.getEditaccinfo(MyPage.java:22)
at pageObjects.MyPage.getEditaccinfo(MyPage.java:22)
at pageObjects.MyPage.getEditaccinfo(MyPage.java:22)
at pageObjects.MyPage.getEditaccinfo(MyPage.java:22)
at pageObjects.MyPage.getEditaccinfo(MyPage.java:22)
at pageObjects.MyPage.getEditaccinfo(MyPage.java:22)
at pageObjects.MyPage.getEditaccinfo(MyPage.java:22)
at pageObjects.MyPage.getEditaccinfo(MyPage.java:22)
at pageObjects.MyPage.getEditaccinfo(MyPage.java:22)
at pageObjects.MyPage.getEditaccinfo(MyPage.java:22)
at pageObjects.MyPage.getEditaccinfo(MyPage.java:22)
at pageObjects.MyPage.getEditaccinfo(MyPage.java:22)
at pageObjects.MyPage.getEditaccinfo(MyPage.java:22)
at pageObjects.MyPage.getEditaccinfo(MyPage.java:22)
at pageObjects.MyPage.getEditaccinfo(MyPage.java:22)
at pageObjects.MyPage.getEditaccinfo(MyPage.java:22)
at pageObjects.MyPage.getEditaccinfo(MyPage.java:22)
at pageObjects.MyPage.getEditaccinfo(MyPage.java:22)
at pageObjects.MyPage.getEditaccinfo(MyPage.java:22)
at pageObjects.MyPage.getEditaccinfo(MyPage.java:22)
at pageObjects.MyPage.getEditaccinfo(MyPage.java:22)
at pageObjects.MyPage.getEditaccinfo(MyPage.java:22)
at pageObjects.MyPage.getEditaccinfo(MyPage.java:22)
at pageObjects.MyPage.getEditaccinfo(MyPage.java:22)
at pageObjects.MyPage.getEditaccinfo(MyPage.java:22)
at pageObjects.MyPage.getEditaccinfo(MyPage.java:22)
at pageObjects.MyPage.getEditaccinfo(MyPage.java:22)
at pageObjects.MyPage.getEditaccinfo(MyPage.java:22)
at pageObjects.MyPage.getEditaccinfo(MyPage.java:22)
at pageObjects.MyPage.getEditaccinfo(MyPage.java:22)
at pageObjects.MyPage.getEditaccinfo(MyPage.java:22)
at pageObjects.MyPage.getEditaccinfo(MyPage.java:22)
at pageObjects.MyPage.getEditaccinfo(MyPage.java:22)
at pageObjects.MyPage.getEditaccinfo(MyPage.java:22)
at pageObjects.MyPage.getEditaccinfo(MyPage.java:22)
at pageObjects.MyPage.getEditaccinfo(MyPage.java:22)
at pageObjects.MyPage.getEditaccinfo(MyPage.java:22)
at pageObjects.MyPage.getEditaccinfo(MyPage.java:22)
at pageObjects.MyPage.getEditaccinfo(MyPage.java:22)
at pageObjects.MyPage.getEditaccinfo(MyPage.java:22)
at pageObjects.MyPage.getEditaccinfo(MyPage.java:22)
at pageObjects.MyPage.getEditaccinfo(MyPage.java:22)
at pageObjects.MyPage.getEditaccinfo(MyPage.java:22)
at pageObjects.MyPage.getEditaccinfo(MyPage.java:22)
at pageObjects.MyPage.getEditaccinfo(MyPage.java:22)
at pageObjects.MyPage.getEditaccinfo(MyPage.java:22)
at pageObjects.MyPage.getEditaccinfo(MyPage.java:22)
at pageObjects.MyPage.getEditaccinfo(MyPage.java:22)
at pageObjects.MyPage.getEditaccinfo(MyPage.java:22)
at pageObjects.MyPage.getEditaccinfo(MyPage.java:22)
at pageObjects.MyPage.getEditaccinfo(MyPage.java:22)
at pageObjects.MyPage.getEditaccinfo(MyPage.java:22)
at pageObjects.MyPage.getEditaccinfo(MyPage.java:22)
at pageObjects.MyPage.getEditaccinfo(MyPage.java:22)
at pageObjects.MyPage.getEditaccinfo(MyPage.java:22)
at pageObjects.MyPage.getEditaccinfo(MyPage.java:22)
at pageObjects.MyPage.getEditaccinfo(MyPage.java:22)
at pageObjects.MyPage.getEditaccinfo(MyPage.java:22)
at pageObjects.MyPage.getEditaccinfo(MyPage.java:22)
at pageObjects.MyPage.getEditaccinfo(MyPage.java:22)
at pageObjects.MyPage.getEditaccinfo(MyPage.java:22)
at pageObjects.MyPage.getEditaccinfo(MyPage.java:22)
at pageObjects.MyPage.getEditaccinfo(MyPage.java:22)
at pageObjects.MyPage.getEditaccinfo(MyPage.java:22)
at pageObjects.MyPage.getEditaccinfo(MyPage.java:22)
at pageObjects.MyPage.getEditaccinfo(MyPage.java:22)
at pageObjects.MyPage.getEditaccinfo(MyPage.java:22)
at pageObjects.MyPage.getEditaccinfo(MyPage.java:22)
at pageObjects.MyPage.getEditaccinfo(MyPage.java:22)
at pageObjects.MyPage.getEditaccinfo(MyPage.java:22)
at pageObjects.MyPage.getEditaccinfo(MyPage.java:22)
at pageObjects.MyPage.getEditaccinfo(MyPage.java:22)
at pageObjects.MyPage.getEditaccinfo(MyPage.java:22)
at pageObjects.MyPage.getEditaccinfo(MyPage.java:22)
at pageObjects.MyPage.getEditaccinfo(MyPage.java:22)
at pageObjects.MyPage.getEditaccinfo(MyPage.java:22)
at pageObjects.MyPage.getEditaccinfo(MyPage.java:22)
at pageObjects.MyPage.getEditaccinfo(MyPage.java:22)
at pageObjects.MyPage.getEditaccinfo(MyPage.java:22)
at pageObjects.MyPage.getEditaccinfo(MyPage.java:22)
at pageObjects.MyPage.getEditaccinfo(MyPage.java:22)
at pageObjects.MyPage.getEditaccinfo(MyPage.java:22)
at pageObjects.MyPage.getEditaccinfo(MyPage.java:22)
[...]
at pageObjects.MyPage.getEditaccinfo(MyPage.java:22)
at pageObjects.MyPage.getEditaccinfo(MyPage.java:22)
at pageObjects.MyPage.getEditaccinfo(MyPage.java:22)
at pageObjects.MyPage.getEditaccinfo(MyPage.java:22)
at pageObjects.MyPage.getEditaccinfo(MyPage.java:22)
at pageObjects.MyPage.getEditaccinfo(MyPage.java:22)
at pageObjects.MyPage.getEditaccinfo(MyPage.java:22)
at pageObjects.MyPage.getEditaccinfo(MyPage.java:22)
at pageObjects.MyPage.getEditaccinfo(MyPage.java:22)
at pageObjects.MyPage.getEditaccinfo(MyPage.java:22)
at pageObjects.MyPage.getEditaccinfo(MyPage.java:22)
at pageObjects.MyPage.getEditaccinfo(MyPage.java:22)
at pageObjects.MyPage.getEditaccinfo(MyPage.java:22)
at pageObjects.MyPage.getEditaccinfo(MyPage.java:22)
at pageObjects.MyPage.getEditaccinfo(MyPage.java:22)
at pageObjects.MyPage.getEditaccinfo(MyPage.java:22)
at pageObjects.MyPage.getEditaccinfo(MyPage.java:22)
at pageObjects.MyPage.getEditaccinfo(MyPage.java:22)
at pageObjects.MyPage.getEditaccinfo(MyPage.java:22)
at pageObjects.MyPage.getEditaccinfo(MyPage.java:22)
at pageObjects.MyPage.getEditaccinfo(MyPage.java:22)
at pageObjects.MyPage.getEditaccinfo(MyPage.java:22)
at pageObjects.MyPage.getEditaccinfo(MyPage.java:22)
at pageObjects.MyPage.getEditaccinfo(MyPage.java:22)
at pageObjects.MyPage.getEditaccinfo(MyPage.java:22)
at pageObjects.MyPage.getEditaccinfo(MyPage.java:22)
at pageObjects.MyPage.getEditaccinfo(MyPage.java:22)
at pageObjects.MyPage.getEditaccinfo(MyPage.java:22)
at pageObjects.MyPage.getEditaccinfo(MyPage.java:22)
at pageObjects.MyPage.getEditaccinfo(MyPage.java:22)
at pageObjects.MyPage.getEditaccinfo(MyPage.java:22)
at pageObjects.MyPage.getEditaccinfo(MyPage.java:22)
at pageObjects.MyPage.getEditaccinfo(MyPage.java:22)
at pageObjects.MyPage.getEditaccinfo(MyPage.java:22)
at pageObjects.MyPage.getEditaccinfo(MyPage.java:22)
at pageObjects.MyPage.getEditaccinfo(MyPage.java:22)
at pageObjects.MyPage.getEditaccinfo(MyPage.java:22)
at pageObjects.MyPage.getEditaccinfo(MyPage.java:22)
at pageObjects.MyPage.getEditaccinfo(MyPage.java:22)
at pageObjects.MyPage.getEditaccinfo(MyPage.java:22)
at pageObjects.MyPage.getEditaccinfo(MyPage.java:22)
at pageObjects.MyPage.getEditaccinfo(MyPage.java:22)
at pageObjects.MyPage.getEditaccinfo(MyPage.java:22)
at pageObjects.MyPage.getEditaccinfo(MyPage.java:22)
at pageObjects.MyPage.getEditaccinfo(MyPage.java:22)
at pageObjects.MyPage.getEditaccinfo(MyPage.java:22)
at pageObjects.MyPage.getEditaccinfo(MyPage.java:22)
at pageObjects.MyPage.getEditaccinfo(MyPage.java:22)
at pageObjects.MyPage.getEditaccinfo(MyPage.java:22)
at pageObjects.MyPage.getEditaccinfo(MyPage.java:22)
at pageObjects.MyPage.getEditaccinfo(MyPage.java:22)
at pageObjects.MyPage.getEditaccinfo(MyPage.java:22)
at pageObjects.MyPage.getEditaccinfo(MyPage.java:22)
at pageObjects.MyPage.getEditaccinfo(MyPage.java:22)
at pageObjects.MyPage.getEditaccinfo(MyPage.java:22)
at pageObjects.MyPage.getEditaccinfo(MyPage.java:22)
at pageObjects.MyPage.getEditaccinfo(MyPage.java:22)
at pageObjects.MyPage.getEditaccinfo(MyPage.java:22)
at pageObjects.MyPage.getEditaccinfo(MyPage.java:22)
at pageObjects.MyPage.getEditaccinfo(MyPage.java:22)
at pageObjects.MyPage.getEditaccinfo(MyPage.java:22)
at pageObjects.MyPage.getEditaccinfo(MyPage.java:22)
at pageObjects.MyPage.getEditaccinfo(MyPage.java:22)
at pageObjects.MyPage.getEditaccinfo(MyPage.java:22)
at pageObjects.MyPage.getEditaccinfo(MyPage.java:22)
at pageObjects.MyPage.getEditaccinfo(MyPage.java:22)
at pageObjects.MyPage.getEditaccinfo(MyPage.java:22)
at pageObjects.MyPage.getEditaccinfo(MyPage.java:22)
at pageObjects.MyPage.getEditaccinfo(MyPage.java:22)
at pageObjects.MyPage.getEditaccinfo(MyPage.java:22)
at pageObjects.MyPage.getEditaccinfo(MyPage.java:22)
at pageObjects.MyPage.getEditaccinfo(MyPage.java:22)
at pageObjects.MyPage.getEditaccinfo(MyPage.java:22)
at pageObjects.MyPage.getEditaccinfo(MyPage.java:22)
at pageObjects.MyPage.getEditaccinfo(MyPage.java:22)
at pageObjects.MyPage.getEditaccinfo(MyPage.java:22)
at pageObjects.MyPage.getEditaccinfo(MyPage.java:22)
at pageObjects.MyPage.getEditaccinfo(MyPage.java:22)
at pageObjects.MyPage.getEditaccinfo(MyPage.java:22)
at pageObjects.MyPage.getEditaccinfo(MyPage.java:22)
at pageObjects.MyPage.getEditaccinfo(MyPage.java:22)
at pageObjects.MyPage.getEditaccinfo(MyPage.java:22)
at pageObjects.MyPage.getEditaccinfo(MyPage.java:22)
at pageObjects.MyPage.getEditaccinfo(MyPage.java:22)
at pageObjects.MyPage.getEditaccinfo(MyPage.java:22)
at pageObjects.MyPage.getEditaccinfo(MyPage.java:22)
at pageObjects.MyPage.getEditaccinfo(MyPage.java:22)
at pageObjects.MyPage.getEditaccinfo(MyPage.java:22)
at pageObjects.MyPage.getEditaccinfo(MyPage.java:22)
at pageObjects.MyPage.getEditaccinfo(MyPage.java:22)
at pageObjects.MyPage.getEditaccinfo(MyPage.java:22)
at pageObjects.MyPage.getEditaccinfo(MyPage.java:22)
at pageObjects.MyPage.getEditaccinfo(MyPage.java:22)
at pageObjects.MyPage.getEditaccinfo(MyPage.java:22)
at pageObjects.MyPage.getEditaccinfo(MyPage.java:22)
at pageObjects.MyPage.getEditaccinfo(MyPage.java:22)
at pageObjects.MyPage.getEditaccinfo(MyPage.java:22)
at pageObjects.MyPage.getEditaccinfo(MyPage.java:22)
at pageObjects.MyPage.getEditaccinfo(MyPage.java:22)
at pageObjects.MyPage.getEditaccinfo(MyPage.java:22)
at pageObjects.MyPage.getEditaccinfo(MyPage.java:22)
at pageObjects.MyPage.getEditaccinfo(MyPage.java:22)
at pageObjects.MyPage.getEditaccinfo(MyPage.java:22)
at pageObjects.MyPage.getEditaccinfo(MyPage.java:22)
at pageObjects.MyPage.getEditaccinfo(MyPage.java:22)
at pageObjects.MyPage.getEditaccinfo(MyPage.java:22)
at pageObjects.MyPage.getEditaccinfo(MyPage.java:22)
at pageObjects.MyPage.getEditaccinfo(MyPage.java:22)
at pageObjects.MyPage.getEditaccinfo(MyPage.java:22)
at pageObjects.MyPage.getEditaccinfo(MyPage.java:22)
at pageObjects.MyPage.getEditaccinfo(MyPage.java:22)
at pageObjects.MyPage.getEditaccinfo(MyPage.java:22)
at pageObjects.MyPage.getEditaccinfo(MyPage.java:22)
at pageObjects.MyPage.getEditaccinfo(MyPage.java:22)
at pageObjects.MyPage.getEditaccinfo(MyPage.java:22)
at pageObjects.MyPage.getEditaccinfo(MyPage.java:22)
at pageObjects.MyPage.getEditaccinfo(MyPage.java:22)
at pageObjects.MyPage.getEditaccinfo(MyPage.java:22)
at pageObjects.MyPage.getEditaccinfo(MyPage.java:22)
at pageObjects.MyPage.getEditaccinfo(MyPage.java:22)
at pageObjects.MyPage.getEditaccinfo(MyPage.java:22)
at pageObjects.MyPage.getEditaccinfo(MyPage.java:22)
at pageObjects.MyPage.getEditaccinfo(MyPage.java:22)
at pageObjects.MyPage.getEditaccinfo(MyPage.java:22)
at pageObjects.MyPage.getEditaccinfo(MyPage.java:22)
at pageObjects.MyPage.getEditaccinfo(MyPage.java:22)
at pageObjects.MyPage.getEditaccinfo(MyPage.java:22)
at pageObjects.MyPage.getEditaccinfo(MyPage.java:22)
at pageObjects.MyPage.getEditaccinfo(MyPage.java:22)
at pageObjects.MyPage.getEditaccinfo(MyPage.java:22)
at pageObjects.MyPage.getEditaccinfo(MyPage.java:22)
at pageObjects.MyPage.getEditaccinfo(MyPage.java:22)
at pageObjects.MyPage.getEditaccinfo(MyPage.java:22)
at pageObjects.MyPage.getEditaccinfo(MyPage.java:22)
at pageObjects.MyPage.getEditaccinfo(MyPage.java:22)
at pageObjects.MyPage.getEditaccinfo(MyPage.java:22)
at pageObjects.MyPage.getEditaccinfo(MyPage.java:22)
at pageObjects.MyPage.getEditaccinfo(MyPage.java:22)
at pageObjects.MyPage.getEditaccinfo(MyPage.java:22)
at pageObjects.MyPage.getEditaccinfo(MyPage.java:22)
at pageObjects.MyPage.getEditaccinfo(MyPage.java:22)
at pageObjects.MyPage.getEditaccinfo(MyPage.java:22)
at pageObjects.MyPage.getEditaccinfo(MyPage.java:22)
at pageObjects.MyPage.getEditaccinfo(MyPage.java:22)
at pageObjects.MyPage.getEditaccinfo(MyPage.java:22)
at pageObjects.MyPage.getEditaccinfo(MyPage.java:22)
at pageObjects.MyPage.getEditaccinfo(MyPage.java:22)
at pageObjects.MyPage.getEditaccinfo(MyPage.java:22)
at pageObjects.MyPage.getEditaccinfo(MyPage.java:22)
at pageObjects.MyPage.getEditaccinfo(MyPage.java:22)
at pageObjects.MyPage.getEditaccinfo(MyPage.java:22)
at pageObjects.MyPage.getEditaccinfo(MyPage.java:22)
at pageObjects.MyPage.getEditaccinfo(MyPage.java:22)
at pageObjects.MyPage.getEditaccinfo(MyPage.java:22)
at pageObjects.MyPage.getEditaccinfo(MyPage.java:22)
at pageObjects.MyPage.getEditaccinfo(MyPage.java:22)
at pageObjects.MyPage.getEditaccinfo(MyPage.java:22)
at pageObjects.MyPage.getEditaccinfo(MyPage.java:22)
at pageObjects.MyPage.getEditaccinfo(MyPage.java:22)
at pageObjects.MyPage.getEditaccinfo(MyPage.java:22)
at pageObjects.MyPage.getEditaccinfo(MyPage.java:22)
at pageObjects.MyPage.getEditaccinfo(MyPage.java:22)
at pageObjects.MyPage.getEditaccinfo(MyPage.java:22)
at pageObjects.MyPage.getEditaccinfo(MyPage.java:22)
]]>
    </failure>
  </testcase> <!-- login -->
  <testcase classname="Tests.TC_RegistrationTest_003" name="Registration" time="10.59"/>
  <testcase classname="Tests.TC_RegistrationTest_003" name="NotConfirmUsernameField" time="15.386"/>
  <testcase classname="Tests.TC_RegistrationTest_003" name="IncorrectConfirmUsernameField" time="17.331">
    <failure type="java.lang.AssertionError" message="expected [Registration Successful] but found [Registration Successful ]">
      <![CDATA[java.lang.AssertionError: expected [Registration Successful] but found [Registration Successful ]
at Tests.TC_RegistrationTest_003.IncorrectConfirmUsernameField(TC_RegistrationTest_003.java:127)
at java.base/java.util.ArrayList.forEach(ArrayList.java:1541)
... Removed 33 stack frames]]>
    </failure>
  </testcase> <!-- IncorrectConfirmUsernameField -->
  <testcase classname="Tests.TC_RegistrationTest_003" name="WithoutSelectingCheckBoxRegistration" time="15.177">
    <failure type="java.lang.AssertionError" message="expected [Registration Successful] but found [Registration Successful ]">
      <![CDATA[java.lang.AssertionError: expected [Registration Successful] but found [Registration Successful ]
at Tests.TC_RegistrationTest_003.WithoutSelectingCheckBoxRegistration(TC_RegistrationTest_003.java:160)
at java.base/java.util.ArrayList.forEach(ArrayList.java:1541)
... Removed 33 stack frames]]>
    </failure>
  </testcase> <!-- WithoutSelectingCheckBoxRegistration -->
  <testcase classname="Tests.TC_RegistrationTest_003" name="WithoutDataRegistration" time="19.376">
    <failure type="org.openqa.selenium.NoSuchElementException" message="no such element: Unable to locate element: {&amp;quot;method&amp;quot;:&amp;quot;xpath&amp;quot;,&amp;quot;selector&amp;quot;:&amp;quot;//span[contains(@class,&amp;apos;register_modalText&amp;apos;)]&amp;quot;}
  (Session info: chrome=105.0.5195.127)
For documentation on this error, please visit: https://selenium.dev/exceptions/#no_such_element
Build info: version: &amp;apos;4.4.0&amp;apos;, revision: &amp;apos;e5c75ed026a&amp;apos;
System info: host: &amp;apos;HP1&amp;apos;, ip: &amp;apos;192.168.0.119&amp;apos;, os.name: &amp;apos;Windows 8.1&amp;apos;, os.arch: &amp;apos;amd64&amp;apos;, os.version: &amp;apos;6.3&amp;apos;, java.version: &amp;apos;11.0.15&amp;apos;
Driver info: org.openqa.selenium.chrome.ChromeDriver
Command: [22533b6f96c5e741a56b635f68ae47fb, findElement {using=xpath, value=//span[contains(@class,&amp;apos;register_modalText&amp;apos;)]}]
Capabilities {acceptInsecureCerts: false, browserName: chrome, browserVersion: 105.0.5195.127, chrome: {chromedriverVersion: 105.0.5195.52 (412c95e51883..., userDataDir: C:\Users\hp\AppData\Local\T...}, goog:chromeOptions: {debuggerAddress: localhost:64676}, networkConnectionEnabled: false, pageLoadStrategy: normal, platformName: WINDOWS, proxy: Proxy(), se:cdp: ws://localhost:64676/devtoo..., se:cdpVersion: 105.0.5195.127, setWindowRect: true, strictFileInteractability: false, timeouts: {implicit: 0, pageLoad: 300000, script: 30000}, unhandledPromptBehavior: dismiss and notify, webauthn:extension:credBlob: true, webauthn:extension:largeBlob: true, webauthn:virtualAuthenticators: true}
Session ID: 22533b6f96c5e741a56b635f68ae47fb">
      <![CDATA[org.openqa.selenium.NoSuchElementException: no such element: Unable to locate element: {"method":"xpath","selector":"//span[contains(@class,'register_modalText')]"}
  (Session info: chrome=105.0.5195.127)
For documentation on this error, please visit: https://selenium.dev/exceptions/#no_such_element
Build info: version: '4.4.0', revision: 'e5c75ed026a'
System info: host: 'HP1', ip: '192.168.0.119', os.name: 'Windows 8.1', os.arch: 'amd64', os.version: '6.3', java.version: '11.0.15'
Driver info: org.openqa.selenium.chrome.ChromeDriver
Command: [22533b6f96c5e741a56b635f68ae47fb, findElement {using=xpath, value=//span[contains(@class,'register_modalText')]}]
Capabilities {acceptInsecureCerts: false, browserName: chrome, browserVersion: 105.0.5195.127, chrome: {chromedriverVersion: 105.0.5195.52 (412c95e51883..., userDataDir: C:\Users\hp\AppData\Local\T...}, goog:chromeOptions: {debuggerAddress: localhost:64676}, networkConnectionEnabled: false, pageLoadStrategy: normal, platformName: WINDOWS, proxy: Proxy(), se:cdp: ws://localhost:64676/devtoo..., se:cdpVersion: 105.0.5195.127, setWindowRect: true, strictFileInteractability: false, timeouts: {implicit: 0, pageLoad: 300000, script: 30000}, unhandledPromptBehavior: dismiss and notify, webauthn:extension:credBlob: true, webauthn:extension:largeBlob: true, webauthn:virtualAuthenticators: true}
Session ID: 22533b6f96c5e741a56b635f68ae47fb
at org.openqa.selenium.remote.codec.w3c.W3CHttpResponseCodec.createException(W3CHttpResponseCodec.java:200)
at org.openqa.selenium.remote.codec.w3c.W3CHttpResponseCodec.decode(W3CHttpResponseCodec.java:133)
at org.openqa.selenium.remote.codec.w3c.W3CHttpResponseCodec.decode(W3CHttpResponseCodec.java:53)
at org.openqa.selenium.remote.HttpCommandExecutor.execute(HttpCommandExecutor.java:184)
at org.openqa.selenium.remote.service.DriverCommandExecutor.invokeExecute(DriverCommandExecutor.java:167)
at org.openqa.selenium.remote.service.DriverCommandExecutor.execute(DriverCommandExecutor.java:142)
at org.openqa.selenium.remote.RemoteWebDriver.execute(RemoteWebDriver.java:547)
at org.openqa.selenium.remote.ElementLocation$ElementFinder$2.findElement(ElementLocation.java:162)
at org.openqa.selenium.remote.ElementLocation.findElement(ElementLocation.java:60)
at org.openqa.selenium.remote.RemoteWebDriver.findElement(RemoteWebDriver.java:365)
at org.openqa.selenium.remote.RemoteWebDriver.findElement(RemoteWebDriver.java:357)
at Tests.TC_RegistrationTest_003.WithoutDataRegistration(TC_RegistrationTest_003.java:191)
at java.base/java.util.ArrayList.forEach(ArrayList.java:1541)
... Removed 31 stack frames]]>
    </failure>
  </testcase> <!-- WithoutDataRegistration -->
  <testcase classname="Tests.TC_RegistrationTest_003" name="RegistrationwithImUser" time="9.161">
    <failure type="org.openqa.selenium.ElementClickInterceptedException" message="element click intercepted: Element &amp;lt;a href=&amp;quot;/login&amp;quot; style=&amp;quot;text-decoration: none; color: rgb(255, 255, 255);&amp;quot;&amp;gt;...&amp;lt;/a&amp;gt; is not clickable at point (762, 611). Other element would receive the click: &amp;lt;div class=&amp;quot;CookieConsent&amp;quot; style=&amp;quot;align-items: baseline; background: rgb(43, 55, 59); color: white; display: flex; flex-wrap: wrap; justify-content: space-between; left: 0px; position: fixed; width: 100%; z-index: 999; bottom: 0px;&amp;quot;&amp;gt;...&amp;lt;/div&amp;gt;
  (Session info: chrome=105.0.5195.127)
Build info: version: &amp;apos;4.4.0&amp;apos;, revision: &amp;apos;e5c75ed026a&amp;apos;
System info: host: &amp;apos;HP1&amp;apos;, ip: &amp;apos;192.168.0.119&amp;apos;, os.name: &amp;apos;Windows 8.1&amp;apos;, os.arch: &amp;apos;amd64&amp;apos;, os.version: &amp;apos;6.3&amp;apos;, java.version: &amp;apos;11.0.15&amp;apos;
Driver info: org.openqa.selenium.chrome.ChromeDriver
Command: [68022dd43d31fcb144d11b9e0680042d, clickElement {id=02b1ddc0-8ce1-40f9-a89a-4b8d781826aa}]
Capabilities {acceptInsecureCerts: false, browserName: chrome, browserVersion: 105.0.5195.127, chrome: {chromedriverVersion: 105.0.5195.52 (412c95e51883..., userDataDir: C:\Users\hp\AppData\Local\T...}, goog:chromeOptions: {debuggerAddress: localhost:64700}, networkConnectionEnabled: false, pageLoadStrategy: normal, platformName: WINDOWS, proxy: Proxy(), se:cdp: ws://localhost:64700/devtoo..., se:cdpVersion: 105.0.5195.127, setWindowRect: true, strictFileInteractability: false, timeouts: {implicit: 0, pageLoad: 300000, script: 30000}, unhandledPromptBehavior: dismiss and notify, webauthn:extension:credBlob: true, webauthn:extension:largeBlob: true, webauthn:virtualAuthenticators: true}
Element: [[ChromeDriver: chrome on WINDOWS (68022dd43d31fcb144d11b9e0680042d)] -&amp;gt; xpath: //*[@id=&amp;quot;root&amp;quot;]/div/div/form/div/div[2]/div[9]/div/a]
Session ID: 68022dd43d31fcb144d11b9e0680042d">
      <![CDATA[org.openqa.selenium.ElementClickInterceptedException: element click intercepted: Element <a href="/login" style="text-decoration: none; color: rgb(255, 255, 255);">...</a> is not clickable at point (762, 611). Other element would receive the click: <div class="CookieConsent" style="align-items: baseline; background: rgb(43, 55, 59); color: white; display: flex; flex-wrap: wrap; justify-content: space-between; left: 0px; position: fixed; width: 100%; z-index: 999; bottom: 0px;">...</div>
  (Session info: chrome=105.0.5195.127)
Build info: version: '4.4.0', revision: 'e5c75ed026a'
System info: host: 'HP1', ip: '192.168.0.119', os.name: 'Windows 8.1', os.arch: 'amd64', os.version: '6.3', java.version: '11.0.15'
Driver info: org.openqa.selenium.chrome.ChromeDriver
Command: [68022dd43d31fcb144d11b9e0680042d, clickElement {id=02b1ddc0-8ce1-40f9-a89a-4b8d781826aa}]
Capabilities {acceptInsecureCerts: false, browserName: chrome, browserVersion: 105.0.5195.127, chrome: {chromedriverVersion: 105.0.5195.52 (412c95e51883..., userDataDir: C:\Users\hp\AppData\Local\T...}, goog:chromeOptions: {debuggerAddress: localhost:64700}, networkConnectionEnabled: false, pageLoadStrategy: normal, platformName: WINDOWS, proxy: Proxy(), se:cdp: ws://localhost:64700/devtoo..., se:cdpVersion: 105.0.5195.127, setWindowRect: true, strictFileInteractability: false, timeouts: {implicit: 0, pageLoad: 300000, script: 30000}, unhandledPromptBehavior: dismiss and notify, webauthn:extension:credBlob: true, webauthn:extension:largeBlob: true, webauthn:virtualAuthenticators: true}
Element: [[ChromeDriver: chrome on WINDOWS (68022dd43d31fcb144d11b9e0680042d)] -> xpath: //*[@id="root"]/div/div/form/div/div[2]/div[9]/div/a]
Session ID: 68022dd43d31fcb144d11b9e0680042d
at org.openqa.selenium.remote.codec.w3c.W3CHttpResponseCodec.createException(W3CHttpResponseCodec.java:200)
at org.openqa.selenium.remote.codec.w3c.W3CHttpResponseCodec.decode(W3CHttpResponseCodec.java:133)
at org.openqa.selenium.remote.codec.w3c.W3CHttpResponseCodec.decode(W3CHttpResponseCodec.java:53)
at org.openqa.selenium.remote.HttpCommandExecutor.execute(HttpCommandExecutor.java:184)
at org.openqa.selenium.remote.service.DriverCommandExecutor.invokeExecute(DriverCommandExecutor.java:167)
at org.openqa.selenium.remote.service.DriverCommandExecutor.execute(DriverCommandExecutor.java:142)
at org.openqa.selenium.remote.RemoteWebDriver.execute(RemoteWebDriver.java:547)
at org.openqa.selenium.remote.RemoteWebElement.execute(RemoteWebElement.java:257)
at org.openqa.selenium.remote.RemoteWebElement.click(RemoteWebElement.java:78)
at org.openqa.selenium.support.pagefactory.internal.LocatingElementHandler.invoke(LocatingElementHandler.java:52)
at com.sun.proxy.$Proxy32.click(Unknown Source)
at Tests.TC_RegistrationTest_003.RegistrationwithImUser(TC_RegistrationTest_003.java:228)
at java.base/java.util.ArrayList.forEach(ArrayList.java:1541)
... Removed 35 stack frames]]>
    </failure>
  </testcase> <!-- RegistrationwithImUser -->
  <testcase classname="Tests.TC_RegistrationTest_003" name="RegistrationwithClickHelp" time="8.393"/>
</testsuite> <!-- Testing.xml -->
