<?xml version="1.0" encoding="UTF-8"?>
<!-- Generated by org.testng.reporters.JUnitReportReporter -->
<testsuite hostname="hp1" failures="0" tests="2" name="Tests.TC_LoginTest_001" time="44.906" errors="2" timestamp="2022-09-23T15:44:34 IST" skipped="0">
  <testcase classname="Tests.TC_LoginTest_001" name="login" time="26.565">
    <error type="java.lang.StackOverflowError">
      <![CDATA[java.lang.StackOverflowError
at pageObjects.MyPage.getEditaccinfo(MyPage.java:22)
at pageObjects.MyPage.getEditaccinfo(MyPage.java:22)
at pageObjects.MyPage.getEditaccinfo(MyPage.java:22)
at pageObjects.MyPage.getEditaccinfo(MyPage.java:22)
at pageObjects.MyPage.getEditaccinfo(MyPage.java:22)
at pageObjects.MyPage.getEditaccinfo(MyPage.java:22)
at pageObjects.MyPage.getEditaccinfo(MyPage.java:22)
at pageObjects.MyPage.getEditaccinfo(MyPage.java:22)
at pageObjects.MyPage.getEditaccinfo(MyPage.java:22)
at pageObjects.MyPage.getEditaccinfo(MyPage.java:22)
at pageObjects.MyPage.getEditaccinfo(MyPage.java:22)
at pageObjects.MyPage.getEditaccinfo(MyPage.java:22)
at pageObjects.MyPage.getEditaccinfo(MyPage.java:22)
at pageObjects.MyPage.getEditaccinfo(MyPage.java:22)
at pageObjects.MyPage.getEditaccinfo(MyPage.java:22)
at pageObjects.MyPage.getEditaccinfo(MyPage.java:22)
at pageObjects.MyPage.getEditaccinfo(MyPage.java:22)
at pageObjects.MyPage.getEditaccinfo(MyPage.java:22)
at pageObjects.MyPage.getEditaccinfo(MyPage.java:22)
at pageObjects.MyPage.getEditaccinfo(MyPage.java:22)
at pageObjects.MyPage.getEditaccinfo(MyPage.java:22)
at pageObjects.MyPage.getEditaccinfo(MyPage.java:22)
at pageObjects.MyPage.getEditaccinfo(MyPage.java:22)
at pageObjects.MyPage.getEditaccinfo(MyPage.java:22)
at pageObjects.MyPage.getEditaccinfo(MyPage.java:22)
at pageObjects.MyPage.getEditaccinfo(MyPage.java:22)
at pageObjects.MyPage.getEditaccinfo(MyPage.java:22)
at pageObjects.MyPage.getEditaccinfo(MyPage.java:22)
at pageObjects.MyPage.getEditaccinfo(MyPage.java:22)
at pageObjects.MyPage.getEditaccinfo(MyPage.java:22)
at pageObjects.MyPage.getEditaccinfo(MyPage.java:22)
at pageObjects.MyPage.getEditaccinfo(MyPage.java:22)
at pageObjects.MyPage.getEditaccinfo(MyPage.java:22)
at pageObjects.MyPage.getEditaccinfo(MyPage.java:22)
at pageObjects.MyPage.getEditaccinfo(MyPage.java:22)
at pageObjects.MyPage.getEditaccinfo(MyPage.java:22)
at pageObjects.MyPage.getEditaccinfo(MyPage.java:22)
at pageObjects.MyPage.getEditaccinfo(MyPage.java:22)
at pageObjects.MyPage.getEditaccinfo(MyPage.java:22)
at pageObjects.MyPage.getEditaccinfo(MyPage.java:22)
at pageObjects.MyPage.getEditaccinfo(MyPage.java:22)
at pageObjects.MyPage.getEditaccinfo(MyPage.java:22)
at pageObjects.MyPage.getEditaccinfo(MyPage.java:22)
at pageObjects.MyPage.getEditaccinfo(MyPage.java:22)
at pageObjects.MyPage.getEditaccinfo(MyPage.java:22)
at pageObjects.MyPage.getEditaccinfo(MyPage.java:22)
at pageObjects.MyPage.getEditaccinfo(MyPage.java:22)
at pageObjects.MyPage.getEditaccinfo(MyPage.java:22)
at pageObjects.MyPage.getEditaccinfo(MyPage.java:22)
at pageObjects.MyPage.getEditaccinfo(MyPage.java:22)
at pageObjects.MyPage.getEditaccinfo(MyPage.java:22)
at pageObjects.MyPage.getEditaccinfo(MyPage.java:22)
at pageObjects.MyPage.getEditaccinfo(MyPage.java:22)
at pageObjects.MyPage.getEditaccinfo(MyPage.java:22)
at pageObjects.MyPage.getEditaccinfo(MyPage.java:22)
at pageObjects.MyPage.getEditaccinfo(MyPage.java:22)
at pageObjects.MyPage.getEditaccinfo(MyPage.java:22)
at pageObjects.MyPage.getEditaccinfo(MyPage.java:22)
at pageObjects.MyPage.getEditaccinfo(MyPage.java:22)
at pageObjects.MyPage.getEditaccinfo(MyPage.java:22)
at pageObjects.MyPage.getEditaccinfo(MyPage.java:22)
at pageObjects.MyPage.getEditaccinfo(MyPage.java:22)
at pageObjects.MyPage.getEditaccinfo(MyPage.java:22)
at pageObjects.MyPage.getEditaccinfo(MyPage.java:22)
at pageObjects.MyPage.getEditaccinfo(MyPage.java:22)
at pageObjects.MyPage.getEditaccinfo(MyPage.java:22)
at pageObjects.MyPage.getEditaccinfo(MyPage.java:22)
at pageObjects.MyPage.getEditaccinfo(MyPage.java:22)
at pageObjects.MyPage.getEditaccinfo(MyPage.java:22)
at pageObjects.MyPage.getEditaccinfo(MyPage.java:22)
at pageObjects.MyPage.getEditaccinfo(MyPage.java:22)
at pageObjects.MyPage.getEditaccinfo(MyPage.java:22)
at pageObjects.MyPage.getEditaccinfo(MyPage.java:22)
at pageObjects.MyPage.getEditaccinfo(MyPage.java:22)
at pageObjects.MyPage.getEditaccinfo(MyPage.java:22)
at pageObjects.MyPage.getEditaccinfo(MyPage.java:22)
at pageObjects.MyPage.getEditaccinfo(MyPage.java:22)
at pageObjects.MyPage.getEditaccinfo(MyPage.java:22)
at pageObjects.MyPage.getEditaccinfo(MyPage.java:22)
at pageObjects.MyPage.getEditaccinfo(MyPage.java:22)
at pageObjects.MyPage.getEditaccinfo(MyPage.java:22)
at pageObjects.MyPage.getEditaccinfo(MyPage.java:22)
at pageObjects.MyPage.getEditaccinfo(MyPage.java:22)
at pageObjects.MyPage.getEditaccinfo(MyPage.java:22)
at pageObjects.MyPage.getEditaccinfo(MyPage.java:22)
at pageObjects.MyPage.getEditaccinfo(MyPage.java:22)
at pageObjects.MyPage.getEditaccinfo(MyPage.java:22)
at pageObjects.MyPage.getEditaccinfo(MyPage.java:22)
at pageObjects.MyPage.getEditaccinfo(MyPage.java:22)
at pageObjects.MyPage.getEditaccinfo(MyPage.java:22)
at pageObjects.MyPage.getEditaccinfo(MyPage.java:22)
at pageObjects.MyPage.getEditaccinfo(MyPage.java:22)
at pageObjects.MyPage.getEditaccinfo(MyPage.java:22)
at pageObjects.MyPage.getEditaccinfo(MyPage.java:22)
at pageObjects.MyPage.getEditaccinfo(MyPage.java:22)
at pageObjects.MyPage.getEditaccinfo(MyPage.java:22)
at pageObjects.MyPage.getEditaccinfo(MyPage.java:22)
at pageObjects.MyPage.getEditaccinfo(MyPage.java:22)
at pageObjects.MyPage.getEditaccinfo(MyPage.java:22)
at pageObjects.MyPage.getEditaccinfo(MyPage.java:22)
at pageObjects.MyPage.getEditaccinfo(MyPage.java:22)
at pageObjects.MyPage.getEditaccinfo(MyPage.java:22)
at pageObjects.MyPage.getEditaccinfo(MyPage.java:22)
at pageObjects.MyPage.getEditaccinfo(MyPage.java:22)
at pageObjects.MyPage.getEditaccinfo(MyPage.java:22)
at pageObjects.MyPage.getEditaccinfo(MyPage.java:22)
at pageObjects.MyPage.getEditaccinfo(MyPage.java:22)
at pageObjects.MyPage.getEditaccinfo(MyPage.java:22)
at pageObjects.MyPage.getEditaccinfo(MyPage.java:22)
at pageObjects.MyPage.getEditaccinfo(MyPage.java:22)
at pageObjects.MyPage.getEditaccinfo(MyPage.java:22)
at pageObjects.MyPage.getEditaccinfo(MyPage.java:22)
at pageObjects.MyPage.getEditaccinfo(MyPage.java:22)
at pageObjects.MyPage.getEditaccinfo(MyPage.java:22)
at pageObjects.MyPage.getEditaccinfo(MyPage.java:22)
at pageObjects.MyPage.getEditaccinfo(MyPage.java:22)
at pageObjects.MyPage.getEditaccinfo(MyPage.java:22)
at pageObjects.MyPage.getEditaccinfo(MyPage.java:22)
at pageObjects.MyPage.getEditaccinfo(MyPage.java:22)
at pageObjects.MyPage.getEditaccinfo(MyPage.java:22)
at pageObjects.MyPage.getEditaccinfo(MyPage.java:22)
at pageObjects.MyPage.getEditaccinfo(MyPage.java:22)
at pageObjects.MyPage.getEditaccinfo(MyPage.java:22)
at pageObjects.MyPage.getEditaccinfo(MyPage.java:22)
at pageObjects.MyPage.getEditaccinfo(MyPage.java:22)
at pageObjects.MyPage.getEditaccinfo(MyPage.java:22)
at pageObjects.MyPage.getEditaccinfo(MyPage.java:22)
at pageObjects.MyPage.getEditaccinfo(MyPage.java:22)
at pageObjects.MyPage.getEditaccinfo(MyPage.java:22)
at pageObjects.MyPage.getEditaccinfo(MyPage.java:22)
at pageObjects.MyPage.getEditaccinfo(MyPage.java:22)
at pageObjects.MyPage.getEditaccinfo(MyPage.java:22)
at pageObjects.MyPage.getEditaccinfo(MyPage.java:22)
at pageObjects.MyPage.getEditaccinfo(MyPage.java:22)
at pageObjects.MyPage.getEditaccinfo(MyPage.java:22)
at pageObjects.MyPage.getEditaccinfo(MyPage.java:22)
at pageObjects.MyPage.getEditaccinfo(MyPage.java:22)
at pageObjects.MyPage.getEditaccinfo(MyPage.java:22)
at pageObjects.MyPage.getEditaccinfo(MyPage.java:22)
at pageObjects.MyPage.getEditaccinfo(MyPage.java:22)
at pageObjects.MyPage.getEditaccinfo(MyPage.java:22)
at pageObjects.MyPage.getEditaccinfo(MyPage.java:22)
at pageObjects.MyPage.getEditaccinfo(MyPage.java:22)
at pageObjects.MyPage.getEditaccinfo(MyPage.java:22)
at pageObjects.MyPage.getEditaccinfo(MyPage.java:22)
at pageObjects.MyPage.getEditaccinfo(MyPage.java:22)
at pageObjects.MyPage.getEditaccinfo(MyPage.java:22)
at pageObjects.MyPage.getEditaccinfo(MyPage.java:22)
at pageObjects.MyPage.getEditaccinfo(MyPage.java:22)
at pageObjects.MyPage.getEditaccinfo(MyPage.java:22)
at pageObjects.MyPage.getEditaccinfo(MyPage.java:22)
at pageObjects.MyPage.getEditaccinfo(MyPage.java:22)
at pageObjects.MyPage.getEditaccinfo(MyPage.java:22)
at pageObjects.MyPage.getEditaccinfo(MyPage.java:22)
at pageObjects.MyPage.getEditaccinfo(MyPage.java:22)
at pageObjects.MyPage.getEditaccinfo(MyPage.java:22)
at pageObjects.MyPage.getEditaccinfo(MyPage.java:22)
at pageObjects.MyPage.getEditaccinfo(MyPage.java:22)
at pageObjects.MyPage.getEditaccinfo(MyPage.java:22)
at pageObjects.MyPage.getEditaccinfo(MyPage.java:22)
at pageObjects.MyPage.getEditaccinfo(MyPage.java:22)
at pageObjects.MyPage.getEditaccinfo(MyPage.java:22)
at pageObjects.MyPage.getEditaccinfo(MyPage.java:22)
at pageObjects.MyPage.getEditaccinfo(MyPage.java:22)
at pageObjects.MyPage.getEditaccinfo(MyPage.java:22)
at pageObjects.MyPage.getEditaccinfo(MyPage.java:22)
at pageObjects.MyPage.getEditaccinfo(MyPage.java:22)
at pageObjects.MyPage.getEditaccinfo(MyPage.java:22)
at pageObjects.MyPage.getEditaccinfo(MyPage.java:22)
at pageObjects.MyPage.getEditaccinfo(MyPage.java:22)
at pageObjects.MyPage.getEditaccinfo(MyPage.java:22)
at pageObjects.MyPage.getEditaccinfo(MyPage.java:22)
at pageObjects.MyPage.getEditaccinfo(MyPage.java:22)
at pageObjects.MyPage.getEditaccinfo(MyPage.java:22)
at pageObjects.MyPage.getEditaccinfo(MyPage.java:22)
at pageObjects.MyPage.getEditaccinfo(MyPage.java:22)
at pageObjects.MyPage.getEditaccinfo(MyPage.java:22)
at pageObjects.MyPage.getEditaccinfo(MyPage.java:22)
at pageObjects.MyPage.getEditaccinfo(MyPage.java:22)
at pageObjects.MyPage.getEditaccinfo(MyPage.java:22)
at pageObjects.MyPage.getEditaccinfo(MyPage.java:22)
at pageObjects.MyPage.getEditaccinfo(MyPage.java:22)
at pageObjects.MyPage.getEditaccinfo(MyPage.java:22)
at pageObjects.MyPage.getEditaccinfo(MyPage.java:22)
at pageObjects.MyPage.getEditaccinfo(MyPage.java:22)
at pageObjects.MyPage.getEditaccinfo(MyPage.java:22)
at pageObjects.MyPage.getEditaccinfo(MyPage.java:22)
at pageObjects.MyPage.getEditaccinfo(MyPage.java:22)
at pageObjects.MyPage.getEditaccinfo(MyPage.java:22)
at pageObjects.MyPage.getEditaccinfo(MyPage.java:22)
at pageObjects.MyPage.getEditaccinfo(MyPage.java:22)
at pageObjects.MyPage.getEditaccinfo(MyPage.java:22)
at pageObjects.MyPage.getEditaccinfo(MyPage.java:22)
at pageObjects.MyPage.getEditaccinfo(MyPage.java:22)
at pageObjects.MyPage.getEditaccinfo(MyPage.java:22)
at pageObjects.MyPage.getEditaccinfo(MyPage.java:22)
at pageObjects.MyPage.getEditaccinfo(MyPage.java:22)
at pageObjects.MyPage.getEditaccinfo(MyPage.java:22)
at pageObjects.MyPage.getEditaccinfo(MyPage.java:22)
at pageObjects.MyPage.getEditaccinfo(MyPage.java:22)
at pageObjects.MyPage.getEditaccinfo(MyPage.java:22)
at pageObjects.MyPage.getEditaccinfo(MyPage.java:22)
at pageObjects.MyPage.getEditaccinfo(MyPage.java:22)
at pageObjects.MyPage.getEditaccinfo(MyPage.java:22)
at pageObjects.MyPage.getEditaccinfo(MyPage.java:22)
at pageObjects.MyPage.getEditaccinfo(MyPage.java:22)
at pageObjects.MyPage.getEditaccinfo(MyPage.java:22)
at pageObjects.MyPage.getEditaccinfo(MyPage.java:22)
at pageObjects.MyPage.getEditaccinfo(MyPage.java:22)
at pageObjects.MyPage.getEditaccinfo(MyPage.java:22)
at pageObjects.MyPage.getEditaccinfo(MyPage.java:22)
at pageObjects.MyPage.getEditaccinfo(MyPage.java:22)
at pageObjects.MyPage.getEditaccinfo(MyPage.java:22)
at pageObjects.MyPage.getEditaccinfo(MyPage.java:22)
at pageObjects.MyPage.getEditaccinfo(MyPage.java:22)
at pageObjects.MyPage.getEditaccinfo(MyPage.java:22)
at pageObjects.MyPage.getEditaccinfo(MyPage.java:22)
at pageObjects.MyPage.getEditaccinfo(MyPage.java:22)
at pageObjects.MyPage.getEditaccinfo(MyPage.java:22)
at pageObjects.MyPage.getEditaccinfo(MyPage.java:22)
at pageObjects.MyPage.getEditaccinfo(MyPage.java:22)
at pageObjects.MyPage.getEditaccinfo(MyPage.java:22)
at pageObjects.MyPage.getEditaccinfo(MyPage.java:22)
at pageObjects.MyPage.getEditaccinfo(MyPage.java:22)
at pageObjects.MyPage.getEditaccinfo(MyPage.java:22)
at pageObjects.MyPage.getEditaccinfo(MyPage.java:22)
at pageObjects.MyPage.getEditaccinfo(MyPage.java:22)
at pageObjects.MyPage.getEditaccinfo(MyPage.java:22)
at pageObjects.MyPage.getEditaccinfo(MyPage.java:22)
at pageObjects.MyPage.getEditaccinfo(MyPage.java:22)
at pageObjects.MyPage.getEditaccinfo(MyPage.java:22)
at pageObjects.MyPage.getEditaccinfo(MyPage.java:22)
at pageObjects.MyPage.getEditaccinfo(MyPage.java:22)
at pageObjects.MyPage.getEditaccinfo(MyPage.java:22)
at pageObjects.MyPage.getEditaccinfo(MyPage.java:22)
at pageObjects.MyPage.getEditaccinfo(MyPage.java:22)
at pageObjects.MyPage.getEditaccinfo(MyPage.java:22)
at pageObjects.MyPage.getEditaccinfo(MyPage.java:22)
at pageObjects.MyPage.getEditaccinfo(MyPage.java:22)
at pageObjects.MyPage.getEditaccinfo(MyPage.java:22)
at pageObjects.MyPage.getEditaccinfo(MyPage.java:22)
at pageObjects.MyPage.getEditaccinfo(MyPage.java:22)
at pageObjects.MyPage.getEditaccinfo(MyPage.java:22)
at pageObjects.MyPage.getEditaccinfo(MyPage.java:22)
at pageObjects.MyPage.getEditaccinfo(MyPage.java:22)
at pageObjects.MyPage.getEditaccinfo(MyPage.java:22)
at pageObjects.MyPage.getEditaccinfo(MyPage.java:22)
at pageObjects.MyPage.getEditaccinfo(MyPage.java:22)
at pageObjects.MyPage.getEditaccinfo(MyPage.java:22)
at pageObjects.MyPage.getEditaccinfo(MyPage.java:22)
at pageObjects.MyPage.getEditaccinfo(MyPage.java:22)
at pageObjects.MyPage.getEditaccinfo(MyPage.java:22)
at pageObjects.MyPage.getEditaccinfo(MyPage.java:22)
at pageObjects.MyPage.getEditaccinfo(MyPage.java:22)
at pageObjects.MyPage.getEditaccinfo(MyPage.java:22)
at pageObjects.MyPage.getEditaccinfo(MyPage.java:22)
at pageObjects.MyPage.getEditaccinfo(MyPage.java:22)
at pageObjects.MyPage.getEditaccinfo(MyPage.java:22)
at pageObjects.MyPage.getEditaccinfo(MyPage.java:22)
at pageObjects.MyPage.getEditaccinfo(MyPage.java:22)
at pageObjects.MyPage.getEditaccinfo(MyPage.java:22)
at pageObjects.MyPage.getEditaccinfo(MyPage.java:22)
at pageObjects.MyPage.getEditaccinfo(MyPage.java:22)
at pageObjects.MyPage.getEditaccinfo(MyPage.java:22)
at pageObjects.MyPage.getEditaccinfo(MyPage.java:22)
at pageObjects.MyPage.getEditaccinfo(MyPage.java:22)
at pageObjects.MyPage.getEditaccinfo(MyPage.java:22)
at pageObjects.MyPage.getEditaccinfo(MyPage.java:22)
at pageObjects.MyPage.getEditaccinfo(MyPage.java:22)
at pageObjects.MyPage.getEditaccinfo(MyPage.java:22)
at pageObjects.MyPage.getEditaccinfo(MyPage.java:22)
at pageObjects.MyPage.getEditaccinfo(MyPage.java:22)
at pageObjects.MyPage.getEditaccinfo(MyPage.java:22)
at pageObjects.MyPage.getEditaccinfo(MyPage.java:22)
at pageObjects.MyPage.getEditaccinfo(MyPage.java:22)
at pageObjects.MyPage.getEditaccinfo(MyPage.java:22)
at pageObjects.MyPage.getEditaccinfo(MyPage.java:22)
at pageObjects.MyPage.getEditaccinfo(MyPage.java:22)
at pageObjects.MyPage.getEditaccinfo(MyPage.java:22)
at pageObjects.MyPage.getEditaccinfo(MyPage.java:22)
at pageObjects.MyPage.getEditaccinfo(MyPage.java:22)
at pageObjects.MyPage.getEditaccinfo(MyPage.java:22)
at pageObjects.MyPage.getEditaccinfo(MyPage.java:22)
at pageObjects.MyPage.getEditaccinfo(MyPage.java:22)
at pageObjects.MyPage.getEditaccinfo(MyPage.java:22)
at pageObjects.MyPage.getEditaccinfo(MyPage.java:22)
at pageObjects.MyPage.getEditaccinfo(MyPage.java:22)
at pageObjects.MyPage.getEditaccinfo(MyPage.java:22)
at pageObjects.MyPage.getEditaccinfo(MyPage.java:22)
at pageObjects.MyPage.getEditaccinfo(MyPage.java:22)
at pageObjects.MyPage.getEditaccinfo(MyPage.java:22)
at pageObjects.MyPage.getEditaccinfo(MyPage.java:22)
at pageObjects.MyPage.getEditaccinfo(MyPage.java:22)
at pageObjects.MyPage.getEditaccinfo(MyPage.java:22)
at pageObjects.MyPage.getEditaccinfo(MyPage.java:22)
at pageObjects.MyPage.getEditaccinfo(MyPage.java:22)
at pageObjects.MyPage.getEditaccinfo(MyPage.java:22)
at pageObjects.MyPage.getEditaccinfo(MyPage.java:22)
at pageObjects.MyPage.getEditaccinfo(MyPage.java:22)
at pageObjects.MyPage.getEditaccinfo(MyPage.java:22)
at pageObjects.MyPage.getEditaccinfo(MyPage.java:22)
at pageObjects.MyPage.getEditaccinfo(MyPage.java:22)
at pageObjects.MyPage.getEditaccinfo(MyPage.java:22)
at pageObjects.MyPage.getEditaccinfo(MyPage.java:22)
at pageObjects.MyPage.getEditaccinfo(MyPage.java:22)
at pageObjects.MyPage.getEditaccinfo(MyPage.java:22)
at pageObjects.MyPage.getEditaccinfo(MyPage.java:22)
at pageObjects.MyPage.getEditaccinfo(MyPage.java:22)
at pageObjects.MyPage.getEditaccinfo(MyPage.java:22)
at pageObjects.MyPage.getEditaccinfo(MyPage.java:22)
at pageObjects.MyPage.getEditaccinfo(MyPage.java:22)
at pageObjects.MyPage.getEditaccinfo(MyPage.java:22)
at pageObjects.MyPage.getEditaccinfo(MyPage.java:22)
at pageObjects.MyPage.getEditaccinfo(MyPage.java:22)
at pageObjects.MyPage.getEditaccinfo(MyPage.java:22)
at pageObjects.MyPage.getEditaccinfo(MyPage.java:22)
at pageObjects.MyPage.getEditaccinfo(MyPage.java:22)
at pageObjects.MyPage.getEditaccinfo(MyPage.java:22)
at pageObjects.MyPage.getEditaccinfo(MyPage.java:22)
at pageObjects.MyPage.getEditaccinfo(MyPage.java:22)
at pageObjects.MyPage.getEditaccinfo(MyPage.java:22)
at pageObjects.MyPage.getEditaccinfo(MyPage.java:22)
at pageObjects.MyPage.getEditaccinfo(MyPage.java:22)
at pageObjects.MyPage.getEditaccinfo(MyPage.java:22)
at pageObjects.MyPage.getEditaccinfo(MyPage.java:22)
at pageObjects.MyPage.getEditaccinfo(MyPage.java:22)
at pageObjects.MyPage.getEditaccinfo(MyPage.java:22)
at pageObjects.MyPage.getEditaccinfo(MyPage.java:22)
at pageObjects.MyPage.getEditaccinfo(MyPage.java:22)
at pageObjects.MyPage.getEditaccinfo(MyPage.java:22)
at pageObjects.MyPage.getEditaccinfo(MyPage.java:22)
at pageObjects.MyPage.getEditaccinfo(MyPage.java:22)
at pageObjects.MyPage.getEditaccinfo(MyPage.java:22)
at pageObjects.MyPage.getEditaccinfo(MyPage.java:22)
at pageObjects.MyPage.getEditaccinfo(MyPage.java:22)
at pageObjects.MyPage.getEditaccinfo(MyPage.java:22)
at pageObjects.MyPage.getEditaccinfo(MyPage.java:22)
at pageObjects.MyPage.getEditaccinfo(MyPage.java:22)
at pageObjects.MyPage.getEditaccinfo(MyPage.java:22)
at pageObjects.MyPage.getEditaccinfo(MyPage.java:22)
at pageObjects.MyPage.getEditaccinfo(MyPage.java:22)
at pageObjects.MyPage.getEditaccinfo(MyPage.java:22)
at pageObjects.MyPage.getEditaccinfo(MyPage.java:22)
at pageObjects.MyPage.getEditaccinfo(MyPage.java:22)
at pageObjects.MyPage.getEditaccinfo(MyPage.java:22)
at pageObjects.MyPage.getEditaccinfo(MyPage.java:22)
at pageObjects.MyPage.getEditaccinfo(MyPage.java:22)
at pageObjects.MyPage.getEditaccinfo(MyPage.java:22)
at pageObjects.MyPage.getEditaccinfo(MyPage.java:22)
at pageObjects.MyPage.getEditaccinfo(MyPage.java:22)
at pageObjects.MyPage.getEditaccinfo(MyPage.java:22)
at pageObjects.MyPage.getEditaccinfo(MyPage.java:22)
at pageObjects.MyPage.getEditaccinfo(MyPage.java:22)
at pageObjects.MyPage.getEditaccinfo(MyPage.java:22)
at pageObjects.MyPage.getEditaccinfo(MyPage.java:22)
at pageObjects.MyPage.getEditaccinfo(MyPage.java:22)
at pageObjects.MyPage.getEditaccinfo(MyPage.java:22)
at pageObjects.MyPage.getEditaccinfo(MyPage.java:22)
at pageObjects.MyPage.getEditaccinfo(MyPage.java:22)
at pageObjects.MyPage.getEditaccinfo(MyPage.java:22)
at pageObjects.MyPage.getEditaccinfo(MyPage.java:22)
at pageObjects.MyPage.getEditaccinfo(MyPage.java:22)
at pageObjects.MyPage.getEditaccinfo(MyPage.java:22)
at pageObjects.MyPage.getEditaccinfo(MyPage.java:22)
at pageObjects.MyPage.getEditaccinfo(MyPage.java:22)
at pageObjects.MyPage.getEditaccinfo(MyPage.java:22)
at pageObjects.MyPage.getEditaccinfo(MyPage.java:22)
at pageObjects.MyPage.getEditaccinfo(MyPage.java:22)
at pageObjects.MyPage.getEditaccinfo(MyPage.java:22)
at pageObjects.MyPage.getEditaccinfo(MyPage.java:22)
at pageObjects.MyPage.getEditaccinfo(MyPage.java:22)
at pageObjects.MyPage.getEditaccinfo(MyPage.java:22)
at pageObjects.MyPage.getEditaccinfo(MyPage.java:22)
at pageObjects.MyPage.getEditaccinfo(MyPage.java:22)
at pageObjects.MyPage.getEditaccinfo(MyPage.java:22)
at pageObjects.MyPage.getEditaccinfo(MyPage.java:22)
at pageObjects.MyPage.getEditaccinfo(MyPage.java:22)
at pageObjects.MyPage.getEditaccinfo(MyPage.java:22)
at pageObjects.MyPage.getEditaccinfo(MyPage.java:22)
at pageObjects.MyPage.getEditaccinfo(MyPage.java:22)
at pageObjects.MyPage.getEditaccinfo(MyPage.java:22)
at pageObjects.MyPage.getEditaccinfo(MyPage.java:22)
at pageObjects.MyPage.getEditaccinfo(MyPage.java:22)
at pageObjects.MyPage.getEditaccinfo(MyPage.java:22)
at pageObjects.MyPage.getEditaccinfo(MyPage.java:22)
at pageObjects.MyPage.getEditaccinfo(MyPage.java:22)
at pageObjects.MyPage.getEditaccinfo(MyPage.java:22)
at pageObjects.MyPage.getEditaccinfo(MyPage.java:22)
at pageObjects.MyPage.getEditaccinfo(MyPage.java:22)
at pageObjects.MyPage.getEditaccinfo(MyPage.java:22)
at pageObjects.MyPage.getEditaccinfo(MyPage.java:22)
at pageObjects.MyPage.getEditaccinfo(MyPage.java:22)
at pageObjects.MyPage.getEditaccinfo(MyPage.java:22)
at pageObjects.MyPage.getEditaccinfo(MyPage.java:22)
at pageObjects.MyPage.getEditaccinfo(MyPage.java:22)
at pageObjects.MyPage.getEditaccinfo(MyPage.java:22)
at pageObjects.MyPage.getEditaccinfo(MyPage.java:22)
at pageObjects.MyPage.getEditaccinfo(MyPage.java:22)
at pageObjects.MyPage.getEditaccinfo(MyPage.java:22)
at pageObjects.MyPage.getEditaccinfo(MyPage.java:22)
at pageObjects.MyPage.getEditaccinfo(MyPage.java:22)
at pageObjects.MyPage.getEditaccinfo(MyPage.java:22)
at pageObjects.MyPage.getEditaccinfo(MyPage.java:22)
at pageObjects.MyPage.getEditaccinfo(MyPage.java:22)
at pageObjects.MyPage.getEditaccinfo(MyPage.java:22)
at pageObjects.MyPage.getEditaccinfo(MyPage.java:22)
at pageObjects.MyPage.getEditaccinfo(MyPage.java:22)
at pageObjects.MyPage.getEditaccinfo(MyPage.java:22)
at pageObjects.MyPage.getEditaccinfo(MyPage.java:22)
at pageObjects.MyPage.getEditaccinfo(MyPage.java:22)
at pageObjects.MyPage.getEditaccinfo(MyPage.java:22)
at pageObjects.MyPage.getEditaccinfo(MyPage.java:22)
at pageObjects.MyPage.getEditaccinfo(MyPage.java:22)
at pageObjects.MyPage.getEditaccinfo(MyPage.java:22)
at pageObjects.MyPage.getEditaccinfo(MyPage.java:22)
at pageObjects.MyPage.getEditaccinfo(MyPage.java:22)
at pageObjects.MyPage.getEditaccinfo(MyPage.java:22)
at pageObjects.MyPage.getEditaccinfo(MyPage.java:22)
at pageObjects.MyPage.getEditaccinfo(MyPage.java:22)
at pageObjects.MyPage.getEditaccinfo(MyPage.java:22)
at pageObjects.MyPage.getEditaccinfo(MyPage.java:22)
at pageObjects.MyPage.getEditaccinfo(MyPage.java:22)
at pageObjects.MyPage.getEditaccinfo(MyPage.java:22)
at pageObjects.MyPage.getEditaccinfo(MyPage.java:22)
at pageObjects.MyPage.getEditaccinfo(MyPage.java:22)
at pageObjects.MyPage.getEditaccinfo(MyPage.java:22)
at pageObjects.MyPage.getEditaccinfo(MyPage.java:22)
at pageObjects.MyPage.getEditaccinfo(MyPage.java:22)
at pageObjects.MyPage.getEditaccinfo(MyPage.java:22)
at pageObjects.MyPage.getEditaccinfo(MyPage.java:22)
at pageObjects.MyPage.getEditaccinfo(MyPage.java:22)
at pageObjects.MyPage.getEditaccinfo(MyPage.java:22)
at pageObjects.MyPage.getEditaccinfo(MyPage.java:22)
at pageObjects.MyPage.getEditaccinfo(MyPage.java:22)
at pageObjects.MyPage.getEditaccinfo(MyPage.java:22)
at pageObjects.MyPage.getEditaccinfo(MyPage.java:22)
at pageObjects.MyPage.getEditaccinfo(MyPage.java:22)
at pageObjects.MyPage.getEditaccinfo(MyPage.java:22)
at pageObjects.MyPage.getEditaccinfo(MyPage.java:22)
at pageObjects.MyPage.getEditaccinfo(MyPage.java:22)
at pageObjects.MyPage.getEditaccinfo(MyPage.java:22)
at pageObjects.MyPage.getEditaccinfo(MyPage.java:22)
at pageObjects.MyPage.getEditaccinfo(MyPage.java:22)
at pageObjects.MyPage.getEditaccinfo(MyPage.java:22)
at pageObjects.MyPage.getEditaccinfo(MyPage.java:22)
at pageObjects.MyPage.getEditaccinfo(MyPage.java:22)
at pageObjects.MyPage.getEditaccinfo(MyPage.java:22)
at pageObjects.MyPage.getEditaccinfo(MyPage.java:22)
at pageObjects.MyPage.getEditaccinfo(MyPage.java:22)
at pageObjects.MyPage.getEditaccinfo(MyPage.java:22)
at pageObjects.MyPage.getEditaccinfo(MyPage.java:22)
at pageObjects.MyPage.getEditaccinfo(MyPage.java:22)
at pageObjects.MyPage.getEditaccinfo(MyPage.java:22)
at pageObjects.MyPage.getEditaccinfo(MyPage.java:22)
at pageObjects.MyPage.getEditaccinfo(MyPage.java:22)
at pageObjects.MyPage.getEditaccinfo(MyPage.java:22)
at pageObjects.MyPage.getEditaccinfo(MyPage.java:22)
at pageObjects.MyPage.getEditaccinfo(MyPage.java:22)
at pageObjects.MyPage.getEditaccinfo(MyPage.java:22)
at pageObjects.MyPage.getEditaccinfo(MyPage.java:22)
at pageObjects.MyPage.getEditaccinfo(MyPage.java:22)
at pageObjects.MyPage.getEditaccinfo(MyPage.java:22)
at pageObjects.MyPage.getEditaccinfo(MyPage.java:22)
at pageObjects.MyPage.getEditaccinfo(MyPage.java:22)
at pageObjects.MyPage.getEditaccinfo(MyPage.java:22)
at pageObjects.MyPage.getEditaccinfo(MyPage.java:22)
at pageObjects.MyPage.getEditaccinfo(MyPage.java:22)
at pageObjects.MyPage.getEditaccinfo(MyPage.java:22)
at pageObjects.MyPage.getEditaccinfo(MyPage.java:22)
at pageObjects.MyPage.getEditaccinfo(MyPage.java:22)
at pageObjects.MyPage.getEditaccinfo(MyPage.java:22)
at pageObjects.MyPage.getEditaccinfo(MyPage.java:22)
at pageObjects.MyPage.getEditaccinfo(MyPage.java:22)
at pageObjects.MyPage.getEditaccinfo(MyPage.java:22)
at pageObjects.MyPage.getEditaccinfo(MyPage.java:22)
at pageObjects.MyPage.getEditaccinfo(MyPage.java:22)
at pageObjects.MyPage.getEditaccinfo(MyPage.java:22)
at pageObjects.MyPage.getEditaccinfo(MyPage.java:22)
at pageObjects.MyPage.getEditaccinfo(MyPage.java:22)
at pageObjects.MyPage.getEditaccinfo(MyPage.java:22)
at pageObjects.MyPage.getEditaccinfo(MyPage.java:22)
at pageObjects.MyPage.getEditaccinfo(MyPage.java:22)
at pageObjects.MyPage.getEditaccinfo(MyPage.java:22)
at pageObjects.MyPage.getEditaccinfo(MyPage.java:22)
at pageObjects.MyPage.getEditaccinfo(MyPage.java:22)
at pageObjects.MyPage.getEditaccinfo(MyPage.java:22)
at pageObjects.MyPage.getEditaccinfo(MyPage.java:22)
at pageObjects.MyPage.getEditaccinfo(MyPage.java:22)
at pageObjects.MyPage.getEditaccinfo(MyPage.java:22)
at pageObjects.MyPage.getEditaccinfo(MyPage.java:22)
at pageObjects.MyPage.getEditaccinfo(MyPage.java:22)
at pageObjects.MyPage.getEditaccinfo(MyPage.java:22)
at pageObjects.MyPage.getEditaccinfo(MyPage.java:22)
at pageObjects.MyPage.getEditaccinfo(MyPage.java:22)
at pageObjects.MyPage.getEditaccinfo(MyPage.java:22)
at pageObjects.MyPage.getEditaccinfo(MyPage.java:22)
at pageObjects.MyPage.getEditaccinfo(MyPage.java:22)
at pageObjects.MyPage.getEditaccinfo(MyPage.java:22)
at pageObjects.MyPage.getEditaccinfo(MyPage.java:22)
at pageObjects.MyPage.getEditaccinfo(MyPage.java:22)
at pageObjects.MyPage.getEditaccinfo(MyPage.java:22)
at pageObjects.MyPage.getEditaccinfo(MyPage.java:22)
at pageObjects.MyPage.getEditaccinfo(MyPage.java:22)
at pageObjects.MyPage.getEditaccinfo(MyPage.java:22)
at pageObjects.MyPage.getEditaccinfo(MyPage.java:22)
at pageObjects.MyPage.getEditaccinfo(MyPage.java:22)
at pageObjects.MyPage.getEditaccinfo(MyPage.java:22)
at pageObjects.MyPage.getEditaccinfo(MyPage.java:22)
at pageObjects.MyPage.getEditaccinfo(MyPage.java:22)
at pageObjects.MyPage.getEditaccinfo(MyPage.java:22)
at pageObjects.MyPage.getEditaccinfo(MyPage.java:22)
at pageObjects.MyPage.getEditaccinfo(MyPage.java:22)
at pageObjects.MyPage.getEditaccinfo(MyPage.java:22)
at pageObjects.MyPage.getEditaccinfo(MyPage.java:22)
at pageObjects.MyPage.getEditaccinfo(MyPage.java:22)
at pageObjects.MyPage.getEditaccinfo(MyPage.java:22)
at pageObjects.MyPage.getEditaccinfo(MyPage.java:22)
at pageObjects.MyPage.getEditaccinfo(MyPage.java:22)
at pageObjects.MyPage.getEditaccinfo(MyPage.java:22)
at pageObjects.MyPage.getEditaccinfo(MyPage.java:22)
at pageObjects.MyPage.getEditaccinfo(MyPage.java:22)
at pageObjects.MyPage.getEditaccinfo(MyPage.java:22)
at pageObjects.MyPage.getEditaccinfo(MyPage.java:22)
at pageObjects.MyPage.getEditaccinfo(MyPage.java:22)
at pageObjects.MyPage.getEditaccinfo(MyPage.java:22)
at pageObjects.MyPage.getEditaccinfo(MyPage.java:22)
at pageObjects.MyPage.getEditaccinfo(MyPage.java:22)
at pageObjects.MyPage.getEditaccinfo(MyPage.java:22)
at pageObjects.MyPage.getEditaccinfo(MyPage.java:22)
at pageObjects.MyPage.getEditaccinfo(MyPage.java:22)
at pageObjects.MyPage.getEditaccinfo(MyPage.java:22)
at pageObjects.MyPage.getEditaccinfo(MyPage.java:22)
at pageObjects.MyPage.getEditaccinfo(MyPage.java:22)
at pageObjects.MyPage.getEditaccinfo(MyPage.java:22)
at pageObjects.MyPage.getEditaccinfo(MyPage.java:22)
at pageObjects.MyPage.getEditaccinfo(MyPage.java:22)
at pageObjects.MyPage.getEditaccinfo(MyPage.java:22)
at pageObjects.MyPage.getEditaccinfo(MyPage.java:22)
at pageObjects.MyPage.getEditaccinfo(MyPage.java:22)
at pageObjects.MyPage.getEditaccinfo(MyPage.java:22)
at pageObjects.MyPage.getEditaccinfo(MyPage.java:22)
at pageObjects.MyPage.getEditaccinfo(MyPage.java:22)
at pageObjects.MyPage.getEditaccinfo(MyPage.java:22)
at pageObjects.MyPage.getEditaccinfo(MyPage.java:22)
at pageObjects.MyPage.getEditaccinfo(MyPage.java:22)
at pageObjects.MyPage.getEditaccinfo(MyPage.java:22)
at pageObjects.MyPage.getEditaccinfo(MyPage.java:22)
at pageObjects.MyPage.getEditaccinfo(MyPage.java:22)
at pageObjects.MyPage.getEditaccinfo(MyPage.java:22)
at pageObjects.MyPage.getEditaccinfo(MyPage.java:22)
at pageObjects.MyPage.getEditaccinfo(MyPage.java:22)
at pageObjects.MyPage.getEditaccinfo(MyPage.java:22)
at pageObjects.MyPage.getEditaccinfo(MyPage.java:22)
at pageObjects.MyPage.getEditaccinfo(MyPage.java:22)
at pageObjects.MyPage.getEditaccinfo(MyPage.java:22)
at pageObjects.MyPage.getEditaccinfo(MyPage.java:22)
at pageObjects.MyPage.getEditaccinfo(MyPage.java:22)
at pageObjects.MyPage.getEditaccinfo(MyPage.java:22)
at pageObjects.MyPage.getEditaccinfo(MyPage.java:22)
at pageObjects.MyPage.getEditaccinfo(MyPage.java:22)
at pageObjects.MyPage.getEditaccinfo(MyPage.java:22)
at pageObjects.MyPage.getEditaccinfo(MyPage.java:22)
at pageObjects.MyPage.getEditaccinfo(MyPage.java:22)
at pageObjects.MyPage.getEditaccinfo(MyPage.java:22)
at pageObjects.MyPage.getEditaccinfo(MyPage.java:22)
at pageObjects.MyPage.getEditaccinfo(MyPage.java:22)
at pageObjects.MyPage.getEditaccinfo(MyPage.java:22)
at pageObjects.MyPage.getEditaccinfo(MyPage.java:22)
at pageObjects.MyPage.getEditaccinfo(MyPage.java:22)
at pageObjects.MyPage.getEditaccinfo(MyPage.java:22)
at pageObjects.MyPage.getEditaccinfo(MyPage.java:22)
at pageObjects.MyPage.getEditaccinfo(MyPage.java:22)
at pageObjects.MyPage.getEditaccinfo(MyPage.java:22)
at pageObjects.MyPage.getEditaccinfo(MyPage.java:22)
at pageObjects.MyPage.getEditaccinfo(MyPage.java:22)
at pageObjects.MyPage.getEditaccinfo(MyPage.java:22)
at pageObjects.MyPage.getEditaccinfo(MyPage.java:22)
at pageObjects.MyPage.getEditaccinfo(MyPage.java:22)
at pageObjects.MyPage.getEditaccinfo(MyPage.java:22)
at pageObjects.MyPage.getEditaccinfo(MyPage.java:22)
at pageObjects.MyPage.getEditaccinfo(MyPage.java:22)
at pageObjects.MyPage.getEditaccinfo(MyPage.java:22)
at pageObjects.MyPage.getEditaccinfo(MyPage.java:22)
at pageObjects.MyPage.getEditaccinfo(MyPage.java:22)
at pageObjects.MyPage.getEditaccinfo(MyPage.java:22)
at pageObjects.MyPage.getEditaccinfo(MyPage.java:22)
at pageObjects.MyPage.getEditaccinfo(MyPage.java:22)
at pageObjects.MyPage.getEditaccinfo(MyPage.java:22)
at pageObjects.MyPage.getEditaccinfo(MyPage.java:22)
at pageObjects.MyPage.getEditaccinfo(MyPage.java:22)
at pageObjects.MyPage.getEditaccinfo(MyPage.java:22)
at pageObjects.MyPage.getEditaccinfo(MyPage.java:22)
at pageObjects.MyPage.getEditaccinfo(MyPage.java:22)
at pageObjects.MyPage.getEditaccinfo(MyPage.java:22)
at pageObjects.MyPage.getEditaccinfo(MyPage.java:22)
at pageObjects.MyPage.getEditaccinfo(MyPage.java:22)
at pageObjects.MyPage.getEditaccinfo(MyPage.java:22)
at pageObjects.MyPage.getEditaccinfo(MyPage.java:22)
at pageObjects.MyPage.getEditaccinfo(MyPage.java:22)
at pageObjects.MyPage.getEditaccinfo(MyPage.java:22)
at pageObjects.MyPage.getEditaccinfo(MyPage.java:22)
at pageObjects.MyPage.getEditaccinfo(MyPage.java:22)
at pageObjects.MyPage.getEditaccinfo(MyPage.java:22)
at pageObjects.MyPage.getEditaccinfo(MyPage.java:22)
at pageObjects.MyPage.getEditaccinfo(MyPage.java:22)
at pageObjects.MyPage.getEditaccinfo(MyPage.java:22)
at pageObjects.MyPage.getEditaccinfo(MyPage.java:22)
at pageObjects.MyPage.getEditaccinfo(MyPage.java:22)
at pageObjects.MyPage.getEditaccinfo(MyPage.java:22)
at pageObjects.MyPage.getEditaccinfo(MyPage.java:22)
at pageObjects.MyPage.getEditaccinfo(MyPage.java:22)
at pageObjects.MyPage.getEditaccinfo(MyPage.java:22)
at pageObjects.MyPage.getEditaccinfo(MyPage.java:22)
at pageObjects.MyPage.getEditaccinfo(MyPage.java:22)
at pageObjects.MyPage.getEditaccinfo(MyPage.java:22)
at pageObjects.MyPage.getEditaccinfo(MyPage.java:22)
at pageObjects.MyPage.getEditaccinfo(MyPage.java:22)
at pageObjects.MyPage.getEditaccinfo(MyPage.java:22)
at pageObjects.MyPage.getEditaccinfo(MyPage.java:22)
at pageObjects.MyPage.getEditaccinfo(MyPage.java:22)
at pageObjects.MyPage.getEditaccinfo(MyPage.java:22)
at pageObjects.MyPage.getEditaccinfo(MyPage.java:22)
at pageObjects.MyPage.getEditaccinfo(MyPage.java:22)
at pageObjects.MyPage.getEditaccinfo(MyPage.java:22)
at pageObjects.MyPage.getEditaccinfo(MyPage.java:22)
at pageObjects.MyPage.getEditaccinfo(MyPage.java:22)
at pageObjects.MyPage.getEditaccinfo(MyPage.java:22)
at pageObjects.MyPage.getEditaccinfo(MyPage.java:22)
at pageObjects.MyPage.getEditaccinfo(MyPage.java:22)
at pageObjects.MyPage.getEditaccinfo(MyPage.java:22)
at pageObjects.MyPage.getEditaccinfo(MyPage.java:22)
at pageObjects.MyPage.getEditaccinfo(MyPage.java:22)
at pageObjects.MyPage.getEditaccinfo(MyPage.java:22)
at pageObjects.MyPage.getEditaccinfo(MyPage.java:22)
at pageObjects.MyPage.getEditaccinfo(MyPage.java:22)
at pageObjects.MyPage.getEditaccinfo(MyPage.java:22)
at pageObjects.MyPage.getEditaccinfo(MyPage.java:22)
at pageObjects.MyPage.getEditaccinfo(MyPage.java:22)
at pageObjects.MyPage.getEditaccinfo(MyPage.java:22)
at pageObjects.MyPage.getEditaccinfo(MyPage.java:22)
at pageObjects.MyPage.getEditaccinfo(MyPage.java:22)
at pageObjects.MyPage.getEditaccinfo(MyPage.java:22)
at pageObjects.MyPage.getEditaccinfo(MyPage.java:22)
at pageObjects.MyPage.getEditaccinfo(MyPage.java:22)
at pageObjects.MyPage.getEditaccinfo(MyPage.java:22)
at pageObjects.MyPage.getEditaccinfo(MyPage.java:22)
at pageObjects.MyPage.getEditaccinfo(MyPage.java:22)
at pageObjects.MyPage.getEditaccinfo(MyPage.java:22)
at pageObjects.MyPage.getEditaccinfo(MyPage.java:22)
at pageObjects.MyPage.getEditaccinfo(MyPage.java:22)
at pageObjects.MyPage.getEditaccinfo(MyPage.java:22)
at pageObjects.MyPage.getEditaccinfo(MyPage.java:22)
at pageObjects.MyPage.getEditaccinfo(MyPage.java:22)
at pageObjects.MyPage.getEditaccinfo(MyPage.java:22)
at pageObjects.MyPage.getEditaccinfo(MyPage.java:22)
at pageObjects.MyPage.getEditaccinfo(MyPage.java:22)
at pageObjects.MyPage.getEditaccinfo(MyPage.java:22)
at pageObjects.MyPage.getEditaccinfo(MyPage.java:22)
at pageObjects.MyPage.getEditaccinfo(MyPage.java:22)
at pageObjects.MyPage.getEditaccinfo(MyPage.java:22)
at pageObjects.MyPage.getEditaccinfo(MyPage.java:22)
at pageObjects.MyPage.getEditaccinfo(MyPage.java:22)
at pageObjects.MyPage.getEditaccinfo(MyPage.java:22)
at pageObjects.MyPage.getEditaccinfo(MyPage.java:22)
at pageObjects.MyPage.getEditaccinfo(MyPage.java:22)
at pageObjects.MyPage.getEditaccinfo(MyPage.java:22)
at pageObjects.MyPage.getEditaccinfo(MyPage.java:22)
at pageObjects.MyPage.getEditaccinfo(MyPage.java:22)
at pageObjects.MyPage.getEditaccinfo(MyPage.java:22)
at pageObjects.MyPage.getEditaccinfo(MyPage.java:22)
at pageObjects.MyPage.getEditaccinfo(MyPage.java:22)
at pageObjects.MyPage.getEditaccinfo(MyPage.java:22)
at pageObjects.MyPage.getEditaccinfo(MyPage.java:22)
at pageObjects.MyPage.getEditaccinfo(MyPage.java:22)
at pageObjects.MyPage.getEditaccinfo(MyPage.java:22)
at pageObjects.MyPage.getEditaccinfo(MyPage.java:22)
at pageObjects.MyPage.getEditaccinfo(MyPage.java:22)
at pageObjects.MyPage.getEditaccinfo(MyPage.java:22)
at pageObjects.MyPage.getEditaccinfo(MyPage.java:22)
at pageObjects.MyPage.getEditaccinfo(MyPage.java:22)
at pageObjects.MyPage.getEditaccinfo(MyPage.java:22)
at pageObjects.MyPage.getEditaccinfo(MyPage.java:22)
at pageObjects.MyPage.getEditaccinfo(MyPage.java:22)
at pageObjects.MyPage.getEditaccinfo(MyPage.java:22)
at pageObjects.MyPage.getEditaccinfo(MyPage.java:22)
at pageObjects.MyPage.getEditaccinfo(MyPage.java:22)
at pageObjects.MyPage.getEditaccinfo(MyPage.java:22)
at pageObjects.MyPage.getEditaccinfo(MyPage.java:22)
at pageObjects.MyPage.getEditaccinfo(MyPage.java:22)
at pageObjects.MyPage.getEditaccinfo(MyPage.java:22)
at pageObjects.MyPage.getEditaccinfo(MyPage.java:22)
at pageObjects.MyPage.getEditaccinfo(MyPage.java:22)
at pageObjects.MyPage.getEditaccinfo(MyPage.java:22)
at pageObjects.MyPage.getEditaccinfo(MyPage.java:22)
at pageObjects.MyPage.getEditaccinfo(MyPage.java:22)
at pageObjects.MyPage.getEditaccinfo(MyPage.java:22)
at pageObjects.MyPage.getEditaccinfo(MyPage.java:22)
at pageObjects.MyPage.getEditaccinfo(MyPage.java:22)
at pageObjects.MyPage.getEditaccinfo(MyPage.java:22)
at pageObjects.MyPage.getEditaccinfo(MyPage.java:22)
at pageObjects.MyPage.getEditaccinfo(MyPage.java:22)
at pageObjects.MyPage.getEditaccinfo(MyPage.java:22)
at pageObjects.MyPage.getEditaccinfo(MyPage.java:22)
at pageObjects.MyPage.getEditaccinfo(MyPage.java:22)
at pageObjects.MyPage.getEditaccinfo(MyPage.java:22)
at pageObjects.MyPage.getEditaccinfo(MyPage.java:22)
at pageObjects.MyPage.getEditaccinfo(MyPage.java:22)
at pageObjects.MyPage.getEditaccinfo(MyPage.java:22)
at pageObjects.MyPage.getEditaccinfo(MyPage.java:22)
at pageObjects.MyPage.getEditaccinfo(MyPage.java:22)
at pageObjects.MyPage.getEditaccinfo(MyPage.java:22)
at pageObjects.MyPage.getEditaccinfo(MyPage.java:22)
at pageObjects.MyPage.getEditaccinfo(MyPage.java:22)
at pageObjects.MyPage.getEditaccinfo(MyPage.java:22)
at pageObjects.MyPage.getEditaccinfo(MyPage.java:22)
at pageObjects.MyPage.getEditaccinfo(MyPage.java:22)
at pageObjects.MyPage.getEditaccinfo(MyPage.java:22)
at pageObjects.MyPage.getEditaccinfo(MyPage.java:22)
at pageObjects.MyPage.getEditaccinfo(MyPage.java:22)
at pageObjects.MyPage.getEditaccinfo(MyPage.java:22)
at pageObjects.MyPage.getEditaccinfo(MyPage.java:22)
at pageObjects.MyPage.getEditaccinfo(MyPage.java:22)
at pageObjects.MyPage.getEditaccinfo(MyPage.java:22)
at pageObjects.MyPage.getEditaccinfo(MyPage.java:22)
at pageObjects.MyPage.getEditaccinfo(MyPage.java:22)
at pageObjects.MyPage.getEditaccinfo(MyPage.java:22)
at pageObjects.MyPage.getEditaccinfo(MyPage.java:22)
at pageObjects.MyPage.getEditaccinfo(MyPage.java:22)
at pageObjects.MyPage.getEditaccinfo(MyPage.java:22)
at pageObjects.MyPage.getEditaccinfo(MyPage.java:22)
at pageObjects.MyPage.getEditaccinfo(MyPage.java:22)
at pageObjects.MyPage.getEditaccinfo(MyPage.java:22)
at pageObjects.MyPage.getEditaccinfo(MyPage.java:22)
at pageObjects.MyPage.getEditaccinfo(MyPage.java:22)
at pageObjects.MyPage.getEditaccinfo(MyPage.java:22)
at pageObjects.MyPage.getEditaccinfo(MyPage.java:22)
at pageObjects.MyPage.getEditaccinfo(MyPage.java:22)
at pageObjects.MyPage.getEditaccinfo(MyPage.java:22)
at pageObjects.MyPage.getEditaccinfo(MyPage.java:22)
at pageObjects.MyPage.getEditaccinfo(MyPage.java:22)
at pageObjects.MyPage.getEditaccinfo(MyPage.java:22)
at pageObjects.MyPage.getEditaccinfo(MyPage.java:22)
at pageObjects.MyPage.getEditaccinfo(MyPage.java:22)
at pageObjects.MyPage.getEditaccinfo(MyPage.java:22)
at pageObjects.MyPage.getEditaccinfo(MyPage.java:22)
at pageObjects.MyPage.getEditaccinfo(MyPage.java:22)
at pageObjects.MyPage.getEditaccinfo(MyPage.java:22)
at pageObjects.MyPage.getEditaccinfo(MyPage.java:22)
at pageObjects.MyPage.getEditaccinfo(MyPage.java:22)
at pageObjects.MyPage.getEditaccinfo(MyPage.java:22)
at pageObjects.MyPage.getEditaccinfo(MyPage.java:22)
at pageObjects.MyPage.getEditaccinfo(MyPage.java:22)
at pageObjects.MyPage.getEditaccinfo(MyPage.java:22)
at pageObjects.MyPage.getEditaccinfo(MyPage.java:22)
at pageObjects.MyPage.getEditaccinfo(MyPage.java:22)
at pageObjects.MyPage.getEditaccinfo(MyPage.java:22)
at pageObjects.MyPage.getEditaccinfo(MyPage.java:22)
at pageObjects.MyPage.getEditaccinfo(MyPage.java:22)
at pageObjects.MyPage.getEditaccinfo(MyPage.java:22)
at pageObjects.MyPage.getEditaccinfo(MyPage.java:22)
at pageObjects.MyPage.getEditaccinfo(MyPage.java:22)
at pageObjects.MyPage.getEditaccinfo(MyPage.java:22)
at pageObjects.MyPage.getEditaccinfo(MyPage.java:22)
at pageObjects.MyPage.getEditaccinfo(MyPage.java:22)
at pageObjects.MyPage.getEditaccinfo(MyPage.java:22)
at pageObjects.MyPage.getEditaccinfo(MyPage.java:22)
at pageObjects.MyPage.getEditaccinfo(MyPage.java:22)
at pageObjects.MyPage.getEditaccinfo(MyPage.java:22)
at pageObjects.MyPage.getEditaccinfo(MyPage.java:22)
at pageObjects.MyPage.getEditaccinfo(MyPage.java:22)
at pageObjects.MyPage.getEditaccinfo(MyPage.java:22)
at pageObjects.MyPage.getEditaccinfo(MyPage.java:22)
at pageObjects.MyPage.getEditaccinfo(MyPage.java:22)
at pageObjects.MyPage.getEditaccinfo(MyPage.java:22)
at pageObjects.MyPage.getEditaccinfo(MyPage.java:22)
at pageObjects.MyPage.getEditaccinfo(MyPage.java:22)
at pageObjects.MyPage.getEditaccinfo(MyPage.java:22)
at pageObjects.MyPage.getEditaccinfo(MyPage.java:22)
at pageObjects.MyPage.getEditaccinfo(MyPage.java:22)
at pageObjects.MyPage.getEditaccinfo(MyPage.java:22)
at pageObjects.MyPage.getEditaccinfo(MyPage.java:22)
at pageObjects.MyPage.getEditaccinfo(MyPage.java:22)
at pageObjects.MyPage.getEditaccinfo(MyPage.java:22)
at pageObjects.MyPage.getEditaccinfo(MyPage.java:22)
at pageObjects.MyPage.getEditaccinfo(MyPage.java:22)
at pageObjects.MyPage.getEditaccinfo(MyPage.java:22)
at pageObjects.MyPage.getEditaccinfo(MyPage.java:22)
at pageObjects.MyPage.getEditaccinfo(MyPage.java:22)
at pageObjects.MyPage.getEditaccinfo(MyPage.java:22)
at pageObjects.MyPage.getEditaccinfo(MyPage.java:22)
at pageObjects.MyPage.getEditaccinfo(MyPage.java:22)
at pageObjects.MyPage.getEditaccinfo(MyPage.java:22)
at pageObjects.MyPage.getEditaccinfo(MyPage.java:22)
at pageObjects.MyPage.getEditaccinfo(MyPage.java:22)
at pageObjects.MyPage.getEditaccinfo(MyPage.java:22)
at pageObjects.MyPage.getEditaccinfo(MyPage.java:22)
at pageObjects.MyPage.getEditaccinfo(MyPage.java:22)
at pageObjects.MyPage.getEditaccinfo(MyPage.java:22)
at pageObjects.MyPage.getEditaccinfo(MyPage.java:22)
at pageObjects.MyPage.getEditaccinfo(MyPage.java:22)
at pageObjects.MyPage.getEditaccinfo(MyPage.java:22)
at pageObjects.MyPage.getEditaccinfo(MyPage.java:22)
at pageObjects.MyPage.getEditaccinfo(MyPage.java:22)
at pageObjects.MyPage.getEditaccinfo(MyPage.java:22)
at pageObjects.MyPage.getEditaccinfo(MyPage.java:22)
at pageObjects.MyPage.getEditaccinfo(MyPage.java:22)
at pageObjects.MyPage.getEditaccinfo(MyPage.java:22)
at pageObjects.MyPage.getEditaccinfo(MyPage.java:22)
at pageObjects.MyPage.getEditaccinfo(MyPage.java:22)
at pageObjects.MyPage.getEditaccinfo(MyPage.java:22)
at pageObjects.MyPage.getEditaccinfo(MyPage.java:22)
at pageObjects.MyPage.getEditaccinfo(MyPage.java:22)
at pageObjects.MyPage.getEditaccinfo(MyPage.java:22)
at pageObjects.MyPage.getEditaccinfo(MyPage.java:22)
at pageObjects.MyPage.getEditaccinfo(MyPage.java:22)
at pageObjects.MyPage.getEditaccinfo(MyPage.java:22)
at pageObjects.MyPage.getEditaccinfo(MyPage.java:22)
at pageObjects.MyPage.getEditaccinfo(MyPage.java:22)
at pageObjects.MyPage.getEditaccinfo(MyPage.java:22)
at pageObjects.MyPage.getEditaccinfo(MyPage.java:22)
at pageObjects.MyPage.getEditaccinfo(MyPage.java:22)
at pageObjects.MyPage.getEditaccinfo(MyPage.java:22)
at pageObjects.MyPage.getEditaccinfo(MyPage.java:22)
at pageObjects.MyPage.getEditaccinfo(MyPage.java:22)
at pageObjects.MyPage.getEditaccinfo(MyPage.java:22)
at pageObjects.MyPage.getEditaccinfo(MyPage.java:22)
at pageObjects.MyPage.getEditaccinfo(MyPage.java:22)
at pageObjects.MyPage.getEditaccinfo(MyPage.java:22)
at pageObjects.MyPage.getEditaccinfo(MyPage.java:22)
at pageObjects.MyPage.getEditaccinfo(MyPage.java:22)
at pageObjects.MyPage.getEditaccinfo(MyPage.java:22)
at pageObjects.MyPage.getEditaccinfo(MyPage.java:22)
at pageObjects.MyPage.getEditaccinfo(MyPage.java:22)
at pageObjects.MyPage.getEditaccinfo(MyPage.java:22)
at pageObjects.MyPage.getEditaccinfo(MyPage.java:22)
at pageObjects.MyPage.getEditaccinfo(MyPage.java:22)
at pageObjects.MyPage.getEditaccinfo(MyPage.java:22)
at pageObjects.MyPage.getEditaccinfo(MyPage.java:22)
at pageObjects.MyPage.getEditaccinfo(MyPage.java:22)
at pageObjects.MyPage.getEditaccinfo(MyPage.java:22)
at pageObjects.MyPage.getEditaccinfo(MyPage.java:22)
at pageObjects.MyPage.getEditaccinfo(MyPage.java:22)
at pageObjects.MyPage.getEditaccinfo(MyPage.java:22)
at pageObjects.MyPage.getEditaccinfo(MyPage.java:22)
at pageObjects.MyPage.getEditaccinfo(MyPage.java:22)
at pageObjects.MyPage.getEditaccinfo(MyPage.java:22)
at pageObjects.MyPage.getEditaccinfo(MyPage.java:22)
at pageObjects.MyPage.getEditaccinfo(MyPage.java:22)
at pageObjects.MyPage.getEditaccinfo(MyPage.java:22)
at pageObjects.MyPage.getEditaccinfo(MyPage.java:22)
at pageObjects.MyPage.getEditaccinfo(MyPage.java:22)
at pageObjects.MyPage.getEditaccinfo(MyPage.java:22)
at pageObjects.MyPage.getEditaccinfo(MyPage.java:22)
at pageObjects.MyPage.getEditaccinfo(MyPage.java:22)
at pageObjects.MyPage.getEditaccinfo(MyPage.java:22)
at pageObjects.MyPage.getEditaccinfo(MyPage.java:22)
at pageObjects.MyPage.getEditaccinfo(MyPage.java:22)
at pageObjects.MyPage.getEditaccinfo(MyPage.java:22)
at pageObjects.MyPage.getEditaccinfo(MyPage.java:22)
at pageObjects.MyPage.getEditaccinfo(MyPage.java:22)
at pageObjects.MyPage.getEditaccinfo(MyPage.java:22)
at pageObjects.MyPage.getEditaccinfo(MyPage.java:22)
at pageObjects.MyPage.getEditaccinfo(MyPage.java:22)
at pageObjects.MyPage.getEditaccinfo(MyPage.java:22)
at pageObjects.MyPage.getEditaccinfo(MyPage.java:22)
at pageObjects.MyPage.getEditaccinfo(MyPage.java:22)
at pageObjects.MyPage.getEditaccinfo(MyPage.java:22)
at pageObjects.MyPage.getEditaccinfo(MyPage.java:22)
at pageObjects.MyPage.getEditaccinfo(MyPage.java:22)
at pageObjects.MyPage.getEditaccinfo(MyPage.java:22)
at pageObjects.MyPage.getEditaccinfo(MyPage.java:22)
at pageObjects.MyPage.getEditaccinfo(MyPage.java:22)
at pageObjects.MyPage.getEditaccinfo(MyPage.java:22)
at pageObjects.MyPage.getEditaccinfo(MyPage.java:22)
at pageObjects.MyPage.getEditaccinfo(MyPage.java:22)
at pageObjects.MyPage.getEditaccinfo(MyPage.java:22)
at pageObjects.MyPage.getEditaccinfo(MyPage.java:22)
at pageObjects.MyPage.getEditaccinfo(MyPage.java:22)
at pageObjects.MyPage.getEditaccinfo(MyPage.java:22)
at pageObjects.MyPage.getEditaccinfo(MyPage.java:22)
at pageObjects.MyPage.getEditaccinfo(MyPage.java:22)
at pageObjects.MyPage.getEditaccinfo(MyPage.java:22)
at pageObjects.MyPage.getEditaccinfo(MyPage.java:22)
at pageObjects.MyPage.getEditaccinfo(MyPage.java:22)
at pageObjects.MyPage.getEditaccinfo(MyPage.java:22)
at pageObjects.MyPage.getEditaccinfo(MyPage.java:22)
at pageObjects.MyPage.getEditaccinfo(MyPage.java:22)
at pageObjects.MyPage.getEditaccinfo(MyPage.java:22)
at pageObjects.MyPage.getEditaccinfo(MyPage.java:22)
at pageObjects.MyPage.getEditaccinfo(MyPage.java:22)
at pageObjects.MyPage.getEditaccinfo(MyPage.java:22)
at pageObjects.MyPage.getEditaccinfo(MyPage.java:22)
at pageObjects.MyPage.getEditaccinfo(MyPage.java:22)
at pageObjects.MyPage.getEditaccinfo(MyPage.java:22)
at pageObjects.MyPage.getEditaccinfo(MyPage.java:22)
at pageObjects.MyPage.getEditaccinfo(MyPage.java:22)
at pageObjects.MyPage.getEditaccinfo(MyPage.java:22)
at pageObjects.MyPage.getEditaccinfo(MyPage.java:22)
at pageObjects.MyPage.getEditaccinfo(MyPage.java:22)
at pageObjects.MyPage.getEditaccinfo(MyPage.java:22)
at pageObjects.MyPage.getEditaccinfo(MyPage.java:22)
at pageObjects.MyPage.getEditaccinfo(MyPage.java:22)
at pageObjects.MyPage.getEditaccinfo(MyPage.java:22)
at pageObjects.MyPage.getEditaccinfo(MyPage.java:22)
at pageObjects.MyPage.getEditaccinfo(MyPage.java:22)
at pageObjects.MyPage.getEditaccinfo(MyPage.java:22)
at pageObjects.MyPage.getEditaccinfo(MyPage.java:22)
at pageObjects.MyPage.getEditaccinfo(MyPage.java:22)
at pageObjects.MyPage.getEditaccinfo(MyPage.java:22)
at pageObjects.MyPage.getEditaccinfo(MyPage.java:22)
at pageObjects.MyPage.getEditaccinfo(MyPage.java:22)
at pageObjects.MyPage.getEditaccinfo(MyPage.java:22)
at pageObjects.MyPage.getEditaccinfo(MyPage.java:22)
at pageObjects.MyPage.getEditaccinfo(MyPage.java:22)
at pageObjects.MyPage.getEditaccinfo(MyPage.java:22)
at pageObjects.MyPage.getEditaccinfo(MyPage.java:22)
at pageObjects.MyPage.getEditaccinfo(MyPage.java:22)
at pageObjects.MyPage.getEditaccinfo(MyPage.java:22)
at pageObjects.MyPage.getEditaccinfo(MyPage.java:22)
at pageObjects.MyPage.getEditaccinfo(MyPage.java:22)
at pageObjects.MyPage.getEditaccinfo(MyPage.java:22)
at pageObjects.MyPage.getEditaccinfo(MyPage.java:22)
at pageObjects.MyPage.getEditaccinfo(MyPage.java:22)
at pageObjects.MyPage.getEditaccinfo(MyPage.java:22)
at pageObjects.MyPage.getEditaccinfo(MyPage.java:22)
at pageObjects.MyPage.getEditaccinfo(MyPage.java:22)
at pageObjects.MyPage.getEditaccinfo(MyPage.java:22)
at pageObjects.MyPage.getEditaccinfo(MyPage.java:22)
at pageObjects.MyPage.getEditaccinfo(MyPage.java:22)
at pageObjects.MyPage.getEditaccinfo(MyPage.java:22)
at pageObjects.MyPage.getEditaccinfo(MyPage.java:22)
at pageObjects.MyPage.getEditaccinfo(MyPage.java:22)
at pageObjects.MyPage.getEditaccinfo(MyPage.java:22)
at pageObjects.MyPage.getEditaccinfo(MyPage.java:22)
at pageObjects.MyPage.getEditaccinfo(MyPage.java:22)
at pageObjects.MyPage.getEditaccinfo(MyPage.java:22)
at pageObjects.MyPage.getEditaccinfo(MyPage.java:22)
at pageObjects.MyPage.getEditaccinfo(MyPage.java:22)
at pageObjects.MyPage.getEditaccinfo(MyPage.java:22)
at pageObjects.MyPage.getEditaccinfo(MyPage.java:22)
at pageObjects.MyPage.getEditaccinfo(MyPage.java:22)
at pageObjects.MyPage.getEditaccinfo(MyPage.java:22)
at pageObjects.MyPage.getEditaccinfo(MyPage.java:22)
at pageObjects.MyPage.getEditaccinfo(MyPage.java:22)
at pageObjects.MyPage.getEditaccinfo(MyPage.java:22)
at pageObjects.MyPage.getEditaccinfo(MyPage.java:22)
at pageObjects.MyPage.getEditaccinfo(MyPage.java:22)
at pageObjects.MyPage.getEditaccinfo(MyPage.java:22)
at pageObjects.MyPage.getEditaccinfo(MyPage.java:22)
at pageObjects.MyPage.getEditaccinfo(MyPage.java:22)
at pageObjects.MyPage.getEditaccinfo(MyPage.java:22)
at pageObjects.MyPage.getEditaccinfo(MyPage.java:22)
at pageObjects.MyPage.getEditaccinfo(MyPage.java:22)
at pageObjects.MyPage.getEditaccinfo(MyPage.java:22)
at pageObjects.MyPage.getEditaccinfo(MyPage.java:22)
at pageObjects.MyPage.getEditaccinfo(MyPage.java:22)
at pageObjects.MyPage.getEditaccinfo(MyPage.java:22)
at pageObjects.MyPage.getEditaccinfo(MyPage.java:22)
at pageObjects.MyPage.getEditaccinfo(MyPage.java:22)
at pageObjects.MyPage.getEditaccinfo(MyPage.java:22)
at pageObjects.MyPage.getEditaccinfo(MyPage.java:22)
at pageObjects.MyPage.getEditaccinfo(MyPage.java:22)
at pageObjects.MyPage.getEditaccinfo(MyPage.java:22)
at pageObjects.MyPage.getEditaccinfo(MyPage.java:22)
at pageObjects.MyPage.getEditaccinfo(MyPage.java:22)
at pageObjects.MyPage.getEditaccinfo(MyPage.java:22)
at pageObjects.MyPage.getEditaccinfo(MyPage.java:22)
at pageObjects.MyPage.getEditaccinfo(MyPage.java:22)
at pageObjects.MyPage.getEditaccinfo(MyPage.java:22)
at pageObjects.MyPage.getEditaccinfo(MyPage.java:22)
at pageObjects.MyPage.getEditaccinfo(MyPage.java:22)
at pageObjects.MyPage.getEditaccinfo(MyPage.java:22)
at pageObjects.MyPage.getEditaccinfo(MyPage.java:22)
at pageObjects.MyPage.getEditaccinfo(MyPage.java:22)
at pageObjects.MyPage.getEditaccinfo(MyPage.java:22)
at pageObjects.MyPage.getEditaccinfo(MyPage.java:22)
at pageObjects.MyPage.getEditaccinfo(MyPage.java:22)
at pageObjects.MyPage.getEditaccinfo(MyPage.java:22)
at pageObjects.MyPage.getEditaccinfo(MyPage.java:22)
at pageObjects.MyPage.getEditaccinfo(MyPage.java:22)
at pageObjects.MyPage.getEditaccinfo(MyPage.java:22)
at pageObjects.MyPage.getEditaccinfo(MyPage.java:22)
at pageObjects.MyPage.getEditaccinfo(MyPage.java:22)
at pageObjects.MyPage.getEditaccinfo(MyPage.java:22)
at pageObjects.MyPage.getEditaccinfo(MyPage.java:22)
at pageObjects.MyPage.getEditaccinfo(MyPage.java:22)
at pageObjects.MyPage.getEditaccinfo(MyPage.java:22)
at pageObjects.MyPage.getEditaccinfo(MyPage.java:22)
at pageObjects.MyPage.getEditaccinfo(MyPage.java:22)
at pageObjects.MyPage.getEditaccinfo(MyPage.java:22)
at pageObjects.MyPage.getEditaccinfo(MyPage.java:22)
at pageObjects.MyPage.getEditaccinfo(MyPage.java:22)
at pageObjects.MyPage.getEditaccinfo(MyPage.java:22)
at pageObjects.MyPage.getEditaccinfo(MyPage.java:22)
at pageObjects.MyPage.getEditaccinfo(MyPage.java:22)
at pageObjects.MyPage.getEditaccinfo(MyPage.java:22)
at pageObjects.MyPage.getEditaccinfo(MyPage.java:22)
at pageObjects.MyPage.getEditaccinfo(MyPage.java:22)
at pageObjects.MyPage.getEditaccinfo(MyPage.java:22)
at pageObjects.MyPage.getEditaccinfo(MyPage.java:22)
at pageObjects.MyPage.getEditaccinfo(MyPage.java:22)
at pageObjects.MyPage.getEditaccinfo(MyPage.java:22)
at pageObjects.MyPage.getEditaccinfo(MyPage.java:22)
at pageObjects.MyPage.getEditaccinfo(MyPage.java:22)
at pageObjects.MyPage.getEditaccinfo(MyPage.java:22)
at pageObjects.MyPage.getEditaccinfo(MyPage.java:22)
at pageObjects.MyPage.getEditaccinfo(MyPage.java:22)
at pageObjects.MyPage.getEditaccinfo(MyPage.java:22)
at pageObjects.MyPage.getEditaccinfo(MyPage.java:22)
at pageObjects.MyPage.getEditaccinfo(MyPage.java:22)
at pageObjects.MyPage.getEditaccinfo(MyPage.java:22)
at pageObjects.MyPage.getEditaccinfo(MyPage.java:22)
at pageObjects.MyPage.getEditaccinfo(MyPage.java:22)
at pageObjects.MyPage.getEditaccinfo(MyPage.java:22)
at pageObjects.MyPage.getEditaccinfo(MyPage.java:22)
at pageObjects.MyPage.getEditaccinfo(MyPage.java:22)
at pageObjects.MyPage.getEditaccinfo(MyPage.java:22)
at pageObjects.MyPage.getEditaccinfo(MyPage.java:22)
at pageObjects.MyPage.getEditaccinfo(MyPage.java:22)
at pageObjects.MyPage.getEditaccinfo(MyPage.java:22)
at pageObjects.MyPage.getEditaccinfo(MyPage.java:22)
at pageObjects.MyPage.getEditaccinfo(MyPage.java:22)
at pageObjects.MyPage.getEditaccinfo(MyPage.java:22)
at pageObjects.MyPage.getEditaccinfo(MyPage.java:22)
]]>
    </error>
  </testcase> <!-- login -->
  <system-out/>
  <testcase classname="Tests.TC_LoginTest_001" name="SubmitButtonWithoutData" time="18.341">
    <error type="java.lang.StackOverflowError">
      <![CDATA[java.lang.StackOverflowError
at pageObjects.MyPage.getEditaccinfo(MyPage.java:22)
at pageObjects.MyPage.getEditaccinfo(MyPage.java:22)
at pageObjects.MyPage.getEditaccinfo(MyPage.java:22)
at pageObjects.MyPage.getEditaccinfo(MyPage.java:22)
at pageObjects.MyPage.getEditaccinfo(MyPage.java:22)
at pageObjects.MyPage.getEditaccinfo(MyPage.java:22)
at pageObjects.MyPage.getEditaccinfo(MyPage.java:22)
at pageObjects.MyPage.getEditaccinfo(MyPage.java:22)
at pageObjects.MyPage.getEditaccinfo(MyPage.java:22)
at pageObjects.MyPage.getEditaccinfo(MyPage.java:22)
at pageObjects.MyPage.getEditaccinfo(MyPage.java:22)
at pageObjects.MyPage.getEditaccinfo(MyPage.java:22)
at pageObjects.MyPage.getEditaccinfo(MyPage.java:22)
at pageObjects.MyPage.getEditaccinfo(MyPage.java:22)
at pageObjects.MyPage.getEditaccinfo(MyPage.java:22)
at pageObjects.MyPage.getEditaccinfo(MyPage.java:22)
at pageObjects.MyPage.getEditaccinfo(MyPage.java:22)
at pageObjects.MyPage.getEditaccinfo(MyPage.java:22)
at pageObjects.MyPage.getEditaccinfo(MyPage.java:22)
at pageObjects.MyPage.getEditaccinfo(MyPage.java:22)
at pageObjects.MyPage.getEditaccinfo(MyPage.java:22)
at pageObjects.MyPage.getEditaccinfo(MyPage.java:22)
at pageObjects.MyPage.getEditaccinfo(MyPage.java:22)
at pageObjects.MyPage.getEditaccinfo(MyPage.java:22)
at pageObjects.MyPage.getEditaccinfo(MyPage.java:22)
at pageObjects.MyPage.getEditaccinfo(MyPage.java:22)
at pageObjects.MyPage.getEditaccinfo(MyPage.java:22)
at pageObjects.MyPage.getEditaccinfo(MyPage.java:22)
at pageObjects.MyPage.getEditaccinfo(MyPage.java:22)
at pageObjects.MyPage.getEditaccinfo(MyPage.java:22)
at pageObjects.MyPage.getEditaccinfo(MyPage.java:22)
at pageObjects.MyPage.getEditaccinfo(MyPage.java:22)
at pageObjects.MyPage.getEditaccinfo(MyPage.java:22)
at pageObjects.MyPage.getEditaccinfo(MyPage.java:22)
at pageObjects.MyPage.getEditaccinfo(MyPage.java:22)
at pageObjects.MyPage.getEditaccinfo(MyPage.java:22)
at pageObjects.MyPage.getEditaccinfo(MyPage.java:22)
at pageObjects.MyPage.getEditaccinfo(MyPage.java:22)
at pageObjects.MyPage.getEditaccinfo(MyPage.java:22)
at pageObjects.MyPage.getEditaccinfo(MyPage.java:22)
at pageObjects.MyPage.getEditaccinfo(MyPage.java:22)
at pageObjects.MyPage.getEditaccinfo(MyPage.java:22)
at pageObjects.MyPage.getEditaccinfo(MyPage.java:22)
at pageObjects.MyPage.getEditaccinfo(MyPage.java:22)
at pageObjects.MyPage.getEditaccinfo(MyPage.java:22)
at pageObjects.MyPage.getEditaccinfo(MyPage.java:22)
at pageObjects.MyPage.getEditaccinfo(MyPage.java:22)
at pageObjects.MyPage.getEditaccinfo(MyPage.java:22)
at pageObjects.MyPage.getEditaccinfo(MyPage.java:22)
at pageObjects.MyPage.getEditaccinfo(MyPage.java:22)
at pageObjects.MyPage.getEditaccinfo(MyPage.java:22)
at pageObjects.MyPage.getEditaccinfo(MyPage.java:22)
at pageObjects.MyPage.getEditaccinfo(MyPage.java:22)
at pageObjects.MyPage.getEditaccinfo(MyPage.java:22)
at pageObjects.MyPage.getEditaccinfo(MyPage.java:22)
at pageObjects.MyPage.getEditaccinfo(MyPage.java:22)
at pageObjects.MyPage.getEditaccinfo(MyPage.java:22)
at pageObjects.MyPage.getEditaccinfo(MyPage.java:22)
at pageObjects.MyPage.getEditaccinfo(MyPage.java:22)
at pageObjects.MyPage.getEditaccinfo(MyPage.java:22)
at pageObjects.MyPage.getEditaccinfo(MyPage.java:22)
at pageObjects.MyPage.getEditaccinfo(MyPage.java:22)
at pageObjects.MyPage.getEditaccinfo(MyPage.java:22)
at pageObjects.MyPage.getEditaccinfo(MyPage.java:22)
at pageObjects.MyPage.getEditaccinfo(MyPage.java:22)
at pageObjects.MyPage.getEditaccinfo(MyPage.java:22)
at pageObjects.MyPage.getEditaccinfo(MyPage.java:22)
at pageObjects.MyPage.getEditaccinfo(MyPage.java:22)
at pageObjects.MyPage.getEditaccinfo(MyPage.java:22)
at pageObjects.MyPage.getEditaccinfo(MyPage.java:22)
at pageObjects.MyPage.getEditaccinfo(MyPage.java:22)
at pageObjects.MyPage.getEditaccinfo(MyPage.java:22)
at pageObjects.MyPage.getEditaccinfo(MyPage.java:22)
at pageObjects.MyPage.getEditaccinfo(MyPage.java:22)
at pageObjects.MyPage.getEditaccinfo(MyPage.java:22)
at pageObjects.MyPage.getEditaccinfo(MyPage.java:22)
at pageObjects.MyPage.getEditaccinfo(MyPage.java:22)
at pageObjects.MyPage.getEditaccinfo(MyPage.java:22)
at pageObjects.MyPage.getEditaccinfo(MyPage.java:22)
at pageObjects.MyPage.getEditaccinfo(MyPage.java:22)
at pageObjects.MyPage.getEditaccinfo(MyPage.java:22)
at pageObjects.MyPage.getEditaccinfo(MyPage.java:22)
at pageObjects.MyPage.getEditaccinfo(MyPage.java:22)
at pageObjects.MyPage.getEditaccinfo(MyPage.java:22)
at pageObjects.MyPage.getEditaccinfo(MyPage.java:22)
at pageObjects.MyPage.getEditaccinfo(MyPage.java:22)
at pageObjects.MyPage.getEditaccinfo(MyPage.java:22)
at pageObjects.MyPage.getEditaccinfo(MyPage.java:22)
at pageObjects.MyPage.getEditaccinfo(MyPage.java:22)
at pageObjects.MyPage.getEditaccinfo(MyPage.java:22)
at pageObjects.MyPage.getEditaccinfo(MyPage.java:22)
at pageObjects.MyPage.getEditaccinfo(MyPage.java:22)
at pageObjects.MyPage.getEditaccinfo(MyPage.java:22)
at pageObjects.MyPage.getEditaccinfo(MyPage.java:22)
at pageObjects.MyPage.getEditaccinfo(MyPage.java:22)
at pageObjects.MyPage.getEditaccinfo(MyPage.java:22)
at pageObjects.MyPage.getEditaccinfo(MyPage.java:22)
at pageObjects.MyPage.getEditaccinfo(MyPage.java:22)
at pageObjects.MyPage.getEditaccinfo(MyPage.java:22)
at pageObjects.MyPage.getEditaccinfo(MyPage.java:22)
at pageObjects.MyPage.getEditaccinfo(MyPage.java:22)
at pageObjects.MyPage.getEditaccinfo(MyPage.java:22)
at pageObjects.MyPage.getEditaccinfo(MyPage.java:22)
at pageObjects.MyPage.getEditaccinfo(MyPage.java:22)
at pageObjects.MyPage.getEditaccinfo(MyPage.java:22)
at pageObjects.MyPage.getEditaccinfo(MyPage.java:22)
at pageObjects.MyPage.getEditaccinfo(MyPage.java:22)
at pageObjects.MyPage.getEditaccinfo(MyPage.java:22)
at pageObjects.MyPage.getEditaccinfo(MyPage.java:22)
at pageObjects.MyPage.getEditaccinfo(MyPage.java:22)
at pageObjects.MyPage.getEditaccinfo(MyPage.java:22)
at pageObjects.MyPage.getEditaccinfo(MyPage.java:22)
at pageObjects.MyPage.getEditaccinfo(MyPage.java:22)
at pageObjects.MyPage.getEditaccinfo(MyPage.java:22)
at pageObjects.MyPage.getEditaccinfo(MyPage.java:22)
at pageObjects.MyPage.getEditaccinfo(MyPage.java:22)
at pageObjects.MyPage.getEditaccinfo(MyPage.java:22)
at pageObjects.MyPage.getEditaccinfo(MyPage.java:22)
at pageObjects.MyPage.getEditaccinfo(MyPage.java:22)
at pageObjects.MyPage.getEditaccinfo(MyPage.java:22)
at pageObjects.MyPage.getEditaccinfo(MyPage.java:22)
at pageObjects.MyPage.getEditaccinfo(MyPage.java:22)
at pageObjects.MyPage.getEditaccinfo(MyPage.java:22)
at pageObjects.MyPage.getEditaccinfo(MyPage.java:22)
at pageObjects.MyPage.getEditaccinfo(MyPage.java:22)
at pageObjects.MyPage.getEditaccinfo(MyPage.java:22)
at pageObjects.MyPage.getEditaccinfo(MyPage.java:22)
at pageObjects.MyPage.getEditaccinfo(MyPage.java:22)
at pageObjects.MyPage.getEditaccinfo(MyPage.java:22)
at pageObjects.MyPage.getEditaccinfo(MyPage.java:22)
at pageObjects.MyPage.getEditaccinfo(MyPage.java:22)
at pageObjects.MyPage.getEditaccinfo(MyPage.java:22)
at pageObjects.MyPage.getEditaccinfo(MyPage.java:22)
at pageObjects.MyPage.getEditaccinfo(MyPage.java:22)
at pageObjects.MyPage.getEditaccinfo(MyPage.java:22)
at pageObjects.MyPage.getEditaccinfo(MyPage.java:22)
at pageObjects.MyPage.getEditaccinfo(MyPage.java:22)
at pageObjects.MyPage.getEditaccinfo(MyPage.java:22)
at pageObjects.MyPage.getEditaccinfo(MyPage.java:22)
at pageObjects.MyPage.getEditaccinfo(MyPage.java:22)
at pageObjects.MyPage.getEditaccinfo(MyPage.java:22)
at pageObjects.MyPage.getEditaccinfo(MyPage.java:22)
at pageObjects.MyPage.getEditaccinfo(MyPage.java:22)
at pageObjects.MyPage.getEditaccinfo(MyPage.java:22)
at pageObjects.MyPage.getEditaccinfo(MyPage.java:22)
at pageObjects.MyPage.getEditaccinfo(MyPage.java:22)
at pageObjects.MyPage.getEditaccinfo(MyPage.java:22)
at pageObjects.MyPage.getEditaccinfo(MyPage.java:22)
at pageObjects.MyPage.getEditaccinfo(MyPage.java:22)
at pageObjects.MyPage.getEditaccinfo(MyPage.java:22)
at pageObjects.MyPage.getEditaccinfo(MyPage.java:22)
at pageObjects.MyPage.getEditaccinfo(MyPage.java:22)
at pageObjects.MyPage.getEditaccinfo(MyPage.java:22)
at pageObjects.MyPage.getEditaccinfo(MyPage.java:22)
at pageObjects.MyPage.getEditaccinfo(MyPage.java:22)
at pageObjects.MyPage.getEditaccinfo(MyPage.java:22)
at pageObjects.MyPage.getEditaccinfo(MyPage.java:22)
at pageObjects.MyPage.getEditaccinfo(MyPage.java:22)
at pageObjects.MyPage.getEditaccinfo(MyPage.java:22)
at pageObjects.MyPage.getEditaccinfo(MyPage.java:22)
at pageObjects.MyPage.getEditaccinfo(MyPage.java:22)
at pageObjects.MyPage.getEditaccinfo(MyPage.java:22)
at pageObjects.MyPage.getEditaccinfo(MyPage.java:22)
at pageObjects.MyPage.getEditaccinfo(MyPage.java:22)
at pageObjects.MyPage.getEditaccinfo(MyPage.java:22)
at pageObjects.MyPage.getEditaccinfo(MyPage.java:22)
at pageObjects.MyPage.getEditaccinfo(MyPage.java:22)
at pageObjects.MyPage.getEditaccinfo(MyPage.java:22)
at pageObjects.MyPage.getEditaccinfo(MyPage.java:22)
at pageObjects.MyPage.getEditaccinfo(MyPage.java:22)
at pageObjects.MyPage.getEditaccinfo(MyPage.java:22)
at pageObjects.MyPage.getEditaccinfo(MyPage.java:22)
at pageObjects.MyPage.getEditaccinfo(MyPage.java:22)
at pageObjects.MyPage.getEditaccinfo(MyPage.java:22)
at pageObjects.MyPage.getEditaccinfo(MyPage.java:22)
at pageObjects.MyPage.getEditaccinfo(MyPage.java:22)
at pageObjects.MyPage.getEditaccinfo(MyPage.java:22)
at pageObjects.MyPage.getEditaccinfo(MyPage.java:22)
at pageObjects.MyPage.getEditaccinfo(MyPage.java:22)
at pageObjects.MyPage.getEditaccinfo(MyPage.java:22)
at pageObjects.MyPage.getEditaccinfo(MyPage.java:22)
at pageObjects.MyPage.getEditaccinfo(MyPage.java:22)
at pageObjects.MyPage.getEditaccinfo(MyPage.java:22)
at pageObjects.MyPage.getEditaccinfo(MyPage.java:22)
at pageObjects.MyPage.getEditaccinfo(MyPage.java:22)
at pageObjects.MyPage.getEditaccinfo(MyPage.java:22)
at pageObjects.MyPage.getEditaccinfo(MyPage.java:22)
at pageObjects.MyPage.getEditaccinfo(MyPage.java:22)
at pageObjects.MyPage.getEditaccinfo(MyPage.java:22)
at pageObjects.MyPage.getEditaccinfo(MyPage.java:22)
at pageObjects.MyPage.getEditaccinfo(MyPage.java:22)
at pageObjects.MyPage.getEditaccinfo(MyPage.java:22)
at pageObjects.MyPage.getEditaccinfo(MyPage.java:22)
at pageObjects.MyPage.getEditaccinfo(MyPage.java:22)
at pageObjects.MyPage.getEditaccinfo(MyPage.java:22)
at pageObjects.MyPage.getEditaccinfo(MyPage.java:22)
at pageObjects.MyPage.getEditaccinfo(MyPage.java:22)
at pageObjects.MyPage.getEditaccinfo(MyPage.java:22)
at pageObjects.MyPage.getEditaccinfo(MyPage.java:22)
at pageObjects.MyPage.getEditaccinfo(MyPage.java:22)
at pageObjects.MyPage.getEditaccinfo(MyPage.java:22)
at pageObjects.MyPage.getEditaccinfo(MyPage.java:22)
at pageObjects.MyPage.getEditaccinfo(MyPage.java:22)
at pageObjects.MyPage.getEditaccinfo(MyPage.java:22)
at pageObjects.MyPage.getEditaccinfo(MyPage.java:22)
at pageObjects.MyPage.getEditaccinfo(MyPage.java:22)
at pageObjects.MyPage.getEditaccinfo(MyPage.java:22)
at pageObjects.MyPage.getEditaccinfo(MyPage.java:22)
at pageObjects.MyPage.getEditaccinfo(MyPage.java:22)
at pageObjects.MyPage.getEditaccinfo(MyPage.java:22)
at pageObjects.MyPage.getEditaccinfo(MyPage.java:22)
at pageObjects.MyPage.getEditaccinfo(MyPage.java:22)
at pageObjects.MyPage.getEditaccinfo(MyPage.java:22)
at pageObjects.MyPage.getEditaccinfo(MyPage.java:22)
at pageObjects.MyPage.getEditaccinfo(MyPage.java:22)
at pageObjects.MyPage.getEditaccinfo(MyPage.java:22)
at pageObjects.MyPage.getEditaccinfo(MyPage.java:22)
at pageObjects.MyPage.getEditaccinfo(MyPage.java:22)
at pageObjects.MyPage.getEditaccinfo(MyPage.java:22)
at pageObjects.MyPage.getEditaccinfo(MyPage.java:22)
at pageObjects.MyPage.getEditaccinfo(MyPage.java:22)
at pageObjects.MyPage.getEditaccinfo(MyPage.java:22)
at pageObjects.MyPage.getEditaccinfo(MyPage.java:22)
at pageObjects.MyPage.getEditaccinfo(MyPage.java:22)
at pageObjects.MyPage.getEditaccinfo(MyPage.java:22)
at pageObjects.MyPage.getEditaccinfo(MyPage.java:22)
at pageObjects.MyPage.getEditaccinfo(MyPage.java:22)
at pageObjects.MyPage.getEditaccinfo(MyPage.java:22)
at pageObjects.MyPage.getEditaccinfo(MyPage.java:22)
at pageObjects.MyPage.getEditaccinfo(MyPage.java:22)
at pageObjects.MyPage.getEditaccinfo(MyPage.java:22)
at pageObjects.MyPage.getEditaccinfo(MyPage.java:22)
at pageObjects.MyPage.getEditaccinfo(MyPage.java:22)
at pageObjects.MyPage.getEditaccinfo(MyPage.java:22)
at pageObjects.MyPage.getEditaccinfo(MyPage.java:22)
at pageObjects.MyPage.getEditaccinfo(MyPage.java:22)
at pageObjects.MyPage.getEditaccinfo(MyPage.java:22)
at pageObjects.MyPage.getEditaccinfo(MyPage.java:22)
at pageObjects.MyPage.getEditaccinfo(MyPage.java:22)
at pageObjects.MyPage.getEditaccinfo(MyPage.java:22)
at pageObjects.MyPage.getEditaccinfo(MyPage.java:22)
at pageObjects.MyPage.getEditaccinfo(MyPage.java:22)
at pageObjects.MyPage.getEditaccinfo(MyPage.java:22)
at pageObjects.MyPage.getEditaccinfo(MyPage.java:22)
at pageObjects.MyPage.getEditaccinfo(MyPage.java:22)
at pageObjects.MyPage.getEditaccinfo(MyPage.java:22)
at pageObjects.MyPage.getEditaccinfo(MyPage.java:22)
at pageObjects.MyPage.getEditaccinfo(MyPage.java:22)
at pageObjects.MyPage.getEditaccinfo(MyPage.java:22)
at pageObjects.MyPage.getEditaccinfo(MyPage.java:22)
at pageObjects.MyPage.getEditaccinfo(MyPage.java:22)
at pageObjects.MyPage.getEditaccinfo(MyPage.java:22)
at pageObjects.MyPage.getEditaccinfo(MyPage.java:22)
at pageObjects.MyPage.getEditaccinfo(MyPage.java:22)
at pageObjects.MyPage.getEditaccinfo(MyPage.java:22)
at pageObjects.MyPage.getEditaccinfo(MyPage.java:22)
at pageObjects.MyPage.getEditaccinfo(MyPage.java:22)
at pageObjects.MyPage.getEditaccinfo(MyPage.java:22)
at pageObjects.MyPage.getEditaccinfo(MyPage.java:22)
at pageObjects.MyPage.getEditaccinfo(MyPage.java:22)
at pageObjects.MyPage.getEditaccinfo(MyPage.java:22)
at pageObjects.MyPage.getEditaccinfo(MyPage.java:22)
at pageObjects.MyPage.getEditaccinfo(MyPage.java:22)
at pageObjects.MyPage.getEditaccinfo(MyPage.java:22)
at pageObjects.MyPage.getEditaccinfo(MyPage.java:22)
at pageObjects.MyPage.getEditaccinfo(MyPage.java:22)
at pageObjects.MyPage.getEditaccinfo(MyPage.java:22)
at pageObjects.MyPage.getEditaccinfo(MyPage.java:22)
at pageObjects.MyPage.getEditaccinfo(MyPage.java:22)
at pageObjects.MyPage.getEditaccinfo(MyPage.java:22)
at pageObjects.MyPage.getEditaccinfo(MyPage.java:22)
at pageObjects.MyPage.getEditaccinfo(MyPage.java:22)
at pageObjects.MyPage.getEditaccinfo(MyPage.java:22)
at pageObjects.MyPage.getEditaccinfo(MyPage.java:22)
at pageObjects.MyPage.getEditaccinfo(MyPage.java:22)
at pageObjects.MyPage.getEditaccinfo(MyPage.java:22)
at pageObjects.MyPage.getEditaccinfo(MyPage.java:22)
at pageObjects.MyPage.getEditaccinfo(MyPage.java:22)
at pageObjects.MyPage.getEditaccinfo(MyPage.java:22)
at pageObjects.MyPage.getEditaccinfo(MyPage.java:22)
at pageObjects.MyPage.getEditaccinfo(MyPage.java:22)
at pageObjects.MyPage.getEditaccinfo(MyPage.java:22)
at pageObjects.MyPage.getEditaccinfo(MyPage.java:22)
at pageObjects.MyPage.getEditaccinfo(MyPage.java:22)
at pageObjects.MyPage.getEditaccinfo(MyPage.java:22)
at pageObjects.MyPage.getEditaccinfo(MyPage.java:22)
at pageObjects.MyPage.getEditaccinfo(MyPage.java:22)
at pageObjects.MyPage.getEditaccinfo(MyPage.java:22)
at pageObjects.MyPage.getEditaccinfo(MyPage.java:22)
at pageObjects.MyPage.getEditaccinfo(MyPage.java:22)
at pageObjects.MyPage.getEditaccinfo(MyPage.java:22)
at pageObjects.MyPage.getEditaccinfo(MyPage.java:22)
at pageObjects.MyPage.getEditaccinfo(MyPage.java:22)
at pageObjects.MyPage.getEditaccinfo(MyPage.java:22)
at pageObjects.MyPage.getEditaccinfo(MyPage.java:22)
at pageObjects.MyPage.getEditaccinfo(MyPage.java:22)
at pageObjects.MyPage.getEditaccinfo(MyPage.java:22)
at pageObjects.MyPage.getEditaccinfo(MyPage.java:22)
at pageObjects.MyPage.getEditaccinfo(MyPage.java:22)
at pageObjects.MyPage.getEditaccinfo(MyPage.java:22)
at pageObjects.MyPage.getEditaccinfo(MyPage.java:22)
at pageObjects.MyPage.getEditaccinfo(MyPage.java:22)
at pageObjects.MyPage.getEditaccinfo(MyPage.java:22)
at pageObjects.MyPage.getEditaccinfo(MyPage.java:22)
at pageObjects.MyPage.getEditaccinfo(MyPage.java:22)
at pageObjects.MyPage.getEditaccinfo(MyPage.java:22)
at pageObjects.MyPage.getEditaccinfo(MyPage.java:22)
at pageObjects.MyPage.getEditaccinfo(MyPage.java:22)
at pageObjects.MyPage.getEditaccinfo(MyPage.java:22)
at pageObjects.MyPage.getEditaccinfo(MyPage.java:22)
at pageObjects.MyPage.getEditaccinfo(MyPage.java:22)
at pageObjects.MyPage.getEditaccinfo(MyPage.java:22)
at pageObjects.MyPage.getEditaccinfo(MyPage.java:22)
at pageObjects.MyPage.getEditaccinfo(MyPage.java:22)
at pageObjects.MyPage.getEditaccinfo(MyPage.java:22)
at pageObjects.MyPage.getEditaccinfo(MyPage.java:22)
at pageObjects.MyPage.getEditaccinfo(MyPage.java:22)
at pageObjects.MyPage.getEditaccinfo(MyPage.java:22)
at pageObjects.MyPage.getEditaccinfo(MyPage.java:22)
at pageObjects.MyPage.getEditaccinfo(MyPage.java:22)
at pageObjects.MyPage.getEditaccinfo(MyPage.java:22)
at pageObjects.MyPage.getEditaccinfo(MyPage.java:22)
at pageObjects.MyPage.getEditaccinfo(MyPage.java:22)
at pageObjects.MyPage.getEditaccinfo(MyPage.java:22)
at pageObjects.MyPage.getEditaccinfo(MyPage.java:22)
at pageObjects.MyPage.getEditaccinfo(MyPage.java:22)
at pageObjects.MyPage.getEditaccinfo(MyPage.java:22)
at pageObjects.MyPage.getEditaccinfo(MyPage.java:22)
at pageObjects.MyPage.getEditaccinfo(MyPage.java:22)
at pageObjects.MyPage.getEditaccinfo(MyPage.java:22)
at pageObjects.MyPage.getEditaccinfo(MyPage.java:22)
at pageObjects.MyPage.getEditaccinfo(MyPage.java:22)
at pageObjects.MyPage.getEditaccinfo(MyPage.java:22)
at pageObjects.MyPage.getEditaccinfo(MyPage.java:22)
at pageObjects.MyPage.getEditaccinfo(MyPage.java:22)
at pageObjects.MyPage.getEditaccinfo(MyPage.java:22)
at pageObjects.MyPage.getEditaccinfo(MyPage.java:22)
at pageObjects.MyPage.getEditaccinfo(MyPage.java:22)
at pageObjects.MyPage.getEditaccinfo(MyPage.java:22)
at pageObjects.MyPage.getEditaccinfo(MyPage.java:22)
at pageObjects.MyPage.getEditaccinfo(MyPage.java:22)
at pageObjects.MyPage.getEditaccinfo(MyPage.java:22)
at pageObjects.MyPage.getEditaccinfo(MyPage.java:22)
at pageObjects.MyPage.getEditaccinfo(MyPage.java:22)
at pageObjects.MyPage.getEditaccinfo(MyPage.java:22)
at pageObjects.MyPage.getEditaccinfo(MyPage.java:22)
at pageObjects.MyPage.getEditaccinfo(MyPage.java:22)
at pageObjects.MyPage.getEditaccinfo(MyPage.java:22)
at pageObjects.MyPage.getEditaccinfo(MyPage.java:22)
at pageObjects.MyPage.getEditaccinfo(MyPage.java:22)
at pageObjects.MyPage.getEditaccinfo(MyPage.java:22)
at pageObjects.MyPage.getEditaccinfo(MyPage.java:22)
at pageObjects.MyPage.getEditaccinfo(MyPage.java:22)
at pageObjects.MyPage.getEditaccinfo(MyPage.java:22)
at pageObjects.MyPage.getEditaccinfo(MyPage.java:22)
at pageObjects.MyPage.getEditaccinfo(MyPage.java:22)
at pageObjects.MyPage.getEditaccinfo(MyPage.java:22)
at pageObjects.MyPage.getEditaccinfo(MyPage.java:22)
at pageObjects.MyPage.getEditaccinfo(MyPage.java:22)
at pageObjects.MyPage.getEditaccinfo(MyPage.java:22)
at pageObjects.MyPage.getEditaccinfo(MyPage.java:22)
at pageObjects.MyPage.getEditaccinfo(MyPage.java:22)
at pageObjects.MyPage.getEditaccinfo(MyPage.java:22)
at pageObjects.MyPage.getEditaccinfo(MyPage.java:22)
at pageObjects.MyPage.getEditaccinfo(MyPage.java:22)
at pageObjects.MyPage.getEditaccinfo(MyPage.java:22)
at pageObjects.MyPage.getEditaccinfo(MyPage.java:22)
at pageObjects.MyPage.getEditaccinfo(MyPage.java:22)
at pageObjects.MyPage.getEditaccinfo(MyPage.java:22)
at pageObjects.MyPage.getEditaccinfo(MyPage.java:22)
at pageObjects.MyPage.getEditaccinfo(MyPage.java:22)
at pageObjects.MyPage.getEditaccinfo(MyPage.java:22)
at pageObjects.MyPage.getEditaccinfo(MyPage.java:22)
at pageObjects.MyPage.getEditaccinfo(MyPage.java:22)
at pageObjects.MyPage.getEditaccinfo(MyPage.java:22)
at pageObjects.MyPage.getEditaccinfo(MyPage.java:22)
at pageObjects.MyPage.getEditaccinfo(MyPage.java:22)
at pageObjects.MyPage.getEditaccinfo(MyPage.java:22)
at pageObjects.MyPage.getEditaccinfo(MyPage.java:22)
at pageObjects.MyPage.getEditaccinfo(MyPage.java:22)
at pageObjects.MyPage.getEditaccinfo(MyPage.java:22)
at pageObjects.MyPage.getEditaccinfo(MyPage.java:22)
at pageObjects.MyPage.getEditaccinfo(MyPage.java:22)
at pageObjects.MyPage.getEditaccinfo(MyPage.java:22)
at pageObjects.MyPage.getEditaccinfo(MyPage.java:22)
at pageObjects.MyPage.getEditaccinfo(MyPage.java:22)
at pageObjects.MyPage.getEditaccinfo(MyPage.java:22)
at pageObjects.MyPage.getEditaccinfo(MyPage.java:22)
at pageObjects.MyPage.getEditaccinfo(MyPage.java:22)
at pageObjects.MyPage.getEditaccinfo(MyPage.java:22)
at pageObjects.MyPage.getEditaccinfo(MyPage.java:22)
at pageObjects.MyPage.getEditaccinfo(MyPage.java:22)
at pageObjects.MyPage.getEditaccinfo(MyPage.java:22)
at pageObjects.MyPage.getEditaccinfo(MyPage.java:22)
at pageObjects.MyPage.getEditaccinfo(MyPage.java:22)
at pageObjects.MyPage.getEditaccinfo(MyPage.java:22)
at pageObjects.MyPage.getEditaccinfo(MyPage.java:22)
at pageObjects.MyPage.getEditaccinfo(MyPage.java:22)
at pageObjects.MyPage.getEditaccinfo(MyPage.java:22)
at pageObjects.MyPage.getEditaccinfo(MyPage.java:22)
at pageObjects.MyPage.getEditaccinfo(MyPage.java:22)
at pageObjects.MyPage.getEditaccinfo(MyPage.java:22)
at pageObjects.MyPage.getEditaccinfo(MyPage.java:22)
at pageObjects.MyPage.getEditaccinfo(MyPage.java:22)
at pageObjects.MyPage.getEditaccinfo(MyPage.java:22)
at pageObjects.MyPage.getEditaccinfo(MyPage.java:22)
at pageObjects.MyPage.getEditaccinfo(MyPage.java:22)
at pageObjects.MyPage.getEditaccinfo(MyPage.java:22)
at pageObjects.MyPage.getEditaccinfo(MyPage.java:22)
at pageObjects.MyPage.getEditaccinfo(MyPage.java:22)
at pageObjects.MyPage.getEditaccinfo(MyPage.java:22)
at pageObjects.MyPage.getEditaccinfo(MyPage.java:22)
at pageObjects.MyPage.getEditaccinfo(MyPage.java:22)
at pageObjects.MyPage.getEditaccinfo(MyPage.java:22)
at pageObjects.MyPage.getEditaccinfo(MyPage.java:22)
at pageObjects.MyPage.getEditaccinfo(MyPage.java:22)
at pageObjects.MyPage.getEditaccinfo(MyPage.java:22)
at pageObjects.MyPage.getEditaccinfo(MyPage.java:22)
at pageObjects.MyPage.getEditaccinfo(MyPage.java:22)
at pageObjects.MyPage.getEditaccinfo(MyPage.java:22)
at pageObjects.MyPage.getEditaccinfo(MyPage.java:22)
at pageObjects.MyPage.getEditaccinfo(MyPage.java:22)
at pageObjects.MyPage.getEditaccinfo(MyPage.java:22)
at pageObjects.MyPage.getEditaccinfo(MyPage.java:22)
at pageObjects.MyPage.getEditaccinfo(MyPage.java:22)
at pageObjects.MyPage.getEditaccinfo(MyPage.java:22)
at pageObjects.MyPage.getEditaccinfo(MyPage.java:22)
at pageObjects.MyPage.getEditaccinfo(MyPage.java:22)
at pageObjects.MyPage.getEditaccinfo(MyPage.java:22)
at pageObjects.MyPage.getEditaccinfo(MyPage.java:22)
at pageObjects.MyPage.getEditaccinfo(MyPage.java:22)
at pageObjects.MyPage.getEditaccinfo(MyPage.java:22)
at pageObjects.MyPage.getEditaccinfo(MyPage.java:22)
at pageObjects.MyPage.getEditaccinfo(MyPage.java:22)
at pageObjects.MyPage.getEditaccinfo(MyPage.java:22)
at pageObjects.MyPage.getEditaccinfo(MyPage.java:22)
at pageObjects.MyPage.getEditaccinfo(MyPage.java:22)
at pageObjects.MyPage.getEditaccinfo(MyPage.java:22)
at pageObjects.MyPage.getEditaccinfo(MyPage.java:22)
at pageObjects.MyPage.getEditaccinfo(MyPage.java:22)
at pageObjects.MyPage.getEditaccinfo(MyPage.java:22)
at pageObjects.MyPage.getEditaccinfo(MyPage.java:22)
at pageObjects.MyPage.getEditaccinfo(MyPage.java:22)
at pageObjects.MyPage.getEditaccinfo(MyPage.java:22)
at pageObjects.MyPage.getEditaccinfo(MyPage.java:22)
at pageObjects.MyPage.getEditaccinfo(MyPage.java:22)
at pageObjects.MyPage.getEditaccinfo(MyPage.java:22)
at pageObjects.MyPage.getEditaccinfo(MyPage.java:22)
at pageObjects.MyPage.getEditaccinfo(MyPage.java:22)
at pageObjects.MyPage.getEditaccinfo(MyPage.java:22)
at pageObjects.MyPage.getEditaccinfo(MyPage.java:22)
at pageObjects.MyPage.getEditaccinfo(MyPage.java:22)
at pageObjects.MyPage.getEditaccinfo(MyPage.java:22)
at pageObjects.MyPage.getEditaccinfo(MyPage.java:22)
at pageObjects.MyPage.getEditaccinfo(MyPage.java:22)
at pageObjects.MyPage.getEditaccinfo(MyPage.java:22)
at pageObjects.MyPage.getEditaccinfo(MyPage.java:22)
at pageObjects.MyPage.getEditaccinfo(MyPage.java:22)
at pageObjects.MyPage.getEditaccinfo(MyPage.java:22)
at pageObjects.MyPage.getEditaccinfo(MyPage.java:22)
at pageObjects.MyPage.getEditaccinfo(MyPage.java:22)
at pageObjects.MyPage.getEditaccinfo(MyPage.java:22)
at pageObjects.MyPage.getEditaccinfo(MyPage.java:22)
at pageObjects.MyPage.getEditaccinfo(MyPage.java:22)
at pageObjects.MyPage.getEditaccinfo(MyPage.java:22)
at pageObjects.MyPage.getEditaccinfo(MyPage.java:22)
at pageObjects.MyPage.getEditaccinfo(MyPage.java:22)
at pageObjects.MyPage.getEditaccinfo(MyPage.java:22)
at pageObjects.MyPage.getEditaccinfo(MyPage.java:22)
at pageObjects.MyPage.getEditaccinfo(MyPage.java:22)
at pageObjects.MyPage.getEditaccinfo(MyPage.java:22)
at pageObjects.MyPage.getEditaccinfo(MyPage.java:22)
[...]
at pageObjects.MyPage.getEditaccinfo(MyPage.java:22)
at pageObjects.MyPage.getEditaccinfo(MyPage.java:22)
at pageObjects.MyPage.getEditaccinfo(MyPage.java:22)
at pageObjects.MyPage.getEditaccinfo(MyPage.java:22)
at pageObjects.MyPage.getEditaccinfo(MyPage.java:22)
at pageObjects.MyPage.getEditaccinfo(MyPage.java:22)
at pageObjects.MyPage.getEditaccinfo(MyPage.java:22)
at pageObjects.MyPage.getEditaccinfo(MyPage.java:22)
at pageObjects.MyPage.getEditaccinfo(MyPage.java:22)
at pageObjects.MyPage.getEditaccinfo(MyPage.java:22)
at pageObjects.MyPage.getEditaccinfo(MyPage.java:22)
at pageObjects.MyPage.getEditaccinfo(MyPage.java:22)
at pageObjects.MyPage.getEditaccinfo(MyPage.java:22)
at pageObjects.MyPage.getEditaccinfo(MyPage.java:22)
at pageObjects.MyPage.getEditaccinfo(MyPage.java:22)
at pageObjects.MyPage.getEditaccinfo(MyPage.java:22)
at pageObjects.MyPage.getEditaccinfo(MyPage.java:22)
at pageObjects.MyPage.getEditaccinfo(MyPage.java:22)
at pageObjects.MyPage.getEditaccinfo(MyPage.java:22)
at pageObjects.MyPage.getEditaccinfo(MyPage.java:22)
at pageObjects.MyPage.getEditaccinfo(MyPage.java:22)
at pageObjects.MyPage.getEditaccinfo(MyPage.java:22)
at pageObjects.MyPage.getEditaccinfo(MyPage.java:22)
at pageObjects.MyPage.getEditaccinfo(MyPage.java:22)
at pageObjects.MyPage.getEditaccinfo(MyPage.java:22)
at pageObjects.MyPage.getEditaccinfo(MyPage.java:22)
at pageObjects.MyPage.getEditaccinfo(MyPage.java:22)
at pageObjects.MyPage.getEditaccinfo(MyPage.java:22)
at pageObjects.MyPage.getEditaccinfo(MyPage.java:22)
at pageObjects.MyPage.getEditaccinfo(MyPage.java:22)
at pageObjects.MyPage.getEditaccinfo(MyPage.java:22)
at pageObjects.MyPage.getEditaccinfo(MyPage.java:22)
at pageObjects.MyPage.getEditaccinfo(MyPage.java:22)
at pageObjects.MyPage.getEditaccinfo(MyPage.java:22)
at pageObjects.MyPage.getEditaccinfo(MyPage.java:22)
at pageObjects.MyPage.getEditaccinfo(MyPage.java:22)
at pageObjects.MyPage.getEditaccinfo(MyPage.java:22)
at pageObjects.MyPage.getEditaccinfo(MyPage.java:22)
at pageObjects.MyPage.getEditaccinfo(MyPage.java:22)
at pageObjects.MyPage.getEditaccinfo(MyPage.java:22)
at pageObjects.MyPage.getEditaccinfo(MyPage.java:22)
at pageObjects.MyPage.getEditaccinfo(MyPage.java:22)
at pageObjects.MyPage.getEditaccinfo(MyPage.java:22)
at pageObjects.MyPage.getEditaccinfo(MyPage.java:22)
at pageObjects.MyPage.getEditaccinfo(MyPage.java:22)
at pageObjects.MyPage.getEditaccinfo(MyPage.java:22)
at pageObjects.MyPage.getEditaccinfo(MyPage.java:22)
at pageObjects.MyPage.getEditaccinfo(MyPage.java:22)
at pageObjects.MyPage.getEditaccinfo(MyPage.java:22)
at pageObjects.MyPage.getEditaccinfo(MyPage.java:22)
at pageObjects.MyPage.getEditaccinfo(MyPage.java:22)
at pageObjects.MyPage.getEditaccinfo(MyPage.java:22)
at pageObjects.MyPage.getEditaccinfo(MyPage.java:22)
at pageObjects.MyPage.getEditaccinfo(MyPage.java:22)
at pageObjects.MyPage.getEditaccinfo(MyPage.java:22)
at pageObjects.MyPage.getEditaccinfo(MyPage.java:22)
at pageObjects.MyPage.getEditaccinfo(MyPage.java:22)
at pageObjects.MyPage.getEditaccinfo(MyPage.java:22)
at pageObjects.MyPage.getEditaccinfo(MyPage.java:22)
at pageObjects.MyPage.getEditaccinfo(MyPage.java:22)
at pageObjects.MyPage.getEditaccinfo(MyPage.java:22)
at pageObjects.MyPage.getEditaccinfo(MyPage.java:22)
at pageObjects.MyPage.getEditaccinfo(MyPage.java:22)
at pageObjects.MyPage.getEditaccinfo(MyPage.java:22)
at pageObjects.MyPage.getEditaccinfo(MyPage.java:22)
at pageObjects.MyPage.getEditaccinfo(MyPage.java:22)
at pageObjects.MyPage.getEditaccinfo(MyPage.java:22)
at pageObjects.MyPage.getEditaccinfo(MyPage.java:22)
at pageObjects.MyPage.getEditaccinfo(MyPage.java:22)
at pageObjects.MyPage.getEditaccinfo(MyPage.java:22)
at pageObjects.MyPage.getEditaccinfo(MyPage.java:22)
at pageObjects.MyPage.getEditaccinfo(MyPage.java:22)
at pageObjects.MyPage.getEditaccinfo(MyPage.java:22)
at pageObjects.MyPage.getEditaccinfo(MyPage.java:22)
at pageObjects.MyPage.getEditaccinfo(MyPage.java:22)
at pageObjects.MyPage.getEditaccinfo(MyPage.java:22)
at pageObjects.MyPage.getEditaccinfo(MyPage.java:22)
at pageObjects.MyPage.getEditaccinfo(MyPage.java:22)
at pageObjects.MyPage.getEditaccinfo(MyPage.java:22)
at pageObjects.MyPage.getEditaccinfo(MyPage.java:22)
at pageObjects.MyPage.getEditaccinfo(MyPage.java:22)
at pageObjects.MyPage.getEditaccinfo(MyPage.java:22)
at pageObjects.MyPage.getEditaccinfo(MyPage.java:22)
at pageObjects.MyPage.getEditaccinfo(MyPage.java:22)
at pageObjects.MyPage.getEditaccinfo(MyPage.java:22)
at pageObjects.MyPage.getEditaccinfo(MyPage.java:22)
at pageObjects.MyPage.getEditaccinfo(MyPage.java:22)
at pageObjects.MyPage.getEditaccinfo(MyPage.java:22)
at pageObjects.MyPage.getEditaccinfo(MyPage.java:22)
at pageObjects.MyPage.getEditaccinfo(MyPage.java:22)
at pageObjects.MyPage.getEditaccinfo(MyPage.java:22)
at pageObjects.MyPage.getEditaccinfo(MyPage.java:22)
at pageObjects.MyPage.getEditaccinfo(MyPage.java:22)
at pageObjects.MyPage.getEditaccinfo(MyPage.java:22)
at pageObjects.MyPage.getEditaccinfo(MyPage.java:22)
at pageObjects.MyPage.getEditaccinfo(MyPage.java:22)
at pageObjects.MyPage.getEditaccinfo(MyPage.java:22)
at pageObjects.MyPage.getEditaccinfo(MyPage.java:22)
at pageObjects.MyPage.getEditaccinfo(MyPage.java:22)
at pageObjects.MyPage.getEditaccinfo(MyPage.java:22)
at pageObjects.MyPage.getEditaccinfo(MyPage.java:22)
at pageObjects.MyPage.getEditaccinfo(MyPage.java:22)
at pageObjects.MyPage.getEditaccinfo(MyPage.java:22)
at pageObjects.MyPage.getEditaccinfo(MyPage.java:22)
at pageObjects.MyPage.getEditaccinfo(MyPage.java:22)
at pageObjects.MyPage.getEditaccinfo(MyPage.java:22)
at pageObjects.MyPage.getEditaccinfo(MyPage.java:22)
at pageObjects.MyPage.getEditaccinfo(MyPage.java:22)
at pageObjects.MyPage.getEditaccinfo(MyPage.java:22)
at pageObjects.MyPage.getEditaccinfo(MyPage.java:22)
at pageObjects.MyPage.getEditaccinfo(MyPage.java:22)
at pageObjects.MyPage.getEditaccinfo(MyPage.java:22)
at pageObjects.MyPage.getEditaccinfo(MyPage.java:22)
at pageObjects.MyPage.getEditaccinfo(MyPage.java:22)
at pageObjects.MyPage.getEditaccinfo(MyPage.java:22)
at pageObjects.MyPage.getEditaccinfo(MyPage.java:22)
at pageObjects.MyPage.getEditaccinfo(MyPage.java:22)
at pageObjects.MyPage.getEditaccinfo(MyPage.java:22)
at pageObjects.MyPage.getEditaccinfo(MyPage.java:22)
at pageObjects.MyPage.getEditaccinfo(MyPage.java:22)
at pageObjects.MyPage.getEditaccinfo(MyPage.java:22)
at pageObjects.MyPage.getEditaccinfo(MyPage.java:22)
at pageObjects.MyPage.getEditaccinfo(MyPage.java:22)
at pageObjects.MyPage.getEditaccinfo(MyPage.java:22)
at pageObjects.MyPage.getEditaccinfo(MyPage.java:22)
at pageObjects.MyPage.getEditaccinfo(MyPage.java:22)
at pageObjects.MyPage.getEditaccinfo(MyPage.java:22)
at pageObjects.MyPage.getEditaccinfo(MyPage.java:22)
at pageObjects.MyPage.getEditaccinfo(MyPage.java:22)
at pageObjects.MyPage.getEditaccinfo(MyPage.java:22)
at pageObjects.MyPage.getEditaccinfo(MyPage.java:22)
at pageObjects.MyPage.getEditaccinfo(MyPage.java:22)
at pageObjects.MyPage.getEditaccinfo(MyPage.java:22)
at pageObjects.MyPage.getEditaccinfo(MyPage.java:22)
at pageObjects.MyPage.getEditaccinfo(MyPage.java:22)
at pageObjects.MyPage.getEditaccinfo(MyPage.java:22)
at pageObjects.MyPage.getEditaccinfo(MyPage.java:22)
at pageObjects.MyPage.getEditaccinfo(MyPage.java:22)
at pageObjects.MyPage.getEditaccinfo(MyPage.java:22)
at pageObjects.MyPage.getEditaccinfo(MyPage.java:22)
at pageObjects.MyPage.getEditaccinfo(MyPage.java:22)
at pageObjects.MyPage.getEditaccinfo(MyPage.java:22)
at pageObjects.MyPage.getEditaccinfo(MyPage.java:22)
at pageObjects.MyPage.getEditaccinfo(MyPage.java:22)
at pageObjects.MyPage.getEditaccinfo(MyPage.java:22)
at pageObjects.MyPage.getEditaccinfo(MyPage.java:22)
at pageObjects.MyPage.getEditaccinfo(MyPage.java:22)
at pageObjects.MyPage.getEditaccinfo(MyPage.java:22)
at pageObjects.MyPage.getEditaccinfo(MyPage.java:22)
at pageObjects.MyPage.getEditaccinfo(MyPage.java:22)
at pageObjects.MyPage.getEditaccinfo(MyPage.java:22)
at pageObjects.MyPage.getEditaccinfo(MyPage.java:22)
at pageObjects.MyPage.getEditaccinfo(MyPage.java:22)
at pageObjects.MyPage.getEditaccinfo(MyPage.java:22)
at pageObjects.MyPage.getEditaccinfo(MyPage.java:22)
at pageObjects.MyPage.getEditaccinfo(MyPage.java:22)
at pageObjects.MyPage.getEditaccinfo(MyPage.java:22)
at pageObjects.MyPage.getEditaccinfo(MyPage.java:22)
at pageObjects.MyPage.getEditaccinfo(MyPage.java:22)
at pageObjects.MyPage.getEditaccinfo(MyPage.java:22)
at pageObjects.MyPage.getEditaccinfo(MyPage.java:22)
at pageObjects.MyPage.getEditaccinfo(MyPage.java:22)
at pageObjects.MyPage.getEditaccinfo(MyPage.java:22)
at pageObjects.MyPage.getEditaccinfo(MyPage.java:22)
at pageObjects.MyPage.getEditaccinfo(MyPage.java:22)
at pageObjects.MyPage.getEditaccinfo(MyPage.java:22)
at pageObjects.MyPage.getEditaccinfo(MyPage.java:22)
at pageObjects.MyPage.getEditaccinfo(MyPage.java:22)
at pageObjects.MyPage.getEditaccinfo(MyPage.java:22)
at pageObjects.MyPage.getEditaccinfo(MyPage.java:22)
at pageObjects.MyPage.getEditaccinfo(MyPage.java:22)
at pageObjects.MyPage.getEditaccinfo(MyPage.java:22)
at pageObjects.MyPage.getEditaccinfo(MyPage.java:22)
at pageObjects.MyPage.getEditaccinfo(MyPage.java:22)
at pageObjects.MyPage.getEditaccinfo(MyPage.java:22)
at pageObjects.MyPage.getEditaccinfo(MyPage.java:22)
at pageObjects.MyPage.getEditaccinfo(MyPage.java:22)
at pageObjects.MyPage.getEditaccinfo(MyPage.java:22)
at pageObjects.MyPage.getEditaccinfo(MyPage.java:22)
at pageObjects.MyPage.getEditaccinfo(MyPage.java:22)
at pageObjects.MyPage.getEditaccinfo(MyPage.java:22)
at pageObjects.MyPage.getEditaccinfo(MyPage.java:22)
at pageObjects.MyPage.getEditaccinfo(MyPage.java:22)
at pageObjects.MyPage.getEditaccinfo(MyPage.java:22)
at pageObjects.MyPage.getEditaccinfo(MyPage.java:22)
at pageObjects.MyPage.getEditaccinfo(MyPage.java:22)
at pageObjects.MyPage.getEditaccinfo(MyPage.java:22)
at pageObjects.MyPage.getEditaccinfo(MyPage.java:22)
at pageObjects.MyPage.getEditaccinfo(MyPage.java:22)
at pageObjects.MyPage.getEditaccinfo(MyPage.java:22)
at pageObjects.MyPage.getEditaccinfo(MyPage.java:22)
at pageObjects.MyPage.getEditaccinfo(MyPage.java:22)
at pageObjects.MyPage.getEditaccinfo(MyPage.java:22)
at pageObjects.MyPage.getEditaccinfo(MyPage.java:22)
at pageObjects.MyPage.getEditaccinfo(MyPage.java:22)
at pageObjects.MyPage.getEditaccinfo(MyPage.java:22)
at pageObjects.MyPage.getEditaccinfo(MyPage.java:22)
at pageObjects.MyPage.getEditaccinfo(MyPage.java:22)
at pageObjects.MyPage.getEditaccinfo(MyPage.java:22)
at pageObjects.MyPage.getEditaccinfo(MyPage.java:22)
at pageObjects.MyPage.getEditaccinfo(MyPage.java:22)
at pageObjects.MyPage.getEditaccinfo(MyPage.java:22)
at pageObjects.MyPage.getEditaccinfo(MyPage.java:22)
at pageObjects.MyPage.getEditaccinfo(MyPage.java:22)
at pageObjects.MyPage.getEditaccinfo(MyPage.java:22)
at pageObjects.MyPage.getEditaccinfo(MyPage.java:22)
at pageObjects.MyPage.getEditaccinfo(MyPage.java:22)
at pageObjects.MyPage.getEditaccinfo(MyPage.java:22)
at pageObjects.MyPage.getEditaccinfo(MyPage.java:22)
at pageObjects.MyPage.getEditaccinfo(MyPage.java:22)
at pageObjects.MyPage.getEditaccinfo(MyPage.java:22)
at pageObjects.MyPage.getEditaccinfo(MyPage.java:22)
at pageObjects.MyPage.getEditaccinfo(MyPage.java:22)
at pageObjects.MyPage.getEditaccinfo(MyPage.java:22)
at pageObjects.MyPage.getEditaccinfo(MyPage.java:22)
at pageObjects.MyPage.getEditaccinfo(MyPage.java:22)
at pageObjects.MyPage.getEditaccinfo(MyPage.java:22)
at pageObjects.MyPage.getEditaccinfo(MyPage.java:22)
at pageObjects.MyPage.getEditaccinfo(MyPage.java:22)
at pageObjects.MyPage.getEditaccinfo(MyPage.java:22)
at pageObjects.MyPage.getEditaccinfo(MyPage.java:22)
at pageObjects.MyPage.getEditaccinfo(MyPage.java:22)
at pageObjects.MyPage.getEditaccinfo(MyPage.java:22)
at pageObjects.MyPage.getEditaccinfo(MyPage.java:22)
at pageObjects.MyPage.getEditaccinfo(MyPage.java:22)
at pageObjects.MyPage.getEditaccinfo(MyPage.java:22)
at pageObjects.MyPage.getEditaccinfo(MyPage.java:22)
at pageObjects.MyPage.getEditaccinfo(MyPage.java:22)
at pageObjects.MyPage.getEditaccinfo(MyPage.java:22)
at pageObjects.MyPage.getEditaccinfo(MyPage.java:22)
at pageObjects.MyPage.getEditaccinfo(MyPage.java:22)
at pageObjects.MyPage.getEditaccinfo(MyPage.java:22)
at pageObjects.MyPage.getEditaccinfo(MyPage.java:22)
at pageObjects.MyPage.getEditaccinfo(MyPage.java:22)
at pageObjects.MyPage.getEditaccinfo(MyPage.java:22)
at pageObjects.MyPage.getEditaccinfo(MyPage.java:22)
at pageObjects.MyPage.getEditaccinfo(MyPage.java:22)
at pageObjects.MyPage.getEditaccinfo(MyPage.java:22)
at pageObjects.MyPage.getEditaccinfo(MyPage.java:22)
at pageObjects.MyPage.getEditaccinfo(MyPage.java:22)
at pageObjects.MyPage.getEditaccinfo(MyPage.java:22)
at pageObjects.MyPage.getEditaccinfo(MyPage.java:22)
at pageObjects.MyPage.getEditaccinfo(MyPage.java:22)
at pageObjects.MyPage.getEditaccinfo(MyPage.java:22)
at pageObjects.MyPage.getEditaccinfo(MyPage.java:22)
at pageObjects.MyPage.getEditaccinfo(MyPage.java:22)
at pageObjects.MyPage.getEditaccinfo(MyPage.java:22)
at pageObjects.MyPage.getEditaccinfo(MyPage.java:22)
at pageObjects.MyPage.getEditaccinfo(MyPage.java:22)
at pageObjects.MyPage.getEditaccinfo(MyPage.java:22)
at pageObjects.MyPage.getEditaccinfo(MyPage.java:22)
at pageObjects.MyPage.getEditaccinfo(MyPage.java:22)
at pageObjects.MyPage.getEditaccinfo(MyPage.java:22)
at pageObjects.MyPage.getEditaccinfo(MyPage.java:22)
at pageObjects.MyPage.getEditaccinfo(MyPage.java:22)
at pageObjects.MyPage.getEditaccinfo(MyPage.java:22)
at pageObjects.MyPage.getEditaccinfo(MyPage.java:22)
at pageObjects.MyPage.getEditaccinfo(MyPage.java:22)
at pageObjects.MyPage.getEditaccinfo(MyPage.java:22)
at pageObjects.MyPage.getEditaccinfo(MyPage.java:22)
at pageObjects.MyPage.getEditaccinfo(MyPage.java:22)
at pageObjects.MyPage.getEditaccinfo(MyPage.java:22)
at pageObjects.MyPage.getEditaccinfo(MyPage.java:22)
at pageObjects.MyPage.getEditaccinfo(MyPage.java:22)
at pageObjects.MyPage.getEditaccinfo(MyPage.java:22)
at pageObjects.MyPage.getEditaccinfo(MyPage.java:22)
at pageObjects.MyPage.getEditaccinfo(MyPage.java:22)
at pageObjects.MyPage.getEditaccinfo(MyPage.java:22)
at pageObjects.MyPage.getEditaccinfo(MyPage.java:22)
at pageObjects.MyPage.getEditaccinfo(MyPage.java:22)
at pageObjects.MyPage.getEditaccinfo(MyPage.java:22)
at pageObjects.MyPage.getEditaccinfo(MyPage.java:22)
at pageObjects.MyPage.getEditaccinfo(MyPage.java:22)
at pageObjects.MyPage.getEditaccinfo(MyPage.java:22)
at pageObjects.MyPage.getEditaccinfo(MyPage.java:22)
at pageObjects.MyPage.getEditaccinfo(MyPage.java:22)
at pageObjects.MyPage.getEditaccinfo(MyPage.java:22)
at pageObjects.MyPage.getEditaccinfo(MyPage.java:22)
at pageObjects.MyPage.getEditaccinfo(MyPage.java:22)
at pageObjects.MyPage.getEditaccinfo(MyPage.java:22)
at pageObjects.MyPage.getEditaccinfo(MyPage.java:22)
at pageObjects.MyPage.getEditaccinfo(MyPage.java:22)
at pageObjects.MyPage.getEditaccinfo(MyPage.java:22)
at pageObjects.MyPage.getEditaccinfo(MyPage.java:22)
at pageObjects.MyPage.getEditaccinfo(MyPage.java:22)
at pageObjects.MyPage.getEditaccinfo(MyPage.java:22)
at pageObjects.MyPage.getEditaccinfo(MyPage.java:22)
at pageObjects.MyPage.getEditaccinfo(MyPage.java:22)
at pageObjects.MyPage.getEditaccinfo(MyPage.java:22)
at pageObjects.MyPage.getEditaccinfo(MyPage.java:22)
at pageObjects.MyPage.getEditaccinfo(MyPage.java:22)
at pageObjects.MyPage.getEditaccinfo(MyPage.java:22)
at pageObjects.MyPage.getEditaccinfo(MyPage.java:22)
at pageObjects.MyPage.getEditaccinfo(MyPage.java:22)
at pageObjects.MyPage.getEditaccinfo(MyPage.java:22)
at pageObjects.MyPage.getEditaccinfo(MyPage.java:22)
at pageObjects.MyPage.getEditaccinfo(MyPage.java:22)
at pageObjects.MyPage.getEditaccinfo(MyPage.java:22)
at pageObjects.MyPage.getEditaccinfo(MyPage.java:22)
at pageObjects.MyPage.getEditaccinfo(MyPage.java:22)
at pageObjects.MyPage.getEditaccinfo(MyPage.java:22)
at pageObjects.MyPage.getEditaccinfo(MyPage.java:22)
at pageObjects.MyPage.getEditaccinfo(MyPage.java:22)
at pageObjects.MyPage.getEditaccinfo(MyPage.java:22)
at pageObjects.MyPage.getEditaccinfo(MyPage.java:22)
at pageObjects.MyPage.getEditaccinfo(MyPage.java:22)
at pageObjects.MyPage.getEditaccinfo(MyPage.java:22)
at pageObjects.MyPage.getEditaccinfo(MyPage.java:22)
at pageObjects.MyPage.getEditaccinfo(MyPage.java:22)
at pageObjects.MyPage.getEditaccinfo(MyPage.java:22)
at pageObjects.MyPage.getEditaccinfo(MyPage.java:22)
at pageObjects.MyPage.getEditaccinfo(MyPage.java:22)
at pageObjects.MyPage.getEditaccinfo(MyPage.java:22)
at pageObjects.MyPage.getEditaccinfo(MyPage.java:22)
at pageObjects.MyPage.getEditaccinfo(MyPage.java:22)
at pageObjects.MyPage.getEditaccinfo(MyPage.java:22)
at pageObjects.MyPage.getEditaccinfo(MyPage.java:22)
at pageObjects.MyPage.getEditaccinfo(MyPage.java:22)
at pageObjects.MyPage.getEditaccinfo(MyPage.java:22)
at pageObjects.MyPage.getEditaccinfo(MyPage.java:22)
at pageObjects.MyPage.getEditaccinfo(MyPage.java:22)
at pageObjects.MyPage.getEditaccinfo(MyPage.java:22)
at pageObjects.MyPage.getEditaccinfo(MyPage.java:22)
at pageObjects.MyPage.getEditaccinfo(MyPage.java:22)
at pageObjects.MyPage.getEditaccinfo(MyPage.java:22)
at pageObjects.MyPage.getEditaccinfo(MyPage.java:22)
at pageObjects.MyPage.getEditaccinfo(MyPage.java:22)
at pageObjects.MyPage.getEditaccinfo(MyPage.java:22)
at pageObjects.MyPage.getEditaccinfo(MyPage.java:22)
at pageObjects.MyPage.getEditaccinfo(MyPage.java:22)
at pageObjects.MyPage.getEditaccinfo(MyPage.java:22)
at pageObjects.MyPage.getEditaccinfo(MyPage.java:22)
at pageObjects.MyPage.getEditaccinfo(MyPage.java:22)
at pageObjects.MyPage.getEditaccinfo(MyPage.java:22)
at pageObjects.MyPage.getEditaccinfo(MyPage.java:22)
at pageObjects.MyPage.getEditaccinfo(MyPage.java:22)
at pageObjects.MyPage.getEditaccinfo(MyPage.java:22)
at pageObjects.MyPage.getEditaccinfo(MyPage.java:22)
at pageObjects.MyPage.getEditaccinfo(MyPage.java:22)
at pageObjects.MyPage.getEditaccinfo(MyPage.java:22)
at pageObjects.MyPage.getEditaccinfo(MyPage.java:22)
at pageObjects.MyPage.getEditaccinfo(MyPage.java:22)
at pageObjects.MyPage.getEditaccinfo(MyPage.java:22)
at pageObjects.MyPage.getEditaccinfo(MyPage.java:22)
at pageObjects.MyPage.getEditaccinfo(MyPage.java:22)
at pageObjects.MyPage.getEditaccinfo(MyPage.java:22)
at pageObjects.MyPage.getEditaccinfo(MyPage.java:22)
at pageObjects.MyPage.getEditaccinfo(MyPage.java:22)
at pageObjects.MyPage.getEditaccinfo(MyPage.java:22)
at pageObjects.MyPage.getEditaccinfo(MyPage.java:22)
at pageObjects.MyPage.getEditaccinfo(MyPage.java:22)
at pageObjects.MyPage.getEditaccinfo(MyPage.java:22)
at pageObjects.MyPage.getEditaccinfo(MyPage.java:22)
at pageObjects.MyPage.getEditaccinfo(MyPage.java:22)
at pageObjects.MyPage.getEditaccinfo(MyPage.java:22)
at pageObjects.MyPage.getEditaccinfo(MyPage.java:22)
at pageObjects.MyPage.getEditaccinfo(MyPage.java:22)
at pageObjects.MyPage.getEditaccinfo(MyPage.java:22)
at pageObjects.MyPage.getEditaccinfo(MyPage.java:22)
at pageObjects.MyPage.getEditaccinfo(MyPage.java:22)
at pageObjects.MyPage.getEditaccinfo(MyPage.java:22)
at pageObjects.MyPage.getEditaccinfo(MyPage.java:22)
at pageObjects.MyPage.getEditaccinfo(MyPage.java:22)
at pageObjects.MyPage.getEditaccinfo(MyPage.java:22)
at pageObjects.MyPage.getEditaccinfo(MyPage.java:22)
at pageObjects.MyPage.getEditaccinfo(MyPage.java:22)
at pageObjects.MyPage.getEditaccinfo(MyPage.java:22)
at pageObjects.MyPage.getEditaccinfo(MyPage.java:22)
at pageObjects.MyPage.getEditaccinfo(MyPage.java:22)
at pageObjects.MyPage.getEditaccinfo(MyPage.java:22)
at pageObjects.MyPage.getEditaccinfo(MyPage.java:22)
at pageObjects.MyPage.getEditaccinfo(MyPage.java:22)
at pageObjects.MyPage.getEditaccinfo(MyPage.java:22)
at pageObjects.MyPage.getEditaccinfo(MyPage.java:22)
]]>
    </error>
  </testcase> <!-- SubmitButtonWithoutData -->
  <system-out/>
</testsuite> <!-- Tests.TC_LoginTest_001 -->
