<?xml version="1.0" encoding="UTF-8"?>
<!-- Generated by org.testng.reporters.JUnitReportReporter -->
<testsuite hostname="hp1" failures="0" tests="4" name="Tests.TC_LoginDDT_002" time="139.625" errors="4" timestamp="2022-09-23T15:44:35 IST" skipped="0">
  <testcase classname="Tests.TC_LoginDDT_002" name="login" time="29.291">
    <error type="java.lang.StackOverflowError">
      <![CDATA[java.lang.StackOverflowError
at pageObjects.MyPage.getEditaccinfo(MyPage.java:22)
at pageObjects.MyPage.getEditaccinfo(MyPage.java:22)
at pageObjects.MyPage.getEditaccinfo(MyPage.java:22)
at pageObjects.MyPage.getEditaccinfo(MyPage.java:22)
at pageObjects.MyPage.getEditaccinfo(MyPage.java:22)
at pageObjects.MyPage.getEditaccinfo(MyPage.java:22)
at pageObjects.MyPage.getEditaccinfo(MyPage.java:22)
at pageObjects.MyPage.getEditaccinfo(MyPage.java:22)
at pageObjects.MyPage.getEditaccinfo(MyPage.java:22)
at pageObjects.MyPage.getEditaccinfo(MyPage.java:22)
at pageObjects.MyPage.getEditaccinfo(MyPage.java:22)
at pageObjects.MyPage.getEditaccinfo(MyPage.java:22)
at pageObjects.MyPage.getEditaccinfo(MyPage.java:22)
at pageObjects.MyPage.getEditaccinfo(MyPage.java:22)
at pageObjects.MyPage.getEditaccinfo(MyPage.java:22)
at pageObjects.MyPage.getEditaccinfo(MyPage.java:22)
at pageObjects.MyPage.getEditaccinfo(MyPage.java:22)
at pageObjects.MyPage.getEditaccinfo(MyPage.java:22)
at pageObjects.MyPage.getEditaccinfo(MyPage.java:22)
at pageObjects.MyPage.getEditaccinfo(MyPage.java:22)
at pageObjects.MyPage.getEditaccinfo(MyPage.java:22)
at pageObjects.MyPage.getEditaccinfo(MyPage.java:22)
at pageObjects.MyPage.getEditaccinfo(MyPage.java:22)
at pageObjects.MyPage.getEditaccinfo(MyPage.java:22)
at pageObjects.MyPage.getEditaccinfo(MyPage.java:22)
at pageObjects.MyPage.getEditaccinfo(MyPage.java:22)
at pageObjects.MyPage.getEditaccinfo(MyPage.java:22)
at pageObjects.MyPage.getEditaccinfo(MyPage.java:22)
at pageObjects.MyPage.getEditaccinfo(MyPage.java:22)
at pageObjects.MyPage.getEditaccinfo(MyPage.java:22)
at pageObjects.MyPage.getEditaccinfo(MyPage.java:22)
at pageObjects.MyPage.getEditaccinfo(MyPage.java:22)
at pageObjects.MyPage.getEditaccinfo(MyPage.java:22)
at pageObjects.MyPage.getEditaccinfo(MyPage.java:22)
at pageObjects.MyPage.getEditaccinfo(MyPage.java:22)
at pageObjects.MyPage.getEditaccinfo(MyPage.java:22)
at pageObjects.MyPage.getEditaccinfo(MyPage.java:22)
at pageObjects.MyPage.getEditaccinfo(MyPage.java:22)
at pageObjects.MyPage.getEditaccinfo(MyPage.java:22)
at pageObjects.MyPage.getEditaccinfo(MyPage.java:22)
at pageObjects.MyPage.getEditaccinfo(MyPage.java:22)
at pageObjects.MyPage.getEditaccinfo(MyPage.java:22)
at pageObjects.MyPage.getEditaccinfo(MyPage.java:22)
at pageObjects.MyPage.getEditaccinfo(MyPage.java:22)
at pageObjects.MyPage.getEditaccinfo(MyPage.java:22)
at pageObjects.MyPage.getEditaccinfo(MyPage.java:22)
at pageObjects.MyPage.getEditaccinfo(MyPage.java:22)
at pageObjects.MyPage.getEditaccinfo(MyPage.java:22)
at pageObjects.MyPage.getEditaccinfo(MyPage.java:22)
at pageObjects.MyPage.getEditaccinfo(MyPage.java:22)
at pageObjects.MyPage.getEditaccinfo(MyPage.java:22)
at pageObjects.MyPage.getEditaccinfo(MyPage.java:22)
at pageObjects.MyPage.getEditaccinfo(MyPage.java:22)
at pageObjects.MyPage.getEditaccinfo(MyPage.java:22)
at pageObjects.MyPage.getEditaccinfo(MyPage.java:22)
at pageObjects.MyPage.getEditaccinfo(MyPage.java:22)
at pageObjects.MyPage.getEditaccinfo(MyPage.java:22)
at pageObjects.MyPage.getEditaccinfo(MyPage.java:22)
at pageObjects.MyPage.getEditaccinfo(MyPage.java:22)
at pageObjects.MyPage.getEditaccinfo(MyPage.java:22)
at pageObjects.MyPage.getEditaccinfo(MyPage.java:22)
at pageObjects.MyPage.getEditaccinfo(MyPage.java:22)
at pageObjects.MyPage.getEditaccinfo(MyPage.java:22)
at pageObjects.MyPage.getEditaccinfo(MyPage.java:22)
at pageObjects.MyPage.getEditaccinfo(MyPage.java:22)
at pageObjects.MyPage.getEditaccinfo(MyPage.java:22)
at pageObjects.MyPage.getEditaccinfo(MyPage.java:22)
at pageObjects.MyPage.getEditaccinfo(MyPage.java:22)
at pageObjects.MyPage.getEditaccinfo(MyPage.java:22)
at pageObjects.MyPage.getEditaccinfo(MyPage.java:22)
at pageObjects.MyPage.getEditaccinfo(MyPage.java:22)
at pageObjects.MyPage.getEditaccinfo(MyPage.java:22)
at pageObjects.MyPage.getEditaccinfo(MyPage.java:22)
at pageObjects.MyPage.getEditaccinfo(MyPage.java:22)
at pageObjects.MyPage.getEditaccinfo(MyPage.java:22)
at pageObjects.MyPage.getEditaccinfo(MyPage.java:22)
at pageObjects.MyPage.getEditaccinfo(MyPage.java:22)
at pageObjects.MyPage.getEditaccinfo(MyPage.java:22)
at pageObjects.MyPage.getEditaccinfo(MyPage.java:22)
at pageObjects.MyPage.getEditaccinfo(MyPage.java:22)
at pageObjects.MyPage.getEditaccinfo(MyPage.java:22)
at pageObjects.MyPage.getEditaccinfo(MyPage.java:22)
at pageObjects.MyPage.getEditaccinfo(MyPage.java:22)
at pageObjects.MyPage.getEditaccinfo(MyPage.java:22)
at pageObjects.MyPage.getEditaccinfo(MyPage.java:22)
at pageObjects.MyPage.getEditaccinfo(MyPage.java:22)
at pageObjects.MyPage.getEditaccinfo(MyPage.java:22)
at pageObjects.MyPage.getEditaccinfo(MyPage.java:22)
at pageObjects.MyPage.getEditaccinfo(MyPage.java:22)
at pageObjects.MyPage.getEditaccinfo(MyPage.java:22)
at pageObjects.MyPage.getEditaccinfo(MyPage.java:22)
at pageObjects.MyPage.getEditaccinfo(MyPage.java:22)
at pageObjects.MyPage.getEditaccinfo(MyPage.java:22)
at pageObjects.MyPage.getEditaccinfo(MyPage.java:22)
at pageObjects.MyPage.getEditaccinfo(MyPage.java:22)
at pageObjects.MyPage.getEditaccinfo(MyPage.java:22)
at pageObjects.MyPage.getEditaccinfo(MyPage.java:22)
at pageObjects.MyPage.getEditaccinfo(MyPage.java:22)
at pageObjects.MyPage.getEditaccinfo(MyPage.java:22)
at pageObjects.MyPage.getEditaccinfo(MyPage.java:22)
at pageObjects.MyPage.getEditaccinfo(MyPage.java:22)
at pageObjects.MyPage.getEditaccinfo(MyPage.java:22)
at pageObjects.MyPage.getEditaccinfo(MyPage.java:22)
at pageObjects.MyPage.getEditaccinfo(MyPage.java:22)
at pageObjects.MyPage.getEditaccinfo(MyPage.java:22)
at pageObjects.MyPage.getEditaccinfo(MyPage.java:22)
at pageObjects.MyPage.getEditaccinfo(MyPage.java:22)
at pageObjects.MyPage.getEditaccinfo(MyPage.java:22)
at pageObjects.MyPage.getEditaccinfo(MyPage.java:22)
at pageObjects.MyPage.getEditaccinfo(MyPage.java:22)
at pageObjects.MyPage.getEditaccinfo(MyPage.java:22)
at pageObjects.MyPage.getEditaccinfo(MyPage.java:22)
at pageObjects.MyPage.getEditaccinfo(MyPage.java:22)
at pageObjects.MyPage.getEditaccinfo(MyPage.java:22)
at pageObjects.MyPage.getEditaccinfo(MyPage.java:22)
at pageObjects.MyPage.getEditaccinfo(MyPage.java:22)
at pageObjects.MyPage.getEditaccinfo(MyPage.java:22)
at pageObjects.MyPage.getEditaccinfo(MyPage.java:22)
at pageObjects.MyPage.getEditaccinfo(MyPage.java:22)
at pageObjects.MyPage.getEditaccinfo(MyPage.java:22)
at pageObjects.MyPage.getEditaccinfo(MyPage.java:22)
at pageObjects.MyPage.getEditaccinfo(MyPage.java:22)
at pageObjects.MyPage.getEditaccinfo(MyPage.java:22)
at pageObjects.MyPage.getEditaccinfo(MyPage.java:22)
at pageObjects.MyPage.getEditaccinfo(MyPage.java:22)
at pageObjects.MyPage.getEditaccinfo(MyPage.java:22)
at pageObjects.MyPage.getEditaccinfo(MyPage.java:22)
at pageObjects.MyPage.getEditaccinfo(MyPage.java:22)
at pageObjects.MyPage.getEditaccinfo(MyPage.java:22)
at pageObjects.MyPage.getEditaccinfo(MyPage.java:22)
at pageObjects.MyPage.getEditaccinfo(MyPage.java:22)
at pageObjects.MyPage.getEditaccinfo(MyPage.java:22)
at pageObjects.MyPage.getEditaccinfo(MyPage.java:22)
at pageObjects.MyPage.getEditaccinfo(MyPage.java:22)
at pageObjects.MyPage.getEditaccinfo(MyPage.java:22)
at pageObjects.MyPage.getEditaccinfo(MyPage.java:22)
at pageObjects.MyPage.getEditaccinfo(MyPage.java:22)
at pageObjects.MyPage.getEditaccinfo(MyPage.java:22)
at pageObjects.MyPage.getEditaccinfo(MyPage.java:22)
at pageObjects.MyPage.getEditaccinfo(MyPage.java:22)
at pageObjects.MyPage.getEditaccinfo(MyPage.java:22)
at pageObjects.MyPage.getEditaccinfo(MyPage.java:22)
at pageObjects.MyPage.getEditaccinfo(MyPage.java:22)
at pageObjects.MyPage.getEditaccinfo(MyPage.java:22)
at pageObjects.MyPage.getEditaccinfo(MyPage.java:22)
at pageObjects.MyPage.getEditaccinfo(MyPage.java:22)
at pageObjects.MyPage.getEditaccinfo(MyPage.java:22)
at pageObjects.MyPage.getEditaccinfo(MyPage.java:22)
at pageObjects.MyPage.getEditaccinfo(MyPage.java:22)
at pageObjects.MyPage.getEditaccinfo(MyPage.java:22)
at pageObjects.MyPage.getEditaccinfo(MyPage.java:22)
at pageObjects.MyPage.getEditaccinfo(MyPage.java:22)
at pageObjects.MyPage.getEditaccinfo(MyPage.java:22)
at pageObjects.MyPage.getEditaccinfo(MyPage.java:22)
at pageObjects.MyPage.getEditaccinfo(MyPage.java:22)
at pageObjects.MyPage.getEditaccinfo(MyPage.java:22)
at pageObjects.MyPage.getEditaccinfo(MyPage.java:22)
at pageObjects.MyPage.getEditaccinfo(MyPage.java:22)
at pageObjects.MyPage.getEditaccinfo(MyPage.java:22)
at pageObjects.MyPage.getEditaccinfo(MyPage.java:22)
at pageObjects.MyPage.getEditaccinfo(MyPage.java:22)
at pageObjects.MyPage.getEditaccinfo(MyPage.java:22)
at pageObjects.MyPage.getEditaccinfo(MyPage.java:22)
at pageObjects.MyPage.getEditaccinfo(MyPage.java:22)
at pageObjects.MyPage.getEditaccinfo(MyPage.java:22)
at pageObjects.MyPage.getEditaccinfo(MyPage.java:22)
at pageObjects.MyPage.getEditaccinfo(MyPage.java:22)
at pageObjects.MyPage.getEditaccinfo(MyPage.java:22)
at pageObjects.MyPage.getEditaccinfo(MyPage.java:22)
at pageObjects.MyPage.getEditaccinfo(MyPage.java:22)
at pageObjects.MyPage.getEditaccinfo(MyPage.java:22)
at pageObjects.MyPage.getEditaccinfo(MyPage.java:22)
at pageObjects.MyPage.getEditaccinfo(MyPage.java:22)
at pageObjects.MyPage.getEditaccinfo(MyPage.java:22)
at pageObjects.MyPage.getEditaccinfo(MyPage.java:22)
at pageObjects.MyPage.getEditaccinfo(MyPage.java:22)
at pageObjects.MyPage.getEditaccinfo(MyPage.java:22)
at pageObjects.MyPage.getEditaccinfo(MyPage.java:22)
at pageObjects.MyPage.getEditaccinfo(MyPage.java:22)
at pageObjects.MyPage.getEditaccinfo(MyPage.java:22)
at pageObjects.MyPage.getEditaccinfo(MyPage.java:22)
at pageObjects.MyPage.getEditaccinfo(MyPage.java:22)
at pageObjects.MyPage.getEditaccinfo(MyPage.java:22)
at pageObjects.MyPage.getEditaccinfo(MyPage.java:22)
at pageObjects.MyPage.getEditaccinfo(MyPage.java:22)
at pageObjects.MyPage.getEditaccinfo(MyPage.java:22)
at pageObjects.MyPage.getEditaccinfo(MyPage.java:22)
at pageObjects.MyPage.getEditaccinfo(MyPage.java:22)
at pageObjects.MyPage.getEditaccinfo(MyPage.java:22)
at pageObjects.MyPage.getEditaccinfo(MyPage.java:22)
at pageObjects.MyPage.getEditaccinfo(MyPage.java:22)
at pageObjects.MyPage.getEditaccinfo(MyPage.java:22)
at pageObjects.MyPage.getEditaccinfo(MyPage.java:22)
at pageObjects.MyPage.getEditaccinfo(MyPage.java:22)
at pageObjects.MyPage.getEditaccinfo(MyPage.java:22)
at pageObjects.MyPage.getEditaccinfo(MyPage.java:22)
at pageObjects.MyPage.getEditaccinfo(MyPage.java:22)
at pageObjects.MyPage.getEditaccinfo(MyPage.java:22)
at pageObjects.MyPage.getEditaccinfo(MyPage.java:22)
at pageObjects.MyPage.getEditaccinfo(MyPage.java:22)
at pageObjects.MyPage.getEditaccinfo(MyPage.java:22)
at pageObjects.MyPage.getEditaccinfo(MyPage.java:22)
at pageObjects.MyPage.getEditaccinfo(MyPage.java:22)
at pageObjects.MyPage.getEditaccinfo(MyPage.java:22)
at pageObjects.MyPage.getEditaccinfo(MyPage.java:22)
at pageObjects.MyPage.getEditaccinfo(MyPage.java:22)
at pageObjects.MyPage.getEditaccinfo(MyPage.java:22)
at pageObjects.MyPage.getEditaccinfo(MyPage.java:22)
at pageObjects.MyPage.getEditaccinfo(MyPage.java:22)
at pageObjects.MyPage.getEditaccinfo(MyPage.java:22)
at pageObjects.MyPage.getEditaccinfo(MyPage.java:22)
at pageObjects.MyPage.getEditaccinfo(MyPage.java:22)
at pageObjects.MyPage.getEditaccinfo(MyPage.java:22)
at pageObjects.MyPage.getEditaccinfo(MyPage.java:22)
at pageObjects.MyPage.getEditaccinfo(MyPage.java:22)
at pageObjects.MyPage.getEditaccinfo(MyPage.java:22)
at pageObjects.MyPage.getEditaccinfo(MyPage.java:22)
at pageObjects.MyPage.getEditaccinfo(MyPage.java:22)
at pageObjects.MyPage.getEditaccinfo(MyPage.java:22)
at pageObjects.MyPage.getEditaccinfo(MyPage.java:22)
at pageObjects.MyPage.getEditaccinfo(MyPage.java:22)
at pageObjects.MyPage.getEditaccinfo(MyPage.java:22)
at pageObjects.MyPage.getEditaccinfo(MyPage.java:22)
at pageObjects.MyPage.getEditaccinfo(MyPage.java:22)
at pageObjects.MyPage.getEditaccinfo(MyPage.java:22)
at pageObjects.MyPage.getEditaccinfo(MyPage.java:22)
at pageObjects.MyPage.getEditaccinfo(MyPage.java:22)
at pageObjects.MyPage.getEditaccinfo(MyPage.java:22)
at pageObjects.MyPage.getEditaccinfo(MyPage.java:22)
at pageObjects.MyPage.getEditaccinfo(MyPage.java:22)
at pageObjects.MyPage.getEditaccinfo(MyPage.java:22)
at pageObjects.MyPage.getEditaccinfo(MyPage.java:22)
at pageObjects.MyPage.getEditaccinfo(MyPage.java:22)
at pageObjects.MyPage.getEditaccinfo(MyPage.java:22)
at pageObjects.MyPage.getEditaccinfo(MyPage.java:22)
at pageObjects.MyPage.getEditaccinfo(MyPage.java:22)
at pageObjects.MyPage.getEditaccinfo(MyPage.java:22)
at pageObjects.MyPage.getEditaccinfo(MyPage.java:22)
at pageObjects.MyPage.getEditaccinfo(MyPage.java:22)
at pageObjects.MyPage.getEditaccinfo(MyPage.java:22)
at pageObjects.MyPage.getEditaccinfo(MyPage.java:22)
at pageObjects.MyPage.getEditaccinfo(MyPage.java:22)
at pageObjects.MyPage.getEditaccinfo(MyPage.java:22)
at pageObjects.MyPage.getEditaccinfo(MyPage.java:22)
at pageObjects.MyPage.getEditaccinfo(MyPage.java:22)
at pageObjects.MyPage.getEditaccinfo(MyPage.java:22)
at pageObjects.MyPage.getEditaccinfo(MyPage.java:22)
at pageObjects.MyPage.getEditaccinfo(MyPage.java:22)
at pageObjects.MyPage.getEditaccinfo(MyPage.java:22)
at pageObjects.MyPage.getEditaccinfo(MyPage.java:22)
at pageObjects.MyPage.getEditaccinfo(MyPage.java:22)
at pageObjects.MyPage.getEditaccinfo(MyPage.java:22)
at pageObjects.MyPage.getEditaccinfo(MyPage.java:22)
at pageObjects.MyPage.getEditaccinfo(MyPage.java:22)
at pageObjects.MyPage.getEditaccinfo(MyPage.java:22)
at pageObjects.MyPage.getEditaccinfo(MyPage.java:22)
at pageObjects.MyPage.getEditaccinfo(MyPage.java:22)
at pageObjects.MyPage.getEditaccinfo(MyPage.java:22)
at pageObjects.MyPage.getEditaccinfo(MyPage.java:22)
at pageObjects.MyPage.getEditaccinfo(MyPage.java:22)
at pageObjects.MyPage.getEditaccinfo(MyPage.java:22)
at pageObjects.MyPage.getEditaccinfo(MyPage.java:22)
at pageObjects.MyPage.getEditaccinfo(MyPage.java:22)
at pageObjects.MyPage.getEditaccinfo(MyPage.java:22)
at pageObjects.MyPage.getEditaccinfo(MyPage.java:22)
at pageObjects.MyPage.getEditaccinfo(MyPage.java:22)
at pageObjects.MyPage.getEditaccinfo(MyPage.java:22)
at pageObjects.MyPage.getEditaccinfo(MyPage.java:22)
at pageObjects.MyPage.getEditaccinfo(MyPage.java:22)
at pageObjects.MyPage.getEditaccinfo(MyPage.java:22)
at pageObjects.MyPage.getEditaccinfo(MyPage.java:22)
at pageObjects.MyPage.getEditaccinfo(MyPage.java:22)
at pageObjects.MyPage.getEditaccinfo(MyPage.java:22)
at pageObjects.MyPage.getEditaccinfo(MyPage.java:22)
at pageObjects.MyPage.getEditaccinfo(MyPage.java:22)
at pageObjects.MyPage.getEditaccinfo(MyPage.java:22)
at pageObjects.MyPage.getEditaccinfo(MyPage.java:22)
at pageObjects.MyPage.getEditaccinfo(MyPage.java:22)
at pageObjects.MyPage.getEditaccinfo(MyPage.java:22)
at pageObjects.MyPage.getEditaccinfo(MyPage.java:22)
at pageObjects.MyPage.getEditaccinfo(MyPage.java:22)
at pageObjects.MyPage.getEditaccinfo(MyPage.java:22)
at pageObjects.MyPage.getEditaccinfo(MyPage.java:22)
at pageObjects.MyPage.getEditaccinfo(MyPage.java:22)
at pageObjects.MyPage.getEditaccinfo(MyPage.java:22)
at pageObjects.MyPage.getEditaccinfo(MyPage.java:22)
at pageObjects.MyPage.getEditaccinfo(MyPage.java:22)
at pageObjects.MyPage.getEditaccinfo(MyPage.java:22)
at pageObjects.MyPage.getEditaccinfo(MyPage.java:22)
at pageObjects.MyPage.getEditaccinfo(MyPage.java:22)
at pageObjects.MyPage.getEditaccinfo(MyPage.java:22)
at pageObjects.MyPage.getEditaccinfo(MyPage.java:22)
at pageObjects.MyPage.getEditaccinfo(MyPage.java:22)
at pageObjects.MyPage.getEditaccinfo(MyPage.java:22)
at pageObjects.MyPage.getEditaccinfo(MyPage.java:22)
at pageObjects.MyPage.getEditaccinfo(MyPage.java:22)
at pageObjects.MyPage.getEditaccinfo(MyPage.java:22)
at pageObjects.MyPage.getEditaccinfo(MyPage.java:22)
at pageObjects.MyPage.getEditaccinfo(MyPage.java:22)
at pageObjects.MyPage.getEditaccinfo(MyPage.java:22)
at pageObjects.MyPage.getEditaccinfo(MyPage.java:22)
at pageObjects.MyPage.getEditaccinfo(MyPage.java:22)
at pageObjects.MyPage.getEditaccinfo(MyPage.java:22)
at pageObjects.MyPage.getEditaccinfo(MyPage.java:22)
at pageObjects.MyPage.getEditaccinfo(MyPage.java:22)
at pageObjects.MyPage.getEditaccinfo(MyPage.java:22)
at pageObjects.MyPage.getEditaccinfo(MyPage.java:22)
at pageObjects.MyPage.getEditaccinfo(MyPage.java:22)
at pageObjects.MyPage.getEditaccinfo(MyPage.java:22)
at pageObjects.MyPage.getEditaccinfo(MyPage.java:22)
at pageObjects.MyPage.getEditaccinfo(MyPage.java:22)
at pageObjects.MyPage.getEditaccinfo(MyPage.java:22)
at pageObjects.MyPage.getEditaccinfo(MyPage.java:22)
at pageObjects.MyPage.getEditaccinfo(MyPage.java:22)
at pageObjects.MyPage.getEditaccinfo(MyPage.java:22)
at pageObjects.MyPage.getEditaccinfo(MyPage.java:22)
at pageObjects.MyPage.getEditaccinfo(MyPage.java:22)
at pageObjects.MyPage.getEditaccinfo(MyPage.java:22)
at pageObjects.MyPage.getEditaccinfo(MyPage.java:22)
at pageObjects.MyPage.getEditaccinfo(MyPage.java:22)
at pageObjects.MyPage.getEditaccinfo(MyPage.java:22)
at pageObjects.MyPage.getEditaccinfo(MyPage.java:22)
at pageObjects.MyPage.getEditaccinfo(MyPage.java:22)
at pageObjects.MyPage.getEditaccinfo(MyPage.java:22)
at pageObjects.MyPage.getEditaccinfo(MyPage.java:22)
at pageObjects.MyPage.getEditaccinfo(MyPage.java:22)
at pageObjects.MyPage.getEditaccinfo(MyPage.java:22)
at pageObjects.MyPage.getEditaccinfo(MyPage.java:22)
at pageObjects.MyPage.getEditaccinfo(MyPage.java:22)
at pageObjects.MyPage.getEditaccinfo(MyPage.java:22)
at pageObjects.MyPage.getEditaccinfo(MyPage.java:22)
at pageObjects.MyPage.getEditaccinfo(MyPage.java:22)
at pageObjects.MyPage.getEditaccinfo(MyPage.java:22)
at pageObjects.MyPage.getEditaccinfo(MyPage.java:22)
at pageObjects.MyPage.getEditaccinfo(MyPage.java:22)
at pageObjects.MyPage.getEditaccinfo(MyPage.java:22)
at pageObjects.MyPage.getEditaccinfo(MyPage.java:22)
at pageObjects.MyPage.getEditaccinfo(MyPage.java:22)
at pageObjects.MyPage.getEditaccinfo(MyPage.java:22)
at pageObjects.MyPage.getEditaccinfo(MyPage.java:22)
at pageObjects.MyPage.getEditaccinfo(MyPage.java:22)
at pageObjects.MyPage.getEditaccinfo(MyPage.java:22)
at pageObjects.MyPage.getEditaccinfo(MyPage.java:22)
at pageObjects.MyPage.getEditaccinfo(MyPage.java:22)
at pageObjects.MyPage.getEditaccinfo(MyPage.java:22)
at pageObjects.MyPage.getEditaccinfo(MyPage.java:22)
at pageObjects.MyPage.getEditaccinfo(MyPage.java:22)
at pageObjects.MyPage.getEditaccinfo(MyPage.java:22)
at pageObjects.MyPage.getEditaccinfo(MyPage.java:22)
at pageObjects.MyPage.getEditaccinfo(MyPage.java:22)
at pageObjects.MyPage.getEditaccinfo(MyPage.java:22)
at pageObjects.MyPage.getEditaccinfo(MyPage.java:22)
at pageObjects.MyPage.getEditaccinfo(MyPage.java:22)
at pageObjects.MyPage.getEditaccinfo(MyPage.java:22)
at pageObjects.MyPage.getEditaccinfo(MyPage.java:22)
at pageObjects.MyPage.getEditaccinfo(MyPage.java:22)
at pageObjects.MyPage.getEditaccinfo(MyPage.java:22)
at pageObjects.MyPage.getEditaccinfo(MyPage.java:22)
at pageObjects.MyPage.getEditaccinfo(MyPage.java:22)
at pageObjects.MyPage.getEditaccinfo(MyPage.java:22)
at pageObjects.MyPage.getEditaccinfo(MyPage.java:22)
at pageObjects.MyPage.getEditaccinfo(MyPage.java:22)
at pageObjects.MyPage.getEditaccinfo(MyPage.java:22)
at pageObjects.MyPage.getEditaccinfo(MyPage.java:22)
at pageObjects.MyPage.getEditaccinfo(MyPage.java:22)
at pageObjects.MyPage.getEditaccinfo(MyPage.java:22)
at pageObjects.MyPage.getEditaccinfo(MyPage.java:22)
at pageObjects.MyPage.getEditaccinfo(MyPage.java:22)
at pageObjects.MyPage.getEditaccinfo(MyPage.java:22)
at pageObjects.MyPage.getEditaccinfo(MyPage.java:22)
at pageObjects.MyPage.getEditaccinfo(MyPage.java:22)
at pageObjects.MyPage.getEditaccinfo(MyPage.java:22)
at pageObjects.MyPage.getEditaccinfo(MyPage.java:22)
at pageObjects.MyPage.getEditaccinfo(MyPage.java:22)
at pageObjects.MyPage.getEditaccinfo(MyPage.java:22)
at pageObjects.MyPage.getEditaccinfo(MyPage.java:22)
at pageObjects.MyPage.getEditaccinfo(MyPage.java:22)
at pageObjects.MyPage.getEditaccinfo(MyPage.java:22)
at pageObjects.MyPage.getEditaccinfo(MyPage.java:22)
at pageObjects.MyPage.getEditaccinfo(MyPage.java:22)
at pageObjects.MyPage.getEditaccinfo(MyPage.java:22)
at pageObjects.MyPage.getEditaccinfo(MyPage.java:22)
at pageObjects.MyPage.getEditaccinfo(MyPage.java:22)
at pageObjects.MyPage.getEditaccinfo(MyPage.java:22)
at pageObjects.MyPage.getEditaccinfo(MyPage.java:22)
at pageObjects.MyPage.getEditaccinfo(MyPage.java:22)
at pageObjects.MyPage.getEditaccinfo(MyPage.java:22)
at pageObjects.MyPage.getEditaccinfo(MyPage.java:22)
at pageObjects.MyPage.getEditaccinfo(MyPage.java:22)
at pageObjects.MyPage.getEditaccinfo(MyPage.java:22)
at pageObjects.MyPage.getEditaccinfo(MyPage.java:22)
at pageObjects.MyPage.getEditaccinfo(MyPage.java:22)
at pageObjects.MyPage.getEditaccinfo(MyPage.java:22)
at pageObjects.MyPage.getEditaccinfo(MyPage.java:22)
at pageObjects.MyPage.getEditaccinfo(MyPage.java:22)
at pageObjects.MyPage.getEditaccinfo(MyPage.java:22)
at pageObjects.MyPage.getEditaccinfo(MyPage.java:22)
at pageObjects.MyPage.getEditaccinfo(MyPage.java:22)
at pageObjects.MyPage.getEditaccinfo(MyPage.java:22)
at pageObjects.MyPage.getEditaccinfo(MyPage.java:22)
at pageObjects.MyPage.getEditaccinfo(MyPage.java:22)
at pageObjects.MyPage.getEditaccinfo(MyPage.java:22)
at pageObjects.MyPage.getEditaccinfo(MyPage.java:22)
at pageObjects.MyPage.getEditaccinfo(MyPage.java:22)
at pageObjects.MyPage.getEditaccinfo(MyPage.java:22)
at pageObjects.MyPage.getEditaccinfo(MyPage.java:22)
at pageObjects.MyPage.getEditaccinfo(MyPage.java:22)
at pageObjects.MyPage.getEditaccinfo(MyPage.java:22)
at pageObjects.MyPage.getEditaccinfo(MyPage.java:22)
at pageObjects.MyPage.getEditaccinfo(MyPage.java:22)
at pageObjects.MyPage.getEditaccinfo(MyPage.java:22)
at pageObjects.MyPage.getEditaccinfo(MyPage.java:22)
at pageObjects.MyPage.getEditaccinfo(MyPage.java:22)
at pageObjects.MyPage.getEditaccinfo(MyPage.java:22)
at pageObjects.MyPage.getEditaccinfo(MyPage.java:22)
at pageObjects.MyPage.getEditaccinfo(MyPage.java:22)
at pageObjects.MyPage.getEditaccinfo(MyPage.java:22)
at pageObjects.MyPage.getEditaccinfo(MyPage.java:22)
at pageObjects.MyPage.getEditaccinfo(MyPage.java:22)
at pageObjects.MyPage.getEditaccinfo(MyPage.java:22)
at pageObjects.MyPage.getEditaccinfo(MyPage.java:22)
at pageObjects.MyPage.getEditaccinfo(MyPage.java:22)
at pageObjects.MyPage.getEditaccinfo(MyPage.java:22)
at pageObjects.MyPage.getEditaccinfo(MyPage.java:22)
at pageObjects.MyPage.getEditaccinfo(MyPage.java:22)
at pageObjects.MyPage.getEditaccinfo(MyPage.java:22)
at pageObjects.MyPage.getEditaccinfo(MyPage.java:22)
at pageObjects.MyPage.getEditaccinfo(MyPage.java:22)
at pageObjects.MyPage.getEditaccinfo(MyPage.java:22)
at pageObjects.MyPage.getEditaccinfo(MyPage.java:22)
at pageObjects.MyPage.getEditaccinfo(MyPage.java:22)
at pageObjects.MyPage.getEditaccinfo(MyPage.java:22)
at pageObjects.MyPage.getEditaccinfo(MyPage.java:22)
at pageObjects.MyPage.getEditaccinfo(MyPage.java:22)
at pageObjects.MyPage.getEditaccinfo(MyPage.java:22)
at pageObjects.MyPage.getEditaccinfo(MyPage.java:22)
at pageObjects.MyPage.getEditaccinfo(MyPage.java:22)
at pageObjects.MyPage.getEditaccinfo(MyPage.java:22)
at pageObjects.MyPage.getEditaccinfo(MyPage.java:22)
at pageObjects.MyPage.getEditaccinfo(MyPage.java:22)
at pageObjects.MyPage.getEditaccinfo(MyPage.java:22)
at pageObjects.MyPage.getEditaccinfo(MyPage.java:22)
at pageObjects.MyPage.getEditaccinfo(MyPage.java:22)
at pageObjects.MyPage.getEditaccinfo(MyPage.java:22)
at pageObjects.MyPage.getEditaccinfo(MyPage.java:22)
at pageObjects.MyPage.getEditaccinfo(MyPage.java:22)
at pageObjects.MyPage.getEditaccinfo(MyPage.java:22)
at pageObjects.MyPage.getEditaccinfo(MyPage.java:22)
at pageObjects.MyPage.getEditaccinfo(MyPage.java:22)
at pageObjects.MyPage.getEditaccinfo(MyPage.java:22)
at pageObjects.MyPage.getEditaccinfo(MyPage.java:22)
at pageObjects.MyPage.getEditaccinfo(MyPage.java:22)
at pageObjects.MyPage.getEditaccinfo(MyPage.java:22)
at pageObjects.MyPage.getEditaccinfo(MyPage.java:22)
at pageObjects.MyPage.getEditaccinfo(MyPage.java:22)
at pageObjects.MyPage.getEditaccinfo(MyPage.java:22)
at pageObjects.MyPage.getEditaccinfo(MyPage.java:22)
at pageObjects.MyPage.getEditaccinfo(MyPage.java:22)
at pageObjects.MyPage.getEditaccinfo(MyPage.java:22)
at pageObjects.MyPage.getEditaccinfo(MyPage.java:22)
at pageObjects.MyPage.getEditaccinfo(MyPage.java:22)
at pageObjects.MyPage.getEditaccinfo(MyPage.java:22)
at pageObjects.MyPage.getEditaccinfo(MyPage.java:22)
at pageObjects.MyPage.getEditaccinfo(MyPage.java:22)
at pageObjects.MyPage.getEditaccinfo(MyPage.java:22)
at pageObjects.MyPage.getEditaccinfo(MyPage.java:22)
at pageObjects.MyPage.getEditaccinfo(MyPage.java:22)
at pageObjects.MyPage.getEditaccinfo(MyPage.java:22)
at pageObjects.MyPage.getEditaccinfo(MyPage.java:22)
at pageObjects.MyPage.getEditaccinfo(MyPage.java:22)
at pageObjects.MyPage.getEditaccinfo(MyPage.java:22)
at pageObjects.MyPage.getEditaccinfo(MyPage.java:22)
at pageObjects.MyPage.getEditaccinfo(MyPage.java:22)
at pageObjects.MyPage.getEditaccinfo(MyPage.java:22)
at pageObjects.MyPage.getEditaccinfo(MyPage.java:22)
at pageObjects.MyPage.getEditaccinfo(MyPage.java:22)
at pageObjects.MyPage.getEditaccinfo(MyPage.java:22)
at pageObjects.MyPage.getEditaccinfo(MyPage.java:22)
at pageObjects.MyPage.getEditaccinfo(MyPage.java:22)
at pageObjects.MyPage.getEditaccinfo(MyPage.java:22)
at pageObjects.MyPage.getEditaccinfo(MyPage.java:22)
at pageObjects.MyPage.getEditaccinfo(MyPage.java:22)
at pageObjects.MyPage.getEditaccinfo(MyPage.java:22)
at pageObjects.MyPage.getEditaccinfo(MyPage.java:22)
at pageObjects.MyPage.getEditaccinfo(MyPage.java:22)
at pageObjects.MyPage.getEditaccinfo(MyPage.java:22)
at pageObjects.MyPage.getEditaccinfo(MyPage.java:22)
at pageObjects.MyPage.getEditaccinfo(MyPage.java:22)
at pageObjects.MyPage.getEditaccinfo(MyPage.java:22)
at pageObjects.MyPage.getEditaccinfo(MyPage.java:22)
at pageObjects.MyPage.getEditaccinfo(MyPage.java:22)
at pageObjects.MyPage.getEditaccinfo(MyPage.java:22)
at pageObjects.MyPage.getEditaccinfo(MyPage.java:22)
at pageObjects.MyPage.getEditaccinfo(MyPage.java:22)
at pageObjects.MyPage.getEditaccinfo(MyPage.java:22)
at pageObjects.MyPage.getEditaccinfo(MyPage.java:22)
at pageObjects.MyPage.getEditaccinfo(MyPage.java:22)
at pageObjects.MyPage.getEditaccinfo(MyPage.java:22)
at pageObjects.MyPage.getEditaccinfo(MyPage.java:22)
at pageObjects.MyPage.getEditaccinfo(MyPage.java:22)
at pageObjects.MyPage.getEditaccinfo(MyPage.java:22)
at pageObjects.MyPage.getEditaccinfo(MyPage.java:22)
at pageObjects.MyPage.getEditaccinfo(MyPage.java:22)
at pageObjects.MyPage.getEditaccinfo(MyPage.java:22)
at pageObjects.MyPage.getEditaccinfo(MyPage.java:22)
at pageObjects.MyPage.getEditaccinfo(MyPage.java:22)
at pageObjects.MyPage.getEditaccinfo(MyPage.java:22)
at pageObjects.MyPage.getEditaccinfo(MyPage.java:22)
at pageObjects.MyPage.getEditaccinfo(MyPage.java:22)
at pageObjects.MyPage.getEditaccinfo(MyPage.java:22)
at pageObjects.MyPage.getEditaccinfo(MyPage.java:22)
at pageObjects.MyPage.getEditaccinfo(MyPage.java:22)
at pageObjects.MyPage.getEditaccinfo(MyPage.java:22)
at pageObjects.MyPage.getEditaccinfo(MyPage.java:22)
at pageObjects.MyPage.getEditaccinfo(MyPage.java:22)
at pageObjects.MyPage.getEditaccinfo(MyPage.java:22)
at pageObjects.MyPage.getEditaccinfo(MyPage.java:22)
at pageObjects.MyPage.getEditaccinfo(MyPage.java:22)
at pageObjects.MyPage.getEditaccinfo(MyPage.java:22)
at pageObjects.MyPage.getEditaccinfo(MyPage.java:22)
at pageObjects.MyPage.getEditaccinfo(MyPage.java:22)
at pageObjects.MyPage.getEditaccinfo(MyPage.java:22)
at pageObjects.MyPage.getEditaccinfo(MyPage.java:22)
at pageObjects.MyPage.getEditaccinfo(MyPage.java:22)
at pageObjects.MyPage.getEditaccinfo(MyPage.java:22)
at pageObjects.MyPage.getEditaccinfo(MyPage.java:22)
at pageObjects.MyPage.getEditaccinfo(MyPage.java:22)
at pageObjects.MyPage.getEditaccinfo(MyPage.java:22)
at pageObjects.MyPage.getEditaccinfo(MyPage.java:22)
at pageObjects.MyPage.getEditaccinfo(MyPage.java:22)
at pageObjects.MyPage.getEditaccinfo(MyPage.java:22)
at pageObjects.MyPage.getEditaccinfo(MyPage.java:22)
at pageObjects.MyPage.getEditaccinfo(MyPage.java:22)
at pageObjects.MyPage.getEditaccinfo(MyPage.java:22)
at pageObjects.MyPage.getEditaccinfo(MyPage.java:22)
at pageObjects.MyPage.getEditaccinfo(MyPage.java:22)
at pageObjects.MyPage.getEditaccinfo(MyPage.java:22)
at pageObjects.MyPage.getEditaccinfo(MyPage.java:22)
at pageObjects.MyPage.getEditaccinfo(MyPage.java:22)
at pageObjects.MyPage.getEditaccinfo(MyPage.java:22)
at pageObjects.MyPage.getEditaccinfo(MyPage.java:22)
at pageObjects.MyPage.getEditaccinfo(MyPage.java:22)
at pageObjects.MyPage.getEditaccinfo(MyPage.java:22)
at pageObjects.MyPage.getEditaccinfo(MyPage.java:22)
at pageObjects.MyPage.getEditaccinfo(MyPage.java:22)
at pageObjects.MyPage.getEditaccinfo(MyPage.java:22)
at pageObjects.MyPage.getEditaccinfo(MyPage.java:22)
at pageObjects.MyPage.getEditaccinfo(MyPage.java:22)
at pageObjects.MyPage.getEditaccinfo(MyPage.java:22)
at pageObjects.MyPage.getEditaccinfo(MyPage.java:22)
at pageObjects.MyPage.getEditaccinfo(MyPage.java:22)
at pageObjects.MyPage.getEditaccinfo(MyPage.java:22)
at pageObjects.MyPage.getEditaccinfo(MyPage.java:22)
at pageObjects.MyPage.getEditaccinfo(MyPage.java:22)
at pageObjects.MyPage.getEditaccinfo(MyPage.java:22)
at pageObjects.MyPage.getEditaccinfo(MyPage.java:22)
at pageObjects.MyPage.getEditaccinfo(MyPage.java:22)
at pageObjects.MyPage.getEditaccinfo(MyPage.java:22)
at pageObjects.MyPage.getEditaccinfo(MyPage.java:22)
at pageObjects.MyPage.getEditaccinfo(MyPage.java:22)
at pageObjects.MyPage.getEditaccinfo(MyPage.java:22)
at pageObjects.MyPage.getEditaccinfo(MyPage.java:22)
at pageObjects.MyPage.getEditaccinfo(MyPage.java:22)
at pageObjects.MyPage.getEditaccinfo(MyPage.java:22)
at pageObjects.MyPage.getEditaccinfo(MyPage.java:22)
at pageObjects.MyPage.getEditaccinfo(MyPage.java:22)
at pageObjects.MyPage.getEditaccinfo(MyPage.java:22)
at pageObjects.MyPage.getEditaccinfo(MyPage.java:22)
at pageObjects.MyPage.getEditaccinfo(MyPage.java:22)
at pageObjects.MyPage.getEditaccinfo(MyPage.java:22)
at pageObjects.MyPage.getEditaccinfo(MyPage.java:22)
at pageObjects.MyPage.getEditaccinfo(MyPage.java:22)
at pageObjects.MyPage.getEditaccinfo(MyPage.java:22)
at pageObjects.MyPage.getEditaccinfo(MyPage.java:22)
at pageObjects.MyPage.getEditaccinfo(MyPage.java:22)
at pageObjects.MyPage.getEditaccinfo(MyPage.java:22)
at pageObjects.MyPage.getEditaccinfo(MyPage.java:22)
at pageObjects.MyPage.getEditaccinfo(MyPage.java:22)
at pageObjects.MyPage.getEditaccinfo(MyPage.java:22)
at pageObjects.MyPage.getEditaccinfo(MyPage.java:22)
at pageObjects.MyPage.getEditaccinfo(MyPage.java:22)
at pageObjects.MyPage.getEditaccinfo(MyPage.java:22)
at pageObjects.MyPage.getEditaccinfo(MyPage.java:22)
at pageObjects.MyPage.getEditaccinfo(MyPage.java:22)
at pageObjects.MyPage.getEditaccinfo(MyPage.java:22)
at pageObjects.MyPage.getEditaccinfo(MyPage.java:22)
at pageObjects.MyPage.getEditaccinfo(MyPage.java:22)
at pageObjects.MyPage.getEditaccinfo(MyPage.java:22)
at pageObjects.MyPage.getEditaccinfo(MyPage.java:22)
at pageObjects.MyPage.getEditaccinfo(MyPage.java:22)
at pageObjects.MyPage.getEditaccinfo(MyPage.java:22)
at pageObjects.MyPage.getEditaccinfo(MyPage.java:22)
at pageObjects.MyPage.getEditaccinfo(MyPage.java:22)
at pageObjects.MyPage.getEditaccinfo(MyPage.java:22)
at pageObjects.MyPage.getEditaccinfo(MyPage.java:22)
at pageObjects.MyPage.getEditaccinfo(MyPage.java:22)
at pageObjects.MyPage.getEditaccinfo(MyPage.java:22)
at pageObjects.MyPage.getEditaccinfo(MyPage.java:22)
at pageObjects.MyPage.getEditaccinfo(MyPage.java:22)
at pageObjects.MyPage.getEditaccinfo(MyPage.java:22)
at pageObjects.MyPage.getEditaccinfo(MyPage.java:22)
at pageObjects.MyPage.getEditaccinfo(MyPage.java:22)
at pageObjects.MyPage.getEditaccinfo(MyPage.java:22)
at pageObjects.MyPage.getEditaccinfo(MyPage.java:22)
at pageObjects.MyPage.getEditaccinfo(MyPage.java:22)
at pageObjects.MyPage.getEditaccinfo(MyPage.java:22)
at pageObjects.MyPage.getEditaccinfo(MyPage.java:22)
at pageObjects.MyPage.getEditaccinfo(MyPage.java:22)
at pageObjects.MyPage.getEditaccinfo(MyPage.java:22)
at pageObjects.MyPage.getEditaccinfo(MyPage.java:22)
at pageObjects.MyPage.getEditaccinfo(MyPage.java:22)
at pageObjects.MyPage.getEditaccinfo(MyPage.java:22)
at pageObjects.MyPage.getEditaccinfo(MyPage.java:22)
at pageObjects.MyPage.getEditaccinfo(MyPage.java:22)
at pageObjects.MyPage.getEditaccinfo(MyPage.java:22)
at pageObjects.MyPage.getEditaccinfo(MyPage.java:22)
at pageObjects.MyPage.getEditaccinfo(MyPage.java:22)
at pageObjects.MyPage.getEditaccinfo(MyPage.java:22)
at pageObjects.MyPage.getEditaccinfo(MyPage.java:22)
at pageObjects.MyPage.getEditaccinfo(MyPage.java:22)
at pageObjects.MyPage.getEditaccinfo(MyPage.java:22)
at pageObjects.MyPage.getEditaccinfo(MyPage.java:22)
at pageObjects.MyPage.getEditaccinfo(MyPage.java:22)
at pageObjects.MyPage.getEditaccinfo(MyPage.java:22)
at pageObjects.MyPage.getEditaccinfo(MyPage.java:22)
at pageObjects.MyPage.getEditaccinfo(MyPage.java:22)
at pageObjects.MyPage.getEditaccinfo(MyPage.java:22)
at pageObjects.MyPage.getEditaccinfo(MyPage.java:22)
at pageObjects.MyPage.getEditaccinfo(MyPage.java:22)
at pageObjects.MyPage.getEditaccinfo(MyPage.java:22)
at pageObjects.MyPage.getEditaccinfo(MyPage.java:22)
at pageObjects.MyPage.getEditaccinfo(MyPage.java:22)
at pageObjects.MyPage.getEditaccinfo(MyPage.java:22)
at pageObjects.MyPage.getEditaccinfo(MyPage.java:22)
at pageObjects.MyPage.getEditaccinfo(MyPage.java:22)
at pageObjects.MyPage.getEditaccinfo(MyPage.java:22)
at pageObjects.MyPage.getEditaccinfo(MyPage.java:22)
at pageObjects.MyPage.getEditaccinfo(MyPage.java:22)
at pageObjects.MyPage.getEditaccinfo(MyPage.java:22)
at pageObjects.MyPage.getEditaccinfo(MyPage.java:22)
at pageObjects.MyPage.getEditaccinfo(MyPage.java:22)
at pageObjects.MyPage.getEditaccinfo(MyPage.java:22)
at pageObjects.MyPage.getEditaccinfo(MyPage.java:22)
at pageObjects.MyPage.getEditaccinfo(MyPage.java:22)
at pageObjects.MyPage.getEditaccinfo(MyPage.java:22)
at pageObjects.MyPage.getEditaccinfo(MyPage.java:22)
at pageObjects.MyPage.getEditaccinfo(MyPage.java:22)
at pageObjects.MyPage.getEditaccinfo(MyPage.java:22)
at pageObjects.MyPage.getEditaccinfo(MyPage.java:22)
at pageObjects.MyPage.getEditaccinfo(MyPage.java:22)
at pageObjects.MyPage.getEditaccinfo(MyPage.java:22)
at pageObjects.MyPage.getEditaccinfo(MyPage.java:22)
at pageObjects.MyPage.getEditaccinfo(MyPage.java:22)
at pageObjects.MyPage.getEditaccinfo(MyPage.java:22)
at pageObjects.MyPage.getEditaccinfo(MyPage.java:22)
at pageObjects.MyPage.getEditaccinfo(MyPage.java:22)
at pageObjects.MyPage.getEditaccinfo(MyPage.java:22)
at pageObjects.MyPage.getEditaccinfo(MyPage.java:22)
at pageObjects.MyPage.getEditaccinfo(MyPage.java:22)
at pageObjects.MyPage.getEditaccinfo(MyPage.java:22)
at pageObjects.MyPage.getEditaccinfo(MyPage.java:22)
at pageObjects.MyPage.getEditaccinfo(MyPage.java:22)
at pageObjects.MyPage.getEditaccinfo(MyPage.java:22)
at pageObjects.MyPage.getEditaccinfo(MyPage.java:22)
at pageObjects.MyPage.getEditaccinfo(MyPage.java:22)
at pageObjects.MyPage.getEditaccinfo(MyPage.java:22)
at pageObjects.MyPage.getEditaccinfo(MyPage.java:22)
at pageObjects.MyPage.getEditaccinfo(MyPage.java:22)
at pageObjects.MyPage.getEditaccinfo(MyPage.java:22)
at pageObjects.MyPage.getEditaccinfo(MyPage.java:22)
at pageObjects.MyPage.getEditaccinfo(MyPage.java:22)
at pageObjects.MyPage.getEditaccinfo(MyPage.java:22)
at pageObjects.MyPage.getEditaccinfo(MyPage.java:22)
at pageObjects.MyPage.getEditaccinfo(MyPage.java:22)
at pageObjects.MyPage.getEditaccinfo(MyPage.java:22)
at pageObjects.MyPage.getEditaccinfo(MyPage.java:22)
at pageObjects.MyPage.getEditaccinfo(MyPage.java:22)
at pageObjects.MyPage.getEditaccinfo(MyPage.java:22)
at pageObjects.MyPage.getEditaccinfo(MyPage.java:22)
at pageObjects.MyPage.getEditaccinfo(MyPage.java:22)
at pageObjects.MyPage.getEditaccinfo(MyPage.java:22)
at pageObjects.MyPage.getEditaccinfo(MyPage.java:22)
at pageObjects.MyPage.getEditaccinfo(MyPage.java:22)
at pageObjects.MyPage.getEditaccinfo(MyPage.java:22)
at pageObjects.MyPage.getEditaccinfo(MyPage.java:22)
at pageObjects.MyPage.getEditaccinfo(MyPage.java:22)
at pageObjects.MyPage.getEditaccinfo(MyPage.java:22)
at pageObjects.MyPage.getEditaccinfo(MyPage.java:22)
at pageObjects.MyPage.getEditaccinfo(MyPage.java:22)
at pageObjects.MyPage.getEditaccinfo(MyPage.java:22)
at pageObjects.MyPage.getEditaccinfo(MyPage.java:22)
at pageObjects.MyPage.getEditaccinfo(MyPage.java:22)
at pageObjects.MyPage.getEditaccinfo(MyPage.java:22)
at pageObjects.MyPage.getEditaccinfo(MyPage.java:22)
at pageObjects.MyPage.getEditaccinfo(MyPage.java:22)
at pageObjects.MyPage.getEditaccinfo(MyPage.java:22)
at pageObjects.MyPage.getEditaccinfo(MyPage.java:22)
at pageObjects.MyPage.getEditaccinfo(MyPage.java:22)
at pageObjects.MyPage.getEditaccinfo(MyPage.java:22)
at pageObjects.MyPage.getEditaccinfo(MyPage.java:22)
at pageObjects.MyPage.getEditaccinfo(MyPage.java:22)
at pageObjects.MyPage.getEditaccinfo(MyPage.java:22)
at pageObjects.MyPage.getEditaccinfo(MyPage.java:22)
at pageObjects.MyPage.getEditaccinfo(MyPage.java:22)
at pageObjects.MyPage.getEditaccinfo(MyPage.java:22)
at pageObjects.MyPage.getEditaccinfo(MyPage.java:22)
at pageObjects.MyPage.getEditaccinfo(MyPage.java:22)
at pageObjects.MyPage.getEditaccinfo(MyPage.java:22)
at pageObjects.MyPage.getEditaccinfo(MyPage.java:22)
at pageObjects.MyPage.getEditaccinfo(MyPage.java:22)
at pageObjects.MyPage.getEditaccinfo(MyPage.java:22)
at pageObjects.MyPage.getEditaccinfo(MyPage.java:22)
at pageObjects.MyPage.getEditaccinfo(MyPage.java:22)
at pageObjects.MyPage.getEditaccinfo(MyPage.java:22)
at pageObjects.MyPage.getEditaccinfo(MyPage.java:22)
at pageObjects.MyPage.getEditaccinfo(MyPage.java:22)
at pageObjects.MyPage.getEditaccinfo(MyPage.java:22)
at pageObjects.MyPage.getEditaccinfo(MyPage.java:22)
at pageObjects.MyPage.getEditaccinfo(MyPage.java:22)
at pageObjects.MyPage.getEditaccinfo(MyPage.java:22)
at pageObjects.MyPage.getEditaccinfo(MyPage.java:22)
at pageObjects.MyPage.getEditaccinfo(MyPage.java:22)
at pageObjects.MyPage.getEditaccinfo(MyPage.java:22)
at pageObjects.MyPage.getEditaccinfo(MyPage.java:22)
at pageObjects.MyPage.getEditaccinfo(MyPage.java:22)
at pageObjects.MyPage.getEditaccinfo(MyPage.java:22)
at pageObjects.MyPage.getEditaccinfo(MyPage.java:22)
at pageObjects.MyPage.getEditaccinfo(MyPage.java:22)
at pageObjects.MyPage.getEditaccinfo(MyPage.java:22)
at pageObjects.MyPage.getEditaccinfo(MyPage.java:22)
at pageObjects.MyPage.getEditaccinfo(MyPage.java:22)
at pageObjects.MyPage.getEditaccinfo(MyPage.java:22)
at pageObjects.MyPage.getEditaccinfo(MyPage.java:22)
at pageObjects.MyPage.getEditaccinfo(MyPage.java:22)
at pageObjects.MyPage.getEditaccinfo(MyPage.java:22)
at pageObjects.MyPage.getEditaccinfo(MyPage.java:22)
at pageObjects.MyPage.getEditaccinfo(MyPage.java:22)
at pageObjects.MyPage.getEditaccinfo(MyPage.java:22)
at pageObjects.MyPage.getEditaccinfo(MyPage.java:22)
at pageObjects.MyPage.getEditaccinfo(MyPage.java:22)
at pageObjects.MyPage.getEditaccinfo(MyPage.java:22)
at pageObjects.MyPage.getEditaccinfo(MyPage.java:22)
at pageObjects.MyPage.getEditaccinfo(MyPage.java:22)
at pageObjects.MyPage.getEditaccinfo(MyPage.java:22)
at pageObjects.MyPage.getEditaccinfo(MyPage.java:22)
at pageObjects.MyPage.getEditaccinfo(MyPage.java:22)
at pageObjects.MyPage.getEditaccinfo(MyPage.java:22)
at pageObjects.MyPage.getEditaccinfo(MyPage.java:22)
at pageObjects.MyPage.getEditaccinfo(MyPage.java:22)
at pageObjects.MyPage.getEditaccinfo(MyPage.java:22)
at pageObjects.MyPage.getEditaccinfo(MyPage.java:22)
at pageObjects.MyPage.getEditaccinfo(MyPage.java:22)
at pageObjects.MyPage.getEditaccinfo(MyPage.java:22)
at pageObjects.MyPage.getEditaccinfo(MyPage.java:22)
at pageObjects.MyPage.getEditaccinfo(MyPage.java:22)
at pageObjects.MyPage.getEditaccinfo(MyPage.java:22)
at pageObjects.MyPage.getEditaccinfo(MyPage.java:22)
at pageObjects.MyPage.getEditaccinfo(MyPage.java:22)
at pageObjects.MyPage.getEditaccinfo(MyPage.java:22)
at pageObjects.MyPage.getEditaccinfo(MyPage.java:22)
at pageObjects.MyPage.getEditaccinfo(MyPage.java:22)
at pageObjects.MyPage.getEditaccinfo(MyPage.java:22)
at pageObjects.MyPage.getEditaccinfo(MyPage.java:22)
at pageObjects.MyPage.getEditaccinfo(MyPage.java:22)
at pageObjects.MyPage.getEditaccinfo(MyPage.java:22)
at pageObjects.MyPage.getEditaccinfo(MyPage.java:22)
at pageObjects.MyPage.getEditaccinfo(MyPage.java:22)
at pageObjects.MyPage.getEditaccinfo(MyPage.java:22)
at pageObjects.MyPage.getEditaccinfo(MyPage.java:22)
at pageObjects.MyPage.getEditaccinfo(MyPage.java:22)
at pageObjects.MyPage.getEditaccinfo(MyPage.java:22)
at pageObjects.MyPage.getEditaccinfo(MyPage.java:22)
at pageObjects.MyPage.getEditaccinfo(MyPage.java:22)
at pageObjects.MyPage.getEditaccinfo(MyPage.java:22)
at pageObjects.MyPage.getEditaccinfo(MyPage.java:22)
at pageObjects.MyPage.getEditaccinfo(MyPage.java:22)
at pageObjects.MyPage.getEditaccinfo(MyPage.java:22)
at pageObjects.MyPage.getEditaccinfo(MyPage.java:22)
at pageObjects.MyPage.getEditaccinfo(MyPage.java:22)
at pageObjects.MyPage.getEditaccinfo(MyPage.java:22)
at pageObjects.MyPage.getEditaccinfo(MyPage.java:22)
at pageObjects.MyPage.getEditaccinfo(MyPage.java:22)
at pageObjects.MyPage.getEditaccinfo(MyPage.java:22)
at pageObjects.MyPage.getEditaccinfo(MyPage.java:22)
at pageObjects.MyPage.getEditaccinfo(MyPage.java:22)
at pageObjects.MyPage.getEditaccinfo(MyPage.java:22)
at pageObjects.MyPage.getEditaccinfo(MyPage.java:22)
at pageObjects.MyPage.getEditaccinfo(MyPage.java:22)
at pageObjects.MyPage.getEditaccinfo(MyPage.java:22)
at pageObjects.MyPage.getEditaccinfo(MyPage.java:22)
at pageObjects.MyPage.getEditaccinfo(MyPage.java:22)
at pageObjects.MyPage.getEditaccinfo(MyPage.java:22)
at pageObjects.MyPage.getEditaccinfo(MyPage.java:22)
at pageObjects.MyPage.getEditaccinfo(MyPage.java:22)
at pageObjects.MyPage.getEditaccinfo(MyPage.java:22)
at pageObjects.MyPage.getEditaccinfo(MyPage.java:22)
at pageObjects.MyPage.getEditaccinfo(MyPage.java:22)
at pageObjects.MyPage.getEditaccinfo(MyPage.java:22)
at pageObjects.MyPage.getEditaccinfo(MyPage.java:22)
at pageObjects.MyPage.getEditaccinfo(MyPage.java:22)
at pageObjects.MyPage.getEditaccinfo(MyPage.java:22)
at pageObjects.MyPage.getEditaccinfo(MyPage.java:22)
at pageObjects.MyPage.getEditaccinfo(MyPage.java:22)
at pageObjects.MyPage.getEditaccinfo(MyPage.java:22)
at pageObjects.MyPage.getEditaccinfo(MyPage.java:22)
at pageObjects.MyPage.getEditaccinfo(MyPage.java:22)
at pageObjects.MyPage.getEditaccinfo(MyPage.java:22)
at pageObjects.MyPage.getEditaccinfo(MyPage.java:22)
at pageObjects.MyPage.getEditaccinfo(MyPage.java:22)
at pageObjects.MyPage.getEditaccinfo(MyPage.java:22)
at pageObjects.MyPage.getEditaccinfo(MyPage.java:22)
at pageObjects.MyPage.getEditaccinfo(MyPage.java:22)
at pageObjects.MyPage.getEditaccinfo(MyPage.java:22)
at pageObjects.MyPage.getEditaccinfo(MyPage.java:22)
at pageObjects.MyPage.getEditaccinfo(MyPage.java:22)
at pageObjects.MyPage.getEditaccinfo(MyPage.java:22)
at pageObjects.MyPage.getEditaccinfo(MyPage.java:22)
at pageObjects.MyPage.getEditaccinfo(MyPage.java:22)
at pageObjects.MyPage.getEditaccinfo(MyPage.java:22)
at pageObjects.MyPage.getEditaccinfo(MyPage.java:22)
at pageObjects.MyPage.getEditaccinfo(MyPage.java:22)
at pageObjects.MyPage.getEditaccinfo(MyPage.java:22)
at pageObjects.MyPage.getEditaccinfo(MyPage.java:22)
at pageObjects.MyPage.getEditaccinfo(MyPage.java:22)
at pageObjects.MyPage.getEditaccinfo(MyPage.java:22)
at pageObjects.MyPage.getEditaccinfo(MyPage.java:22)
at pageObjects.MyPage.getEditaccinfo(MyPage.java:22)
at pageObjects.MyPage.getEditaccinfo(MyPage.java:22)
at pageObjects.MyPage.getEditaccinfo(MyPage.java:22)
at pageObjects.MyPage.getEditaccinfo(MyPage.java:22)
at pageObjects.MyPage.getEditaccinfo(MyPage.java:22)
at pageObjects.MyPage.getEditaccinfo(MyPage.java:22)
at pageObjects.MyPage.getEditaccinfo(MyPage.java:22)
at pageObjects.MyPage.getEditaccinfo(MyPage.java:22)
at pageObjects.MyPage.getEditaccinfo(MyPage.java:22)
at pageObjects.MyPage.getEditaccinfo(MyPage.java:22)
at pageObjects.MyPage.getEditaccinfo(MyPage.java:22)
at pageObjects.MyPage.getEditaccinfo(MyPage.java:22)
at pageObjects.MyPage.getEditaccinfo(MyPage.java:22)
at pageObjects.MyPage.getEditaccinfo(MyPage.java:22)
at pageObjects.MyPage.getEditaccinfo(MyPage.java:22)
at pageObjects.MyPage.getEditaccinfo(MyPage.java:22)
at pageObjects.MyPage.getEditaccinfo(MyPage.java:22)
at pageObjects.MyPage.getEditaccinfo(MyPage.java:22)
at pageObjects.MyPage.getEditaccinfo(MyPage.java:22)
at pageObjects.MyPage.getEditaccinfo(MyPage.java:22)
at pageObjects.MyPage.getEditaccinfo(MyPage.java:22)
at pageObjects.MyPage.getEditaccinfo(MyPage.java:22)
at pageObjects.MyPage.getEditaccinfo(MyPage.java:22)
at pageObjects.MyPage.getEditaccinfo(MyPage.java:22)
at pageObjects.MyPage.getEditaccinfo(MyPage.java:22)
at pageObjects.MyPage.getEditaccinfo(MyPage.java:22)
at pageObjects.MyPage.getEditaccinfo(MyPage.java:22)
at pageObjects.MyPage.getEditaccinfo(MyPage.java:22)
at pageObjects.MyPage.getEditaccinfo(MyPage.java:22)
at pageObjects.MyPage.getEditaccinfo(MyPage.java:22)
at pageObjects.MyPage.getEditaccinfo(MyPage.java:22)
at pageObjects.MyPage.getEditaccinfo(MyPage.java:22)
at pageObjects.MyPage.getEditaccinfo(MyPage.java:22)
at pageObjects.MyPage.getEditaccinfo(MyPage.java:22)
at pageObjects.MyPage.getEditaccinfo(MyPage.java:22)
at pageObjects.MyPage.getEditaccinfo(MyPage.java:22)
at pageObjects.MyPage.getEditaccinfo(MyPage.java:22)
at pageObjects.MyPage.getEditaccinfo(MyPage.java:22)
at pageObjects.MyPage.getEditaccinfo(MyPage.java:22)
at pageObjects.MyPage.getEditaccinfo(MyPage.java:22)
at pageObjects.MyPage.getEditaccinfo(MyPage.java:22)
at pageObjects.MyPage.getEditaccinfo(MyPage.java:22)
at pageObjects.MyPage.getEditaccinfo(MyPage.java:22)
at pageObjects.MyPage.getEditaccinfo(MyPage.java:22)
at pageObjects.MyPage.getEditaccinfo(MyPage.java:22)
at pageObjects.MyPage.getEditaccinfo(MyPage.java:22)
at pageObjects.MyPage.getEditaccinfo(MyPage.java:22)
at pageObjects.MyPage.getEditaccinfo(MyPage.java:22)
at pageObjects.MyPage.getEditaccinfo(MyPage.java:22)
at pageObjects.MyPage.getEditaccinfo(MyPage.java:22)
at pageObjects.MyPage.getEditaccinfo(MyPage.java:22)
at pageObjects.MyPage.getEditaccinfo(MyPage.java:22)
at pageObjects.MyPage.getEditaccinfo(MyPage.java:22)
at pageObjects.MyPage.getEditaccinfo(MyPage.java:22)
at pageObjects.MyPage.getEditaccinfo(MyPage.java:22)
at pageObjects.MyPage.getEditaccinfo(MyPage.java:22)
at pageObjects.MyPage.getEditaccinfo(MyPage.java:22)
at pageObjects.MyPage.getEditaccinfo(MyPage.java:22)
at pageObjects.MyPage.getEditaccinfo(MyPage.java:22)
at pageObjects.MyPage.getEditaccinfo(MyPage.java:22)
at pageObjects.MyPage.getEditaccinfo(MyPage.java:22)
at pageObjects.MyPage.getEditaccinfo(MyPage.java:22)
at pageObjects.MyPage.getEditaccinfo(MyPage.java:22)
at pageObjects.MyPage.getEditaccinfo(MyPage.java:22)
at pageObjects.MyPage.getEditaccinfo(MyPage.java:22)
at pageObjects.MyPage.getEditaccinfo(MyPage.java:22)
at pageObjects.MyPage.getEditaccinfo(MyPage.java:22)
at pageObjects.MyPage.getEditaccinfo(MyPage.java:22)
at pageObjects.MyPage.getEditaccinfo(MyPage.java:22)
at pageObjects.MyPage.getEditaccinfo(MyPage.java:22)
at pageObjects.MyPage.getEditaccinfo(MyPage.java:22)
at pageObjects.MyPage.getEditaccinfo(MyPage.java:22)
at pageObjects.MyPage.getEditaccinfo(MyPage.java:22)
at pageObjects.MyPage.getEditaccinfo(MyPage.java:22)
at pageObjects.MyPage.getEditaccinfo(MyPage.java:22)
at pageObjects.MyPage.getEditaccinfo(MyPage.java:22)
at pageObjects.MyPage.getEditaccinfo(MyPage.java:22)
at pageObjects.MyPage.getEditaccinfo(MyPage.java:22)
at pageObjects.MyPage.getEditaccinfo(MyPage.java:22)
at pageObjects.MyPage.getEditaccinfo(MyPage.java:22)
at pageObjects.MyPage.getEditaccinfo(MyPage.java:22)
at pageObjects.MyPage.getEditaccinfo(MyPage.java:22)
at pageObjects.MyPage.getEditaccinfo(MyPage.java:22)
at pageObjects.MyPage.getEditaccinfo(MyPage.java:22)
at pageObjects.MyPage.getEditaccinfo(MyPage.java:22)
at pageObjects.MyPage.getEditaccinfo(MyPage.java:22)
at pageObjects.MyPage.getEditaccinfo(MyPage.java:22)
at pageObjects.MyPage.getEditaccinfo(MyPage.java:22)
at pageObjects.MyPage.getEditaccinfo(MyPage.java:22)
at pageObjects.MyPage.getEditaccinfo(MyPage.java:22)
at pageObjects.MyPage.getEditaccinfo(MyPage.java:22)
at pageObjects.MyPage.getEditaccinfo(MyPage.java:22)
at pageObjects.MyPage.getEditaccinfo(MyPage.java:22)
at pageObjects.MyPage.getEditaccinfo(MyPage.java:22)
at pageObjects.MyPage.getEditaccinfo(MyPage.java:22)
at pageObjects.MyPage.getEditaccinfo(MyPage.java:22)
at pageObjects.MyPage.getEditaccinfo(MyPage.java:22)
at pageObjects.MyPage.getEditaccinfo(MyPage.java:22)
at pageObjects.MyPage.getEditaccinfo(MyPage.java:22)
at pageObjects.MyPage.getEditaccinfo(MyPage.java:22)
at pageObjects.MyPage.getEditaccinfo(MyPage.java:22)
at pageObjects.MyPage.getEditaccinfo(MyPage.java:22)
at pageObjects.MyPage.getEditaccinfo(MyPage.java:22)
at pageObjects.MyPage.getEditaccinfo(MyPage.java:22)
at pageObjects.MyPage.getEditaccinfo(MyPage.java:22)
at pageObjects.MyPage.getEditaccinfo(MyPage.java:22)
at pageObjects.MyPage.getEditaccinfo(MyPage.java:22)
at pageObjects.MyPage.getEditaccinfo(MyPage.java:22)
at pageObjects.MyPage.getEditaccinfo(MyPage.java:22)
at pageObjects.MyPage.getEditaccinfo(MyPage.java:22)
at pageObjects.MyPage.getEditaccinfo(MyPage.java:22)
at pageObjects.MyPage.getEditaccinfo(MyPage.java:22)
at pageObjects.MyPage.getEditaccinfo(MyPage.java:22)
at pageObjects.MyPage.getEditaccinfo(MyPage.java:22)
at pageObjects.MyPage.getEditaccinfo(MyPage.java:22)
at pageObjects.MyPage.getEditaccinfo(MyPage.java:22)
at pageObjects.MyPage.getEditaccinfo(MyPage.java:22)
at pageObjects.MyPage.getEditaccinfo(MyPage.java:22)
at pageObjects.MyPage.getEditaccinfo(MyPage.java:22)
at pageObjects.MyPage.getEditaccinfo(MyPage.java:22)
at pageObjects.MyPage.getEditaccinfo(MyPage.java:22)
at pageObjects.MyPage.getEditaccinfo(MyPage.java:22)
at pageObjects.MyPage.getEditaccinfo(MyPage.java:22)
at pageObjects.MyPage.getEditaccinfo(MyPage.java:22)
at pageObjects.MyPage.getEditaccinfo(MyPage.java:22)
at pageObjects.MyPage.getEditaccinfo(MyPage.java:22)
at pageObjects.MyPage.getEditaccinfo(MyPage.java:22)
at pageObjects.MyPage.getEditaccinfo(MyPage.java:22)
at pageObjects.MyPage.getEditaccinfo(MyPage.java:22)
at pageObjects.MyPage.getEditaccinfo(MyPage.java:22)
at pageObjects.MyPage.getEditaccinfo(MyPage.java:22)
at pageObjects.MyPage.getEditaccinfo(MyPage.java:22)
at pageObjects.MyPage.getEditaccinfo(MyPage.java:22)
at pageObjects.MyPage.getEditaccinfo(MyPage.java:22)
at pageObjects.MyPage.getEditaccinfo(MyPage.java:22)
at pageObjects.MyPage.getEditaccinfo(MyPage.java:22)
at pageObjects.MyPage.getEditaccinfo(MyPage.java:22)
at pageObjects.MyPage.getEditaccinfo(MyPage.java:22)
at pageObjects.MyPage.getEditaccinfo(MyPage.java:22)
at pageObjects.MyPage.getEditaccinfo(MyPage.java:22)
at pageObjects.MyPage.getEditaccinfo(MyPage.java:22)
at pageObjects.MyPage.getEditaccinfo(MyPage.java:22)
at pageObjects.MyPage.getEditaccinfo(MyPage.java:22)
at pageObjects.MyPage.getEditaccinfo(MyPage.java:22)
at pageObjects.MyPage.getEditaccinfo(MyPage.java:22)
at pageObjects.MyPage.getEditaccinfo(MyPage.java:22)
at pageObjects.MyPage.getEditaccinfo(MyPage.java:22)
at pageObjects.MyPage.getEditaccinfo(MyPage.java:22)
at pageObjects.MyPage.getEditaccinfo(MyPage.java:22)
at pageObjects.MyPage.getEditaccinfo(MyPage.java:22)
at pageObjects.MyPage.getEditaccinfo(MyPage.java:22)
at pageObjects.MyPage.getEditaccinfo(MyPage.java:22)
at pageObjects.MyPage.getEditaccinfo(MyPage.java:22)
at pageObjects.MyPage.getEditaccinfo(MyPage.java:22)
at pageObjects.MyPage.getEditaccinfo(MyPage.java:22)
at pageObjects.MyPage.getEditaccinfo(MyPage.java:22)
at pageObjects.MyPage.getEditaccinfo(MyPage.java:22)
at pageObjects.MyPage.getEditaccinfo(MyPage.java:22)
at pageObjects.MyPage.getEditaccinfo(MyPage.java:22)
at pageObjects.MyPage.getEditaccinfo(MyPage.java:22)
at pageObjects.MyPage.getEditaccinfo(MyPage.java:22)
at pageObjects.MyPage.getEditaccinfo(MyPage.java:22)
at pageObjects.MyPage.getEditaccinfo(MyPage.java:22)
at pageObjects.MyPage.getEditaccinfo(MyPage.java:22)
at pageObjects.MyPage.getEditaccinfo(MyPage.java:22)
at pageObjects.MyPage.getEditaccinfo(MyPage.java:22)
at pageObjects.MyPage.getEditaccinfo(MyPage.java:22)
at pageObjects.MyPage.getEditaccinfo(MyPage.java:22)
at pageObjects.MyPage.getEditaccinfo(MyPage.java:22)
at pageObjects.MyPage.getEditaccinfo(MyPage.java:22)
at pageObjects.MyPage.getEditaccinfo(MyPage.java:22)
at pageObjects.MyPage.getEditaccinfo(MyPage.java:22)
at pageObjects.MyPage.getEditaccinfo(MyPage.java:22)
at pageObjects.MyPage.getEditaccinfo(MyPage.java:22)
at pageObjects.MyPage.getEditaccinfo(MyPage.java:22)
at pageObjects.MyPage.getEditaccinfo(MyPage.java:22)
at pageObjects.MyPage.getEditaccinfo(MyPage.java:22)
at pageObjects.MyPage.getEditaccinfo(MyPage.java:22)
at pageObjects.MyPage.getEditaccinfo(MyPage.java:22)
at pageObjects.MyPage.getEditaccinfo(MyPage.java:22)
at pageObjects.MyPage.getEditaccinfo(MyPage.java:22)
at pageObjects.MyPage.getEditaccinfo(MyPage.java:22)
at pageObjects.MyPage.getEditaccinfo(MyPage.java:22)
at pageObjects.MyPage.getEditaccinfo(MyPage.java:22)
at pageObjects.MyPage.getEditaccinfo(MyPage.java:22)
at pageObjects.MyPage.getEditaccinfo(MyPage.java:22)
at pageObjects.MyPage.getEditaccinfo(MyPage.java:22)
at pageObjects.MyPage.getEditaccinfo(MyPage.java:22)
at pageObjects.MyPage.getEditaccinfo(MyPage.java:22)
at pageObjects.MyPage.getEditaccinfo(MyPage.java:22)
at pageObjects.MyPage.getEditaccinfo(MyPage.java:22)
at pageObjects.MyPage.getEditaccinfo(MyPage.java:22)
at pageObjects.MyPage.getEditaccinfo(MyPage.java:22)
at pageObjects.MyPage.getEditaccinfo(MyPage.java:22)
at pageObjects.MyPage.getEditaccinfo(MyPage.java:22)
at pageObjects.MyPage.getEditaccinfo(MyPage.java:22)
at pageObjects.MyPage.getEditaccinfo(MyPage.java:22)
at pageObjects.MyPage.getEditaccinfo(MyPage.java:22)
]]>
    </error>
  </testcase> <!-- login -->
  <system-out/>
  <testcase classname="Tests.TC_LoginDDT_002" name="login" time="29.767">
    <error type="java.lang.StackOverflowError">
      <![CDATA[java.lang.StackOverflowError
at pageObjects.MyPage.getEditaccinfo(MyPage.java:22)
at pageObjects.MyPage.getEditaccinfo(MyPage.java:22)
at pageObjects.MyPage.getEditaccinfo(MyPage.java:22)
at pageObjects.MyPage.getEditaccinfo(MyPage.java:22)
at pageObjects.MyPage.getEditaccinfo(MyPage.java:22)
at pageObjects.MyPage.getEditaccinfo(MyPage.java:22)
at pageObjects.MyPage.getEditaccinfo(MyPage.java:22)
at pageObjects.MyPage.getEditaccinfo(MyPage.java:22)
at pageObjects.MyPage.getEditaccinfo(MyPage.java:22)
at pageObjects.MyPage.getEditaccinfo(MyPage.java:22)
at pageObjects.MyPage.getEditaccinfo(MyPage.java:22)
at pageObjects.MyPage.getEditaccinfo(MyPage.java:22)
at pageObjects.MyPage.getEditaccinfo(MyPage.java:22)
at pageObjects.MyPage.getEditaccinfo(MyPage.java:22)
at pageObjects.MyPage.getEditaccinfo(MyPage.java:22)
at pageObjects.MyPage.getEditaccinfo(MyPage.java:22)
at pageObjects.MyPage.getEditaccinfo(MyPage.java:22)
at pageObjects.MyPage.getEditaccinfo(MyPage.java:22)
at pageObjects.MyPage.getEditaccinfo(MyPage.java:22)
at pageObjects.MyPage.getEditaccinfo(MyPage.java:22)
at pageObjects.MyPage.getEditaccinfo(MyPage.java:22)
at pageObjects.MyPage.getEditaccinfo(MyPage.java:22)
at pageObjects.MyPage.getEditaccinfo(MyPage.java:22)
at pageObjects.MyPage.getEditaccinfo(MyPage.java:22)
at pageObjects.MyPage.getEditaccinfo(MyPage.java:22)
at pageObjects.MyPage.getEditaccinfo(MyPage.java:22)
at pageObjects.MyPage.getEditaccinfo(MyPage.java:22)
at pageObjects.MyPage.getEditaccinfo(MyPage.java:22)
at pageObjects.MyPage.getEditaccinfo(MyPage.java:22)
at pageObjects.MyPage.getEditaccinfo(MyPage.java:22)
at pageObjects.MyPage.getEditaccinfo(MyPage.java:22)
at pageObjects.MyPage.getEditaccinfo(MyPage.java:22)
at pageObjects.MyPage.getEditaccinfo(MyPage.java:22)
at pageObjects.MyPage.getEditaccinfo(MyPage.java:22)
at pageObjects.MyPage.getEditaccinfo(MyPage.java:22)
at pageObjects.MyPage.getEditaccinfo(MyPage.java:22)
at pageObjects.MyPage.getEditaccinfo(MyPage.java:22)
at pageObjects.MyPage.getEditaccinfo(MyPage.java:22)
at pageObjects.MyPage.getEditaccinfo(MyPage.java:22)
at pageObjects.MyPage.getEditaccinfo(MyPage.java:22)
at pageObjects.MyPage.getEditaccinfo(MyPage.java:22)
at pageObjects.MyPage.getEditaccinfo(MyPage.java:22)
at pageObjects.MyPage.getEditaccinfo(MyPage.java:22)
at pageObjects.MyPage.getEditaccinfo(MyPage.java:22)
at pageObjects.MyPage.getEditaccinfo(MyPage.java:22)
at pageObjects.MyPage.getEditaccinfo(MyPage.java:22)
at pageObjects.MyPage.getEditaccinfo(MyPage.java:22)
at pageObjects.MyPage.getEditaccinfo(MyPage.java:22)
at pageObjects.MyPage.getEditaccinfo(MyPage.java:22)
at pageObjects.MyPage.getEditaccinfo(MyPage.java:22)
at pageObjects.MyPage.getEditaccinfo(MyPage.java:22)
at pageObjects.MyPage.getEditaccinfo(MyPage.java:22)
at pageObjects.MyPage.getEditaccinfo(MyPage.java:22)
at pageObjects.MyPage.getEditaccinfo(MyPage.java:22)
at pageObjects.MyPage.getEditaccinfo(MyPage.java:22)
at pageObjects.MyPage.getEditaccinfo(MyPage.java:22)
at pageObjects.MyPage.getEditaccinfo(MyPage.java:22)
at pageObjects.MyPage.getEditaccinfo(MyPage.java:22)
at pageObjects.MyPage.getEditaccinfo(MyPage.java:22)
at pageObjects.MyPage.getEditaccinfo(MyPage.java:22)
at pageObjects.MyPage.getEditaccinfo(MyPage.java:22)
at pageObjects.MyPage.getEditaccinfo(MyPage.java:22)
at pageObjects.MyPage.getEditaccinfo(MyPage.java:22)
at pageObjects.MyPage.getEditaccinfo(MyPage.java:22)
at pageObjects.MyPage.getEditaccinfo(MyPage.java:22)
at pageObjects.MyPage.getEditaccinfo(MyPage.java:22)
at pageObjects.MyPage.getEditaccinfo(MyPage.java:22)
at pageObjects.MyPage.getEditaccinfo(MyPage.java:22)
at pageObjects.MyPage.getEditaccinfo(MyPage.java:22)
at pageObjects.MyPage.getEditaccinfo(MyPage.java:22)
at pageObjects.MyPage.getEditaccinfo(MyPage.java:22)
at pageObjects.MyPage.getEditaccinfo(MyPage.java:22)
at pageObjects.MyPage.getEditaccinfo(MyPage.java:22)
at pageObjects.MyPage.getEditaccinfo(MyPage.java:22)
at pageObjects.MyPage.getEditaccinfo(MyPage.java:22)
at pageObjects.MyPage.getEditaccinfo(MyPage.java:22)
at pageObjects.MyPage.getEditaccinfo(MyPage.java:22)
at pageObjects.MyPage.getEditaccinfo(MyPage.java:22)
at pageObjects.MyPage.getEditaccinfo(MyPage.java:22)
at pageObjects.MyPage.getEditaccinfo(MyPage.java:22)
at pageObjects.MyPage.getEditaccinfo(MyPage.java:22)
at pageObjects.MyPage.getEditaccinfo(MyPage.java:22)
at pageObjects.MyPage.getEditaccinfo(MyPage.java:22)
at pageObjects.MyPage.getEditaccinfo(MyPage.java:22)
at pageObjects.MyPage.getEditaccinfo(MyPage.java:22)
at pageObjects.MyPage.getEditaccinfo(MyPage.java:22)
at pageObjects.MyPage.getEditaccinfo(MyPage.java:22)
at pageObjects.MyPage.getEditaccinfo(MyPage.java:22)
at pageObjects.MyPage.getEditaccinfo(MyPage.java:22)
at pageObjects.MyPage.getEditaccinfo(MyPage.java:22)
at pageObjects.MyPage.getEditaccinfo(MyPage.java:22)
at pageObjects.MyPage.getEditaccinfo(MyPage.java:22)
at pageObjects.MyPage.getEditaccinfo(MyPage.java:22)
at pageObjects.MyPage.getEditaccinfo(MyPage.java:22)
at pageObjects.MyPage.getEditaccinfo(MyPage.java:22)
at pageObjects.MyPage.getEditaccinfo(MyPage.java:22)
at pageObjects.MyPage.getEditaccinfo(MyPage.java:22)
at pageObjects.MyPage.getEditaccinfo(MyPage.java:22)
at pageObjects.MyPage.getEditaccinfo(MyPage.java:22)
at pageObjects.MyPage.getEditaccinfo(MyPage.java:22)
at pageObjects.MyPage.getEditaccinfo(MyPage.java:22)
at pageObjects.MyPage.getEditaccinfo(MyPage.java:22)
at pageObjects.MyPage.getEditaccinfo(MyPage.java:22)
at pageObjects.MyPage.getEditaccinfo(MyPage.java:22)
at pageObjects.MyPage.getEditaccinfo(MyPage.java:22)
at pageObjects.MyPage.getEditaccinfo(MyPage.java:22)
at pageObjects.MyPage.getEditaccinfo(MyPage.java:22)
at pageObjects.MyPage.getEditaccinfo(MyPage.java:22)
at pageObjects.MyPage.getEditaccinfo(MyPage.java:22)
at pageObjects.MyPage.getEditaccinfo(MyPage.java:22)
at pageObjects.MyPage.getEditaccinfo(MyPage.java:22)
at pageObjects.MyPage.getEditaccinfo(MyPage.java:22)
at pageObjects.MyPage.getEditaccinfo(MyPage.java:22)
at pageObjects.MyPage.getEditaccinfo(MyPage.java:22)
at pageObjects.MyPage.getEditaccinfo(MyPage.java:22)
at pageObjects.MyPage.getEditaccinfo(MyPage.java:22)
at pageObjects.MyPage.getEditaccinfo(MyPage.java:22)
at pageObjects.MyPage.getEditaccinfo(MyPage.java:22)
at pageObjects.MyPage.getEditaccinfo(MyPage.java:22)
at pageObjects.MyPage.getEditaccinfo(MyPage.java:22)
at pageObjects.MyPage.getEditaccinfo(MyPage.java:22)
at pageObjects.MyPage.getEditaccinfo(MyPage.java:22)
at pageObjects.MyPage.getEditaccinfo(MyPage.java:22)
at pageObjects.MyPage.getEditaccinfo(MyPage.java:22)
at pageObjects.MyPage.getEditaccinfo(MyPage.java:22)
at pageObjects.MyPage.getEditaccinfo(MyPage.java:22)
at pageObjects.MyPage.getEditaccinfo(MyPage.java:22)
at pageObjects.MyPage.getEditaccinfo(MyPage.java:22)
at pageObjects.MyPage.getEditaccinfo(MyPage.java:22)
at pageObjects.MyPage.getEditaccinfo(MyPage.java:22)
at pageObjects.MyPage.getEditaccinfo(MyPage.java:22)
at pageObjects.MyPage.getEditaccinfo(MyPage.java:22)
at pageObjects.MyPage.getEditaccinfo(MyPage.java:22)
at pageObjects.MyPage.getEditaccinfo(MyPage.java:22)
at pageObjects.MyPage.getEditaccinfo(MyPage.java:22)
at pageObjects.MyPage.getEditaccinfo(MyPage.java:22)
at pageObjects.MyPage.getEditaccinfo(MyPage.java:22)
at pageObjects.MyPage.getEditaccinfo(MyPage.java:22)
at pageObjects.MyPage.getEditaccinfo(MyPage.java:22)
at pageObjects.MyPage.getEditaccinfo(MyPage.java:22)
at pageObjects.MyPage.getEditaccinfo(MyPage.java:22)
at pageObjects.MyPage.getEditaccinfo(MyPage.java:22)
at pageObjects.MyPage.getEditaccinfo(MyPage.java:22)
at pageObjects.MyPage.getEditaccinfo(MyPage.java:22)
at pageObjects.MyPage.getEditaccinfo(MyPage.java:22)
at pageObjects.MyPage.getEditaccinfo(MyPage.java:22)
at pageObjects.MyPage.getEditaccinfo(MyPage.java:22)
at pageObjects.MyPage.getEditaccinfo(MyPage.java:22)
at pageObjects.MyPage.getEditaccinfo(MyPage.java:22)
at pageObjects.MyPage.getEditaccinfo(MyPage.java:22)
at pageObjects.MyPage.getEditaccinfo(MyPage.java:22)
at pageObjects.MyPage.getEditaccinfo(MyPage.java:22)
at pageObjects.MyPage.getEditaccinfo(MyPage.java:22)
at pageObjects.MyPage.getEditaccinfo(MyPage.java:22)
at pageObjects.MyPage.getEditaccinfo(MyPage.java:22)
at pageObjects.MyPage.getEditaccinfo(MyPage.java:22)
at pageObjects.MyPage.getEditaccinfo(MyPage.java:22)
at pageObjects.MyPage.getEditaccinfo(MyPage.java:22)
at pageObjects.MyPage.getEditaccinfo(MyPage.java:22)
at pageObjects.MyPage.getEditaccinfo(MyPage.java:22)
at pageObjects.MyPage.getEditaccinfo(MyPage.java:22)
at pageObjects.MyPage.getEditaccinfo(MyPage.java:22)
at pageObjects.MyPage.getEditaccinfo(MyPage.java:22)
at pageObjects.MyPage.getEditaccinfo(MyPage.java:22)
at pageObjects.MyPage.getEditaccinfo(MyPage.java:22)
at pageObjects.MyPage.getEditaccinfo(MyPage.java:22)
at pageObjects.MyPage.getEditaccinfo(MyPage.java:22)
at pageObjects.MyPage.getEditaccinfo(MyPage.java:22)
at pageObjects.MyPage.getEditaccinfo(MyPage.java:22)
at pageObjects.MyPage.getEditaccinfo(MyPage.java:22)
at pageObjects.MyPage.getEditaccinfo(MyPage.java:22)
at pageObjects.MyPage.getEditaccinfo(MyPage.java:22)
at pageObjects.MyPage.getEditaccinfo(MyPage.java:22)
at pageObjects.MyPage.getEditaccinfo(MyPage.java:22)
at pageObjects.MyPage.getEditaccinfo(MyPage.java:22)
at pageObjects.MyPage.getEditaccinfo(MyPage.java:22)
at pageObjects.MyPage.getEditaccinfo(MyPage.java:22)
at pageObjects.MyPage.getEditaccinfo(MyPage.java:22)
at pageObjects.MyPage.getEditaccinfo(MyPage.java:22)
at pageObjects.MyPage.getEditaccinfo(MyPage.java:22)
at pageObjects.MyPage.getEditaccinfo(MyPage.java:22)
at pageObjects.MyPage.getEditaccinfo(MyPage.java:22)
at pageObjects.MyPage.getEditaccinfo(MyPage.java:22)
at pageObjects.MyPage.getEditaccinfo(MyPage.java:22)
at pageObjects.MyPage.getEditaccinfo(MyPage.java:22)
at pageObjects.MyPage.getEditaccinfo(MyPage.java:22)
at pageObjects.MyPage.getEditaccinfo(MyPage.java:22)
at pageObjects.MyPage.getEditaccinfo(MyPage.java:22)
at pageObjects.MyPage.getEditaccinfo(MyPage.java:22)
at pageObjects.MyPage.getEditaccinfo(MyPage.java:22)
at pageObjects.MyPage.getEditaccinfo(MyPage.java:22)
at pageObjects.MyPage.getEditaccinfo(MyPage.java:22)
at pageObjects.MyPage.getEditaccinfo(MyPage.java:22)
at pageObjects.MyPage.getEditaccinfo(MyPage.java:22)
at pageObjects.MyPage.getEditaccinfo(MyPage.java:22)
at pageObjects.MyPage.getEditaccinfo(MyPage.java:22)
at pageObjects.MyPage.getEditaccinfo(MyPage.java:22)
at pageObjects.MyPage.getEditaccinfo(MyPage.java:22)
at pageObjects.MyPage.getEditaccinfo(MyPage.java:22)
at pageObjects.MyPage.getEditaccinfo(MyPage.java:22)
at pageObjects.MyPage.getEditaccinfo(MyPage.java:22)
at pageObjects.MyPage.getEditaccinfo(MyPage.java:22)
at pageObjects.MyPage.getEditaccinfo(MyPage.java:22)
at pageObjects.MyPage.getEditaccinfo(MyPage.java:22)
at pageObjects.MyPage.getEditaccinfo(MyPage.java:22)
at pageObjects.MyPage.getEditaccinfo(MyPage.java:22)
at pageObjects.MyPage.getEditaccinfo(MyPage.java:22)
at pageObjects.MyPage.getEditaccinfo(MyPage.java:22)
at pageObjects.MyPage.getEditaccinfo(MyPage.java:22)
at pageObjects.MyPage.getEditaccinfo(MyPage.java:22)
at pageObjects.MyPage.getEditaccinfo(MyPage.java:22)
at pageObjects.MyPage.getEditaccinfo(MyPage.java:22)
at pageObjects.MyPage.getEditaccinfo(MyPage.java:22)
at pageObjects.MyPage.getEditaccinfo(MyPage.java:22)
at pageObjects.MyPage.getEditaccinfo(MyPage.java:22)
at pageObjects.MyPage.getEditaccinfo(MyPage.java:22)
at pageObjects.MyPage.getEditaccinfo(MyPage.java:22)
at pageObjects.MyPage.getEditaccinfo(MyPage.java:22)
at pageObjects.MyPage.getEditaccinfo(MyPage.java:22)
at pageObjects.MyPage.getEditaccinfo(MyPage.java:22)
at pageObjects.MyPage.getEditaccinfo(MyPage.java:22)
at pageObjects.MyPage.getEditaccinfo(MyPage.java:22)
at pageObjects.MyPage.getEditaccinfo(MyPage.java:22)
at pageObjects.MyPage.getEditaccinfo(MyPage.java:22)
at pageObjects.MyPage.getEditaccinfo(MyPage.java:22)
at pageObjects.MyPage.getEditaccinfo(MyPage.java:22)
at pageObjects.MyPage.getEditaccinfo(MyPage.java:22)
at pageObjects.MyPage.getEditaccinfo(MyPage.java:22)
at pageObjects.MyPage.getEditaccinfo(MyPage.java:22)
at pageObjects.MyPage.getEditaccinfo(MyPage.java:22)
at pageObjects.MyPage.getEditaccinfo(MyPage.java:22)
at pageObjects.MyPage.getEditaccinfo(MyPage.java:22)
at pageObjects.MyPage.getEditaccinfo(MyPage.java:22)
at pageObjects.MyPage.getEditaccinfo(MyPage.java:22)
at pageObjects.MyPage.getEditaccinfo(MyPage.java:22)
at pageObjects.MyPage.getEditaccinfo(MyPage.java:22)
at pageObjects.MyPage.getEditaccinfo(MyPage.java:22)
at pageObjects.MyPage.getEditaccinfo(MyPage.java:22)
at pageObjects.MyPage.getEditaccinfo(MyPage.java:22)
at pageObjects.MyPage.getEditaccinfo(MyPage.java:22)
at pageObjects.MyPage.getEditaccinfo(MyPage.java:22)
at pageObjects.MyPage.getEditaccinfo(MyPage.java:22)
at pageObjects.MyPage.getEditaccinfo(MyPage.java:22)
at pageObjects.MyPage.getEditaccinfo(MyPage.java:22)
at pageObjects.MyPage.getEditaccinfo(MyPage.java:22)
at pageObjects.MyPage.getEditaccinfo(MyPage.java:22)
at pageObjects.MyPage.getEditaccinfo(MyPage.java:22)
at pageObjects.MyPage.getEditaccinfo(MyPage.java:22)
at pageObjects.MyPage.getEditaccinfo(MyPage.java:22)
at pageObjects.MyPage.getEditaccinfo(MyPage.java:22)
at pageObjects.MyPage.getEditaccinfo(MyPage.java:22)
at pageObjects.MyPage.getEditaccinfo(MyPage.java:22)
at pageObjects.MyPage.getEditaccinfo(MyPage.java:22)
at pageObjects.MyPage.getEditaccinfo(MyPage.java:22)
at pageObjects.MyPage.getEditaccinfo(MyPage.java:22)
at pageObjects.MyPage.getEditaccinfo(MyPage.java:22)
at pageObjects.MyPage.getEditaccinfo(MyPage.java:22)
at pageObjects.MyPage.getEditaccinfo(MyPage.java:22)
at pageObjects.MyPage.getEditaccinfo(MyPage.java:22)
at pageObjects.MyPage.getEditaccinfo(MyPage.java:22)
at pageObjects.MyPage.getEditaccinfo(MyPage.java:22)
at pageObjects.MyPage.getEditaccinfo(MyPage.java:22)
at pageObjects.MyPage.getEditaccinfo(MyPage.java:22)
at pageObjects.MyPage.getEditaccinfo(MyPage.java:22)
at pageObjects.MyPage.getEditaccinfo(MyPage.java:22)
at pageObjects.MyPage.getEditaccinfo(MyPage.java:22)
at pageObjects.MyPage.getEditaccinfo(MyPage.java:22)
at pageObjects.MyPage.getEditaccinfo(MyPage.java:22)
at pageObjects.MyPage.getEditaccinfo(MyPage.java:22)
at pageObjects.MyPage.getEditaccinfo(MyPage.java:22)
at pageObjects.MyPage.getEditaccinfo(MyPage.java:22)
at pageObjects.MyPage.getEditaccinfo(MyPage.java:22)
at pageObjects.MyPage.getEditaccinfo(MyPage.java:22)
at pageObjects.MyPage.getEditaccinfo(MyPage.java:22)
at pageObjects.MyPage.getEditaccinfo(MyPage.java:22)
at pageObjects.MyPage.getEditaccinfo(MyPage.java:22)
at pageObjects.MyPage.getEditaccinfo(MyPage.java:22)
at pageObjects.MyPage.getEditaccinfo(MyPage.java:22)
at pageObjects.MyPage.getEditaccinfo(MyPage.java:22)
at pageObjects.MyPage.getEditaccinfo(MyPage.java:22)
at pageObjects.MyPage.getEditaccinfo(MyPage.java:22)
at pageObjects.MyPage.getEditaccinfo(MyPage.java:22)
at pageObjects.MyPage.getEditaccinfo(MyPage.java:22)
at pageObjects.MyPage.getEditaccinfo(MyPage.java:22)
at pageObjects.MyPage.getEditaccinfo(MyPage.java:22)
at pageObjects.MyPage.getEditaccinfo(MyPage.java:22)
at pageObjects.MyPage.getEditaccinfo(MyPage.java:22)
at pageObjects.MyPage.getEditaccinfo(MyPage.java:22)
at pageObjects.MyPage.getEditaccinfo(MyPage.java:22)
at pageObjects.MyPage.getEditaccinfo(MyPage.java:22)
at pageObjects.MyPage.getEditaccinfo(MyPage.java:22)
at pageObjects.MyPage.getEditaccinfo(MyPage.java:22)
at pageObjects.MyPage.getEditaccinfo(MyPage.java:22)
at pageObjects.MyPage.getEditaccinfo(MyPage.java:22)
at pageObjects.MyPage.getEditaccinfo(MyPage.java:22)
at pageObjects.MyPage.getEditaccinfo(MyPage.java:22)
at pageObjects.MyPage.getEditaccinfo(MyPage.java:22)
at pageObjects.MyPage.getEditaccinfo(MyPage.java:22)
at pageObjects.MyPage.getEditaccinfo(MyPage.java:22)
at pageObjects.MyPage.getEditaccinfo(MyPage.java:22)
at pageObjects.MyPage.getEditaccinfo(MyPage.java:22)
at pageObjects.MyPage.getEditaccinfo(MyPage.java:22)
at pageObjects.MyPage.getEditaccinfo(MyPage.java:22)
at pageObjects.MyPage.getEditaccinfo(MyPage.java:22)
at pageObjects.MyPage.getEditaccinfo(MyPage.java:22)
at pageObjects.MyPage.getEditaccinfo(MyPage.java:22)
at pageObjects.MyPage.getEditaccinfo(MyPage.java:22)
at pageObjects.MyPage.getEditaccinfo(MyPage.java:22)
at pageObjects.MyPage.getEditaccinfo(MyPage.java:22)
at pageObjects.MyPage.getEditaccinfo(MyPage.java:22)
at pageObjects.MyPage.getEditaccinfo(MyPage.java:22)
at pageObjects.MyPage.getEditaccinfo(MyPage.java:22)
at pageObjects.MyPage.getEditaccinfo(MyPage.java:22)
at pageObjects.MyPage.getEditaccinfo(MyPage.java:22)
at pageObjects.MyPage.getEditaccinfo(MyPage.java:22)
at pageObjects.MyPage.getEditaccinfo(MyPage.java:22)
at pageObjects.MyPage.getEditaccinfo(MyPage.java:22)
at pageObjects.MyPage.getEditaccinfo(MyPage.java:22)
at pageObjects.MyPage.getEditaccinfo(MyPage.java:22)
at pageObjects.MyPage.getEditaccinfo(MyPage.java:22)
at pageObjects.MyPage.getEditaccinfo(MyPage.java:22)
at pageObjects.MyPage.getEditaccinfo(MyPage.java:22)
at pageObjects.MyPage.getEditaccinfo(MyPage.java:22)
at pageObjects.MyPage.getEditaccinfo(MyPage.java:22)
at pageObjects.MyPage.getEditaccinfo(MyPage.java:22)
at pageObjects.MyPage.getEditaccinfo(MyPage.java:22)
at pageObjects.MyPage.getEditaccinfo(MyPage.java:22)
at pageObjects.MyPage.getEditaccinfo(MyPage.java:22)
at pageObjects.MyPage.getEditaccinfo(MyPage.java:22)
at pageObjects.MyPage.getEditaccinfo(MyPage.java:22)
at pageObjects.MyPage.getEditaccinfo(MyPage.java:22)
at pageObjects.MyPage.getEditaccinfo(MyPage.java:22)
at pageObjects.MyPage.getEditaccinfo(MyPage.java:22)
at pageObjects.MyPage.getEditaccinfo(MyPage.java:22)
at pageObjects.MyPage.getEditaccinfo(MyPage.java:22)
at pageObjects.MyPage.getEditaccinfo(MyPage.java:22)
at pageObjects.MyPage.getEditaccinfo(MyPage.java:22)
at pageObjects.MyPage.getEditaccinfo(MyPage.java:22)
at pageObjects.MyPage.getEditaccinfo(MyPage.java:22)
at pageObjects.MyPage.getEditaccinfo(MyPage.java:22)
at pageObjects.MyPage.getEditaccinfo(MyPage.java:22)
at pageObjects.MyPage.getEditaccinfo(MyPage.java:22)
at pageObjects.MyPage.getEditaccinfo(MyPage.java:22)
at pageObjects.MyPage.getEditaccinfo(MyPage.java:22)
at pageObjects.MyPage.getEditaccinfo(MyPage.java:22)
at pageObjects.MyPage.getEditaccinfo(MyPage.java:22)
at pageObjects.MyPage.getEditaccinfo(MyPage.java:22)
at pageObjects.MyPage.getEditaccinfo(MyPage.java:22)
at pageObjects.MyPage.getEditaccinfo(MyPage.java:22)
at pageObjects.MyPage.getEditaccinfo(MyPage.java:22)
at pageObjects.MyPage.getEditaccinfo(MyPage.java:22)
at pageObjects.MyPage.getEditaccinfo(MyPage.java:22)
at pageObjects.MyPage.getEditaccinfo(MyPage.java:22)
at pageObjects.MyPage.getEditaccinfo(MyPage.java:22)
at pageObjects.MyPage.getEditaccinfo(MyPage.java:22)
at pageObjects.MyPage.getEditaccinfo(MyPage.java:22)
at pageObjects.MyPage.getEditaccinfo(MyPage.java:22)
at pageObjects.MyPage.getEditaccinfo(MyPage.java:22)
at pageObjects.MyPage.getEditaccinfo(MyPage.java:22)
at pageObjects.MyPage.getEditaccinfo(MyPage.java:22)
at pageObjects.MyPage.getEditaccinfo(MyPage.java:22)
at pageObjects.MyPage.getEditaccinfo(MyPage.java:22)
at pageObjects.MyPage.getEditaccinfo(MyPage.java:22)
at pageObjects.MyPage.getEditaccinfo(MyPage.java:22)
at pageObjects.MyPage.getEditaccinfo(MyPage.java:22)
at pageObjects.MyPage.getEditaccinfo(MyPage.java:22)
at pageObjects.MyPage.getEditaccinfo(MyPage.java:22)
at pageObjects.MyPage.getEditaccinfo(MyPage.java:22)
at pageObjects.MyPage.getEditaccinfo(MyPage.java:22)
at pageObjects.MyPage.getEditaccinfo(MyPage.java:22)
at pageObjects.MyPage.getEditaccinfo(MyPage.java:22)
at pageObjects.MyPage.getEditaccinfo(MyPage.java:22)
at pageObjects.MyPage.getEditaccinfo(MyPage.java:22)
at pageObjects.MyPage.getEditaccinfo(MyPage.java:22)
at pageObjects.MyPage.getEditaccinfo(MyPage.java:22)
at pageObjects.MyPage.getEditaccinfo(MyPage.java:22)
at pageObjects.MyPage.getEditaccinfo(MyPage.java:22)
at pageObjects.MyPage.getEditaccinfo(MyPage.java:22)
at pageObjects.MyPage.getEditaccinfo(MyPage.java:22)
at pageObjects.MyPage.getEditaccinfo(MyPage.java:22)
at pageObjects.MyPage.getEditaccinfo(MyPage.java:22)
at pageObjects.MyPage.getEditaccinfo(MyPage.java:22)
at pageObjects.MyPage.getEditaccinfo(MyPage.java:22)
at pageObjects.MyPage.getEditaccinfo(MyPage.java:22)
at pageObjects.MyPage.getEditaccinfo(MyPage.java:22)
at pageObjects.MyPage.getEditaccinfo(MyPage.java:22)
at pageObjects.MyPage.getEditaccinfo(MyPage.java:22)
at pageObjects.MyPage.getEditaccinfo(MyPage.java:22)
at pageObjects.MyPage.getEditaccinfo(MyPage.java:22)
at pageObjects.MyPage.getEditaccinfo(MyPage.java:22)
at pageObjects.MyPage.getEditaccinfo(MyPage.java:22)
at pageObjects.MyPage.getEditaccinfo(MyPage.java:22)
at pageObjects.MyPage.getEditaccinfo(MyPage.java:22)
at pageObjects.MyPage.getEditaccinfo(MyPage.java:22)
at pageObjects.MyPage.getEditaccinfo(MyPage.java:22)
at pageObjects.MyPage.getEditaccinfo(MyPage.java:22)
at pageObjects.MyPage.getEditaccinfo(MyPage.java:22)
at pageObjects.MyPage.getEditaccinfo(MyPage.java:22)
at pageObjects.MyPage.getEditaccinfo(MyPage.java:22)
at pageObjects.MyPage.getEditaccinfo(MyPage.java:22)
at pageObjects.MyPage.getEditaccinfo(MyPage.java:22)
at pageObjects.MyPage.getEditaccinfo(MyPage.java:22)
at pageObjects.MyPage.getEditaccinfo(MyPage.java:22)
at pageObjects.MyPage.getEditaccinfo(MyPage.java:22)
at pageObjects.MyPage.getEditaccinfo(MyPage.java:22)
at pageObjects.MyPage.getEditaccinfo(MyPage.java:22)
at pageObjects.MyPage.getEditaccinfo(MyPage.java:22)
at pageObjects.MyPage.getEditaccinfo(MyPage.java:22)
at pageObjects.MyPage.getEditaccinfo(MyPage.java:22)
at pageObjects.MyPage.getEditaccinfo(MyPage.java:22)
at pageObjects.MyPage.getEditaccinfo(MyPage.java:22)
at pageObjects.MyPage.getEditaccinfo(MyPage.java:22)
at pageObjects.MyPage.getEditaccinfo(MyPage.java:22)
at pageObjects.MyPage.getEditaccinfo(MyPage.java:22)
at pageObjects.MyPage.getEditaccinfo(MyPage.java:22)
at pageObjects.MyPage.getEditaccinfo(MyPage.java:22)
at pageObjects.MyPage.getEditaccinfo(MyPage.java:22)
at pageObjects.MyPage.getEditaccinfo(MyPage.java:22)
at pageObjects.MyPage.getEditaccinfo(MyPage.java:22)
at pageObjects.MyPage.getEditaccinfo(MyPage.java:22)
at pageObjects.MyPage.getEditaccinfo(MyPage.java:22)
at pageObjects.MyPage.getEditaccinfo(MyPage.java:22)
at pageObjects.MyPage.getEditaccinfo(MyPage.java:22)
at pageObjects.MyPage.getEditaccinfo(MyPage.java:22)
at pageObjects.MyPage.getEditaccinfo(MyPage.java:22)
at pageObjects.MyPage.getEditaccinfo(MyPage.java:22)
at pageObjects.MyPage.getEditaccinfo(MyPage.java:22)
at pageObjects.MyPage.getEditaccinfo(MyPage.java:22)
at pageObjects.MyPage.getEditaccinfo(MyPage.java:22)
at pageObjects.MyPage.getEditaccinfo(MyPage.java:22)
at pageObjects.MyPage.getEditaccinfo(MyPage.java:22)
at pageObjects.MyPage.getEditaccinfo(MyPage.java:22)
at pageObjects.MyPage.getEditaccinfo(MyPage.java:22)
at pageObjects.MyPage.getEditaccinfo(MyPage.java:22)
at pageObjects.MyPage.getEditaccinfo(MyPage.java:22)
at pageObjects.MyPage.getEditaccinfo(MyPage.java:22)
at pageObjects.MyPage.getEditaccinfo(MyPage.java:22)
at pageObjects.MyPage.getEditaccinfo(MyPage.java:22)
at pageObjects.MyPage.getEditaccinfo(MyPage.java:22)
at pageObjects.MyPage.getEditaccinfo(MyPage.java:22)
at pageObjects.MyPage.getEditaccinfo(MyPage.java:22)
at pageObjects.MyPage.getEditaccinfo(MyPage.java:22)
at pageObjects.MyPage.getEditaccinfo(MyPage.java:22)
at pageObjects.MyPage.getEditaccinfo(MyPage.java:22)
at pageObjects.MyPage.getEditaccinfo(MyPage.java:22)
at pageObjects.MyPage.getEditaccinfo(MyPage.java:22)
at pageObjects.MyPage.getEditaccinfo(MyPage.java:22)
at pageObjects.MyPage.getEditaccinfo(MyPage.java:22)
at pageObjects.MyPage.getEditaccinfo(MyPage.java:22)
at pageObjects.MyPage.getEditaccinfo(MyPage.java:22)
at pageObjects.MyPage.getEditaccinfo(MyPage.java:22)
at pageObjects.MyPage.getEditaccinfo(MyPage.java:22)
at pageObjects.MyPage.getEditaccinfo(MyPage.java:22)
at pageObjects.MyPage.getEditaccinfo(MyPage.java:22)
at pageObjects.MyPage.getEditaccinfo(MyPage.java:22)
at pageObjects.MyPage.getEditaccinfo(MyPage.java:22)
at pageObjects.MyPage.getEditaccinfo(MyPage.java:22)
at pageObjects.MyPage.getEditaccinfo(MyPage.java:22)
at pageObjects.MyPage.getEditaccinfo(MyPage.java:22)
at pageObjects.MyPage.getEditaccinfo(MyPage.java:22)
at pageObjects.MyPage.getEditaccinfo(MyPage.java:22)
at pageObjects.MyPage.getEditaccinfo(MyPage.java:22)
at pageObjects.MyPage.getEditaccinfo(MyPage.java:22)
at pageObjects.MyPage.getEditaccinfo(MyPage.java:22)
at pageObjects.MyPage.getEditaccinfo(MyPage.java:22)
at pageObjects.MyPage.getEditaccinfo(MyPage.java:22)
at pageObjects.MyPage.getEditaccinfo(MyPage.java:22)
at pageObjects.MyPage.getEditaccinfo(MyPage.java:22)
at pageObjects.MyPage.getEditaccinfo(MyPage.java:22)
at pageObjects.MyPage.getEditaccinfo(MyPage.java:22)
at pageObjects.MyPage.getEditaccinfo(MyPage.java:22)
at pageObjects.MyPage.getEditaccinfo(MyPage.java:22)
at pageObjects.MyPage.getEditaccinfo(MyPage.java:22)
[...]
at pageObjects.MyPage.getEditaccinfo(MyPage.java:22)
at pageObjects.MyPage.getEditaccinfo(MyPage.java:22)
at pageObjects.MyPage.getEditaccinfo(MyPage.java:22)
at pageObjects.MyPage.getEditaccinfo(MyPage.java:22)
at pageObjects.MyPage.getEditaccinfo(MyPage.java:22)
at pageObjects.MyPage.getEditaccinfo(MyPage.java:22)
at pageObjects.MyPage.getEditaccinfo(MyPage.java:22)
at pageObjects.MyPage.getEditaccinfo(MyPage.java:22)
at pageObjects.MyPage.getEditaccinfo(MyPage.java:22)
at pageObjects.MyPage.getEditaccinfo(MyPage.java:22)
at pageObjects.MyPage.getEditaccinfo(MyPage.java:22)
at pageObjects.MyPage.getEditaccinfo(MyPage.java:22)
at pageObjects.MyPage.getEditaccinfo(MyPage.java:22)
at pageObjects.MyPage.getEditaccinfo(MyPage.java:22)
at pageObjects.MyPage.getEditaccinfo(MyPage.java:22)
at pageObjects.MyPage.getEditaccinfo(MyPage.java:22)
at pageObjects.MyPage.getEditaccinfo(MyPage.java:22)
at pageObjects.MyPage.getEditaccinfo(MyPage.java:22)
at pageObjects.MyPage.getEditaccinfo(MyPage.java:22)
at pageObjects.MyPage.getEditaccinfo(MyPage.java:22)
at pageObjects.MyPage.getEditaccinfo(MyPage.java:22)
at pageObjects.MyPage.getEditaccinfo(MyPage.java:22)
at pageObjects.MyPage.getEditaccinfo(MyPage.java:22)
at pageObjects.MyPage.getEditaccinfo(MyPage.java:22)
at pageObjects.MyPage.getEditaccinfo(MyPage.java:22)
at pageObjects.MyPage.getEditaccinfo(MyPage.java:22)
at pageObjects.MyPage.getEditaccinfo(MyPage.java:22)
at pageObjects.MyPage.getEditaccinfo(MyPage.java:22)
at pageObjects.MyPage.getEditaccinfo(MyPage.java:22)
at pageObjects.MyPage.getEditaccinfo(MyPage.java:22)
at pageObjects.MyPage.getEditaccinfo(MyPage.java:22)
at pageObjects.MyPage.getEditaccinfo(MyPage.java:22)
at pageObjects.MyPage.getEditaccinfo(MyPage.java:22)
at pageObjects.MyPage.getEditaccinfo(MyPage.java:22)
at pageObjects.MyPage.getEditaccinfo(MyPage.java:22)
at pageObjects.MyPage.getEditaccinfo(MyPage.java:22)
at pageObjects.MyPage.getEditaccinfo(MyPage.java:22)
at pageObjects.MyPage.getEditaccinfo(MyPage.java:22)
at pageObjects.MyPage.getEditaccinfo(MyPage.java:22)
at pageObjects.MyPage.getEditaccinfo(MyPage.java:22)
at pageObjects.MyPage.getEditaccinfo(MyPage.java:22)
at pageObjects.MyPage.getEditaccinfo(MyPage.java:22)
at pageObjects.MyPage.getEditaccinfo(MyPage.java:22)
at pageObjects.MyPage.getEditaccinfo(MyPage.java:22)
at pageObjects.MyPage.getEditaccinfo(MyPage.java:22)
at pageObjects.MyPage.getEditaccinfo(MyPage.java:22)
at pageObjects.MyPage.getEditaccinfo(MyPage.java:22)
at pageObjects.MyPage.getEditaccinfo(MyPage.java:22)
at pageObjects.MyPage.getEditaccinfo(MyPage.java:22)
at pageObjects.MyPage.getEditaccinfo(MyPage.java:22)
at pageObjects.MyPage.getEditaccinfo(MyPage.java:22)
at pageObjects.MyPage.getEditaccinfo(MyPage.java:22)
at pageObjects.MyPage.getEditaccinfo(MyPage.java:22)
at pageObjects.MyPage.getEditaccinfo(MyPage.java:22)
at pageObjects.MyPage.getEditaccinfo(MyPage.java:22)
at pageObjects.MyPage.getEditaccinfo(MyPage.java:22)
at pageObjects.MyPage.getEditaccinfo(MyPage.java:22)
at pageObjects.MyPage.getEditaccinfo(MyPage.java:22)
at pageObjects.MyPage.getEditaccinfo(MyPage.java:22)
at pageObjects.MyPage.getEditaccinfo(MyPage.java:22)
at pageObjects.MyPage.getEditaccinfo(MyPage.java:22)
at pageObjects.MyPage.getEditaccinfo(MyPage.java:22)
at pageObjects.MyPage.getEditaccinfo(MyPage.java:22)
at pageObjects.MyPage.getEditaccinfo(MyPage.java:22)
at pageObjects.MyPage.getEditaccinfo(MyPage.java:22)
at pageObjects.MyPage.getEditaccinfo(MyPage.java:22)
at pageObjects.MyPage.getEditaccinfo(MyPage.java:22)
at pageObjects.MyPage.getEditaccinfo(MyPage.java:22)
at pageObjects.MyPage.getEditaccinfo(MyPage.java:22)
at pageObjects.MyPage.getEditaccinfo(MyPage.java:22)
at pageObjects.MyPage.getEditaccinfo(MyPage.java:22)
at pageObjects.MyPage.getEditaccinfo(MyPage.java:22)
at pageObjects.MyPage.getEditaccinfo(MyPage.java:22)
at pageObjects.MyPage.getEditaccinfo(MyPage.java:22)
at pageObjects.MyPage.getEditaccinfo(MyPage.java:22)
at pageObjects.MyPage.getEditaccinfo(MyPage.java:22)
at pageObjects.MyPage.getEditaccinfo(MyPage.java:22)
at pageObjects.MyPage.getEditaccinfo(MyPage.java:22)
at pageObjects.MyPage.getEditaccinfo(MyPage.java:22)
at pageObjects.MyPage.getEditaccinfo(MyPage.java:22)
at pageObjects.MyPage.getEditaccinfo(MyPage.java:22)
at pageObjects.MyPage.getEditaccinfo(MyPage.java:22)
at pageObjects.MyPage.getEditaccinfo(MyPage.java:22)
at pageObjects.MyPage.getEditaccinfo(MyPage.java:22)
at pageObjects.MyPage.getEditaccinfo(MyPage.java:22)
at pageObjects.MyPage.getEditaccinfo(MyPage.java:22)
at pageObjects.MyPage.getEditaccinfo(MyPage.java:22)
at pageObjects.MyPage.getEditaccinfo(MyPage.java:22)
at pageObjects.MyPage.getEditaccinfo(MyPage.java:22)
at pageObjects.MyPage.getEditaccinfo(MyPage.java:22)
at pageObjects.MyPage.getEditaccinfo(MyPage.java:22)
at pageObjects.MyPage.getEditaccinfo(MyPage.java:22)
at pageObjects.MyPage.getEditaccinfo(MyPage.java:22)
at pageObjects.MyPage.getEditaccinfo(MyPage.java:22)
at pageObjects.MyPage.getEditaccinfo(MyPage.java:22)
at pageObjects.MyPage.getEditaccinfo(MyPage.java:22)
at pageObjects.MyPage.getEditaccinfo(MyPage.java:22)
at pageObjects.MyPage.getEditaccinfo(MyPage.java:22)
at pageObjects.MyPage.getEditaccinfo(MyPage.java:22)
at pageObjects.MyPage.getEditaccinfo(MyPage.java:22)
at pageObjects.MyPage.getEditaccinfo(MyPage.java:22)
at pageObjects.MyPage.getEditaccinfo(MyPage.java:22)
at pageObjects.MyPage.getEditaccinfo(MyPage.java:22)
at pageObjects.MyPage.getEditaccinfo(MyPage.java:22)
at pageObjects.MyPage.getEditaccinfo(MyPage.java:22)
at pageObjects.MyPage.getEditaccinfo(MyPage.java:22)
at pageObjects.MyPage.getEditaccinfo(MyPage.java:22)
at pageObjects.MyPage.getEditaccinfo(MyPage.java:22)
at pageObjects.MyPage.getEditaccinfo(MyPage.java:22)
at pageObjects.MyPage.getEditaccinfo(MyPage.java:22)
at pageObjects.MyPage.getEditaccinfo(MyPage.java:22)
at pageObjects.MyPage.getEditaccinfo(MyPage.java:22)
at pageObjects.MyPage.getEditaccinfo(MyPage.java:22)
at pageObjects.MyPage.getEditaccinfo(MyPage.java:22)
at pageObjects.MyPage.getEditaccinfo(MyPage.java:22)
at pageObjects.MyPage.getEditaccinfo(MyPage.java:22)
at pageObjects.MyPage.getEditaccinfo(MyPage.java:22)
at pageObjects.MyPage.getEditaccinfo(MyPage.java:22)
at pageObjects.MyPage.getEditaccinfo(MyPage.java:22)
at pageObjects.MyPage.getEditaccinfo(MyPage.java:22)
at pageObjects.MyPage.getEditaccinfo(MyPage.java:22)
at pageObjects.MyPage.getEditaccinfo(MyPage.java:22)
at pageObjects.MyPage.getEditaccinfo(MyPage.java:22)
at pageObjects.MyPage.getEditaccinfo(MyPage.java:22)
at pageObjects.MyPage.getEditaccinfo(MyPage.java:22)
at pageObjects.MyPage.getEditaccinfo(MyPage.java:22)
at pageObjects.MyPage.getEditaccinfo(MyPage.java:22)
at pageObjects.MyPage.getEditaccinfo(MyPage.java:22)
at pageObjects.MyPage.getEditaccinfo(MyPage.java:22)
at pageObjects.MyPage.getEditaccinfo(MyPage.java:22)
at pageObjects.MyPage.getEditaccinfo(MyPage.java:22)
at pageObjects.MyPage.getEditaccinfo(MyPage.java:22)
at pageObjects.MyPage.getEditaccinfo(MyPage.java:22)
at pageObjects.MyPage.getEditaccinfo(MyPage.java:22)
at pageObjects.MyPage.getEditaccinfo(MyPage.java:22)
at pageObjects.MyPage.getEditaccinfo(MyPage.java:22)
at pageObjects.MyPage.getEditaccinfo(MyPage.java:22)
at pageObjects.MyPage.getEditaccinfo(MyPage.java:22)
at pageObjects.MyPage.getEditaccinfo(MyPage.java:22)
at pageObjects.MyPage.getEditaccinfo(MyPage.java:22)
at pageObjects.MyPage.getEditaccinfo(MyPage.java:22)
at pageObjects.MyPage.getEditaccinfo(MyPage.java:22)
at pageObjects.MyPage.getEditaccinfo(MyPage.java:22)
at pageObjects.MyPage.getEditaccinfo(MyPage.java:22)
at pageObjects.MyPage.getEditaccinfo(MyPage.java:22)
at pageObjects.MyPage.getEditaccinfo(MyPage.java:22)
at pageObjects.MyPage.getEditaccinfo(MyPage.java:22)
at pageObjects.MyPage.getEditaccinfo(MyPage.java:22)
at pageObjects.MyPage.getEditaccinfo(MyPage.java:22)
at pageObjects.MyPage.getEditaccinfo(MyPage.java:22)
at pageObjects.MyPage.getEditaccinfo(MyPage.java:22)
at pageObjects.MyPage.getEditaccinfo(MyPage.java:22)
at pageObjects.MyPage.getEditaccinfo(MyPage.java:22)
at pageObjects.MyPage.getEditaccinfo(MyPage.java:22)
at pageObjects.MyPage.getEditaccinfo(MyPage.java:22)
at pageObjects.MyPage.getEditaccinfo(MyPage.java:22)
at pageObjects.MyPage.getEditaccinfo(MyPage.java:22)
at pageObjects.MyPage.getEditaccinfo(MyPage.java:22)
at pageObjects.MyPage.getEditaccinfo(MyPage.java:22)
at pageObjects.MyPage.getEditaccinfo(MyPage.java:22)
at pageObjects.MyPage.getEditaccinfo(MyPage.java:22)
at pageObjects.MyPage.getEditaccinfo(MyPage.java:22)
at pageObjects.MyPage.getEditaccinfo(MyPage.java:22)
at pageObjects.MyPage.getEditaccinfo(MyPage.java:22)
at pageObjects.MyPage.getEditaccinfo(MyPage.java:22)
at pageObjects.MyPage.getEditaccinfo(MyPage.java:22)
at pageObjects.MyPage.getEditaccinfo(MyPage.java:22)
at pageObjects.MyPage.getEditaccinfo(MyPage.java:22)
at pageObjects.MyPage.getEditaccinfo(MyPage.java:22)
at pageObjects.MyPage.getEditaccinfo(MyPage.java:22)
at pageObjects.MyPage.getEditaccinfo(MyPage.java:22)
at pageObjects.MyPage.getEditaccinfo(MyPage.java:22)
at pageObjects.MyPage.getEditaccinfo(MyPage.java:22)
at pageObjects.MyPage.getEditaccinfo(MyPage.java:22)
at pageObjects.MyPage.getEditaccinfo(MyPage.java:22)
at pageObjects.MyPage.getEditaccinfo(MyPage.java:22)
at pageObjects.MyPage.getEditaccinfo(MyPage.java:22)
at pageObjects.MyPage.getEditaccinfo(MyPage.java:22)
at pageObjects.MyPage.getEditaccinfo(MyPage.java:22)
at pageObjects.MyPage.getEditaccinfo(MyPage.java:22)
at pageObjects.MyPage.getEditaccinfo(MyPage.java:22)
at pageObjects.MyPage.getEditaccinfo(MyPage.java:22)
at pageObjects.MyPage.getEditaccinfo(MyPage.java:22)
at pageObjects.MyPage.getEditaccinfo(MyPage.java:22)
at pageObjects.MyPage.getEditaccinfo(MyPage.java:22)
at pageObjects.MyPage.getEditaccinfo(MyPage.java:22)
at pageObjects.MyPage.getEditaccinfo(MyPage.java:22)
at pageObjects.MyPage.getEditaccinfo(MyPage.java:22)
at pageObjects.MyPage.getEditaccinfo(MyPage.java:22)
at pageObjects.MyPage.getEditaccinfo(MyPage.java:22)
at pageObjects.MyPage.getEditaccinfo(MyPage.java:22)
at pageObjects.MyPage.getEditaccinfo(MyPage.java:22)
at pageObjects.MyPage.getEditaccinfo(MyPage.java:22)
at pageObjects.MyPage.getEditaccinfo(MyPage.java:22)
at pageObjects.MyPage.getEditaccinfo(MyPage.java:22)
at pageObjects.MyPage.getEditaccinfo(MyPage.java:22)
at pageObjects.MyPage.getEditaccinfo(MyPage.java:22)
at pageObjects.MyPage.getEditaccinfo(MyPage.java:22)
at pageObjects.MyPage.getEditaccinfo(MyPage.java:22)
at pageObjects.MyPage.getEditaccinfo(MyPage.java:22)
at pageObjects.MyPage.getEditaccinfo(MyPage.java:22)
at pageObjects.MyPage.getEditaccinfo(MyPage.java:22)
at pageObjects.MyPage.getEditaccinfo(MyPage.java:22)
at pageObjects.MyPage.getEditaccinfo(MyPage.java:22)
at pageObjects.MyPage.getEditaccinfo(MyPage.java:22)
at pageObjects.MyPage.getEditaccinfo(MyPage.java:22)
at pageObjects.MyPage.getEditaccinfo(MyPage.java:22)
at pageObjects.MyPage.getEditaccinfo(MyPage.java:22)
at pageObjects.MyPage.getEditaccinfo(MyPage.java:22)
at pageObjects.MyPage.getEditaccinfo(MyPage.java:22)
at pageObjects.MyPage.getEditaccinfo(MyPage.java:22)
at pageObjects.MyPage.getEditaccinfo(MyPage.java:22)
at pageObjects.MyPage.getEditaccinfo(MyPage.java:22)
at pageObjects.MyPage.getEditaccinfo(MyPage.java:22)
at pageObjects.MyPage.getEditaccinfo(MyPage.java:22)
at pageObjects.MyPage.getEditaccinfo(MyPage.java:22)
at pageObjects.MyPage.getEditaccinfo(MyPage.java:22)
at pageObjects.MyPage.getEditaccinfo(MyPage.java:22)
at pageObjects.MyPage.getEditaccinfo(MyPage.java:22)
at pageObjects.MyPage.getEditaccinfo(MyPage.java:22)
at pageObjects.MyPage.getEditaccinfo(MyPage.java:22)
at pageObjects.MyPage.getEditaccinfo(MyPage.java:22)
at pageObjects.MyPage.getEditaccinfo(MyPage.java:22)
at pageObjects.MyPage.getEditaccinfo(MyPage.java:22)
at pageObjects.MyPage.getEditaccinfo(MyPage.java:22)
at pageObjects.MyPage.getEditaccinfo(MyPage.java:22)
at pageObjects.MyPage.getEditaccinfo(MyPage.java:22)
at pageObjects.MyPage.getEditaccinfo(MyPage.java:22)
at pageObjects.MyPage.getEditaccinfo(MyPage.java:22)
at pageObjects.MyPage.getEditaccinfo(MyPage.java:22)
at pageObjects.MyPage.getEditaccinfo(MyPage.java:22)
at pageObjects.MyPage.getEditaccinfo(MyPage.java:22)
at pageObjects.MyPage.getEditaccinfo(MyPage.java:22)
at pageObjects.MyPage.getEditaccinfo(MyPage.java:22)
at pageObjects.MyPage.getEditaccinfo(MyPage.java:22)
at pageObjects.MyPage.getEditaccinfo(MyPage.java:22)
at pageObjects.MyPage.getEditaccinfo(MyPage.java:22)
at pageObjects.MyPage.getEditaccinfo(MyPage.java:22)
at pageObjects.MyPage.getEditaccinfo(MyPage.java:22)
at pageObjects.MyPage.getEditaccinfo(MyPage.java:22)
at pageObjects.MyPage.getEditaccinfo(MyPage.java:22)
at pageObjects.MyPage.getEditaccinfo(MyPage.java:22)
at pageObjects.MyPage.getEditaccinfo(MyPage.java:22)
at pageObjects.MyPage.getEditaccinfo(MyPage.java:22)
at pageObjects.MyPage.getEditaccinfo(MyPage.java:22)
at pageObjects.MyPage.getEditaccinfo(MyPage.java:22)
at pageObjects.MyPage.getEditaccinfo(MyPage.java:22)
at pageObjects.MyPage.getEditaccinfo(MyPage.java:22)
at pageObjects.MyPage.getEditaccinfo(MyPage.java:22)
at pageObjects.MyPage.getEditaccinfo(MyPage.java:22)
at pageObjects.MyPage.getEditaccinfo(MyPage.java:22)
at pageObjects.MyPage.getEditaccinfo(MyPage.java:22)
at pageObjects.MyPage.getEditaccinfo(MyPage.java:22)
at pageObjects.MyPage.getEditaccinfo(MyPage.java:22)
at pageObjects.MyPage.getEditaccinfo(MyPage.java:22)
at pageObjects.MyPage.getEditaccinfo(MyPage.java:22)
at pageObjects.MyPage.getEditaccinfo(MyPage.java:22)
at pageObjects.MyPage.getEditaccinfo(MyPage.java:22)
at pageObjects.MyPage.getEditaccinfo(MyPage.java:22)
at pageObjects.MyPage.getEditaccinfo(MyPage.java:22)
at pageObjects.MyPage.getEditaccinfo(MyPage.java:22)
at pageObjects.MyPage.getEditaccinfo(MyPage.java:22)
at pageObjects.MyPage.getEditaccinfo(MyPage.java:22)
at pageObjects.MyPage.getEditaccinfo(MyPage.java:22)
at pageObjects.MyPage.getEditaccinfo(MyPage.java:22)
at pageObjects.MyPage.getEditaccinfo(MyPage.java:22)
at pageObjects.MyPage.getEditaccinfo(MyPage.java:22)
at pageObjects.MyPage.getEditaccinfo(MyPage.java:22)
at pageObjects.MyPage.getEditaccinfo(MyPage.java:22)
at pageObjects.MyPage.getEditaccinfo(MyPage.java:22)
at pageObjects.MyPage.getEditaccinfo(MyPage.java:22)
at pageObjects.MyPage.getEditaccinfo(MyPage.java:22)
at pageObjects.MyPage.getEditaccinfo(MyPage.java:22)
at pageObjects.MyPage.getEditaccinfo(MyPage.java:22)
at pageObjects.MyPage.getEditaccinfo(MyPage.java:22)
at pageObjects.MyPage.getEditaccinfo(MyPage.java:22)
at pageObjects.MyPage.getEditaccinfo(MyPage.java:22)
at pageObjects.MyPage.getEditaccinfo(MyPage.java:22)
at pageObjects.MyPage.getEditaccinfo(MyPage.java:22)
at pageObjects.MyPage.getEditaccinfo(MyPage.java:22)
at pageObjects.MyPage.getEditaccinfo(MyPage.java:22)
at pageObjects.MyPage.getEditaccinfo(MyPage.java:22)
at pageObjects.MyPage.getEditaccinfo(MyPage.java:22)
at pageObjects.MyPage.getEditaccinfo(MyPage.java:22)
at pageObjects.MyPage.getEditaccinfo(MyPage.java:22)
at pageObjects.MyPage.getEditaccinfo(MyPage.java:22)
at pageObjects.MyPage.getEditaccinfo(MyPage.java:22)
at pageObjects.MyPage.getEditaccinfo(MyPage.java:22)
at pageObjects.MyPage.getEditaccinfo(MyPage.java:22)
at pageObjects.MyPage.getEditaccinfo(MyPage.java:22)
at pageObjects.MyPage.getEditaccinfo(MyPage.java:22)
at pageObjects.MyPage.getEditaccinfo(MyPage.java:22)
at pageObjects.MyPage.getEditaccinfo(MyPage.java:22)
at pageObjects.MyPage.getEditaccinfo(MyPage.java:22)
at pageObjects.MyPage.getEditaccinfo(MyPage.java:22)
at pageObjects.MyPage.getEditaccinfo(MyPage.java:22)
at pageObjects.MyPage.getEditaccinfo(MyPage.java:22)
at pageObjects.MyPage.getEditaccinfo(MyPage.java:22)
at pageObjects.MyPage.getEditaccinfo(MyPage.java:22)
at pageObjects.MyPage.getEditaccinfo(MyPage.java:22)
at pageObjects.MyPage.getEditaccinfo(MyPage.java:22)
at pageObjects.MyPage.getEditaccinfo(MyPage.java:22)
at pageObjects.MyPage.getEditaccinfo(MyPage.java:22)
at pageObjects.MyPage.getEditaccinfo(MyPage.java:22)
at pageObjects.MyPage.getEditaccinfo(MyPage.java:22)
at pageObjects.MyPage.getEditaccinfo(MyPage.java:22)
at pageObjects.MyPage.getEditaccinfo(MyPage.java:22)
at pageObjects.MyPage.getEditaccinfo(MyPage.java:22)
at pageObjects.MyPage.getEditaccinfo(MyPage.java:22)
at pageObjects.MyPage.getEditaccinfo(MyPage.java:22)
at pageObjects.MyPage.getEditaccinfo(MyPage.java:22)
at pageObjects.MyPage.getEditaccinfo(MyPage.java:22)
at pageObjects.MyPage.getEditaccinfo(MyPage.java:22)
at pageObjects.MyPage.getEditaccinfo(MyPage.java:22)
at pageObjects.MyPage.getEditaccinfo(MyPage.java:22)
at pageObjects.MyPage.getEditaccinfo(MyPage.java:22)
at pageObjects.MyPage.getEditaccinfo(MyPage.java:22)
at pageObjects.MyPage.getEditaccinfo(MyPage.java:22)
at pageObjects.MyPage.getEditaccinfo(MyPage.java:22)
at pageObjects.MyPage.getEditaccinfo(MyPage.java:22)
at pageObjects.MyPage.getEditaccinfo(MyPage.java:22)
at pageObjects.MyPage.getEditaccinfo(MyPage.java:22)
at pageObjects.MyPage.getEditaccinfo(MyPage.java:22)
at pageObjects.MyPage.getEditaccinfo(MyPage.java:22)
at pageObjects.MyPage.getEditaccinfo(MyPage.java:22)
at pageObjects.MyPage.getEditaccinfo(MyPage.java:22)
at pageObjects.MyPage.getEditaccinfo(MyPage.java:22)
at pageObjects.MyPage.getEditaccinfo(MyPage.java:22)
at pageObjects.MyPage.getEditaccinfo(MyPage.java:22)
at pageObjects.MyPage.getEditaccinfo(MyPage.java:22)
at pageObjects.MyPage.getEditaccinfo(MyPage.java:22)
at pageObjects.MyPage.getEditaccinfo(MyPage.java:22)
at pageObjects.MyPage.getEditaccinfo(MyPage.java:22)
at pageObjects.MyPage.getEditaccinfo(MyPage.java:22)
at pageObjects.MyPage.getEditaccinfo(MyPage.java:22)
at pageObjects.MyPage.getEditaccinfo(MyPage.java:22)
at pageObjects.MyPage.getEditaccinfo(MyPage.java:22)
at pageObjects.MyPage.getEditaccinfo(MyPage.java:22)
at pageObjects.MyPage.getEditaccinfo(MyPage.java:22)
at pageObjects.MyPage.getEditaccinfo(MyPage.java:22)
at pageObjects.MyPage.getEditaccinfo(MyPage.java:22)
at pageObjects.MyPage.getEditaccinfo(MyPage.java:22)
at pageObjects.MyPage.getEditaccinfo(MyPage.java:22)
at pageObjects.MyPage.getEditaccinfo(MyPage.java:22)
at pageObjects.MyPage.getEditaccinfo(MyPage.java:22)
at pageObjects.MyPage.getEditaccinfo(MyPage.java:22)
at pageObjects.MyPage.getEditaccinfo(MyPage.java:22)
at pageObjects.MyPage.getEditaccinfo(MyPage.java:22)
at pageObjects.MyPage.getEditaccinfo(MyPage.java:22)
at pageObjects.MyPage.getEditaccinfo(MyPage.java:22)
at pageObjects.MyPage.getEditaccinfo(MyPage.java:22)
at pageObjects.MyPage.getEditaccinfo(MyPage.java:22)
at pageObjects.MyPage.getEditaccinfo(MyPage.java:22)
at pageObjects.MyPage.getEditaccinfo(MyPage.java:22)
at pageObjects.MyPage.getEditaccinfo(MyPage.java:22)
at pageObjects.MyPage.getEditaccinfo(MyPage.java:22)
at pageObjects.MyPage.getEditaccinfo(MyPage.java:22)
at pageObjects.MyPage.getEditaccinfo(MyPage.java:22)
at pageObjects.MyPage.getEditaccinfo(MyPage.java:22)
at pageObjects.MyPage.getEditaccinfo(MyPage.java:22)
at pageObjects.MyPage.getEditaccinfo(MyPage.java:22)
at pageObjects.MyPage.getEditaccinfo(MyPage.java:22)
at pageObjects.MyPage.getEditaccinfo(MyPage.java:22)
at pageObjects.MyPage.getEditaccinfo(MyPage.java:22)
at pageObjects.MyPage.getEditaccinfo(MyPage.java:22)
at pageObjects.MyPage.getEditaccinfo(MyPage.java:22)
at pageObjects.MyPage.getEditaccinfo(MyPage.java:22)
at pageObjects.MyPage.getEditaccinfo(MyPage.java:22)
at pageObjects.MyPage.getEditaccinfo(MyPage.java:22)
at pageObjects.MyPage.getEditaccinfo(MyPage.java:22)
at pageObjects.MyPage.getEditaccinfo(MyPage.java:22)
at pageObjects.MyPage.getEditaccinfo(MyPage.java:22)
at pageObjects.MyPage.getEditaccinfo(MyPage.java:22)
at pageObjects.MyPage.getEditaccinfo(MyPage.java:22)
at pageObjects.MyPage.getEditaccinfo(MyPage.java:22)
]]>
    </error>
  </testcase> <!-- login -->
  <system-out/>
</testsuite> <!-- Tests.TC_LoginDDT_002 -->
